<Events><Event xmlns='http://schemas.microsoft.com/win/2004/08/events/event'><System><Provider Name='Microsoft-Windows-Sysmon' Guid='{5770385f-c22a-43e0-bf4c-06f5698ffbd9}'/><EventID>3</EventID><Version>5</Version><Level>4</Level><Task>3</Task><Opcode>0</Opcode><Keywords>0x8000000000000000</Keywords><TimeCreated SystemTime='2023-05-17T10:58:51.0959323Z'/><EventRecordID>15480</EventRecordID><Correlation/><Execution ProcessID='2900' ThreadID='3892'/><Channel>Microsoft-Windows-Sysmon/Operational</Channel><Computer>DESKTOP-0QN63TJ</Computer><Security UserID='S-1-5-18'/></System><EventData><Data Name='RuleName'>-</Data><Data Name='UtcTime'>2023-05-17 10:49:07.722</Data><Data Name='ProcessGuid'>{4158b3ab-9046-6463-3400-000000000c00}</Data><Data Name='ProcessId'>2152</Data><Data Name='Image'>C:\Windows\System32\svchost.exe</Data><Data Name='User'>NT AUTHORITY\NETWORK SERVICE</Data><Data Name='Protocol'>udp</Data><Data Name='Initiated'>true</Data><Data Name='SourceIsIpv6'>false</Data><Data Name='SourceIp'>192.168.2.202</Data><Data Name='SourceHostname'>DESKTOP-0QN63TJ</Data><Data Name='SourcePort'>60295</Data><Data Name='SourcePortName'>-</Data><Data Name='DestinationIsIpv6'>false</Data><Data Name='DestinationIp'>8.8.8.8</Data><Data Name='DestinationHostname'>-</Data><Data Name='DestinationPort'>53</Data><Data Name='DestinationPortName'>domain</Data></EventData></Event></Events>
<Events><Event xmlns='http://schemas.microsoft.com/win/2004/08/events/event'><System><Provider Name='Microsoft-Windows-Sysmon' Guid='{5770385f-c22a-43e0-bf4c-06f5698ffbd9}'/><EventID>3</EventID><Version>5</Version><Level>4</Level><Task>3</Task><Opcode>0</Opcode><Keywords>0x8000000000000000</Keywords><TimeCreated SystemTime='2023-05-17T10:58:51.0959245Z'/><EventRecordID>15479</EventRecordID><Correlation/><Execution ProcessID='2900' ThreadID='3892'/><Channel>Microsoft-Windows-Sysmon/Operational</Channel><Computer>DESKTOP-0QN63TJ</Computer><Security UserID='S-1-5-18'/></System><EventData><Data Name='RuleName'>-</Data><Data Name='UtcTime'>2023-05-17 10:49:07.690</Data><Data Name='ProcessGuid'>{4158b3ab-9046-6463-3400-000000000c00}</Data><Data Name='ProcessId'>2152</Data><Data Name='Image'>C:\Windows\System32\svchost.exe</Data><Data Name='User'>NT AUTHORITY\NETWORK SERVICE</Data><Data Name='Protocol'>udp</Data><Data Name='Initiated'>true</Data><Data Name='SourceIsIpv6'>false</Data><Data Name='SourceIp'>192.168.2.202</Data><Data Name='SourceHostname'>DESKTOP-0QN63TJ</Data><Data Name='SourcePort'>51755</Data><Data Name='SourcePortName'>-</Data><Data Name='DestinationIsIpv6'>false</Data><Data Name='DestinationIp'>8.8.8.8</Data><Data Name='DestinationHostname'>-</Data><Data Name='DestinationPort'>53</Data><Data Name='DestinationPortName'>domain</Data></EventData></Event></Events>
<Events><Event xmlns='http://schemas.microsoft.com/win/2004/08/events/event'><System><Provider Name='Microsoft-Windows-Sysmon' Guid='{5770385f-c22a-43e0-bf4c-06f5698ffbd9}'/><EventID>3</EventID><Version>5</Version><Level>4</Level><Task>3</Task><Opcode>0</Opcode><Keywords>0x8000000000000000</Keywords><TimeCreated SystemTime='2023-05-17T10:58:51.0958879Z'/><EventRecordID>15478</EventRecordID><Correlation/><Execution ProcessID='2900' ThreadID='3892'/><Channel>Microsoft-Windows-Sysmon/Operational</Channel><Computer>DESKTOP-0QN63TJ</Computer><Security UserID='S-1-5-18'/></System><EventData><Data Name='RuleName'>-</Data><Data Name='UtcTime'>2023-05-17 10:49:07.601</Data><Data Name='ProcessGuid'>{4158b3ab-b365-6464-1302-000000000c00}</Data><Data Name='ProcessId'>6436</Data><Data Name='Image'>C:\Program Files (x86)\Internet Explorer\IEXPLORE.EXE</Data><Data Name='User'>DESKTOP-0QN63TJ\me</Data><Data Name='Protocol'>tcp</Data><Data Name='Initiated'>true</Data><Data Name='SourceIsIpv6'>false</Data><Data Name='SourceIp'>192.168.2.202</Data><Data Name='SourceHostname'>DESKTOP-0QN63TJ</Data><Data Name='SourcePort'>57960</Data><Data Name='SourcePortName'>-</Data><Data Name='DestinationIsIpv6'>false</Data><Data Name='DestinationIp'>184.50.200.23</Data><Data Name='DestinationHostname'>a184-50-200-23.deploy.static.akamaitechnologies.com</Data><Data Name='DestinationPort'>443</Data><Data Name='DestinationPortName'>https</Data></EventData></Event></Events>
<Events><Event xmlns='http://schemas.microsoft.com/win/2004/08/events/event'><System><Provider Name='Microsoft-Windows-Sysmon' Guid='{5770385f-c22a-43e0-bf4c-06f5698ffbd9}'/><EventID>3</EventID><Version>5</Version><Level>4</Level><Task>3</Task><Opcode>0</Opcode><Keywords>0x8000000000000000</Keywords><TimeCreated SystemTime='2023-05-17T10:58:51.0946625Z'/><EventRecordID>15477</EventRecordID><Correlation/><Execution ProcessID='2900' ThreadID='3892'/><Channel>Microsoft-Windows-Sysmon/Operational</Channel><Computer>DESKTOP-0QN63TJ</Computer><Security UserID='S-1-5-18'/></System><EventData><Data Name='RuleName'>-</Data><Data Name='UtcTime'>2023-05-17 10:49:07.600</Data><Data Name='ProcessGuid'>{4158b3ab-b365-6464-1302-000000000c00}</Data><Data Name='ProcessId'>6436</Data><Data Name='Image'>C:\Program Files (x86)\Internet Explorer\IEXPLORE.EXE</Data><Data Name='User'>DESKTOP-0QN63TJ\me</Data><Data Name='Protocol'>tcp</Data><Data Name='Initiated'>true</Data><Data Name='SourceIsIpv6'>false</Data><Data Name='SourceIp'>192.168.2.202</Data><Data Name='SourceHostname'>DESKTOP-0QN63TJ</Data><Data Name='SourcePort'>57961</Data><Data Name='SourcePortName'>-</Data><Data Name='DestinationIsIpv6'>false</Data><Data Name='DestinationIp'>184.50.200.23</Data><Data Name='DestinationHostname'>a184-50-200-23.deploy.static.akamaitechnologies.com</Data><Data Name='DestinationPort'>443</Data><Data Name='DestinationPortName'>https</Data></EventData></Event></Events>
<Events><Event xmlns='http://schemas.microsoft.com/win/2004/08/events/event'><System><Provider Name='Microsoft-Windows-Sysmon' Guid='{5770385f-c22a-43e0-bf4c-06f5698ffbd9}'/><EventID>3</EventID><Version>5</Version><Level>4</Level><Task>3</Task><Opcode>0</Opcode><Keywords>0x8000000000000000</Keywords><TimeCreated SystemTime='2023-05-17T10:58:50.8348308Z'/><EventRecordID>15476</EventRecordID><Correlation/><Execution ProcessID='2900' ThreadID='3892'/><Channel>Microsoft-Windows-Sysmon/Operational</Channel><Computer>DESKTOP-0QN63TJ</Computer><Security UserID='S-1-5-18'/></System><EventData><Data Name='RuleName'>-</Data><Data Name='UtcTime'>2023-05-17 10:49:07.575</Data><Data Name='ProcessGuid'>{4158b3ab-b365-6464-1302-000000000c00}</Data><Data Name='ProcessId'>6436</Data><Data Name='Image'>C:\Program Files (x86)\Internet Explorer\IEXPLORE.EXE</Data><Data Name='User'>DESKTOP-0QN63TJ\me</Data><Data Name='Protocol'>tcp</Data><Data Name='Initiated'>true</Data><Data Name='SourceIsIpv6'>false</Data><Data Name='SourceIp'>192.168.2.202</Data><Data Name='SourceHostname'>DESKTOP-0QN63TJ</Data><Data Name='SourcePort'>57959</Data><Data Name='SourcePortName'>-</Data><Data Name='DestinationIsIpv6'>false</Data><Data Name='DestinationIp'>92.123.206.203</Data><Data Name='DestinationHostname'>a92-123-206-203.deploy.static.akamaitechnologies.com</Data><Data Name='DestinationPort'>80</Data><Data Name='DestinationPortName'>http</Data></EventData></Event></Events>
<Events><Event xmlns='http://schemas.microsoft.com/win/2004/08/events/event'><System><Provider Name='Microsoft-Windows-Sysmon' Guid='{5770385f-c22a-43e0-bf4c-06f5698ffbd9}'/><EventID>3</EventID><Version>5</Version><Level>4</Level><Task>3</Task><Opcode>0</Opcode><Keywords>0x8000000000000000</Keywords><TimeCreated SystemTime='2023-05-17T10:58:50.8344722Z'/><EventRecordID>15475</EventRecordID><Correlation/><Execution ProcessID='2900' ThreadID='3892'/><Channel>Microsoft-Windows-Sysmon/Operational</Channel><Computer>DESKTOP-0QN63TJ</Computer><Security UserID='S-1-5-18'/></System><EventData><Data Name='RuleName'>-</Data><Data Name='UtcTime'>2023-05-17 10:49:07.575</Data><Data Name='ProcessGuid'>{4158b3ab-b365-6464-1302-000000000c00}</Data><Data Name='ProcessId'>6436</Data><Data Name='Image'>C:\Program Files (x86)\Internet Explorer\IEXPLORE.EXE</Data><Data Name='User'>DESKTOP-0QN63TJ\me</Data><Data Name='Protocol'>tcp</Data><Data Name='Initiated'>true</Data><Data Name='SourceIsIpv6'>false</Data><Data Name='SourceIp'>192.168.2.202</Data><Data Name='SourceHostname'>DESKTOP-0QN63TJ</Data><Data Name='SourcePort'>57958</Data><Data Name='SourcePortName'>-</Data><Data Name='DestinationIsIpv6'>false</Data><Data Name='DestinationIp'>204.79.197.200</Data><Data Name='DestinationHostname'>a-0001.a-msedge.net</Data><Data Name='DestinationPort'>443</Data><Data Name='DestinationPortName'>https</Data></EventData></Event></Events>
<Events><Event xmlns='http://schemas.microsoft.com/win/2004/08/events/event'><System><Provider Name='Microsoft-Windows-Sysmon' Guid='{5770385f-c22a-43e0-bf4c-06f5698ffbd9}'/><EventID>3</EventID><Version>5</Version><Level>4</Level><Task>3</Task><Opcode>0</Opcode><Keywords>0x8000000000000000</Keywords><TimeCreated SystemTime='2023-05-17T10:58:50.8341084Z'/><EventRecordID>15474</EventRecordID><Correlation/><Execution ProcessID='2900' ThreadID='3892'/><Channel>Microsoft-Windows-Sysmon/Operational</Channel><Computer>DESKTOP-0QN63TJ</Computer><Security UserID='S-1-5-18'/></System><EventData><Data Name='RuleName'>-</Data><Data Name='UtcTime'>2023-05-17 10:49:07.572</Data><Data Name='ProcessGuid'>{4158b3ab-b365-6464-1302-000000000c00}</Data><Data Name='ProcessId'>6436</Data><Data Name='Image'>C:\Program Files (x86)\Internet Explorer\IEXPLORE.EXE</Data><Data Name='User'>DESKTOP-0QN63TJ\me</Data><Data Name='Protocol'>tcp</Data><Data Name='Initiated'>true</Data><Data Name='SourceIsIpv6'>false</Data><Data Name='SourceIp'>192.168.2.202</Data><Data Name='SourceHostname'>DESKTOP-0QN63TJ</Data><Data Name='SourcePort'>57957</Data><Data Name='SourcePortName'>-</Data><Data Name='DestinationIsIpv6'>false</Data><Data Name='DestinationIp'>204.79.197.200</Data><Data Name='DestinationHostname'>a-0001.a-msedge.net</Data><Data Name='DestinationPort'>443</Data><Data Name='DestinationPortName'>https</Data></EventData></Event></Events>
<Events><Event xmlns='http://schemas.microsoft.com/win/2004/08/events/event'><System><Provider Name='Microsoft-Windows-Sysmon' Guid='{5770385f-c22a-43e0-bf4c-06f5698ffbd9}'/><EventID>3</EventID><Version>5</Version><Level>4</Level><Task>3</Task><Opcode>0</Opcode><Keywords>0x8000000000000000</Keywords><TimeCreated SystemTime='2023-05-17T10:58:51.6083268Z'/><EventRecordID>15502</EventRecordID><Correlation/><Execution ProcessID='2900' ThreadID='3892'/><Channel>Microsoft-Windows-Sysmon/Operational</Channel><Computer>DESKTOP-0QN63TJ</Computer><Security UserID='S-1-5-18'/></System><EventData><Data Name='RuleName'>-</Data><Data Name='UtcTime'>2023-05-17 10:49:08.298</Data><Data Name='ProcessGuid'>{4158b3ab-9046-6463-3400-000000000c00}</Data><Data Name='ProcessId'>2152</Data><Data Name='Image'>C:\Windows\System32\svchost.exe</Data><Data Name='User'>NT AUTHORITY\NETWORK SERVICE</Data><Data Name='Protocol'>udp</Data><Data Name='Initiated'>true</Data><Data Name='SourceIsIpv6'>false</Data><Data Name='SourceIp'>192.168.2.202</Data><Data Name='SourceHostname'>DESKTOP-0QN63TJ</Data><Data Name='SourcePort'>60140</Data><Data Name='SourcePortName'>-</Data><Data Name='DestinationIsIpv6'>false</Data><Data Name='DestinationIp'>8.8.4.4</Data><Data Name='DestinationHostname'>-</Data><Data Name='DestinationPort'>53</Data><Data Name='DestinationPortName'>domain</Data></EventData></Event></Events>
<Events><Event xmlns='http://schemas.microsoft.com/win/2004/08/events/event'><System><Provider Name='Microsoft-Windows-Sysmon' Guid='{5770385f-c22a-43e0-bf4c-06f5698ffbd9}'/><EventID>3</EventID><Version>5</Version><Level>4</Level><Task>3</Task><Opcode>0</Opcode><Keywords>0x8000000000000000</Keywords><TimeCreated SystemTime='2023-05-17T10:58:51.6083202Z'/><EventRecordID>15501</EventRecordID><Correlation/><Execution ProcessID='2900' ThreadID='3892'/><Channel>Microsoft-Windows-Sysmon/Operational</Channel><Computer>DESKTOP-0QN63TJ</Computer><Security UserID='S-1-5-18'/></System><EventData><Data Name='RuleName'>-</Data><Data Name='UtcTime'>2023-05-17 10:49:08.298</Data><Data Name='ProcessGuid'>{4158b3ab-9046-6463-3400-000000000c00}</Data><Data Name='ProcessId'>2152</Data><Data Name='Image'>C:\Windows\System32\svchost.exe</Data><Data Name='User'>NT AUTHORITY\NETWORK SERVICE</Data><Data Name='Protocol'>udp</Data><Data Name='Initiated'>true</Data><Data Name='SourceIsIpv6'>false</Data><Data Name='SourceIp'>192.168.2.202</Data><Data Name='SourceHostname'>DESKTOP-0QN63TJ</Data><Data Name='SourcePort'>51563</Data><Data Name='SourcePortName'>-</Data><Data Name='DestinationIsIpv6'>false</Data><Data Name='DestinationIp'>8.8.4.4</Data><Data Name='DestinationHostname'>-</Data><Data Name='DestinationPort'>53</Data><Data Name='DestinationPortName'>domain</Data></EventData></Event></Events>
<Events><Event xmlns='http://schemas.microsoft.com/win/2004/08/events/event'><System><Provider Name='Microsoft-Windows-Sysmon' Guid='{5770385f-c22a-43e0-bf4c-06f5698ffbd9}'/><EventID>3</EventID><Version>5</Version><Level>4</Level><Task>3</Task><Opcode>0</Opcode><Keywords>0x8000000000000000</Keywords><TimeCreated SystemTime='2023-05-17T10:58:51.6083130Z'/><EventRecordID>15500</EventRecordID><Correlation/><Execution ProcessID='2900' ThreadID='3892'/><Channel>Microsoft-Windows-Sysmon/Operational</Channel><Computer>DESKTOP-0QN63TJ</Computer><Security UserID='S-1-5-18'/></System><EventData><Data Name='RuleName'>-</Data><Data Name='UtcTime'>2023-05-17 10:49:08.254</Data><Data Name='ProcessGuid'>{4158b3ab-9040-6463-eb03-000000000000}</Data><Data Name='ProcessId'>4</Data><Data Name='Image'>System</Data><Data Name='User'>NT AUTHORITY\SYSTEM</Data><Data Name='Protocol'>udp</Data><Data Name='Initiated'>true</Data><Data Name='SourceIsIpv6'>false</Data><Data Name='SourceIp'>192.168.2.202</Data><Data Name='SourceHostname'>DESKTOP-0QN63TJ</Data><Data Name='SourcePort'>137</Data><Data Name='SourcePortName'>netbios-ns</Data><Data Name='DestinationIsIpv6'>false</Data><Data Name='DestinationIp'>104.18.32.68</Data><Data Name='DestinationHostname'>-</Data><Data Name='DestinationPort'>137</Data><Data Name='DestinationPortName'>netbios-ns</Data></EventData></Event></Events>
<Events><Event xmlns='http://schemas.microsoft.com/win/2004/08/events/event'><System><Provider Name='Microsoft-Windows-Sysmon' Guid='{5770385f-c22a-43e0-bf4c-06f5698ffbd9}'/><EventID>3</EventID><Version>5</Version><Level>4</Level><Task>3</Task><Opcode>0</Opcode><Keywords>0x8000000000000000</Keywords><TimeCreated SystemTime='2023-05-17T10:58:51.6083027Z'/><EventRecordID>15499</EventRecordID><Correlation/><Execution ProcessID='2900' ThreadID='3892'/><Channel>Microsoft-Windows-Sysmon/Operational</Channel><Computer>DESKTOP-0QN63TJ</Computer><Security UserID='S-1-5-18'/></System><EventData><Data Name='RuleName'>-</Data><Data Name='UtcTime'>2023-05-17 10:49:08.247</Data><Data Name='ProcessGuid'>{4158b3ab-9046-6463-3400-000000000c00}</Data><Data Name='ProcessId'>2152</Data><Data Name='Image'>C:\Windows\System32\svchost.exe</Data><Data Name='User'>NT AUTHORITY\NETWORK SERVICE</Data><Data Name='Protocol'>udp</Data><Data Name='Initiated'>false</Data><Data Name='SourceIsIpv6'>false</Data><Data Name='SourceIp'>192.168.2.202</Data><Data Name='SourceHostname'>DESKTOP-0QN63TJ</Data><Data Name='SourcePort'>49353</Data><Data Name='SourcePortName'>-</Data><Data Name='DestinationIsIpv6'>false</Data><Data Name='DestinationIp'>8.8.8.8</Data><Data Name='DestinationHostname'>-</Data><Data Name='DestinationPort'>53</Data><Data Name='DestinationPortName'>domain</Data></EventData></Event></Events>
<Events><Event xmlns='http://schemas.microsoft.com/win/2004/08/events/event'><System><Provider Name='Microsoft-Windows-Sysmon' Guid='{5770385f-c22a-43e0-bf4c-06f5698ffbd9}'/><EventID>3</EventID><Version>5</Version><Level>4</Level><Task>3</Task><Opcode>0</Opcode><Keywords>0x8000000000000000</Keywords><TimeCreated SystemTime='2023-05-17T10:58:51.6082936Z'/><EventRecordID>15498</EventRecordID><Correlation/><Execution ProcessID='2900' ThreadID='3892'/><Channel>Microsoft-Windows-Sysmon/Operational</Channel><Computer>DESKTOP-0QN63TJ</Computer><Security UserID='S-1-5-18'/></System><EventData><Data Name='RuleName'>-</Data><Data Name='UtcTime'>2023-05-17 10:49:08.203</Data><Data Name='ProcessGuid'>{4158b3ab-9046-6463-3400-000000000c00}</Data><Data Name='ProcessId'>2152</Data><Data Name='Image'>C:\Windows\System32\svchost.exe</Data><Data Name='User'>NT AUTHORITY\NETWORK SERVICE</Data><Data Name='Protocol'>udp</Data><Data Name='Initiated'>true</Data><Data Name='SourceIsIpv6'>false</Data><Data Name='SourceIp'>192.168.2.202</Data><Data Name='SourceHostname'>DESKTOP-0QN63TJ</Data><Data Name='SourcePort'>60640</Data><Data Name='SourcePortName'>-</Data><Data Name='DestinationIsIpv6'>false</Data><Data Name='DestinationIp'>8.8.8.8</Data><Data Name='DestinationHostname'>-</Data><Data Name='DestinationPort'>53</Data><Data Name='DestinationPortName'>domain</Data></EventData></Event></Events>
<Events><Event xmlns='http://schemas.microsoft.com/win/2004/08/events/event'><System><Provider Name='Microsoft-Windows-Sysmon' Guid='{5770385f-c22a-43e0-bf4c-06f5698ffbd9}'/><EventID>3</EventID><Version>5</Version><Level>4</Level><Task>3</Task><Opcode>0</Opcode><Keywords>0x8000000000000000</Keywords><TimeCreated SystemTime='2023-05-17T10:58:51.6082855Z'/><EventRecordID>15497</EventRecordID><Correlation/><Execution ProcessID='2900' ThreadID='3892'/><Channel>Microsoft-Windows-Sysmon/Operational</Channel><Computer>DESKTOP-0QN63TJ</Computer><Security UserID='S-1-5-18'/></System><EventData><Data Name='RuleName'>-</Data><Data Name='UtcTime'>2023-05-17 10:49:08.202</Data><Data Name='ProcessGuid'>{4158b3ab-9046-6463-3400-000000000c00}</Data><Data Name='ProcessId'>2152</Data><Data Name='Image'>C:\Windows\System32\svchost.exe</Data><Data Name='User'>NT AUTHORITY\NETWORK SERVICE</Data><Data Name='Protocol'>udp</Data><Data Name='Initiated'>true</Data><Data Name='SourceIsIpv6'>false</Data><Data Name='SourceIp'>192.168.2.202</Data><Data Name='SourceHostname'>DESKTOP-0QN63TJ</Data><Data Name='SourcePort'>60381</Data><Data Name='SourcePortName'>-</Data><Data Name='DestinationIsIpv6'>false</Data><Data Name='DestinationIp'>8.8.8.8</Data><Data Name='DestinationHostname'>-</Data><Data Name='DestinationPort'>53</Data><Data Name='DestinationPortName'>domain</Data></EventData></Event></Events>
<Events><Event xmlns='http://schemas.microsoft.com/win/2004/08/events/event'><System><Provider Name='Microsoft-Windows-Sysmon' Guid='{5770385f-c22a-43e0-bf4c-06f5698ffbd9}'/><EventID>3</EventID><Version>5</Version><Level>4</Level><Task>3</Task><Opcode>0</Opcode><Keywords>0x8000000000000000</Keywords><TimeCreated SystemTime='2023-05-17T10:58:51.6082788Z'/><EventRecordID>15496</EventRecordID><Correlation/><Execution ProcessID='2900' ThreadID='3892'/><Channel>Microsoft-Windows-Sysmon/Operational</Channel><Computer>DESKTOP-0QN63TJ</Computer><Security UserID='S-1-5-18'/></System><EventData><Data Name='RuleName'>-</Data><Data Name='UtcTime'>2023-05-17 10:49:08.202</Data><Data Name='ProcessGuid'>{4158b3ab-9046-6463-3400-000000000c00}</Data><Data Name='ProcessId'>2152</Data><Data Name='Image'>C:\Windows\System32\svchost.exe</Data><Data Name='User'>NT AUTHORITY\NETWORK SERVICE</Data><Data Name='Protocol'>udp</Data><Data Name='Initiated'>true</Data><Data Name='SourceIsIpv6'>false</Data><Data Name='SourceIp'>192.168.2.202</Data><Data Name='SourceHostname'>DESKTOP-0QN63TJ</Data><Data Name='SourcePort'>55558</Data><Data Name='SourcePortName'>-</Data><Data Name='DestinationIsIpv6'>false</Data><Data Name='DestinationIp'>8.8.8.8</Data><Data Name='DestinationHostname'>-</Data><Data Name='DestinationPort'>53</Data><Data Name='DestinationPortName'>domain</Data></EventData></Event></Events>
<Events><Event xmlns='http://schemas.microsoft.com/win/2004/08/events/event'><System><Provider Name='Microsoft-Windows-Sysmon' Guid='{5770385f-c22a-43e0-bf4c-06f5698ffbd9}'/><EventID>3</EventID><Version>5</Version><Level>4</Level><Task>3</Task><Opcode>0</Opcode><Keywords>0x8000000000000000</Keywords><TimeCreated SystemTime='2023-05-17T10:58:51.6082724Z'/><EventRecordID>15495</EventRecordID><Correlation/><Execution ProcessID='2900' ThreadID='3892'/><Channel>Microsoft-Windows-Sysmon/Operational</Channel><Computer>DESKTOP-0QN63TJ</Computer><Security UserID='S-1-5-18'/></System><EventData><Data Name='RuleName'>-</Data><Data Name='UtcTime'>2023-05-17 10:49:08.201</Data><Data Name='ProcessGuid'>{4158b3ab-9046-6463-3400-000000000c00}</Data><Data Name='ProcessId'>2152</Data><Data Name='Image'>C:\Windows\System32\svchost.exe</Data><Data Name='User'>NT AUTHORITY\NETWORK SERVICE</Data><Data Name='Protocol'>udp</Data><Data Name='Initiated'>true</Data><Data Name='SourceIsIpv6'>false</Data><Data Name='SourceIp'>192.168.2.202</Data><Data Name='SourceHostname'>DESKTOP-0QN63TJ</Data><Data Name='SourcePort'>64111</Data><Data Name='SourcePortName'>-</Data><Data Name='DestinationIsIpv6'>false</Data><Data Name='DestinationIp'>8.8.8.8</Data><Data Name='DestinationHostname'>-</Data><Data Name='DestinationPort'>53</Data><Data Name='DestinationPortName'>domain</Data></EventData></Event></Events>
<Events><Event xmlns='http://schemas.microsoft.com/win/2004/08/events/event'><System><Provider Name='Microsoft-Windows-Sysmon' Guid='{5770385f-c22a-43e0-bf4c-06f5698ffbd9}'/><EventID>3</EventID><Version>5</Version><Level>4</Level><Task>3</Task><Opcode>0</Opcode><Keywords>0x8000000000000000</Keywords><TimeCreated SystemTime='2023-05-17T10:58:51.6082657Z'/><EventRecordID>15494</EventRecordID><Correlation/><Execution ProcessID='2900' ThreadID='3892'/><Channel>Microsoft-Windows-Sysmon/Operational</Channel><Computer>DESKTOP-0QN63TJ</Computer><Security UserID='S-1-5-18'/></System><EventData><Data Name='RuleName'>-</Data><Data Name='UtcTime'>2023-05-17 10:49:08.200</Data><Data Name='ProcessGuid'>{4158b3ab-9046-6463-3400-000000000c00}</Data><Data Name='ProcessId'>2152</Data><Data Name='Image'>C:\Windows\System32\svchost.exe</Data><Data Name='User'>NT AUTHORITY\NETWORK SERVICE</Data><Data Name='Protocol'>udp</Data><Data Name='Initiated'>true</Data><Data Name='SourceIsIpv6'>false</Data><Data Name='SourceIp'>192.168.2.202</Data><Data Name='SourceHostname'>DESKTOP-0QN63TJ</Data><Data Name='SourcePort'>51563</Data><Data Name='SourcePortName'>-</Data><Data Name='DestinationIsIpv6'>false</Data><Data Name='DestinationIp'>8.8.8.8</Data><Data Name='DestinationHostname'>-</Data><Data Name='DestinationPort'>53</Data><Data Name='DestinationPortName'>domain</Data></EventData></Event></Events>
<Events><Event xmlns='http://schemas.microsoft.com/win/2004/08/events/event'><System><Provider Name='Microsoft-Windows-Sysmon' Guid='{5770385f-c22a-43e0-bf4c-06f5698ffbd9}'/><EventID>3</EventID><Version>5</Version><Level>4</Level><Task>3</Task><Opcode>0</Opcode><Keywords>0x8000000000000000</Keywords><TimeCreated SystemTime='2023-05-17T10:58:51.6082592Z'/><EventRecordID>15493</EventRecordID><Correlation/><Execution ProcessID='2900' ThreadID='3892'/><Channel>Microsoft-Windows-Sysmon/Operational</Channel><Computer>DESKTOP-0QN63TJ</Computer><Security UserID='S-1-5-18'/></System><EventData><Data Name='RuleName'>-</Data><Data Name='UtcTime'>2023-05-17 10:49:08.200</Data><Data Name='ProcessGuid'>{4158b3ab-9046-6463-3400-000000000c00}</Data><Data Name='ProcessId'>2152</Data><Data Name='Image'>C:\Windows\System32\svchost.exe</Data><Data Name='User'>NT AUTHORITY\NETWORK SERVICE</Data><Data Name='Protocol'>udp</Data><Data Name='Initiated'>true</Data><Data Name='SourceIsIpv6'>false</Data><Data Name='SourceIp'>192.168.2.202</Data><Data Name='SourceHostname'>DESKTOP-0QN63TJ</Data><Data Name='SourcePort'>56102</Data><Data Name='SourcePortName'>-</Data><Data Name='DestinationIsIpv6'>false</Data><Data Name='DestinationIp'>8.8.8.8</Data><Data Name='DestinationHostname'>-</Data><Data Name='DestinationPort'>53</Data><Data Name='DestinationPortName'>domain</Data></EventData></Event></Events>
<Events><Event xmlns='http://schemas.microsoft.com/win/2004/08/events/event'><System><Provider Name='Microsoft-Windows-Sysmon' Guid='{5770385f-c22a-43e0-bf4c-06f5698ffbd9}'/><EventID>3</EventID><Version>5</Version><Level>4</Level><Task>3</Task><Opcode>0</Opcode><Keywords>0x8000000000000000</Keywords><TimeCreated SystemTime='2023-05-17T10:58:53.1751144Z'/><EventRecordID>15508</EventRecordID><Correlation/><Execution ProcessID='2900' ThreadID='3892'/><Channel>Microsoft-Windows-Sysmon/Operational</Channel><Computer>DESKTOP-0QN63TJ</Computer><Security UserID='S-1-5-18'/></System><EventData><Data Name='RuleName'>-</Data><Data Name='UtcTime'>2023-05-17 10:49:09.759</Data><Data Name='ProcessGuid'>{4158b3ab-9046-6463-3400-000000000c00}</Data><Data Name='ProcessId'>2152</Data><Data Name='Image'>C:\Windows\System32\svchost.exe</Data><Data Name='User'>NT AUTHORITY\NETWORK SERVICE</Data><Data Name='Protocol'>udp</Data><Data Name='Initiated'>true</Data><Data Name='SourceIsIpv6'>false</Data><Data Name='SourceIp'>192.168.2.202</Data><Data Name='SourceHostname'>DESKTOP-0QN63TJ</Data><Data Name='SourcePort'>53251</Data><Data Name='SourcePortName'>-</Data><Data Name='DestinationIsIpv6'>false</Data><Data Name='DestinationIp'>8.8.8.8</Data><Data Name='DestinationHostname'>-</Data><Data Name='DestinationPort'>53</Data><Data Name='DestinationPortName'>domain</Data></EventData></Event></Events>
<Events><Event xmlns='http://schemas.microsoft.com/win/2004/08/events/event'><System><Provider Name='Microsoft-Windows-Sysmon' Guid='{5770385f-c22a-43e0-bf4c-06f5698ffbd9}'/><EventID>3</EventID><Version>5</Version><Level>4</Level><Task>3</Task><Opcode>0</Opcode><Keywords>0x8000000000000000</Keywords><TimeCreated SystemTime='2023-05-17T10:58:53.1750983Z'/><EventRecordID>15507</EventRecordID><Correlation/><Execution ProcessID='2900' ThreadID='3892'/><Channel>Microsoft-Windows-Sysmon/Operational</Channel><Computer>DESKTOP-0QN63TJ</Computer><Security UserID='S-1-5-18'/></System><EventData><Data Name='RuleName'>-</Data><Data Name='UtcTime'>2023-05-17 10:49:09.756</Data><Data Name='ProcessGuid'>{4158b3ab-9046-6463-3400-000000000c00}</Data><Data Name='ProcessId'>2152</Data><Data Name='Image'>C:\Windows\System32\svchost.exe</Data><Data Name='User'>NT AUTHORITY\NETWORK SERVICE</Data><Data Name='Protocol'>udp</Data><Data Name='Initiated'>true</Data><Data Name='SourceIsIpv6'>false</Data><Data Name='SourceIp'>192.168.2.202</Data><Data Name='SourceHostname'>DESKTOP-0QN63TJ</Data><Data Name='SourcePort'>60188</Data><Data Name='SourcePortName'>-</Data><Data Name='DestinationIsIpv6'>false</Data><Data Name='DestinationIp'>8.8.8.8</Data><Data Name='DestinationHostname'>-</Data><Data Name='DestinationPort'>53</Data><Data Name='DestinationPortName'>domain</Data></EventData></Event></Events>
<Events><Event xmlns='http://schemas.microsoft.com/win/2004/08/events/event'><System><Provider Name='Microsoft-Windows-Sysmon' Guid='{5770385f-c22a-43e0-bf4c-06f5698ffbd9}'/><EventID>3</EventID><Version>5</Version><Level>4</Level><Task>3</Task><Opcode>0</Opcode><Keywords>0x8000000000000000</Keywords><TimeCreated SystemTime='2023-05-17T10:58:52.6464984Z'/><EventRecordID>15504</EventRecordID><Correlation/><Execution ProcessID='2900' ThreadID='3892'/><Channel>Microsoft-Windows-Sysmon/Operational</Channel><Computer>DESKTOP-0QN63TJ</Computer><Security UserID='S-1-5-18'/></System><EventData><Data Name='RuleName'>-</Data><Data Name='UtcTime'>2023-05-17 10:49:09.006</Data><Data Name='ProcessGuid'>{4158b3ab-b36a-6464-1402-000000000c00}</Data><Data Name='ProcessId'>1096</Data><Data Name='Image'>C:\Program Files (x86)\Internet Explorer\IEXPLORE.EXE</Data><Data Name='User'>DESKTOP-0QN63TJ\me</Data><Data Name='Protocol'>tcp</Data><Data Name='Initiated'>true</Data><Data Name='SourceIsIpv6'>false</Data><Data Name='SourceIp'>192.168.2.202</Data><Data Name='SourceHostname'>DESKTOP-0QN63TJ</Data><Data Name='SourcePort'>57968</Data><Data Name='SourcePortName'>-</Data><Data Name='DestinationIsIpv6'>false</Data><Data Name='DestinationIp'>96.16.49.206</Data><Data Name='DestinationHostname'>a96-16-49-206.deploy.static.akamaitechnologies.com</Data><Data Name='DestinationPort'>443</Data><Data Name='DestinationPortName'>https</Data></EventData></Event></Events>
<Events><Event xmlns='http://schemas.microsoft.com/win/2004/08/events/event'><System><Provider Name='Microsoft-Windows-Sysmon' Guid='{5770385f-c22a-43e0-bf4c-06f5698ffbd9}'/><EventID>3</EventID><Version>5</Version><Level>4</Level><Task>3</Task><Opcode>0</Opcode><Keywords>0x8000000000000000</Keywords><TimeCreated SystemTime='2023-05-17T10:58:52.6457374Z'/><EventRecordID>15503</EventRecordID><Correlation/><Execution ProcessID='2900' ThreadID='3892'/><Channel>Microsoft-Windows-Sysmon/Operational</Channel><Computer>DESKTOP-0QN63TJ</Computer><Security UserID='S-1-5-18'/></System><EventData><Data Name='RuleName'>-</Data><Data Name='UtcTime'>2023-05-17 10:49:09.003</Data><Data Name='ProcessGuid'>{4158b3ab-b36a-6464-1402-000000000c00}</Data><Data Name='ProcessId'>1096</Data><Data Name='Image'>C:\Program Files (x86)\Internet Explorer\IEXPLORE.EXE</Data><Data Name='User'>DESKTOP-0QN63TJ\me</Data><Data Name='Protocol'>tcp</Data><Data Name='Initiated'>true</Data><Data Name='SourceIsIpv6'>false</Data><Data Name='SourceIp'>192.168.2.202</Data><Data Name='SourceHostname'>DESKTOP-0QN63TJ</Data><Data Name='SourcePort'>57969</Data><Data Name='SourcePortName'>-</Data><Data Name='DestinationIsIpv6'>false</Data><Data Name='DestinationIp'>96.16.49.206</Data><Data Name='DestinationHostname'>a96-16-49-206.deploy.static.akamaitechnologies.com</Data><Data Name='DestinationPort'>443</Data><Data Name='DestinationPortName'>https</Data></EventData></Event></Events>
<Events><Event xmlns='http://schemas.microsoft.com/win/2004/08/events/event'><System><Provider Name='Microsoft-Windows-Sysmon' Guid='{5770385f-c22a-43e0-bf4c-06f5698ffbd9}'/><EventID>3</EventID><Version>5</Version><Level>4</Level><Task>3</Task><Opcode>0</Opcode><Keywords>0x8000000000000000</Keywords><TimeCreated SystemTime='2023-05-17T10:58:54.4678933Z'/><EventRecordID>15509</EventRecordID><Correlation/><Execution ProcessID='2900' ThreadID='3892'/><Channel>Microsoft-Windows-Sysmon/Operational</Channel><Computer>DESKTOP-0QN63TJ</Computer><Security UserID='S-1-5-18'/></System><EventData><Data Name='RuleName'>-</Data><Data Name='UtcTime'>2023-05-17 10:49:10.829</Data><Data Name='ProcessGuid'>{4158b3ab-905f-6463-8e00-000000000c00}</Data><Data Name='ProcessId'>4764</Data><Data Name='Image'>C:\Windows\System32\svchost.exe</Data><Data Name='User'>NT AUTHORITY\LOCAL SERVICE</Data><Data Name='Protocol'>udp</Data><Data Name='Initiated'>false</Data><Data Name='SourceIsIpv6'>false</Data><Data Name='SourceIp'>239.255.255.250</Data><Data Name='SourceHostname'>-</Data><Data Name='SourcePort'>1900</Data><Data Name='SourcePortName'>ssdp</Data><Data Name='DestinationIsIpv6'>false</Data><Data Name='DestinationIp'>192.168.2.151</Data><Data Name='DestinationHostname'>-</Data><Data Name='DestinationPort'>59227</Data><Data Name='DestinationPortName'>-</Data></EventData></Event></Events>
<Events><Event xmlns='http://schemas.microsoft.com/win/2004/08/events/event'><System><Provider Name='Microsoft-Windows-Sysmon' Guid='{5770385f-c22a-43e0-bf4c-06f5698ffbd9}'/><EventID>3</EventID><Version>5</Version><Level>4</Level><Task>3</Task><Opcode>0</Opcode><Keywords>0x8000000000000000</Keywords><TimeCreated SystemTime='2023-05-17T10:59:09.7173909Z'/><EventRecordID>15513</EventRecordID><Correlation/><Execution ProcessID='2900' ThreadID='3892'/><Channel>Microsoft-Windows-Sysmon/Operational</Channel><Computer>DESKTOP-0QN63TJ</Computer><Security UserID='S-1-5-18'/></System><EventData><Data Name='RuleName'>-</Data><Data Name='UtcTime'>2023-05-17 10:49:25.882</Data><Data Name='ProcessGuid'>{4158b3ab-905f-6463-8e00-000000000c00}</Data><Data Name='ProcessId'>4764</Data><Data Name='Image'>C:\Windows\System32\svchost.exe</Data><Data Name='User'>NT AUTHORITY\LOCAL SERVICE</Data><Data Name='Protocol'>udp</Data><Data Name='Initiated'>false</Data><Data Name='SourceIsIpv6'>false</Data><Data Name='SourceIp'>239.255.255.250</Data><Data Name='SourceHostname'>-</Data><Data Name='SourcePort'>1900</Data><Data Name='SourcePortName'>ssdp</Data><Data Name='DestinationIsIpv6'>false</Data><Data Name='DestinationIp'>192.168.2.151</Data><Data Name='DestinationHostname'>-</Data><Data Name='DestinationPort'>51433</Data><Data Name='DestinationPortName'>-</Data></EventData></Event></Events>
<Events><Event xmlns='http://schemas.microsoft.com/win/2004/08/events/event'><System><Provider Name='Microsoft-Windows-Sysmon' Guid='{5770385f-c22a-43e0-bf4c-06f5698ffbd9}'/><EventID>3</EventID><Version>5</Version><Level>4</Level><Task>3</Task><Opcode>0</Opcode><Keywords>0x8000000000000000</Keywords><TimeCreated SystemTime='2023-05-17T10:59:54.6241846Z'/><EventRecordID>15516</EventRecordID><Correlation/><Execution ProcessID='2900' ThreadID='3892'/><Channel>Microsoft-Windows-Sysmon/Operational</Channel><Computer>DESKTOP-0QN63TJ</Computer><Security UserID='S-1-5-18'/></System><EventData><Data Name='RuleName'>-</Data><Data Name='UtcTime'>2023-05-17 10:50:11.342</Data><Data Name='ProcessGuid'>{4158b3ab-9046-6463-3400-000000000c00}</Data><Data Name='ProcessId'>2152</Data><Data Name='Image'>C:\Windows\System32\svchost.exe</Data><Data Name='User'>NT AUTHORITY\NETWORK SERVICE</Data><Data Name='Protocol'>udp</Data><Data Name='Initiated'>true</Data><Data Name='SourceIsIpv6'>false</Data><Data Name='SourceIp'>192.168.2.202</Data><Data Name='SourceHostname'>DESKTOP-0QN63TJ</Data><Data Name='SourcePort'>59772</Data><Data Name='SourcePortName'>-</Data><Data Name='DestinationIsIpv6'>false</Data><Data Name='DestinationIp'>8.8.8.8</Data><Data Name='DestinationHostname'>-</Data><Data Name='DestinationPort'>53</Data><Data Name='DestinationPortName'>domain</Data></EventData></Event></Events>
<Events><Event xmlns='http://schemas.microsoft.com/win/2004/08/events/event'><System><Provider Name='Microsoft-Windows-Sysmon' Guid='{5770385f-c22a-43e0-bf4c-06f5698ffbd9}'/><EventID>3</EventID><Version>5</Version><Level>4</Level><Task>3</Task><Opcode>0</Opcode><Keywords>0x8000000000000000</Keywords><TimeCreated SystemTime='2023-05-17T10:59:56.7972707Z'/><EventRecordID>15528</EventRecordID><Correlation/><Execution ProcessID='2900' ThreadID='3892'/><Channel>Microsoft-Windows-Sysmon/Operational</Channel><Computer>DESKTOP-0QN63TJ</Computer><Security UserID='S-1-5-18'/></System><EventData><Data Name='RuleName'>-</Data><Data Name='UtcTime'>2023-05-17 10:50:13.368</Data><Data Name='ProcessGuid'>{4158b3ab-9046-6463-3400-000000000c00}</Data><Data Name='ProcessId'>2152</Data><Data Name='Image'>C:\Windows\System32\svchost.exe</Data><Data Name='User'>NT AUTHORITY\NETWORK SERVICE</Data><Data Name='Protocol'>udp</Data><Data Name='Initiated'>true</Data><Data Name='SourceIsIpv6'>false</Data><Data Name='SourceIp'>192.168.2.202</Data><Data Name='SourceHostname'>DESKTOP-0QN63TJ</Data><Data Name='SourcePort'>59344</Data><Data Name='SourcePortName'>-</Data><Data Name='DestinationIsIpv6'>false</Data><Data Name='DestinationIp'>8.8.8.8</Data><Data Name='DestinationHostname'>-</Data><Data Name='DestinationPort'>53</Data><Data Name='DestinationPortName'>domain</Data></EventData></Event></Events>
<Events><Event xmlns='http://schemas.microsoft.com/win/2004/08/events/event'><System><Provider Name='Microsoft-Windows-Sysmon' Guid='{5770385f-c22a-43e0-bf4c-06f5698ffbd9}'/><EventID>3</EventID><Version>5</Version><Level>4</Level><Task>3</Task><Opcode>0</Opcode><Keywords>0x8000000000000000</Keywords><TimeCreated SystemTime='2023-05-17T10:59:56.7972352Z'/><EventRecordID>15527</EventRecordID><Correlation/><Execution ProcessID='2900' ThreadID='3892'/><Channel>Microsoft-Windows-Sysmon/Operational</Channel><Computer>DESKTOP-0QN63TJ</Computer><Security UserID='S-1-5-18'/></System><EventData><Data Name='RuleName'>-</Data><Data Name='UtcTime'>2023-05-17 10:50:13.362</Data><Data Name='ProcessGuid'>{4158b3ab-b3a9-6464-1802-000000000c00}</Data><Data Name='ProcessId'>5884</Data><Data Name='Image'>C:\Program Files (x86)\Internet Explorer\IEXPLORE.EXE</Data><Data Name='User'>DESKTOP-0QN63TJ\me</Data><Data Name='Protocol'>tcp</Data><Data Name='Initiated'>true</Data><Data Name='SourceIsIpv6'>false</Data><Data Name='SourceIp'>192.168.2.202</Data><Data Name='SourceHostname'>DESKTOP-0QN63TJ</Data><Data Name='SourcePort'>57975</Data><Data Name='SourcePortName'>-</Data><Data Name='DestinationIsIpv6'>false</Data><Data Name='DestinationIp'>2.19.181.35</Data><Data Name='DestinationHostname'>a2-19-181-35.deploy.static.akamaitechnologies.com</Data><Data Name='DestinationPort'>443</Data><Data Name='DestinationPortName'>https</Data></EventData></Event></Events>
<Events><Event xmlns='http://schemas.microsoft.com/win/2004/08/events/event'><System><Provider Name='Microsoft-Windows-Sysmon' Guid='{5770385f-c22a-43e0-bf4c-06f5698ffbd9}'/><EventID>3</EventID><Version>5</Version><Level>4</Level><Task>3</Task><Opcode>0</Opcode><Keywords>0x8000000000000000</Keywords><TimeCreated SystemTime='2023-05-17T10:59:56.7965979Z'/><EventRecordID>15526</EventRecordID><Correlation/><Execution ProcessID='2900' ThreadID='3892'/><Channel>Microsoft-Windows-Sysmon/Operational</Channel><Computer>DESKTOP-0QN63TJ</Computer><Security UserID='S-1-5-18'/></System><EventData><Data Name='RuleName'>-</Data><Data Name='UtcTime'>2023-05-17 10:50:13.360</Data><Data Name='ProcessGuid'>{4158b3ab-b3a9-6464-1802-000000000c00}</Data><Data Name='ProcessId'>5884</Data><Data Name='Image'>C:\Program Files (x86)\Internet Explorer\IEXPLORE.EXE</Data><Data Name='User'>DESKTOP-0QN63TJ\me</Data><Data Name='Protocol'>tcp</Data><Data Name='Initiated'>true</Data><Data Name='SourceIsIpv6'>false</Data><Data Name='SourceIp'>192.168.2.202</Data><Data Name='SourceHostname'>DESKTOP-0QN63TJ</Data><Data Name='SourcePort'>57974</Data><Data Name='SourcePortName'>-</Data><Data Name='DestinationIsIpv6'>false</Data><Data Name='DestinationIp'>2.19.181.35</Data><Data Name='DestinationHostname'>a2-19-181-35.deploy.static.akamaitechnologies.com</Data><Data Name='DestinationPort'>443</Data><Data Name='DestinationPortName'>https</Data></EventData></Event></Events>
<Events><Event xmlns='http://schemas.microsoft.com/win/2004/08/events/event'><System><Provider Name='Microsoft-Windows-Sysmon' Guid='{5770385f-c22a-43e0-bf4c-06f5698ffbd9}'/><EventID>3</EventID><Version>5</Version><Level>4</Level><Task>3</Task><Opcode>0</Opcode><Keywords>0x8000000000000000</Keywords><TimeCreated SystemTime='2023-05-17T10:59:56.5461276Z'/><EventRecordID>15525</EventRecordID><Correlation/><Execution ProcessID='2900' ThreadID='3892'/><Channel>Microsoft-Windows-Sysmon/Operational</Channel><Computer>DESKTOP-0QN63TJ</Computer><Security UserID='S-1-5-18'/></System><EventData><Data Name='RuleName'>-</Data><Data Name='UtcTime'>2023-05-17 10:50:13.321</Data><Data Name='ProcessGuid'>{4158b3ab-9046-6463-3400-000000000c00}</Data><Data Name='ProcessId'>2152</Data><Data Name='Image'>C:\Windows\System32\svchost.exe</Data><Data Name='User'>NT AUTHORITY\NETWORK SERVICE</Data><Data Name='Protocol'>udp</Data><Data Name='Initiated'>true</Data><Data Name='SourceIsIpv6'>false</Data><Data Name='SourceIp'>192.168.2.202</Data><Data Name='SourceHostname'>DESKTOP-0QN63TJ</Data><Data Name='SourcePort'>51265</Data><Data Name='SourcePortName'>-</Data><Data Name='DestinationIsIpv6'>false</Data><Data Name='DestinationIp'>8.8.8.8</Data><Data Name='DestinationHostname'>-</Data><Data Name='DestinationPort'>53</Data><Data Name='DestinationPortName'>domain</Data></EventData></Event></Events>
<Events><Event xmlns='http://schemas.microsoft.com/win/2004/08/events/event'><System><Provider Name='Microsoft-Windows-Sysmon' Guid='{5770385f-c22a-43e0-bf4c-06f5698ffbd9}'/><EventID>3</EventID><Version>5</Version><Level>4</Level><Task>3</Task><Opcode>0</Opcode><Keywords>0x8000000000000000</Keywords><TimeCreated SystemTime='2023-05-17T10:59:56.5461072Z'/><EventRecordID>15524</EventRecordID><Correlation/><Execution ProcessID='2900' ThreadID='3892'/><Channel>Microsoft-Windows-Sysmon/Operational</Channel><Computer>DESKTOP-0QN63TJ</Computer><Security UserID='S-1-5-18'/></System><EventData><Data Name='RuleName'>-</Data><Data Name='UtcTime'>2023-05-17 10:50:13.238</Data><Data Name='ProcessGuid'>{4158b3ab-9046-6463-3400-000000000c00}</Data><Data Name='ProcessId'>2152</Data><Data Name='Image'>C:\Windows\System32\svchost.exe</Data><Data Name='User'>NT AUTHORITY\NETWORK SERVICE</Data><Data Name='Protocol'>udp</Data><Data Name='Initiated'>true</Data><Data Name='SourceIsIpv6'>false</Data><Data Name='SourceIp'>192.168.2.202</Data><Data Name='SourceHostname'>DESKTOP-0QN63TJ</Data><Data Name='SourcePort'>54486</Data><Data Name='SourcePortName'>-</Data><Data Name='DestinationIsIpv6'>false</Data><Data Name='DestinationIp'>8.8.8.8</Data><Data Name='DestinationHostname'>-</Data><Data Name='DestinationPort'>53</Data><Data Name='DestinationPortName'>domain</Data></EventData></Event></Events>
<Events><Event xmlns='http://schemas.microsoft.com/win/2004/08/events/event'><System><Provider Name='Microsoft-Windows-Sysmon' Guid='{5770385f-c22a-43e0-bf4c-06f5698ffbd9}'/><EventID>3</EventID><Version>5</Version><Level>4</Level><Task>3</Task><Opcode>0</Opcode><Keywords>0x8000000000000000</Keywords><TimeCreated SystemTime='2023-05-17T10:59:56.2914115Z'/><EventRecordID>15523</EventRecordID><Correlation/><Execution ProcessID='2900' ThreadID='3892'/><Channel>Microsoft-Windows-Sysmon/Operational</Channel><Computer>DESKTOP-0QN63TJ</Computer><Security UserID='S-1-5-18'/></System><EventData><Data Name='RuleName'>-</Data><Data Name='UtcTime'>2023-05-17 10:50:13.054</Data><Data Name='ProcessGuid'>{4158b3ab-9046-6463-3400-000000000c00}</Data><Data Name='ProcessId'>2152</Data><Data Name='Image'>C:\Windows\System32\svchost.exe</Data><Data Name='User'>NT AUTHORITY\NETWORK SERVICE</Data><Data Name='Protocol'>udp</Data><Data Name='Initiated'>true</Data><Data Name='SourceIsIpv6'>false</Data><Data Name='SourceIp'>192.168.2.202</Data><Data Name='SourceHostname'>DESKTOP-0QN63TJ</Data><Data Name='SourcePort'>62878</Data><Data Name='SourcePortName'>-</Data><Data Name='DestinationIsIpv6'>false</Data><Data Name='DestinationIp'>8.8.8.8</Data><Data Name='DestinationHostname'>-</Data><Data Name='DestinationPort'>53</Data><Data Name='DestinationPortName'>domain</Data></EventData></Event></Events>
<Events><Event xmlns='http://schemas.microsoft.com/win/2004/08/events/event'><System><Provider Name='Microsoft-Windows-Sysmon' Guid='{5770385f-c22a-43e0-bf4c-06f5698ffbd9}'/><EventID>3</EventID><Version>5</Version><Level>4</Level><Task>3</Task><Opcode>0</Opcode><Keywords>0x8000000000000000</Keywords><TimeCreated SystemTime='2023-05-17T10:59:56.2914027Z'/><EventRecordID>15522</EventRecordID><Correlation/><Execution ProcessID='2900' ThreadID='3892'/><Channel>Microsoft-Windows-Sysmon/Operational</Channel><Computer>DESKTOP-0QN63TJ</Computer><Security UserID='S-1-5-18'/></System><EventData><Data Name='RuleName'>-</Data><Data Name='UtcTime'>2023-05-17 10:50:13.048</Data><Data Name='ProcessGuid'>{4158b3ab-9046-6463-3400-000000000c00}</Data><Data Name='ProcessId'>2152</Data><Data Name='Image'>C:\Windows\System32\svchost.exe</Data><Data Name='User'>NT AUTHORITY\NETWORK SERVICE</Data><Data Name='Protocol'>udp</Data><Data Name='Initiated'>true</Data><Data Name='SourceIsIpv6'>false</Data><Data Name='SourceIp'>192.168.2.202</Data><Data Name='SourceHostname'>DESKTOP-0QN63TJ</Data><Data Name='SourcePort'>63482</Data><Data Name='SourcePortName'>-</Data><Data Name='DestinationIsIpv6'>false</Data><Data Name='DestinationIp'>8.8.8.8</Data><Data Name='DestinationHostname'>-</Data><Data Name='DestinationPort'>53</Data><Data Name='DestinationPortName'>domain</Data></EventData></Event></Events>
<Events><Event xmlns='http://schemas.microsoft.com/win/2004/08/events/event'><System><Provider Name='Microsoft-Windows-Sysmon' Guid='{5770385f-c22a-43e0-bf4c-06f5698ffbd9}'/><EventID>3</EventID><Version>5</Version><Level>4</Level><Task>3</Task><Opcode>0</Opcode><Keywords>0x8000000000000000</Keywords><TimeCreated SystemTime='2023-05-17T10:59:56.2913601Z'/><EventRecordID>15521</EventRecordID><Correlation/><Execution ProcessID='2900' ThreadID='3892'/><Channel>Microsoft-Windows-Sysmon/Operational</Channel><Computer>DESKTOP-0QN63TJ</Computer><Security UserID='S-1-5-18'/></System><EventData><Data Name='RuleName'>-</Data><Data Name='UtcTime'>2023-05-17 10:50:12.518</Data><Data Name='ProcessGuid'>{4158b3ab-b3a9-6464-1802-000000000c00}</Data><Data Name='ProcessId'>5884</Data><Data Name='Image'>C:\Program Files (x86)\Internet Explorer\IEXPLORE.EXE</Data><Data Name='User'>DESKTOP-0QN63TJ\me</Data><Data Name='Protocol'>tcp</Data><Data Name='Initiated'>true</Data><Data Name='SourceIsIpv6'>false</Data><Data Name='SourceIp'>192.168.2.202</Data><Data Name='SourceHostname'>DESKTOP-0QN63TJ</Data><Data Name='SourcePort'>57973</Data><Data Name='SourcePortName'>-</Data><Data Name='DestinationIsIpv6'>false</Data><Data Name='DestinationIp'>204.79.197.203</Data><Data Name='DestinationHostname'>a-0003.a-msedge.net</Data><Data Name='DestinationPort'>443</Data><Data Name='DestinationPortName'>https</Data></EventData></Event></Events>
<Events><Event xmlns='http://schemas.microsoft.com/win/2004/08/events/event'><System><Provider Name='Microsoft-Windows-Sysmon' Guid='{5770385f-c22a-43e0-bf4c-06f5698ffbd9}'/><EventID>3</EventID><Version>5</Version><Level>4</Level><Task>3</Task><Opcode>0</Opcode><Keywords>0x8000000000000000</Keywords><TimeCreated SystemTime='2023-05-17T10:59:56.2906724Z'/><EventRecordID>15520</EventRecordID><Correlation/><Execution ProcessID='2900' ThreadID='3892'/><Channel>Microsoft-Windows-Sysmon/Operational</Channel><Computer>DESKTOP-0QN63TJ</Computer><Security UserID='S-1-5-18'/></System><EventData><Data Name='RuleName'>-</Data><Data Name='UtcTime'>2023-05-17 10:50:12.516</Data><Data Name='ProcessGuid'>{4158b3ab-b3a9-6464-1802-000000000c00}</Data><Data Name='ProcessId'>5884</Data><Data Name='Image'>C:\Program Files (x86)\Internet Explorer\IEXPLORE.EXE</Data><Data Name='User'>DESKTOP-0QN63TJ\me</Data><Data Name='Protocol'>tcp</Data><Data Name='Initiated'>true</Data><Data Name='SourceIsIpv6'>false</Data><Data Name='SourceIp'>192.168.2.202</Data><Data Name='SourceHostname'>DESKTOP-0QN63TJ</Data><Data Name='SourcePort'>57972</Data><Data Name='SourcePortName'>-</Data><Data Name='DestinationIsIpv6'>false</Data><Data Name='DestinationIp'>204.79.197.203</Data><Data Name='DestinationHostname'>a-0003.a-msedge.net</Data><Data Name='DestinationPort'>443</Data><Data Name='DestinationPortName'>https</Data></EventData></Event></Events>
<Events><Event xmlns='http://schemas.microsoft.com/win/2004/08/events/event'><System><Provider Name='Microsoft-Windows-Sysmon' Guid='{5770385f-c22a-43e0-bf4c-06f5698ffbd9}'/><EventID>3</EventID><Version>5</Version><Level>4</Level><Task>3</Task><Opcode>0</Opcode><Keywords>0x8000000000000000</Keywords><TimeCreated SystemTime='2023-05-17T10:59:56.2828468Z'/><EventRecordID>15519</EventRecordID><Correlation/><Execution ProcessID='2900' ThreadID='3892'/><Channel>Microsoft-Windows-Sysmon/Operational</Channel><Computer>DESKTOP-0QN63TJ</Computer><Security UserID='S-1-5-18'/></System><EventData><Data Name='RuleName'>-</Data><Data Name='UtcTime'>2023-05-17 10:50:12.394</Data><Data Name='ProcessGuid'>{4158b3ab-9046-6463-3400-000000000c00}</Data><Data Name='ProcessId'>2152</Data><Data Name='Image'>C:\Windows\System32\svchost.exe</Data><Data Name='User'>NT AUTHORITY\NETWORK SERVICE</Data><Data Name='Protocol'>udp</Data><Data Name='Initiated'>true</Data><Data Name='SourceIsIpv6'>false</Data><Data Name='SourceIp'>192.168.2.202</Data><Data Name='SourceHostname'>DESKTOP-0QN63TJ</Data><Data Name='SourcePort'>51600</Data><Data Name='SourcePortName'>-</Data><Data Name='DestinationIsIpv6'>false</Data><Data Name='DestinationIp'>8.8.8.8</Data><Data Name='DestinationHostname'>-</Data><Data Name='DestinationPort'>53</Data><Data Name='DestinationPortName'>domain</Data></EventData></Event></Events>
<Events><Event xmlns='http://schemas.microsoft.com/win/2004/08/events/event'><System><Provider Name='Microsoft-Windows-Sysmon' Guid='{5770385f-c22a-43e0-bf4c-06f5698ffbd9}'/><EventID>3</EventID><Version>5</Version><Level>4</Level><Task>3</Task><Opcode>0</Opcode><Keywords>0x8000000000000000</Keywords><TimeCreated SystemTime='2023-05-17T10:59:57.3231827Z'/><EventRecordID>15547</EventRecordID><Correlation/><Execution ProcessID='2900' ThreadID='3892'/><Channel>Microsoft-Windows-Sysmon/Operational</Channel><Computer>DESKTOP-0QN63TJ</Computer><Security UserID='S-1-5-18'/></System><EventData><Data Name='RuleName'>-</Data><Data Name='UtcTime'>2023-05-17 10:50:13.986</Data><Data Name='ProcessGuid'>{4158b3ab-b3a9-6464-1802-000000000c00}</Data><Data Name='ProcessId'>5884</Data><Data Name='Image'>C:\Program Files (x86)\Internet Explorer\IEXPLORE.EXE</Data><Data Name='User'>DESKTOP-0QN63TJ\me</Data><Data Name='Protocol'>tcp</Data><Data Name='Initiated'>true</Data><Data Name='SourceIsIpv6'>false</Data><Data Name='SourceIp'>192.168.2.202</Data><Data Name='SourceHostname'>DESKTOP-0QN63TJ</Data><Data Name='SourcePort'>57989</Data><Data Name='SourcePortName'>-</Data><Data Name='DestinationIsIpv6'>false</Data><Data Name='DestinationIp'>13.107.42.14</Data><Data Name='DestinationHostname'>-</Data><Data Name='DestinationPort'>443</Data><Data Name='DestinationPortName'>https</Data></EventData></Event></Events>
