<Events><Event xmlns='http://schemas.microsoft.com/win/2004/08/events/event'><System><Provider Name='Microsoft-Windows-Sysmon' Guid='{5770385f-c22a-43e0-bf4c-06f5698ffbd9}'/><EventID>3</EventID><Version>5</Version><Level>4</Level><Task>3</Task><Opcode>0</Opcode><Keywords>0x8000000000000000</Keywords><TimeCreated SystemTime='2023-05-17T11:25:25.4833055Z'/><EventRecordID>15843</EventRecordID><Correlation/><Execution ProcessID='2900' ThreadID='3892'/><Channel>Microsoft-Windows-Sysmon/Operational</Channel><Computer>DESKTOP-0QN63TJ</Computer><Security UserID='S-1-5-18'/></System><EventData><Data Name='RuleName'>-</Data><Data Name='UtcTime'>2023-05-17 11:15:42.119</Data><Data Name='ProcessGuid'>{4158b3ab-b4b1-6464-1c02-000000000c00}</Data><Data Name='ProcessId'>1232</Data><Data Name='Image'>C:\Program Files (x86)\Internet Explorer\iexplore.exe</Data><Data Name='User'>DESKTOP-0QN63TJ\me</Data><Data Name='Protocol'>tcp</Data><Data Name='Initiated'>true</Data><Data Name='SourceIsIpv6'>false</Data><Data Name='SourceIp'>192.168.2.202</Data><Data Name='SourceHostname'>DESKTOP-0QN63TJ</Data><Data Name='SourcePort'>64710</Data><Data Name='SourcePortName'>-</Data><Data Name='DestinationIsIpv6'>false</Data><Data Name='DestinationIp'>104.19.133.78</Data><Data Name='DestinationHostname'>-</Data><Data Name='DestinationPort'>443</Data><Data Name='DestinationPortName'>https</Data></EventData></Event></Events>
<Events><Event xmlns='http://schemas.microsoft.com/win/2004/08/events/event'><System><Provider Name='Microsoft-Windows-Sysmon' Guid='{5770385f-c22a-43e0-bf4c-06f5698ffbd9}'/><EventID>3</EventID><Version>5</Version><Level>4</Level><Task>3</Task><Opcode>0</Opcode><Keywords>0x8000000000000000</Keywords><TimeCreated SystemTime='2023-05-17T11:25:25.4832722Z'/><EventRecordID>15842</EventRecordID><Correlation/><Execution ProcessID='2900' ThreadID='3892'/><Channel>Microsoft-Windows-Sysmon/Operational</Channel><Computer>DESKTOP-0QN63TJ</Computer><Security UserID='S-1-5-18'/></System><EventData><Data Name='RuleName'>-</Data><Data Name='UtcTime'>2023-05-17 11:15:42.119</Data><Data Name='ProcessGuid'>{4158b3ab-b4b1-6464-1c02-000000000c00}</Data><Data Name='ProcessId'>1232</Data><Data Name='Image'>C:\Program Files (x86)\Internet Explorer\iexplore.exe</Data><Data Name='User'>DESKTOP-0QN63TJ\me</Data><Data Name='Protocol'>tcp</Data><Data Name='Initiated'>true</Data><Data Name='SourceIsIpv6'>false</Data><Data Name='SourceIp'>192.168.2.202</Data><Data Name='SourceHostname'>DESKTOP-0QN63TJ</Data><Data Name='SourcePort'>64711</Data><Data Name='SourcePortName'>-</Data><Data Name='DestinationIsIpv6'>false</Data><Data Name='DestinationIp'>104.19.133.78</Data><Data Name='DestinationHostname'>-</Data><Data Name='DestinationPort'>443</Data><Data Name='DestinationPortName'>https</Data></EventData></Event></Events>
<Events><Event xmlns='http://schemas.microsoft.com/win/2004/08/events/event'><System><Provider Name='Microsoft-Windows-Sysmon' Guid='{5770385f-c22a-43e0-bf4c-06f5698ffbd9}'/><EventID>3</EventID><Version>5</Version><Level>4</Level><Task>3</Task><Opcode>0</Opcode><Keywords>0x8000000000000000</Keywords><TimeCreated SystemTime='2023-05-17T11:25:25.2175981Z'/><EventRecordID>15841</EventRecordID><Correlation/><Execution ProcessID='2900' ThreadID='3892'/><Channel>Microsoft-Windows-Sysmon/Operational</Channel><Computer>DESKTOP-0QN63TJ</Computer><Security UserID='S-1-5-18'/></System><EventData><Data Name='RuleName'>-</Data><Data Name='UtcTime'>2023-05-17 11:15:41.177</Data><Data Name='ProcessGuid'>{4158b3ab-b4b1-6464-1c02-000000000c00}</Data><Data Name='ProcessId'>1232</Data><Data Name='Image'>C:\Program Files (x86)\Internet Explorer\iexplore.exe</Data><Data Name='User'>DESKTOP-0QN63TJ\me</Data><Data Name='Protocol'>tcp</Data><Data Name='Initiated'>true</Data><Data Name='SourceIsIpv6'>false</Data><Data Name='SourceIp'>192.168.2.202</Data><Data Name='SourceHostname'>DESKTOP-0QN63TJ</Data><Data Name='SourcePort'>64707</Data><Data Name='SourcePortName'>-</Data><Data Name='DestinationIsIpv6'>false</Data><Data Name='DestinationIp'>185.255.84.152</Data><Data Name='DestinationHostname'>-</Data><Data Name='DestinationPort'>443</Data><Data Name='DestinationPortName'>https</Data></EventData></Event></Events>
<Events><Event xmlns='http://schemas.microsoft.com/win/2004/08/events/event'><System><Provider Name='Microsoft-Windows-Sysmon' Guid='{5770385f-c22a-43e0-bf4c-06f5698ffbd9}'/><EventID>3</EventID><Version>5</Version><Level>4</Level><Task>3</Task><Opcode>0</Opcode><Keywords>0x8000000000000000</Keywords><TimeCreated SystemTime='2023-05-17T11:25:25.2175904Z'/><EventRecordID>15840</EventRecordID><Correlation/><Execution ProcessID='2900' ThreadID='3892'/><Channel>Microsoft-Windows-Sysmon/Operational</Channel><Computer>DESKTOP-0QN63TJ</Computer><Security UserID='S-1-5-18'/></System><EventData><Data Name='RuleName'>-</Data><Data Name='UtcTime'>2023-05-17 11:15:41.174</Data><Data Name='ProcessGuid'>{4158b3ab-b4b1-6464-1c02-000000000c00}</Data><Data Name='ProcessId'>1232</Data><Data Name='Image'>C:\Program Files (x86)\Internet Explorer\iexplore.exe</Data><Data Name='User'>DESKTOP-0QN63TJ\me</Data><Data Name='Protocol'>tcp</Data><Data Name='Initiated'>true</Data><Data Name='SourceIsIpv6'>false</Data><Data Name='SourceIp'>192.168.2.202</Data><Data Name='SourceHostname'>DESKTOP-0QN63TJ</Data><Data Name='SourcePort'>64706</Data><Data Name='SourcePortName'>-</Data><Data Name='DestinationIsIpv6'>false</Data><Data Name='DestinationIp'>185.255.84.152</Data><Data Name='DestinationHostname'>-</Data><Data Name='DestinationPort'>443</Data><Data Name='DestinationPortName'>https</Data></EventData></Event></Events>
<Events><Event xmlns='http://schemas.microsoft.com/win/2004/08/events/event'><System><Provider Name='Microsoft-Windows-Sysmon' Guid='{5770385f-c22a-43e0-bf4c-06f5698ffbd9}'/><EventID>3</EventID><Version>5</Version><Level>4</Level><Task>3</Task><Opcode>0</Opcode><Keywords>0x8000000000000000</Keywords><TimeCreated SystemTime='2023-05-17T11:25:25.2175819Z'/><EventRecordID>15839</EventRecordID><Correlation/><Execution ProcessID='2900' ThreadID='3892'/><Channel>Microsoft-Windows-Sysmon/Operational</Channel><Computer>DESKTOP-0QN63TJ</Computer><Security UserID='S-1-5-18'/></System><EventData><Data Name='RuleName'>-</Data><Data Name='UtcTime'>2023-05-17 11:15:41.169</Data><Data Name='ProcessGuid'>{4158b3ab-b4b1-6464-1c02-000000000c00}</Data><Data Name='ProcessId'>1232</Data><Data Name='Image'>C:\Program Files (x86)\Internet Explorer\iexplore.exe</Data><Data Name='User'>DESKTOP-0QN63TJ\me</Data><Data Name='Protocol'>tcp</Data><Data Name='Initiated'>true</Data><Data Name='SourceIsIpv6'>false</Data><Data Name='SourceIp'>192.168.2.202</Data><Data Name='SourceHostname'>DESKTOP-0QN63TJ</Data><Data Name='SourcePort'>64705</Data><Data Name='SourcePortName'>-</Data><Data Name='DestinationIsIpv6'>false</Data><Data Name='DestinationIp'>185.89.210.212</Data><Data Name='DestinationHostname'>942.bm-nginx-loadbalancer.mgmt.ams3.adnexus.net</Data><Data Name='DestinationPort'>443</Data><Data Name='DestinationPortName'>https</Data></EventData></Event></Events>
<Events><Event xmlns='http://schemas.microsoft.com/win/2004/08/events/event'><System><Provider Name='Microsoft-Windows-Sysmon' Guid='{5770385f-c22a-43e0-bf4c-06f5698ffbd9}'/><EventID>3</EventID><Version>5</Version><Level>4</Level><Task>3</Task><Opcode>0</Opcode><Keywords>0x8000000000000000</Keywords><TimeCreated SystemTime='2023-05-17T11:25:25.2175627Z'/><EventRecordID>15838</EventRecordID><Correlation/><Execution ProcessID='2900' ThreadID='3892'/><Channel>Microsoft-Windows-Sysmon/Operational</Channel><Computer>DESKTOP-0QN63TJ</Computer><Security UserID='S-1-5-18'/></System><EventData><Data Name='RuleName'>-</Data><Data Name='UtcTime'>2023-05-17 11:15:41.168</Data><Data Name='ProcessGuid'>{4158b3ab-b4b1-6464-1c02-000000000c00}</Data><Data Name='ProcessId'>1232</Data><Data Name='Image'>C:\Program Files (x86)\Internet Explorer\iexplore.exe</Data><Data Name='User'>DESKTOP-0QN63TJ\me</Data><Data Name='Protocol'>tcp</Data><Data Name='Initiated'>true</Data><Data Name='SourceIsIpv6'>false</Data><Data Name='SourceIp'>192.168.2.202</Data><Data Name='SourceHostname'>DESKTOP-0QN63TJ</Data><Data Name='SourcePort'>64704</Data><Data Name='SourcePortName'>-</Data><Data Name='DestinationIsIpv6'>false</Data><Data Name='DestinationIp'>185.89.210.212</Data><Data Name='DestinationHostname'>942.bm-nginx-loadbalancer.mgmt.ams3.adnexus.net</Data><Data Name='DestinationPort'>443</Data><Data Name='DestinationPortName'>https</Data></EventData></Event></Events>
<Events><Event xmlns='http://schemas.microsoft.com/win/2004/08/events/event'><System><Provider Name='Microsoft-Windows-Sysmon' Guid='{5770385f-c22a-43e0-bf4c-06f5698ffbd9}'/><EventID>3</EventID><Version>5</Version><Level>4</Level><Task>3</Task><Opcode>0</Opcode><Keywords>0x8000000000000000</Keywords><TimeCreated SystemTime='2023-05-17T11:25:58.3423279Z'/><EventRecordID>15848</EventRecordID><Correlation/><Execution ProcessID='2900' ThreadID='3892'/><Channel>Microsoft-Windows-Sysmon/Operational</Channel><Computer>DESKTOP-0QN63TJ</Computer><Security UserID='S-1-5-18'/></System><EventData><Data Name='RuleName'>-</Data><Data Name='UtcTime'>2023-05-17 11:16:14.340</Data><Data Name='ProcessGuid'>{4158b3ab-905f-6463-8e00-000000000c00}</Data><Data Name='ProcessId'>4764</Data><Data Name='Image'>C:\Windows\System32\svchost.exe</Data><Data Name='User'>NT AUTHORITY\LOCAL SERVICE</Data><Data Name='Protocol'>udp</Data><Data Name='Initiated'>false</Data><Data Name='SourceIsIpv6'>false</Data><Data Name='SourceIp'>239.255.255.250</Data><Data Name='SourceHostname'>-</Data><Data Name='SourcePort'>1900</Data><Data Name='SourcePortName'>ssdp</Data><Data Name='DestinationIsIpv6'>false</Data><Data Name='DestinationIp'>192.168.2.1</Data><Data Name='DestinationHostname'>RT-AC58U-42A4</Data><Data Name='DestinationPort'>49667</Data><Data Name='DestinationPortName'>-</Data></EventData></Event></Events>
<Events><Event xmlns='http://schemas.microsoft.com/win/2004/08/events/event'><System><Provider Name='Microsoft-Windows-Sysmon' Guid='{5770385f-c22a-43e0-bf4c-06f5698ffbd9}'/><EventID>3</EventID><Version>5</Version><Level>4</Level><Task>3</Task><Opcode>0</Opcode><Keywords>0x8000000000000000</Keywords><TimeCreated SystemTime='2023-05-17T11:26:34.6709172Z'/><EventRecordID>15849</EventRecordID><Correlation/><Execution ProcessID='2900' ThreadID='3892'/><Channel>Microsoft-Windows-Sysmon/Operational</Channel><Computer>DESKTOP-0QN63TJ</Computer><Security UserID='S-1-5-18'/></System><EventData><Data Name='RuleName'>-</Data><Data Name='UtcTime'>2023-05-17 11:16:50.489</Data><Data Name='ProcessGuid'>{4158b3ab-9046-6463-3400-000000000c00}</Data><Data Name='ProcessId'>2152</Data><Data Name='Image'>C:\Windows\System32\svchost.exe</Data><Data Name='User'>NT AUTHORITY\NETWORK SERVICE</Data><Data Name='Protocol'>udp</Data><Data Name='Initiated'>false</Data><Data Name='SourceIsIpv6'>false</Data><Data Name='SourceIp'>224.0.0.251</Data><Data Name='SourceHostname'>-</Data><Data Name='SourcePort'>5353</Data><Data Name='SourcePortName'>-</Data><Data Name='DestinationIsIpv6'>false</Data><Data Name='DestinationIp'>192.168.2.231</Data><Data Name='DestinationHostname'>-</Data><Data Name='DestinationPort'>5353</Data><Data Name='DestinationPortName'>-</Data></EventData></Event></Events>
<Events><Event xmlns='http://schemas.microsoft.com/win/2004/08/events/event'><System><Provider Name='Microsoft-Windows-Sysmon' Guid='{5770385f-c22a-43e0-bf4c-06f5698ffbd9}'/><EventID>3</EventID><Version>5</Version><Level>4</Level><Task>3</Task><Opcode>0</Opcode><Keywords>0x8000000000000000</Keywords><TimeCreated SystemTime='2023-05-17T11:27:05.9833523Z'/><EventRecordID>15851</EventRecordID><Correlation/><Execution ProcessID='2900' ThreadID='3892'/><Channel>Microsoft-Windows-Sysmon/Operational</Channel><Computer>DESKTOP-0QN63TJ</Computer><Security UserID='S-1-5-18'/></System><EventData><Data Name='RuleName'>-</Data><Data Name='UtcTime'>2023-05-17 11:17:22.548</Data><Data Name='ProcessGuid'>{4158b3ab-9046-6463-3400-000000000c00}</Data><Data Name='ProcessId'>2152</Data><Data Name='Image'>C:\Windows\System32\svchost.exe</Data><Data Name='User'>NT AUTHORITY\NETWORK SERVICE</Data><Data Name='Protocol'>udp</Data><Data Name='Initiated'>false</Data><Data Name='SourceIsIpv6'>false</Data><Data Name='SourceIp'>224.0.0.252</Data><Data Name='SourceHostname'>-</Data><Data Name='SourcePort'>5355</Data><Data Name='SourcePortName'>llmnr</Data><Data Name='DestinationIsIpv6'>false</Data><Data Name='DestinationIp'>192.168.2.184</Data><Data Name='DestinationHostname'>-</Data><Data Name='DestinationPort'>58471</Data><Data Name='DestinationPortName'>-</Data></EventData></Event></Events>
<Events><Event xmlns='http://schemas.microsoft.com/win/2004/08/events/event'><System><Provider Name='Microsoft-Windows-Sysmon' Guid='{5770385f-c22a-43e0-bf4c-06f5698ffbd9}'/><EventID>3</EventID><Version>5</Version><Level>4</Level><Task>3</Task><Opcode>0</Opcode><Keywords>0x8000000000000000</Keywords><TimeCreated SystemTime='2023-05-17T11:27:05.9833185Z'/><EventRecordID>15850</EventRecordID><Correlation/><Execution ProcessID='2900' ThreadID='3892'/><Channel>Microsoft-Windows-Sysmon/Operational</Channel><Computer>DESKTOP-0QN63TJ</Computer><Security UserID='S-1-5-18'/></System><EventData><Data Name='RuleName'>-</Data><Data Name='UtcTime'>2023-05-17 11:17:22.548</Data><Data Name='ProcessGuid'>{4158b3ab-9046-6463-3400-000000000c00}</Data><Data Name='ProcessId'>2152</Data><Data Name='Image'>C:\Windows\System32\svchost.exe</Data><Data Name='User'>NT AUTHORITY\NETWORK SERVICE</Data><Data Name='Protocol'>udp</Data><Data Name='Initiated'>false</Data><Data Name='SourceIsIpv6'>true</Data><Data Name='SourceIp'>ff02:0:0:0:0:0:1:3</Data><Data Name='SourceHostname'>-</Data><Data Name='SourcePort'>5355</Data><Data Name='SourcePortName'>llmnr</Data><Data Name='DestinationIsIpv6'>true</Data><Data Name='DestinationIp'>fe80:0:0:0:4368:2b4b:8520:c61c</Data><Data Name='DestinationHostname'>-</Data><Data Name='DestinationPort'>58471</Data><Data Name='DestinationPortName'>-</Data></EventData></Event></Events>
<Events><Event xmlns='http://schemas.microsoft.com/win/2004/08/events/event'><System><Provider Name='Microsoft-Windows-Sysmon' Guid='{5770385f-c22a-43e0-bf4c-06f5698ffbd9}'/><EventID>3</EventID><Version>5</Version><Level>4</Level><Task>3</Task><Opcode>0</Opcode><Keywords>0x8000000000000000</Keywords><TimeCreated SystemTime='2023-05-17T11:27:07.0302564Z'/><EventRecordID>15853</EventRecordID><Correlation/><Execution ProcessID='2900' ThreadID='3892'/><Channel>Microsoft-Windows-Sysmon/Operational</Channel><Computer>DESKTOP-0QN63TJ</Computer><Security UserID='S-1-5-18'/></System><EventData><Data Name='RuleName'>-</Data><Data Name='UtcTime'>2023-05-17 11:17:23.574</Data><Data Name='ProcessGuid'>{4158b3ab-9046-6463-3400-000000000c00}</Data><Data Name='ProcessId'>2152</Data><Data Name='Image'>C:\Windows\System32\svchost.exe</Data><Data Name='User'>NT AUTHORITY\NETWORK SERVICE</Data><Data Name='Protocol'>udp</Data><Data Name='Initiated'>false</Data><Data Name='SourceIsIpv6'>false</Data><Data Name='SourceIp'>224.0.0.252</Data><Data Name='SourceHostname'>-</Data><Data Name='SourcePort'>5355</Data><Data Name='SourcePortName'>llmnr</Data><Data Name='DestinationIsIpv6'>false</Data><Data Name='DestinationIp'>192.168.2.184</Data><Data Name='DestinationHostname'>-</Data><Data Name='DestinationPort'>58563</Data><Data Name='DestinationPortName'>-</Data></EventData></Event></Events>
<Events><Event xmlns='http://schemas.microsoft.com/win/2004/08/events/event'><System><Provider Name='Microsoft-Windows-Sysmon' Guid='{5770385f-c22a-43e0-bf4c-06f5698ffbd9}'/><EventID>3</EventID><Version>5</Version><Level>4</Level><Task>3</Task><Opcode>0</Opcode><Keywords>0x8000000000000000</Keywords><TimeCreated SystemTime='2023-05-17T11:27:07.0302253Z'/><EventRecordID>15852</EventRecordID><Correlation/><Execution ProcessID='2900' ThreadID='3892'/><Channel>Microsoft-Windows-Sysmon/Operational</Channel><Computer>DESKTOP-0QN63TJ</Computer><Security UserID='S-1-5-18'/></System><EventData><Data Name='RuleName'>-</Data><Data Name='UtcTime'>2023-05-17 11:17:23.573</Data><Data Name='ProcessGuid'>{4158b3ab-9046-6463-3400-000000000c00}</Data><Data Name='ProcessId'>2152</Data><Data Name='Image'>C:\Windows\System32\svchost.exe</Data><Data Name='User'>NT AUTHORITY\NETWORK SERVICE</Data><Data Name='Protocol'>udp</Data><Data Name='Initiated'>false</Data><Data Name='SourceIsIpv6'>true</Data><Data Name='SourceIp'>ff02:0:0:0:0:0:1:3</Data><Data Name='SourceHostname'>-</Data><Data Name='SourcePort'>5355</Data><Data Name='SourcePortName'>llmnr</Data><Data Name='DestinationIsIpv6'>true</Data><Data Name='DestinationIp'>fe80:0:0:0:4368:2b4b:8520:c61c</Data><Data Name='DestinationHostname'>-</Data><Data Name='DestinationPort'>58563</Data><Data Name='DestinationPortName'>-</Data></EventData></Event></Events>
<Events><Event xmlns='http://schemas.microsoft.com/win/2004/08/events/event'><System><Provider Name='Microsoft-Windows-Sysmon' Guid='{5770385f-c22a-43e0-bf4c-06f5698ffbd9}'/><EventID>3</EventID><Version>5</Version><Level>4</Level><Task>3</Task><Opcode>0</Opcode><Keywords>0x8000000000000000</Keywords><TimeCreated SystemTime='2023-05-17T11:27:19.2176241Z'/><EventRecordID>15854</EventRecordID><Correlation/><Execution ProcessID='2900' ThreadID='3892'/><Channel>Microsoft-Windows-Sysmon/Operational</Channel><Computer>DESKTOP-0QN63TJ</Computer><Security UserID='S-1-5-18'/></System><EventData><Data Name='RuleName'>-</Data><Data Name='UtcTime'>2023-05-17 11:17:34.830</Data><Data Name='ProcessGuid'>{4158b3ab-9046-6463-3400-000000000c00}</Data><Data Name='ProcessId'>2152</Data><Data Name='Image'>C:\Windows\System32\svchost.exe</Data><Data Name='User'>NT AUTHORITY\NETWORK SERVICE</Data><Data Name='Protocol'>udp</Data><Data Name='Initiated'>false</Data><Data Name='SourceIsIpv6'>false</Data><Data Name='SourceIp'>224.0.0.251</Data><Data Name='SourceHostname'>-</Data><Data Name='SourcePort'>5353</Data><Data Name='SourcePortName'>-</Data><Data Name='DestinationIsIpv6'>false</Data><Data Name='DestinationIp'>192.168.2.151</Data><Data Name='DestinationHostname'>-</Data><Data Name='DestinationPort'>5353</Data><Data Name='DestinationPortName'>-</Data></EventData></Event></Events>
<Events><Event xmlns='http://schemas.microsoft.com/win/2004/08/events/event'><System><Provider Name='Microsoft-Windows-Sysmon' Guid='{5770385f-c22a-43e0-bf4c-06f5698ffbd9}'/><EventID>3</EventID><Version>5</Version><Level>4</Level><Task>3</Task><Opcode>0</Opcode><Keywords>0x8000000000000000</Keywords><TimeCreated SystemTime='2023-05-17T11:27:22.0769481Z'/><EventRecordID>15855</EventRecordID><Correlation/><Execution ProcessID='2900' ThreadID='3892'/><Channel>Microsoft-Windows-Sysmon/Operational</Channel><Computer>DESKTOP-0QN63TJ</Computer><Security UserID='S-1-5-18'/></System><EventData><Data Name='RuleName'>-</Data><Data Name='UtcTime'>2023-05-17 11:17:38.311</Data><Data Name='ProcessGuid'>{4158b3ab-905f-6463-8e00-000000000c00}</Data><Data Name='ProcessId'>4764</Data><Data Name='Image'>C:\Windows\System32\svchost.exe</Data><Data Name='User'>NT AUTHORITY\LOCAL SERVICE</Data><Data Name='Protocol'>udp</Data><Data Name='Initiated'>false</Data><Data Name='SourceIsIpv6'>false</Data><Data Name='SourceIp'>239.255.255.250</Data><Data Name='SourceHostname'>-</Data><Data Name='SourcePort'>1900</Data><Data Name='SourcePortName'>ssdp</Data><Data Name='DestinationIsIpv6'>false</Data><Data Name='DestinationIp'>192.168.2.151</Data><Data Name='DestinationHostname'>-</Data><Data Name='DestinationPort'>49322</Data><Data Name='DestinationPortName'>-</Data></EventData></Event></Events>
<Events><Event xmlns='http://schemas.microsoft.com/win/2004/08/events/event'><System><Provider Name='Microsoft-Windows-Sysmon' Guid='{5770385f-c22a-43e0-bf4c-06f5698ffbd9}'/><EventID>3</EventID><Version>5</Version><Level>4</Level><Task>3</Task><Opcode>0</Opcode><Keywords>0x8000000000000000</Keywords><TimeCreated SystemTime='2023-05-17T11:27:57.5301340Z'/><EventRecordID>15858</EventRecordID><Correlation/><Execution ProcessID='2900' ThreadID='3892'/><Channel>Microsoft-Windows-Sysmon/Operational</Channel><Computer>DESKTOP-0QN63TJ</Computer><Security UserID='S-1-5-18'/></System><EventData><Data Name='RuleName'>-</Data><Data Name='UtcTime'>2023-05-17 11:18:13.845</Data><Data Name='ProcessGuid'>{4158b3ab-905f-6463-8e00-000000000c00}</Data><Data Name='ProcessId'>4764</Data><Data Name='Image'>C:\Windows\System32\svchost.exe</Data><Data Name='User'>NT AUTHORITY\LOCAL SERVICE</Data><Data Name='Protocol'>udp</Data><Data Name='Initiated'>false</Data><Data Name='SourceIsIpv6'>false</Data><Data Name='SourceIp'>239.255.255.250</Data><Data Name='SourceHostname'>-</Data><Data Name='SourcePort'>1900</Data><Data Name='SourcePortName'>ssdp</Data><Data Name='DestinationIsIpv6'>false</Data><Data Name='DestinationIp'>192.168.2.140</Data><Data Name='DestinationHostname'>OnePlus-6</Data><Data Name='DestinationPort'>40872</Data><Data Name='DestinationPortName'>-</Data></EventData></Event></Events>
<Events><Event xmlns='http://schemas.microsoft.com/win/2004/08/events/event'><System><Provider Name='Microsoft-Windows-Sysmon' Guid='{5770385f-c22a-43e0-bf4c-06f5698ffbd9}'/><EventID>3</EventID><Version>5</Version><Level>4</Level><Task>3</Task><Opcode>0</Opcode><Keywords>0x8000000000000000</Keywords><TimeCreated SystemTime='2023-05-17T11:28:36.7642957Z'/><EventRecordID>15859</EventRecordID><Correlation/><Execution ProcessID='2900' ThreadID='3892'/><Channel>Microsoft-Windows-Sysmon/Operational</Channel><Computer>DESKTOP-0QN63TJ</Computer><Security UserID='S-1-5-18'/></System><EventData><Data Name='RuleName'>-</Data><Data Name='UtcTime'>2023-05-17 11:18:52.861</Data><Data Name='ProcessGuid'>{4158b3ab-905f-6463-8e00-000000000c00}</Data><Data Name='ProcessId'>4764</Data><Data Name='Image'>C:\Windows\System32\svchost.exe</Data><Data Name='User'>NT AUTHORITY\LOCAL SERVICE</Data><Data Name='Protocol'>udp</Data><Data Name='Initiated'>false</Data><Data Name='SourceIsIpv6'>false</Data><Data Name='SourceIp'>239.255.255.250</Data><Data Name='SourceHostname'>-</Data><Data Name='SourcePort'>1900</Data><Data Name='SourcePortName'>ssdp</Data><Data Name='DestinationIsIpv6'>false</Data><Data Name='DestinationIp'>192.168.2.140</Data><Data Name='DestinationHostname'>OnePlus-6</Data><Data Name='DestinationPort'>49323</Data><Data Name='DestinationPortName'>-</Data></EventData></Event></Events>
<Events><Event xmlns='http://schemas.microsoft.com/win/2004/08/events/event'><System><Provider Name='Microsoft-Windows-Sysmon' Guid='{5770385f-c22a-43e0-bf4c-06f5698ffbd9}'/><EventID>3</EventID><Version>5</Version><Level>4</Level><Task>3</Task><Opcode>0</Opcode><Keywords>0x8000000000000000</Keywords><TimeCreated SystemTime='2023-05-17T11:28:51.9989192Z'/><EventRecordID>15860</EventRecordID><Correlation/><Execution ProcessID='2900' ThreadID='3892'/><Channel>Microsoft-Windows-Sysmon/Operational</Channel><Computer>DESKTOP-0QN63TJ</Computer><Security UserID='S-1-5-18'/></System><EventData><Data Name='RuleName'>-</Data><Data Name='UtcTime'>2023-05-17 11:19:08.222</Data><Data Name='ProcessGuid'>{4158b3ab-9046-6463-3400-000000000c00}</Data><Data Name='ProcessId'>2152</Data><Data Name='Image'>C:\Windows\System32\svchost.exe</Data><Data Name='User'>NT AUTHORITY\NETWORK SERVICE</Data><Data Name='Protocol'>udp</Data><Data Name='Initiated'>false</Data><Data Name='SourceIsIpv6'>true</Data><Data Name='SourceIp'>ff02:0:0:0:0:0:0:fb</Data><Data Name='SourceHostname'>-</Data><Data Name='SourcePort'>5353</Data><Data Name='SourcePortName'>-</Data><Data Name='DestinationIsIpv6'>true</Data><Data Name='DestinationIp'>fe80:0:0:0:1c74:2f70:171f:12c</Data><Data Name='DestinationHostname'>-</Data><Data Name='DestinationPort'>5353</Data><Data Name='DestinationPortName'>-</Data></EventData></Event></Events>
<Events><Event xmlns='http://schemas.microsoft.com/win/2004/08/events/event'><System><Provider Name='Microsoft-Windows-Sysmon' Guid='{5770385f-c22a-43e0-bf4c-06f5698ffbd9}'/><EventID>3</EventID><Version>5</Version><Level>4</Level><Task>3</Task><Opcode>0</Opcode><Keywords>0x8000000000000000</Keywords><TimeCreated SystemTime='2023-05-17T11:30:40.8113181Z'/><EventRecordID>15862</EventRecordID><Correlation/><Execution ProcessID='2900' ThreadID='3892'/><Channel>Microsoft-Windows-Sysmon/Operational</Channel><Computer>DESKTOP-0QN63TJ</Computer><Security UserID='S-1-5-18'/></System><EventData><Data Name='RuleName'>-</Data><Data Name='UtcTime'>2023-05-17 11:20:57.276</Data><Data Name='ProcessGuid'>{4158b3ab-9040-6463-eb03-000000000000}</Data><Data Name='ProcessId'>4</Data><Data Name='Image'>System</Data><Data Name='User'>NT AUTHORITY\SYSTEM</Data><Data Name='Protocol'>udp</Data><Data Name='Initiated'>false</Data><Data Name='SourceIsIpv6'>false</Data><Data Name='SourceIp'>192.168.2.255</Data><Data Name='SourceHostname'>-</Data><Data Name='SourcePort'>138</Data><Data Name='SourcePortName'>netbios-dgm</Data><Data Name='DestinationIsIpv6'>false</Data><Data Name='DestinationIp'>192.168.2.202</Data><Data Name='DestinationHostname'>DESKTOP-0QN63TJ</Data><Data Name='DestinationPort'>138</Data><Data Name='DestinationPortName'>netbios-dgm</Data></EventData></Event></Events>
<Events><Event xmlns='http://schemas.microsoft.com/win/2004/08/events/event'><System><Provider Name='Microsoft-Windows-Sysmon' Guid='{5770385f-c22a-43e0-bf4c-06f5698ffbd9}'/><EventID>3</EventID><Version>5</Version><Level>4</Level><Task>3</Task><Opcode>0</Opcode><Keywords>0x8000000000000000</Keywords><TimeCreated SystemTime='2023-05-17T11:30:40.8112860Z'/><EventRecordID>15861</EventRecordID><Correlation/><Execution ProcessID='2900' ThreadID='3892'/><Channel>Microsoft-Windows-Sysmon/Operational</Channel><Computer>DESKTOP-0QN63TJ</Computer><Security UserID='S-1-5-18'/></System><EventData><Data Name='RuleName'>-</Data><Data Name='UtcTime'>2023-05-17 11:20:57.276</Data><Data Name='ProcessGuid'>{4158b3ab-9040-6463-eb03-000000000000}</Data><Data Name='ProcessId'>4</Data><Data Name='Image'>System</Data><Data Name='User'>NT AUTHORITY\SYSTEM</Data><Data Name='Protocol'>udp</Data><Data Name='Initiated'>true</Data><Data Name='SourceIsIpv6'>false</Data><Data Name='SourceIp'>192.168.2.202</Data><Data Name='SourceHostname'>DESKTOP-0QN63TJ</Data><Data Name='SourcePort'>138</Data><Data Name='SourcePortName'>netbios-dgm</Data><Data Name='DestinationIsIpv6'>false</Data><Data Name='DestinationIp'>192.168.2.255</Data><Data Name='DestinationHostname'>-</Data><Data Name='DestinationPort'>138</Data><Data Name='DestinationPortName'>netbios-dgm</Data></EventData></Event></Events>
<Events><Event xmlns='http://schemas.microsoft.com/win/2004/08/events/event'><System><Provider Name='Microsoft-Windows-Sysmon' Guid='{5770385f-c22a-43e0-bf4c-06f5698ffbd9}'/><EventID>3</EventID><Version>5</Version><Level>4</Level><Task>3</Task><Opcode>0</Opcode><Keywords>0x8000000000000000</Keywords><TimeCreated SystemTime='2023-05-17T11:30:45.9678099Z'/><EventRecordID>15863</EventRecordID><Correlation/><Execution ProcessID='2900' ThreadID='3892'/><Channel>Microsoft-Windows-Sysmon/Operational</Channel><Computer>DESKTOP-0QN63TJ</Computer><Security UserID='S-1-5-18'/></System><EventData><Data Name='RuleName'>-</Data><Data Name='UtcTime'>2023-05-17 11:21:01.583</Data><Data Name='ProcessGuid'>{4158b3ab-905f-6463-8e00-000000000c00}</Data><Data Name='ProcessId'>4764</Data><Data Name='Image'>C:\Windows\System32\svchost.exe</Data><Data Name='User'>NT AUTHORITY\LOCAL SERVICE</Data><Data Name='Protocol'>udp</Data><Data Name='Initiated'>false</Data><Data Name='SourceIsIpv6'>false</Data><Data Name='SourceIp'>239.255.255.250</Data><Data Name='SourceHostname'>-</Data><Data Name='SourcePort'>1900</Data><Data Name='SourcePortName'>ssdp</Data><Data Name='DestinationIsIpv6'>false</Data><Data Name='DestinationIp'>192.168.2.151</Data><Data Name='DestinationHostname'>-</Data><Data Name='DestinationPort'>57342</Data><Data Name='DestinationPortName'>-</Data></EventData></Event></Events>
<Events><Event xmlns='http://schemas.microsoft.com/win/2004/08/events/event'><System><Provider Name='Microsoft-Windows-Sysmon' Guid='{5770385f-c22a-43e0-bf4c-06f5698ffbd9}'/><EventID>3</EventID><Version>5</Version><Level>4</Level><Task>3</Task><Opcode>0</Opcode><Keywords>0x8000000000000000</Keywords><TimeCreated SystemTime='2023-05-17T11:31:00.1239607Z'/><EventRecordID>15864</EventRecordID><Correlation/><Execution ProcessID='2900' ThreadID='3892'/><Channel>Microsoft-Windows-Sysmon/Operational</Channel><Computer>DESKTOP-0QN63TJ</Computer><Security UserID='S-1-5-18'/></System><EventData><Data Name='RuleName'>-</Data><Data Name='UtcTime'>2023-05-17 11:21:16.534</Data><Data Name='ProcessGuid'>{4158b3ab-905f-6463-8e00-000000000c00}</Data><Data Name='ProcessId'>4764</Data><Data Name='Image'>C:\Windows\System32\svchost.exe</Data><Data Name='User'>NT AUTHORITY\LOCAL SERVICE</Data><Data Name='Protocol'>udp</Data><Data Name='Initiated'>false</Data><Data Name='SourceIsIpv6'>false</Data><Data Name='SourceIp'>239.255.255.250</Data><Data Name='SourceHostname'>-</Data><Data Name='SourcePort'>1900</Data><Data Name='SourcePortName'>ssdp</Data><Data Name='DestinationIsIpv6'>false</Data><Data Name='DestinationIp'>192.168.2.151</Data><Data Name='DestinationHostname'>-</Data><Data Name='DestinationPort'>59075</Data><Data Name='DestinationPortName'>-</Data></EventData></Event></Events>
<Events><Event xmlns='http://schemas.microsoft.com/win/2004/08/events/event'><System><Provider Name='Microsoft-Windows-Sysmon' Guid='{5770385f-c22a-43e0-bf4c-06f5698ffbd9}'/><EventID>3</EventID><Version>5</Version><Level>4</Level><Task>3</Task><Opcode>0</Opcode><Keywords>0x8000000000000000</Keywords><TimeCreated SystemTime='2023-05-17T11:32:17.8422965Z'/><EventRecordID>15865</EventRecordID><Correlation/><Execution ProcessID='2900' ThreadID='3892'/><Channel>Microsoft-Windows-Sysmon/Operational</Channel><Computer>DESKTOP-0QN63TJ</Computer><Security UserID='S-1-5-18'/></System><EventData><Data Name='RuleName'>-</Data><Data Name='UtcTime'>2023-05-17 11:22:33.942</Data><Data Name='ProcessGuid'>{4158b3ab-9046-6463-3400-000000000c00}</Data><Data Name='ProcessId'>2152</Data><Data Name='Image'>C:\Windows\System32\svchost.exe</Data><Data Name='User'>NT AUTHORITY\NETWORK SERVICE</Data><Data Name='Protocol'>udp</Data><Data Name='Initiated'>false</Data><Data Name='SourceIsIpv6'>true</Data><Data Name='SourceIp'>ff02:0:0:0:0:0:0:fb</Data><Data Name='SourceHostname'>-</Data><Data Name='SourcePort'>5353</Data><Data Name='SourcePortName'>-</Data><Data Name='DestinationIsIpv6'>true</Data><Data Name='DestinationIp'>fe80:0:0:0:7be2:5df7:577d:f138</Data><Data Name='DestinationHostname'>-</Data><Data Name='DestinationPort'>5353</Data><Data Name='DestinationPortName'>-</Data></EventData></Event></Events>
<Events><Event xmlns='http://schemas.microsoft.com/win/2004/08/events/event'><System><Provider Name='Microsoft-Windows-Sysmon' Guid='{5770385f-c22a-43e0-bf4c-06f5698ffbd9}'/><EventID>3</EventID><Version>5</Version><Level>4</Level><Task>3</Task><Opcode>0</Opcode><Keywords>0x8000000000000000</Keywords><TimeCreated SystemTime='2023-05-17T11:33:41.7798746Z'/><EventRecordID>15866</EventRecordID><Correlation/><Execution ProcessID='2900' ThreadID='3892'/><Channel>Microsoft-Windows-Sysmon/Operational</Channel><Computer>DESKTOP-0QN63TJ</Computer><Security UserID='S-1-5-18'/></System><EventData><Data Name='RuleName'>-</Data><Data Name='UtcTime'>2023-05-17 11:23:57.923</Data><Data Name='ProcessGuid'>{4158b3ab-905f-6463-8e00-000000000c00}</Data><Data Name='ProcessId'>4764</Data><Data Name='Image'>C:\Windows\System32\svchost.exe</Data><Data Name='User'>NT AUTHORITY\LOCAL SERVICE</Data><Data Name='Protocol'>udp</Data><Data Name='Initiated'>false</Data><Data Name='SourceIsIpv6'>false</Data><Data Name='SourceIp'>239.255.255.250</Data><Data Name='SourceHostname'>-</Data><Data Name='SourcePort'>1900</Data><Data Name='SourcePortName'>ssdp</Data><Data Name='DestinationIsIpv6'>false</Data><Data Name='DestinationIp'>192.168.2.140</Data><Data Name='DestinationHostname'>OnePlus-6</Data><Data Name='DestinationPort'>49306</Data><Data Name='DestinationPortName'>-</Data></EventData></Event></Events>
<Events><Event xmlns='http://schemas.microsoft.com/win/2004/08/events/event'><System><Provider Name='Microsoft-Windows-Sysmon' Guid='{5770385f-c22a-43e0-bf4c-06f5698ffbd9}'/><EventID>3</EventID><Version>5</Version><Level>4</Level><Task>3</Task><Opcode>0</Opcode><Keywords>0x8000000000000000</Keywords><TimeCreated SystemTime='2023-05-17T11:34:15.9674724Z'/><EventRecordID>15867</EventRecordID><Correlation/><Execution ProcessID='2900' ThreadID='3892'/><Channel>Microsoft-Windows-Sysmon/Operational</Channel><Computer>DESKTOP-0QN63TJ</Computer><Security UserID='S-1-5-18'/></System><EventData><Data Name='RuleName'>-</Data><Data Name='UtcTime'>2023-05-17 11:24:31.921</Data><Data Name='ProcessGuid'>{4158b3ab-905f-6463-8e00-000000000c00}</Data><Data Name='ProcessId'>4764</Data><Data Name='Image'>C:\Windows\System32\svchost.exe</Data><Data Name='User'>NT AUTHORITY\LOCAL SERVICE</Data><Data Name='Protocol'>udp</Data><Data Name='Initiated'>false</Data><Data Name='SourceIsIpv6'>false</Data><Data Name='SourceIp'>239.255.255.250</Data><Data Name='SourceHostname'>-</Data><Data Name='SourcePort'>1900</Data><Data Name='SourcePortName'>ssdp</Data><Data Name='DestinationIsIpv6'>false</Data><Data Name='DestinationIp'>192.168.2.140</Data><Data Name='DestinationHostname'>OnePlus-6</Data><Data Name='DestinationPort'>38975</Data><Data Name='DestinationPortName'>-</Data></EventData></Event></Events>
<Events><Event xmlns='http://schemas.microsoft.com/win/2004/08/events/event'><System><Provider Name='Microsoft-Windows-Sysmon' Guid='{5770385f-c22a-43e0-bf4c-06f5698ffbd9}'/><EventID>3</EventID><Version>5</Version><Level>4</Level><Task>3</Task><Opcode>0</Opcode><Keywords>0x8000000000000000</Keywords><TimeCreated SystemTime='2023-05-17T11:34:40.1391777Z'/><EventRecordID>15869</EventRecordID><Correlation/><Execution ProcessID='2900' ThreadID='3892'/><Channel>Microsoft-Windows-Sysmon/Operational</Channel><Computer>DESKTOP-0QN63TJ</Computer><Security UserID='S-1-5-18'/></System><EventData><Data Name='RuleName'>-</Data><Data Name='UtcTime'>2023-05-17 11:24:56.075</Data><Data Name='ProcessGuid'>{4158b3ab-9046-6463-3400-000000000c00}</Data><Data Name='ProcessId'>2152</Data><Data Name='Image'>C:\Windows\System32\svchost.exe</Data><Data Name='User'>NT AUTHORITY\NETWORK SERVICE</Data><Data Name='Protocol'>udp</Data><Data Name='Initiated'>false</Data><Data Name='SourceIsIpv6'>true</Data><Data Name='SourceIp'>ff02:0:0:0:0:0:0:fb</Data><Data Name='SourceHostname'>-</Data><Data Name='SourcePort'>5353</Data><Data Name='SourcePortName'>-</Data><Data Name='DestinationIsIpv6'>true</Data><Data Name='DestinationIp'>fe80:0:0:0:4368:2b4b:8520:c61c</Data><Data Name='DestinationHostname'>-</Data><Data Name='DestinationPort'>5353</Data><Data Name='DestinationPortName'>-</Data></EventData></Event></Events>
<Events><Event xmlns='http://schemas.microsoft.com/win/2004/08/events/event'><System><Provider Name='Microsoft-Windows-Sysmon' Guid='{5770385f-c22a-43e0-bf4c-06f5698ffbd9}'/><EventID>3</EventID><Version>5</Version><Level>4</Level><Task>3</Task><Opcode>0</Opcode><Keywords>0x8000000000000000</Keywords><TimeCreated SystemTime='2023-05-17T11:34:40.1391575Z'/><EventRecordID>15868</EventRecordID><Correlation/><Execution ProcessID='2900' ThreadID='3892'/><Channel>Microsoft-Windows-Sysmon/Operational</Channel><Computer>DESKTOP-0QN63TJ</Computer><Security UserID='S-1-5-18'/></System><EventData><Data Name='RuleName'>-</Data><Data Name='UtcTime'>2023-05-17 11:24:56.072</Data><Data Name='ProcessGuid'>{4158b3ab-9046-6463-3400-000000000c00}</Data><Data Name='ProcessId'>2152</Data><Data Name='Image'>C:\Windows\System32\svchost.exe</Data><Data Name='User'>NT AUTHORITY\NETWORK SERVICE</Data><Data Name='Protocol'>udp</Data><Data Name='Initiated'>false</Data><Data Name='SourceIsIpv6'>false</Data><Data Name='SourceIp'>224.0.0.251</Data><Data Name='SourceHostname'>-</Data><Data Name='SourcePort'>5353</Data><Data Name='SourcePortName'>-</Data><Data Name='DestinationIsIpv6'>false</Data><Data Name='DestinationIp'>192.168.2.184</Data><Data Name='DestinationHostname'>-</Data><Data Name='DestinationPort'>5353</Data><Data Name='DestinationPortName'>-</Data></EventData></Event></Events>
<Events><Event xmlns='http://schemas.microsoft.com/win/2004/08/events/event'><System><Provider Name='Microsoft-Windows-Sysmon' Guid='{5770385f-c22a-43e0-bf4c-06f5698ffbd9}'/><EventID>3</EventID><Version>5</Version><Level>4</Level><Task>3</Task><Opcode>0</Opcode><Keywords>0x8000000000000000</Keywords><TimeCreated SystemTime='2023-05-17T11:35:24.1082521Z'/><EventRecordID>15880</EventRecordID><Correlation/><Execution ProcessID='2900' ThreadID='3892'/><Channel>Microsoft-Windows-Sysmon/Operational</Channel><Computer>DESKTOP-0QN63TJ</Computer><Security UserID='S-1-5-18'/></System><EventData><Data Name='RuleName'>-</Data><Data Name='UtcTime'>2023-05-17 11:25:40.859</Data><Data Name='ProcessGuid'>{4158b3ab-9046-6463-3400-000000000c00}</Data><Data Name='ProcessId'>2152</Data><Data Name='Image'>C:\Windows\System32\svchost.exe</Data><Data Name='User'>NT AUTHORITY\NETWORK SERVICE</Data><Data Name='Protocol'>udp</Data><Data Name='Initiated'>true</Data><Data Name='SourceIsIpv6'>false</Data><Data Name='SourceIp'>192.168.2.202</Data><Data Name='SourceHostname'>DESKTOP-0QN63TJ</Data><Data Name='SourcePort'>54320</Data><Data Name='SourcePortName'>-</Data><Data Name='DestinationIsIpv6'>false</Data><Data Name='DestinationIp'>8.8.8.8</Data><Data Name='DestinationHostname'>-</Data><Data Name='DestinationPort'>53</Data><Data Name='DestinationPortName'>domain</Data></EventData></Event></Events>
<Events><Event xmlns='http://schemas.microsoft.com/win/2004/08/events/event'><System><Provider Name='Microsoft-Windows-Sysmon' Guid='{5770385f-c22a-43e0-bf4c-06f5698ffbd9}'/><EventID>3</EventID><Version>5</Version><Level>4</Level><Task>3</Task><Opcode>0</Opcode><Keywords>0x8000000000000000</Keywords><TimeCreated SystemTime='2023-05-17T11:35:24.1082426Z'/><EventRecordID>15879</EventRecordID><Correlation/><Execution ProcessID='2900' ThreadID='3892'/><Channel>Microsoft-Windows-Sysmon/Operational</Channel><Computer>DESKTOP-0QN63TJ</Computer><Security UserID='S-1-5-18'/></System><EventData><Data Name='RuleName'>-</Data><Data Name='UtcTime'>2023-05-17 11:25:40.823</Data><Data Name='ProcessGuid'>{4158b3ab-9046-6463-3400-000000000c00}</Data><Data Name='ProcessId'>2152</Data><Data Name='Image'>C:\Windows\System32\svchost.exe</Data><Data Name='User'>NT AUTHORITY\NETWORK SERVICE</Data><Data Name='Protocol'>udp</Data><Data Name='Initiated'>true</Data><Data Name='SourceIsIpv6'>false</Data><Data Name='SourceIp'>192.168.2.202</Data><Data Name='SourceHostname'>DESKTOP-0QN63TJ</Data><Data Name='SourcePort'>63887</Data><Data Name='SourcePortName'>-</Data><Data Name='DestinationIsIpv6'>false</Data><Data Name='DestinationIp'>8.8.8.8</Data><Data Name='DestinationHostname'>-</Data><Data Name='DestinationPort'>53</Data><Data Name='DestinationPortName'>domain</Data></EventData></Event></Events>
<Events><Event xmlns='http://schemas.microsoft.com/win/2004/08/events/event'><System><Provider Name='Microsoft-Windows-Sysmon' Guid='{5770385f-c22a-43e0-bf4c-06f5698ffbd9}'/><EventID>3</EventID><Version>5</Version><Level>4</Level><Task>3</Task><Opcode>0</Opcode><Keywords>0x8000000000000000</Keywords><TimeCreated SystemTime='2023-05-17T11:35:24.1082230Z'/><EventRecordID>15878</EventRecordID><Correlation/><Execution ProcessID='2900' ThreadID='3892'/><Channel>Microsoft-Windows-Sysmon/Operational</Channel><Computer>DESKTOP-0QN63TJ</Computer><Security UserID='S-1-5-18'/></System><EventData><Data Name='RuleName'>-</Data><Data Name='UtcTime'>2023-05-17 11:25:40.793</Data><Data Name='ProcessGuid'>{4158b3ab-9046-6463-3400-000000000c00}</Data><Data Name='ProcessId'>2152</Data><Data Name='Image'>C:\Windows\System32\svchost.exe</Data><Data Name='User'>NT AUTHORITY\NETWORK SERVICE</Data><Data Name='Protocol'>udp</Data><Data Name='Initiated'>true</Data><Data Name='SourceIsIpv6'>false</Data><Data Name='SourceIp'>192.168.2.202</Data><Data Name='SourceHostname'>DESKTOP-0QN63TJ</Data><Data Name='SourcePort'>54685</Data><Data Name='SourcePortName'>-</Data><Data Name='DestinationIsIpv6'>false</Data><Data Name='DestinationIp'>8.8.8.8</Data><Data Name='DestinationHostname'>-</Data><Data Name='DestinationPort'>53</Data><Data Name='DestinationPortName'>domain</Data></EventData></Event></Events>
<Events><Event xmlns='http://schemas.microsoft.com/win/2004/08/events/event'><System><Provider Name='Microsoft-Windows-Sysmon' Guid='{5770385f-c22a-43e0-bf4c-06f5698ffbd9}'/><EventID>3</EventID><Version>5</Version><Level>4</Level><Task>3</Task><Opcode>0</Opcode><Keywords>0x8000000000000000</Keywords><TimeCreated SystemTime='2023-05-17T11:35:23.8582264Z'/><EventRecordID>15877</EventRecordID><Correlation/><Execution ProcessID='2900' ThreadID='3892'/><Channel>Microsoft-Windows-Sysmon/Operational</Channel><Computer>DESKTOP-0QN63TJ</Computer><Security UserID='S-1-5-18'/></System><EventData><Data Name='RuleName'>-</Data><Data Name='UtcTime'>2023-05-17 11:25:40.627</Data><Data Name='ProcessGuid'>{4158b3ab-9046-6463-3400-000000000c00}</Data><Data Name='ProcessId'>2152</Data><Data Name='Image'>C:\Windows\System32\svchost.exe</Data><Data Name='User'>NT AUTHORITY\NETWORK SERVICE</Data><Data Name='Protocol'>udp</Data><Data Name='Initiated'>true</Data><Data Name='SourceIsIpv6'>false</Data><Data Name='SourceIp'>192.168.2.202</Data><Data Name='SourceHostname'>DESKTOP-0QN63TJ</Data><Data Name='SourcePort'>64510</Data><Data Name='SourcePortName'>-</Data><Data Name='DestinationIsIpv6'>false</Data><Data Name='DestinationIp'>8.8.8.8</Data><Data Name='DestinationHostname'>-</Data><Data Name='DestinationPort'>53</Data><Data Name='DestinationPortName'>domain</Data></EventData></Event></Events>
<Events><Event xmlns='http://schemas.microsoft.com/win/2004/08/events/event'><System><Provider Name='Microsoft-Windows-Sysmon' Guid='{5770385f-c22a-43e0-bf4c-06f5698ffbd9}'/><EventID>3</EventID><Version>5</Version><Level>4</Level><Task>3</Task><Opcode>0</Opcode><Keywords>0x8000000000000000</Keywords><TimeCreated SystemTime='2023-05-17T11:35:23.5927011Z'/><EventRecordID>15876</EventRecordID><Correlation/><Execution ProcessID='2900' ThreadID='3892'/><Channel>Microsoft-Windows-Sysmon/Operational</Channel><Computer>DESKTOP-0QN63TJ</Computer><Security UserID='S-1-5-18'/></System><EventData><Data Name='RuleName'>-</Data><Data Name='UtcTime'>2023-05-17 11:25:40.356</Data><Data Name='ProcessGuid'>{4158b3ab-b4b1-6464-1c02-000000000c00}</Data><Data Name='ProcessId'>1232</Data><Data Name='Image'>C:\Program Files (x86)\Internet Explorer\iexplore.exe</Data><Data Name='User'>DESKTOP-0QN63TJ\me</Data><Data Name='Protocol'>tcp</Data><Data Name='Initiated'>true</Data><Data Name='SourceIsIpv6'>false</Data><Data Name='SourceIp'>192.168.2.202</Data><Data Name='SourceHostname'>DESKTOP-0QN63TJ</Data><Data Name='SourcePort'>64714</Data><Data Name='SourcePortName'>-</Data><Data Name='DestinationIsIpv6'>false</Data><Data Name='DestinationIp'>52.182.143.210</Data><Data Name='DestinationHostname'>-</Data><Data Name='DestinationPort'>443</Data><Data Name='DestinationPortName'>https</Data></EventData></Event></Events>
<Events><Event xmlns='http://schemas.microsoft.com/win/2004/08/events/event'><System><Provider Name='Microsoft-Windows-Sysmon' Guid='{5770385f-c22a-43e0-bf4c-06f5698ffbd9}'/><EventID>3</EventID><Version>5</Version><Level>4</Level><Task>3</Task><Opcode>0</Opcode><Keywords>0x8000000000000000</Keywords><TimeCreated SystemTime='2023-05-17T11:35:23.5926953Z'/><EventRecordID>15875</EventRecordID><Correlation/><Execution ProcessID='2900' ThreadID='3892'/><Channel>Microsoft-Windows-Sysmon/Operational</Channel><Computer>DESKTOP-0QN63TJ</Computer><Security UserID='S-1-5-18'/></System><EventData><Data Name='RuleName'>-</Data><Data Name='UtcTime'>2023-05-17 11:25:40.262</Data><Data Name='ProcessGuid'>{4158b3ab-b4b1-6464-1c02-000000000c00}</Data><Data Name='ProcessId'>1232</Data><Data Name='Image'>C:\Program Files (x86)\Internet Explorer\iexplore.exe</Data><Data Name='User'>DESKTOP-0QN63TJ\me</Data><Data Name='Protocol'>tcp</Data><Data Name='Initiated'>true</Data><Data Name='SourceIsIpv6'>false</Data><Data Name='SourceIp'>192.168.2.202</Data><Data Name='SourceHostname'>DESKTOP-0QN63TJ</Data><Data Name='SourcePort'>64716</Data><Data Name='SourcePortName'>-</Data><Data Name='DestinationIsIpv6'>false</Data><Data Name='DestinationIp'>204.79.197.203</Data><Data Name='DestinationHostname'>a-0003.a-msedge.net</Data><Data Name='DestinationPort'>443</Data><Data Name='DestinationPortName'>https</Data></EventData></Event></Events>
<Events><Event xmlns='http://schemas.microsoft.com/win/2004/08/events/event'><System><Provider Name='Microsoft-Windows-Sysmon' Guid='{5770385f-c22a-43e0-bf4c-06f5698ffbd9}'/><EventID>3</EventID><Version>5</Version><Level>4</Level><Task>3</Task><Opcode>0</Opcode><Keywords>0x8000000000000000</Keywords><TimeCreated SystemTime='2023-05-17T11:35:23.5926885Z'/><EventRecordID>15874</EventRecordID><Correlation/><Execution ProcessID='2900' ThreadID='3892'/><Channel>Microsoft-Windows-Sysmon/Operational</Channel><Computer>DESKTOP-0QN63TJ</Computer><Security UserID='S-1-5-18'/></System><EventData><Data Name='RuleName'>-</Data><Data Name='UtcTime'>2023-05-17 11:25:40.257</Data><Data Name='ProcessGuid'>{4158b3ab-b4b1-6464-1c02-000000000c00}</Data><Data Name='ProcessId'>1232</Data><Data Name='Image'>C:\Program Files (x86)\Internet Explorer\iexplore.exe</Data><Data Name='User'>DESKTOP-0QN63TJ\me</Data><Data Name='Protocol'>tcp</Data><Data Name='Initiated'>true</Data><Data Name='SourceIsIpv6'>false</Data><Data Name='SourceIp'>192.168.2.202</Data><Data Name='SourceHostname'>DESKTOP-0QN63TJ</Data><Data Name='SourcePort'>64715</Data><Data Name='SourcePortName'>-</Data><Data Name='DestinationIsIpv6'>false</Data><Data Name='DestinationIp'>204.79.197.203</Data><Data Name='DestinationHostname'>a-0003.a-msedge.net</Data><Data Name='DestinationPort'>443</Data><Data Name='DestinationPortName'>https</Data></EventData></Event></Events>
<Events><Event xmlns='http://schemas.microsoft.com/win/2004/08/events/event'><System><Provider Name='Microsoft-Windows-Sysmon' Guid='{5770385f-c22a-43e0-bf4c-06f5698ffbd9}'/><EventID>3</EventID><Version>5</Version><Level>4</Level><Task>3</Task><Opcode>0</Opcode><Keywords>0x8000000000000000</Keywords><TimeCreated SystemTime='2023-05-17T11:35:23.5926791Z'/><EventRecordID>15873</EventRecordID><Correlation/><Execution ProcessID='2900' ThreadID='3892'/><Channel>Microsoft-Windows-Sysmon/Operational</Channel><Computer>DESKTOP-0QN63TJ</Computer><Security UserID='S-1-5-18'/></System><EventData><Data Name='RuleName'>-</Data><Data Name='UtcTime'>2023-05-17 11:25:40.135</Data><Data Name='ProcessGuid'>{4158b3ab-9046-6463-3400-000000000c00}</Data><Data Name='ProcessId'>2152</Data><Data Name='Image'>C:\Windows\System32\svchost.exe</Data><Data Name='User'>NT AUTHORITY\NETWORK SERVICE</Data><Data Name='Protocol'>udp</Data><Data Name='Initiated'>true</Data><Data Name='SourceIsIpv6'>false</Data><Data Name='SourceIp'>192.168.2.202</Data><Data Name='SourceHostname'>DESKTOP-0QN63TJ</Data><Data Name='SourcePort'>57375</Data><Data Name='SourcePortName'>-</Data><Data Name='DestinationIsIpv6'>false</Data><Data Name='DestinationIp'>8.8.8.8</Data><Data Name='DestinationHostname'>-</Data><Data Name='DestinationPort'>53</Data><Data Name='DestinationPortName'>domain</Data></EventData></Event></Events>
<Events><Event xmlns='http://schemas.microsoft.com/win/2004/08/events/event'><System><Provider Name='Microsoft-Windows-Sysmon' Guid='{5770385f-c22a-43e0-bf4c-06f5698ffbd9}'/><EventID>3</EventID><Version>5</Version><Level>4</Level><Task>3</Task><Opcode>0</Opcode><Keywords>0x8000000000000000</Keywords><TimeCreated SystemTime='2023-05-17T11:35:23.5926630Z'/><EventRecordID>15872</EventRecordID><Correlation/><Execution ProcessID='2900' ThreadID='3892'/><Channel>Microsoft-Windows-Sysmon/Operational</Channel><Computer>DESKTOP-0QN63TJ</Computer><Security UserID='S-1-5-18'/></System><EventData><Data Name='RuleName'>-</Data><Data Name='UtcTime'>2023-05-17 11:25:40.117</Data><Data Name='ProcessGuid'>{4158b3ab-9046-6463-3400-000000000c00}</Data><Data Name='ProcessId'>2152</Data><Data Name='Image'>C:\Windows\System32\svchost.exe</Data><Data Name='User'>NT AUTHORITY\NETWORK SERVICE</Data><Data Name='Protocol'>udp</Data><Data Name='Initiated'>true</Data><Data Name='SourceIsIpv6'>false</Data><Data Name='SourceIp'>192.168.2.202</Data><Data Name='SourceHostname'>DESKTOP-0QN63TJ</Data><Data Name='SourcePort'>63755</Data><Data Name='SourcePortName'>-</Data><Data Name='DestinationIsIpv6'>false</Data><Data Name='DestinationIp'>8.8.8.8</Data><Data Name='DestinationHostname'>-</Data><Data Name='DestinationPort'>53</Data><Data Name='DestinationPortName'>domain</Data></EventData></Event></Events>
