<Events><Event xmlns='http://schemas.microsoft.com/win/2004/08/events/event'><System><Provider Name='Microsoft-Windows-Sysmon' Guid='{5770385f-c22a-43e0-bf4c-06f5698ffbd9}'/><EventID>3</EventID><Version>5</Version><Level>4</Level><Task>3</Task><Opcode>0</Opcode><Keywords>0x8000000000000000</Keywords><TimeCreated SystemTime='2023-05-17T12:07:01.1878835Z'/><EventRecordID>16262</EventRecordID><Correlation/><Execution ProcessID='2900' ThreadID='3892'/><Channel>Microsoft-Windows-Sysmon/Operational</Channel><Computer>DESKTOP-0QN63TJ</Computer><Security UserID='S-1-5-18'/></System><EventData><Data Name='RuleName'>-</Data><Data Name='UtcTime'>2023-05-17 11:57:18.895</Data><Data Name='ProcessGuid'>{4158b3ab-9046-6463-3400-000000000c00}</Data><Data Name='ProcessId'>2152</Data><Data Name='Image'>C:\Windows\System32\svchost.exe</Data><Data Name='User'>NT AUTHORITY\NETWORK SERVICE</Data><Data Name='Protocol'>udp</Data><Data Name='Initiated'>false</Data><Data Name='SourceIsIpv6'>false</Data><Data Name='SourceIp'>224.0.0.251</Data><Data Name='SourceHostname'>-</Data><Data Name='SourcePort'>5353</Data><Data Name='SourcePortName'>-</Data><Data Name='DestinationIsIpv6'>false</Data><Data Name='DestinationIp'>192.168.2.140</Data><Data Name='DestinationHostname'>OnePlus-6</Data><Data Name='DestinationPort'>5353</Data><Data Name='DestinationPortName'>-</Data></EventData></Event></Events>
<Events><Event xmlns='http://schemas.microsoft.com/win/2004/08/events/event'><System><Provider Name='Microsoft-Windows-Sysmon' Guid='{5770385f-c22a-43e0-bf4c-06f5698ffbd9}'/><EventID>3</EventID><Version>5</Version><Level>4</Level><Task>3</Task><Opcode>0</Opcode><Keywords>0x8000000000000000</Keywords><TimeCreated SystemTime='2023-05-17T12:08:13.8286771Z'/><EventRecordID>16264</EventRecordID><Correlation/><Execution ProcessID='2900' ThreadID='3892'/><Channel>Microsoft-Windows-Sysmon/Operational</Channel><Computer>DESKTOP-0QN63TJ</Computer><Security UserID='S-1-5-18'/></System><EventData><Data Name='RuleName'>-</Data><Data Name='UtcTime'>2023-05-17 11:58:32.207</Data><Data Name='ProcessGuid'>{4158b3ab-9046-6463-3400-000000000c00}</Data><Data Name='ProcessId'>2152</Data><Data Name='Image'>C:\Windows\System32\svchost.exe</Data><Data Name='User'>NT AUTHORITY\NETWORK SERVICE</Data><Data Name='Protocol'>udp</Data><Data Name='Initiated'>false</Data><Data Name='SourceIsIpv6'>true</Data><Data Name='SourceIp'>ff02:0:0:0:0:0:0:fb</Data><Data Name='SourceHostname'>-</Data><Data Name='SourcePort'>5353</Data><Data Name='SourcePortName'>-</Data><Data Name='DestinationIsIpv6'>true</Data><Data Name='DestinationIp'>fe80:0:0:0:97:e57d:9adc:f388</Data><Data Name='DestinationHostname'>-</Data><Data Name='DestinationPort'>5353</Data><Data Name='DestinationPortName'>-</Data></EventData></Event></Events>
<Events><Event xmlns='http://schemas.microsoft.com/win/2004/08/events/event'><System><Provider Name='Microsoft-Windows-Sysmon' Guid='{5770385f-c22a-43e0-bf4c-06f5698ffbd9}'/><EventID>3</EventID><Version>5</Version><Level>4</Level><Task>3</Task><Opcode>0</Opcode><Keywords>0x8000000000000000</Keywords><TimeCreated SystemTime='2023-05-17T12:08:13.8286544Z'/><EventRecordID>16263</EventRecordID><Correlation/><Execution ProcessID='2900' ThreadID='3892'/><Channel>Microsoft-Windows-Sysmon/Operational</Channel><Computer>DESKTOP-0QN63TJ</Computer><Security UserID='S-1-5-18'/></System><EventData><Data Name='RuleName'>-</Data><Data Name='UtcTime'>2023-05-17 11:58:32.205</Data><Data Name='ProcessGuid'>{4158b3ab-9046-6463-3400-000000000c00}</Data><Data Name='ProcessId'>2152</Data><Data Name='Image'>C:\Windows\System32\svchost.exe</Data><Data Name='User'>NT AUTHORITY\NETWORK SERVICE</Data><Data Name='Protocol'>udp</Data><Data Name='Initiated'>false</Data><Data Name='SourceIsIpv6'>false</Data><Data Name='SourceIp'>224.0.0.251</Data><Data Name='SourceHostname'>-</Data><Data Name='SourcePort'>5353</Data><Data Name='SourcePortName'>-</Data><Data Name='DestinationIsIpv6'>false</Data><Data Name='DestinationIp'>192.168.2.218</Data><Data Name='DestinationHostname'>-</Data><Data Name='DestinationPort'>5353</Data><Data Name='DestinationPortName'>-</Data></EventData></Event></Events>
<Events><Event xmlns='http://schemas.microsoft.com/win/2004/08/events/event'><System><Provider Name='Microsoft-Windows-Sysmon' Guid='{5770385f-c22a-43e0-bf4c-06f5698ffbd9}'/><EventID>3</EventID><Version>5</Version><Level>4</Level><Task>3</Task><Opcode>0</Opcode><Keywords>0x8000000000000000</Keywords><TimeCreated SystemTime='2023-05-17T12:11:45.8910319Z'/><EventRecordID>16265</EventRecordID><Correlation/><Execution ProcessID='2900' ThreadID='3892'/><Channel>Microsoft-Windows-Sysmon/Operational</Channel><Computer>DESKTOP-0QN63TJ</Computer><Security UserID='S-1-5-18'/></System><EventData><Data Name='RuleName'>-</Data><Data Name='UtcTime'>2023-05-17 12:02:03.988</Data><Data Name='ProcessGuid'>{4158b3ab-9046-6463-3400-000000000c00}</Data><Data Name='ProcessId'>2152</Data><Data Name='Image'>C:\Windows\System32\svchost.exe</Data><Data Name='User'>NT AUTHORITY\NETWORK SERVICE</Data><Data Name='Protocol'>udp</Data><Data Name='Initiated'>false</Data><Data Name='SourceIsIpv6'>true</Data><Data Name='SourceIp'>ff02:0:0:0:0:0:0:fb</Data><Data Name='SourceHostname'>-</Data><Data Name='SourcePort'>5353</Data><Data Name='SourcePortName'>-</Data><Data Name='DestinationIsIpv6'>true</Data><Data Name='DestinationIp'>fe80:0:0:0:7be2:5df7:577d:f138</Data><Data Name='DestinationHostname'>-</Data><Data Name='DestinationPort'>5353</Data><Data Name='DestinationPortName'>-</Data></EventData></Event></Events>
<Events><Event xmlns='http://schemas.microsoft.com/win/2004/08/events/event'><System><Provider Name='Microsoft-Windows-Sysmon' Guid='{5770385f-c22a-43e0-bf4c-06f5698ffbd9}'/><EventID>3</EventID><Version>5</Version><Level>4</Level><Task>3</Task><Opcode>0</Opcode><Keywords>0x8000000000000000</Keywords><TimeCreated SystemTime='2023-05-17T12:11:51.1030098Z'/><EventRecordID>16280</EventRecordID><Correlation/><Execution ProcessID='2900' ThreadID='3892'/><Channel>Microsoft-Windows-Sysmon/Operational</Channel><Computer>DESKTOP-0QN63TJ</Computer><Security UserID='S-1-5-18'/></System><EventData><Data Name='RuleName'>-</Data><Data Name='UtcTime'>2023-05-17 12:02:09.761</Data><Data Name='ProcessGuid'>{4158b3ab-9046-6463-3400-000000000c00}</Data><Data Name='ProcessId'>2152</Data><Data Name='Image'>C:\Windows\System32\svchost.exe</Data><Data Name='User'>NT AUTHORITY\NETWORK SERVICE</Data><Data Name='Protocol'>udp</Data><Data Name='Initiated'>true</Data><Data Name='SourceIsIpv6'>false</Data><Data Name='SourceIp'>192.168.2.202</Data><Data Name='SourceHostname'>DESKTOP-0QN63TJ</Data><Data Name='SourcePort'>54432</Data><Data Name='SourcePortName'>-</Data><Data Name='DestinationIsIpv6'>false</Data><Data Name='DestinationIp'>8.8.8.8</Data><Data Name='DestinationHostname'>-</Data><Data Name='DestinationPort'>53</Data><Data Name='DestinationPortName'>domain</Data></EventData></Event></Events>
<Events><Event xmlns='http://schemas.microsoft.com/win/2004/08/events/event'><System><Provider Name='Microsoft-Windows-Sysmon' Guid='{5770385f-c22a-43e0-bf4c-06f5698ffbd9}'/><EventID>3</EventID><Version>5</Version><Level>4</Level><Task>3</Task><Opcode>0</Opcode><Keywords>0x8000000000000000</Keywords><TimeCreated SystemTime='2023-05-17T12:11:51.1029925Z'/><EventRecordID>16279</EventRecordID><Correlation/><Execution ProcessID='2900' ThreadID='3892'/><Channel>Microsoft-Windows-Sysmon/Operational</Channel><Computer>DESKTOP-0QN63TJ</Computer><Security UserID='S-1-5-18'/></System><EventData><Data Name='RuleName'>-</Data><Data Name='UtcTime'>2023-05-17 12:02:09.758</Data><Data Name='ProcessGuid'>{4158b3ab-b4b1-6464-1c02-000000000c00}</Data><Data Name='ProcessId'>1232</Data><Data Name='Image'>C:\Program Files (x86)\Internet Explorer\iexplore.exe</Data><Data Name='User'>DESKTOP-0QN63TJ\me</Data><Data Name='Protocol'>tcp</Data><Data Name='Initiated'>true</Data><Data Name='SourceIsIpv6'>false</Data><Data Name='SourceIp'>192.168.2.202</Data><Data Name='SourceHostname'>DESKTOP-0QN63TJ</Data><Data Name='SourcePort'>55756</Data><Data Name='SourcePortName'>-</Data><Data Name='DestinationIsIpv6'>false</Data><Data Name='DestinationIp'>68.219.88.97</Data><Data Name='DestinationHostname'>-</Data><Data Name='DestinationPort'>443</Data><Data Name='DestinationPortName'>https</Data></EventData></Event></Events>
<Events><Event xmlns='http://schemas.microsoft.com/win/2004/08/events/event'><System><Provider Name='Microsoft-Windows-Sysmon' Guid='{5770385f-c22a-43e0-bf4c-06f5698ffbd9}'/><EventID>3</EventID><Version>5</Version><Level>4</Level><Task>3</Task><Opcode>0</Opcode><Keywords>0x8000000000000000</Keywords><TimeCreated SystemTime='2023-05-17T12:11:51.0909089Z'/><EventRecordID>16278</EventRecordID><Correlation/><Execution ProcessID='2900' ThreadID='3892'/><Channel>Microsoft-Windows-Sysmon/Operational</Channel><Computer>DESKTOP-0QN63TJ</Computer><Security UserID='S-1-5-18'/></System><EventData><Data Name='RuleName'>-</Data><Data Name='UtcTime'>2023-05-17 12:02:09.758</Data><Data Name='ProcessGuid'>{4158b3ab-b4b1-6464-1c02-000000000c00}</Data><Data Name='ProcessId'>1232</Data><Data Name='Image'>C:\Program Files (x86)\Internet Explorer\iexplore.exe</Data><Data Name='User'>DESKTOP-0QN63TJ\me</Data><Data Name='Protocol'>tcp</Data><Data Name='Initiated'>true</Data><Data Name='SourceIsIpv6'>false</Data><Data Name='SourceIp'>192.168.2.202</Data><Data Name='SourceHostname'>DESKTOP-0QN63TJ</Data><Data Name='SourcePort'>55755</Data><Data Name='SourcePortName'>-</Data><Data Name='DestinationIsIpv6'>false</Data><Data Name='DestinationIp'>68.219.88.97</Data><Data Name='DestinationHostname'>-</Data><Data Name='DestinationPort'>443</Data><Data Name='DestinationPortName'>https</Data></EventData></Event></Events>
<Events><Event xmlns='http://schemas.microsoft.com/win/2004/08/events/event'><System><Provider Name='Microsoft-Windows-Sysmon' Guid='{5770385f-c22a-43e0-bf4c-06f5698ffbd9}'/><EventID>3</EventID><Version>5</Version><Level>4</Level><Task>3</Task><Opcode>0</Opcode><Keywords>0x8000000000000000</Keywords><TimeCreated SystemTime='2023-05-17T12:11:51.0908991Z'/><EventRecordID>16277</EventRecordID><Correlation/><Execution ProcessID='2900' ThreadID='3892'/><Channel>Microsoft-Windows-Sysmon/Operational</Channel><Computer>DESKTOP-0QN63TJ</Computer><Security UserID='S-1-5-18'/></System><EventData><Data Name='RuleName'>-</Data><Data Name='UtcTime'>2023-05-17 12:02:09.721</Data><Data Name='ProcessGuid'>{4158b3ab-b4b1-6464-1c02-000000000c00}</Data><Data Name='ProcessId'>1232</Data><Data Name='Image'>C:\Program Files (x86)\Internet Explorer\iexplore.exe</Data><Data Name='User'>DESKTOP-0QN63TJ\me</Data><Data Name='Protocol'>tcp</Data><Data Name='Initiated'>true</Data><Data Name='SourceIsIpv6'>false</Data><Data Name='SourceIp'>192.168.2.202</Data><Data Name='SourceHostname'>DESKTOP-0QN63TJ</Data><Data Name='SourcePort'>55757</Data><Data Name='SourcePortName'>-</Data><Data Name='DestinationIsIpv6'>false</Data><Data Name='DestinationIp'>2.19.181.34</Data><Data Name='DestinationHostname'>a2-19-181-34.deploy.static.akamaitechnologies.com</Data><Data Name='DestinationPort'>443</Data><Data Name='DestinationPortName'>https</Data></EventData></Event></Events>
<Events><Event xmlns='http://schemas.microsoft.com/win/2004/08/events/event'><System><Provider Name='Microsoft-Windows-Sysmon' Guid='{5770385f-c22a-43e0-bf4c-06f5698ffbd9}'/><EventID>3</EventID><Version>5</Version><Level>4</Level><Task>3</Task><Opcode>0</Opcode><Keywords>0x8000000000000000</Keywords><TimeCreated SystemTime='2023-05-17T12:11:51.0908896Z'/><EventRecordID>16276</EventRecordID><Correlation/><Execution ProcessID='2900' ThreadID='3892'/><Channel>Microsoft-Windows-Sysmon/Operational</Channel><Computer>DESKTOP-0QN63TJ</Computer><Security UserID='S-1-5-18'/></System><EventData><Data Name='RuleName'>-</Data><Data Name='UtcTime'>2023-05-17 12:02:09.721</Data><Data Name='ProcessGuid'>{4158b3ab-b4b1-6464-1c02-000000000c00}</Data><Data Name='ProcessId'>1232</Data><Data Name='Image'>C:\Program Files (x86)\Internet Explorer\iexplore.exe</Data><Data Name='User'>DESKTOP-0QN63TJ\me</Data><Data Name='Protocol'>tcp</Data><Data Name='Initiated'>true</Data><Data Name='SourceIsIpv6'>false</Data><Data Name='SourceIp'>192.168.2.202</Data><Data Name='SourceHostname'>DESKTOP-0QN63TJ</Data><Data Name='SourcePort'>55758</Data><Data Name='SourcePortName'>-</Data><Data Name='DestinationIsIpv6'>false</Data><Data Name='DestinationIp'>2.19.181.34</Data><Data Name='DestinationHostname'>a2-19-181-34.deploy.static.akamaitechnologies.com</Data><Data Name='DestinationPort'>443</Data><Data Name='DestinationPortName'>https</Data></EventData></Event></Events>
<Events><Event xmlns='http://schemas.microsoft.com/win/2004/08/events/event'><System><Provider Name='Microsoft-Windows-Sysmon' Guid='{5770385f-c22a-43e0-bf4c-06f5698ffbd9}'/><EventID>3</EventID><Version>5</Version><Level>4</Level><Task>3</Task><Opcode>0</Opcode><Keywords>0x8000000000000000</Keywords><TimeCreated SystemTime='2023-05-17T12:11:51.0908719Z'/><EventRecordID>16275</EventRecordID><Correlation/><Execution ProcessID='2900' ThreadID='3892'/><Channel>Microsoft-Windows-Sysmon/Operational</Channel><Computer>DESKTOP-0QN63TJ</Computer><Security UserID='S-1-5-18'/></System><EventData><Data Name='RuleName'>-</Data><Data Name='UtcTime'>2023-05-17 12:02:09.606</Data><Data Name='ProcessGuid'>{4158b3ab-9046-6463-3400-000000000c00}</Data><Data Name='ProcessId'>2152</Data><Data Name='Image'>C:\Windows\System32\svchost.exe</Data><Data Name='User'>NT AUTHORITY\NETWORK SERVICE</Data><Data Name='Protocol'>udp</Data><Data Name='Initiated'>true</Data><Data Name='SourceIsIpv6'>false</Data><Data Name='SourceIp'>192.168.2.202</Data><Data Name='SourceHostname'>DESKTOP-0QN63TJ</Data><Data Name='SourcePort'>50384</Data><Data Name='SourcePortName'>-</Data><Data Name='DestinationIsIpv6'>false</Data><Data Name='DestinationIp'>8.8.8.8</Data><Data Name='DestinationHostname'>-</Data><Data Name='DestinationPort'>53</Data><Data Name='DestinationPortName'>domain</Data></EventData></Event></Events>
<Events><Event xmlns='http://schemas.microsoft.com/win/2004/08/events/event'><System><Provider Name='Microsoft-Windows-Sysmon' Guid='{5770385f-c22a-43e0-bf4c-06f5698ffbd9}'/><EventID>3</EventID><Version>5</Version><Level>4</Level><Task>3</Task><Opcode>0</Opcode><Keywords>0x8000000000000000</Keywords><TimeCreated SystemTime='2023-05-17T12:11:51.0906784Z'/><EventRecordID>16274</EventRecordID><Correlation/><Execution ProcessID='2900' ThreadID='3892'/><Channel>Microsoft-Windows-Sysmon/Operational</Channel><Computer>DESKTOP-0QN63TJ</Computer><Security UserID='S-1-5-18'/></System><EventData><Data Name='RuleName'>-</Data><Data Name='UtcTime'>2023-05-17 12:02:09.580</Data><Data Name='ProcessGuid'>{4158b3ab-9046-6463-3400-000000000c00}</Data><Data Name='ProcessId'>2152</Data><Data Name='Image'>C:\Windows\System32\svchost.exe</Data><Data Name='User'>NT AUTHORITY\NETWORK SERVICE</Data><Data Name='Protocol'>udp</Data><Data Name='Initiated'>true</Data><Data Name='SourceIsIpv6'>false</Data><Data Name='SourceIp'>192.168.2.202</Data><Data Name='SourceHostname'>DESKTOP-0QN63TJ</Data><Data Name='SourcePort'>59959</Data><Data Name='SourcePortName'>-</Data><Data Name='DestinationIsIpv6'>false</Data><Data Name='DestinationIp'>8.8.8.8</Data><Data Name='DestinationHostname'>-</Data><Data Name='DestinationPort'>53</Data><Data Name='DestinationPortName'>domain</Data></EventData></Event></Events>
<Events><Event xmlns='http://schemas.microsoft.com/win/2004/08/events/event'><System><Provider Name='Microsoft-Windows-Sysmon' Guid='{5770385f-c22a-43e0-bf4c-06f5698ffbd9}'/><EventID>3</EventID><Version>5</Version><Level>4</Level><Task>3</Task><Opcode>0</Opcode><Keywords>0x8000000000000000</Keywords><TimeCreated SystemTime='2023-05-17T12:11:50.8290663Z'/><EventRecordID>16273</EventRecordID><Correlation/><Execution ProcessID='2900' ThreadID='3892'/><Channel>Microsoft-Windows-Sysmon/Operational</Channel><Computer>DESKTOP-0QN63TJ</Computer><Security UserID='S-1-5-18'/></System><EventData><Data Name='RuleName'>-</Data><Data Name='UtcTime'>2023-05-17 12:02:09.228</Data><Data Name='ProcessGuid'>{4158b3ab-9046-6463-3400-000000000c00}</Data><Data Name='ProcessId'>2152</Data><Data Name='Image'>C:\Windows\System32\svchost.exe</Data><Data Name='User'>NT AUTHORITY\NETWORK SERVICE</Data><Data Name='Protocol'>udp</Data><Data Name='Initiated'>true</Data><Data Name='SourceIsIpv6'>false</Data><Data Name='SourceIp'>192.168.2.202</Data><Data Name='SourceHostname'>DESKTOP-0QN63TJ</Data><Data Name='SourcePort'>53555</Data><Data Name='SourcePortName'>-</Data><Data Name='DestinationIsIpv6'>false</Data><Data Name='DestinationIp'>8.8.8.8</Data><Data Name='DestinationHostname'>-</Data><Data Name='DestinationPort'>53</Data><Data Name='DestinationPortName'>domain</Data></EventData></Event></Events>
<Events><Event xmlns='http://schemas.microsoft.com/win/2004/08/events/event'><System><Provider Name='Microsoft-Windows-Sysmon' Guid='{5770385f-c22a-43e0-bf4c-06f5698ffbd9}'/><EventID>3</EventID><Version>5</Version><Level>4</Level><Task>3</Task><Opcode>0</Opcode><Keywords>0x8000000000000000</Keywords><TimeCreated SystemTime='2023-05-17T12:11:50.8290510Z'/><EventRecordID>16272</EventRecordID><Correlation/><Execution ProcessID='2900' ThreadID='3892'/><Channel>Microsoft-Windows-Sysmon/Operational</Channel><Computer>DESKTOP-0QN63TJ</Computer><Security UserID='S-1-5-18'/></System><EventData><Data Name='RuleName'>-</Data><Data Name='UtcTime'>2023-05-17 12:02:08.901</Data><Data Name='ProcessGuid'>{4158b3ab-b4b1-6464-1c02-000000000c00}</Data><Data Name='ProcessId'>1232</Data><Data Name='Image'>C:\Program Files (x86)\Internet Explorer\iexplore.exe</Data><Data Name='User'>DESKTOP-0QN63TJ\me</Data><Data Name='Protocol'>tcp</Data><Data Name='Initiated'>true</Data><Data Name='SourceIsIpv6'>false</Data><Data Name='SourceIp'>192.168.2.202</Data><Data Name='SourceHostname'>DESKTOP-0QN63TJ</Data><Data Name='SourcePort'>55754</Data><Data Name='SourcePortName'>-</Data><Data Name='DestinationIsIpv6'>false</Data><Data Name='DestinationIp'>51.11.192.48</Data><Data Name='DestinationHostname'>-</Data><Data Name='DestinationPort'>443</Data><Data Name='DestinationPortName'>https</Data></EventData></Event></Events>
<Events><Event xmlns='http://schemas.microsoft.com/win/2004/08/events/event'><System><Provider Name='Microsoft-Windows-Sysmon' Guid='{5770385f-c22a-43e0-bf4c-06f5698ffbd9}'/><EventID>3</EventID><Version>5</Version><Level>4</Level><Task>3</Task><Opcode>0</Opcode><Keywords>0x8000000000000000</Keywords><TimeCreated SystemTime='2023-05-17T12:11:50.8290358Z'/><EventRecordID>16271</EventRecordID><Correlation/><Execution ProcessID='2900' ThreadID='3892'/><Channel>Microsoft-Windows-Sysmon/Operational</Channel><Computer>DESKTOP-0QN63TJ</Computer><Security UserID='S-1-5-18'/></System><EventData><Data Name='RuleName'>-</Data><Data Name='UtcTime'>2023-05-17 12:02:08.883</Data><Data Name='ProcessGuid'>{4158b3ab-b4b1-6464-1c02-000000000c00}</Data><Data Name='ProcessId'>1232</Data><Data Name='Image'>C:\Program Files (x86)\Internet Explorer\iexplore.exe</Data><Data Name='User'>DESKTOP-0QN63TJ\me</Data><Data Name='Protocol'>tcp</Data><Data Name='Initiated'>true</Data><Data Name='SourceIsIpv6'>false</Data><Data Name='SourceIp'>192.168.2.202</Data><Data Name='SourceHostname'>DESKTOP-0QN63TJ</Data><Data Name='SourcePort'>55752</Data><Data Name='SourcePortName'>-</Data><Data Name='DestinationIsIpv6'>false</Data><Data Name='DestinationIp'>204.79.197.203</Data><Data Name='DestinationHostname'>a-0003.a-msedge.net</Data><Data Name='DestinationPort'>443</Data><Data Name='DestinationPortName'>https</Data></EventData></Event></Events>
<Events><Event xmlns='http://schemas.microsoft.com/win/2004/08/events/event'><System><Provider Name='Microsoft-Windows-Sysmon' Guid='{5770385f-c22a-43e0-bf4c-06f5698ffbd9}'/><EventID>3</EventID><Version>5</Version><Level>4</Level><Task>3</Task><Opcode>0</Opcode><Keywords>0x8000000000000000</Keywords><TimeCreated SystemTime='2023-05-17T12:11:52.1412617Z'/><EventRecordID>16304</EventRecordID><Correlation/><Execution ProcessID='2900' ThreadID='3892'/><Channel>Microsoft-Windows-Sysmon/Operational</Channel><Computer>DESKTOP-0QN63TJ</Computer><Security UserID='S-1-5-18'/></System><EventData><Data Name='RuleName'>-</Data><Data Name='UtcTime'>2023-05-17 12:02:10.599</Data><Data Name='ProcessGuid'>{4158b3ab-b4b1-6464-1c02-000000000c00}</Data><Data Name='ProcessId'>1232</Data><Data Name='Image'>C:\Program Files (x86)\Internet Explorer\iexplore.exe</Data><Data Name='User'>DESKTOP-0QN63TJ\me</Data><Data Name='Protocol'>tcp</Data><Data Name='Initiated'>true</Data><Data Name='SourceIsIpv6'>false</Data><Data Name='SourceIp'>192.168.2.202</Data><Data Name='SourceHostname'>DESKTOP-0QN63TJ</Data><Data Name='SourcePort'>55702</Data><Data Name='SourcePortName'>-</Data><Data Name='DestinationIsIpv6'>false</Data><Data Name='DestinationIp'>70.42.32.223</Data><Data Name='DestinationHostname'>ny.outbrain.com</Data><Data Name='DestinationPort'>443</Data><Data Name='DestinationPortName'>https</Data></EventData></Event></Events>
<Events><Event xmlns='http://schemas.microsoft.com/win/2004/08/events/event'><System><Provider Name='Microsoft-Windows-Sysmon' Guid='{5770385f-c22a-43e0-bf4c-06f5698ffbd9}'/><EventID>3</EventID><Version>5</Version><Level>4</Level><Task>3</Task><Opcode>0</Opcode><Keywords>0x8000000000000000</Keywords><TimeCreated SystemTime='2023-05-17T12:11:52.1412432Z'/><EventRecordID>16303</EventRecordID><Correlation/><Execution ProcessID='2900' ThreadID='3892'/><Channel>Microsoft-Windows-Sysmon/Operational</Channel><Computer>DESKTOP-0QN63TJ</Computer><Security UserID='S-1-5-18'/></System><EventData><Data Name='RuleName'>-</Data><Data Name='UtcTime'>2023-05-17 12:02:10.599</Data><Data Name='ProcessGuid'>{4158b3ab-b4b1-6464-1c02-000000000c00}</Data><Data Name='ProcessId'>1232</Data><Data Name='Image'>C:\Program Files (x86)\Internet Explorer\iexplore.exe</Data><Data Name='User'>DESKTOP-0QN63TJ\me</Data><Data Name='Protocol'>tcp</Data><Data Name='Initiated'>true</Data><Data Name='SourceIsIpv6'>false</Data><Data Name='SourceIp'>192.168.2.202</Data><Data Name='SourceHostname'>DESKTOP-0QN63TJ</Data><Data Name='SourcePort'>55703</Data><Data Name='SourcePortName'>-</Data><Data Name='DestinationIsIpv6'>false</Data><Data Name='DestinationIp'>70.42.32.223</Data><Data Name='DestinationHostname'>ny.outbrain.com</Data><Data Name='DestinationPort'>443</Data><Data Name='DestinationPortName'>https</Data></EventData></Event></Events>
<Events><Event xmlns='http://schemas.microsoft.com/win/2004/08/events/event'><System><Provider Name='Microsoft-Windows-Sysmon' Guid='{5770385f-c22a-43e0-bf4c-06f5698ffbd9}'/><EventID>3</EventID><Version>5</Version><Level>4</Level><Task>3</Task><Opcode>0</Opcode><Keywords>0x8000000000000000</Keywords><TimeCreated SystemTime='2023-05-17T12:11:51.8859199Z'/><EventRecordID>16302</EventRecordID><Correlation/><Execution ProcessID='2900' ThreadID='3892'/><Channel>Microsoft-Windows-Sysmon/Operational</Channel><Computer>DESKTOP-0QN63TJ</Computer><Security UserID='S-1-5-18'/></System><EventData><Data Name='RuleName'>-</Data><Data Name='UtcTime'>2023-05-17 12:02:10.527</Data><Data Name='ProcessGuid'>{4158b3ab-9040-6463-eb03-000000000000}</Data><Data Name='ProcessId'>4</Data><Data Name='Image'>System</Data><Data Name='User'>NT AUTHORITY\SYSTEM</Data><Data Name='Protocol'>udp</Data><Data Name='Initiated'>true</Data><Data Name='SourceIsIpv6'>false</Data><Data Name='SourceIp'>192.168.2.202</Data><Data Name='SourceHostname'>DESKTOP-0QN63TJ</Data><Data Name='SourcePort'>137</Data><Data Name='SourcePortName'>netbios-ns</Data><Data Name='DestinationIsIpv6'>false</Data><Data Name='DestinationIp'>40.126.32.75</Data><Data Name='DestinationHostname'>-</Data><Data Name='DestinationPort'>137</Data><Data Name='DestinationPortName'>netbios-ns</Data></EventData></Event></Events>
<Events><Event xmlns='http://schemas.microsoft.com/win/2004/08/events/event'><System><Provider Name='Microsoft-Windows-Sysmon' Guid='{5770385f-c22a-43e0-bf4c-06f5698ffbd9}'/><EventID>3</EventID><Version>5</Version><Level>4</Level><Task>3</Task><Opcode>0</Opcode><Keywords>0x8000000000000000</Keywords><TimeCreated SystemTime='2023-05-17T12:11:51.8859126Z'/><EventRecordID>16301</EventRecordID><Correlation/><Execution ProcessID='2900' ThreadID='3892'/><Channel>Microsoft-Windows-Sysmon/Operational</Channel><Computer>DESKTOP-0QN63TJ</Computer><Security UserID='S-1-5-18'/></System><EventData><Data Name='RuleName'>-</Data><Data Name='UtcTime'>2023-05-17 12:02:10.527</Data><Data Name='ProcessGuid'>{4158b3ab-9040-6463-eb03-000000000000}</Data><Data Name='ProcessId'>4</Data><Data Name='Image'>System</Data><Data Name='User'>NT AUTHORITY\SYSTEM</Data><Data Name='Protocol'>udp</Data><Data Name='Initiated'>true</Data><Data Name='SourceIsIpv6'>false</Data><Data Name='SourceIp'>192.168.2.202</Data><Data Name='SourceHostname'>DESKTOP-0QN63TJ</Data><Data Name='SourcePort'>137</Data><Data Name='SourcePortName'>netbios-ns</Data><Data Name='DestinationIsIpv6'>false</Data><Data Name='DestinationIp'>51.11.192.48</Data><Data Name='DestinationHostname'>-</Data><Data Name='DestinationPort'>137</Data><Data Name='DestinationPortName'>netbios-ns</Data></EventData></Event></Events>
<Events><Event xmlns='http://schemas.microsoft.com/win/2004/08/events/event'><System><Provider Name='Microsoft-Windows-Sysmon' Guid='{5770385f-c22a-43e0-bf4c-06f5698ffbd9}'/><EventID>3</EventID><Version>5</Version><Level>4</Level><Task>3</Task><Opcode>0</Opcode><Keywords>0x8000000000000000</Keywords><TimeCreated SystemTime='2023-05-17T12:11:51.8859012Z'/><EventRecordID>16300</EventRecordID><Correlation/><Execution ProcessID='2900' ThreadID='3892'/><Channel>Microsoft-Windows-Sysmon/Operational</Channel><Computer>DESKTOP-0QN63TJ</Computer><Security UserID='S-1-5-18'/></System><EventData><Data Name='RuleName'>-</Data><Data Name='UtcTime'>2023-05-17 12:02:10.480</Data><Data Name='ProcessGuid'>{4158b3ab-9046-6463-3400-000000000c00}</Data><Data Name='ProcessId'>2152</Data><Data Name='Image'>C:\Windows\System32\svchost.exe</Data><Data Name='User'>NT AUTHORITY\NETWORK SERVICE</Data><Data Name='Protocol'>udp</Data><Data Name='Initiated'>true</Data><Data Name='SourceIsIpv6'>false</Data><Data Name='SourceIp'>192.168.2.202</Data><Data Name='SourceHostname'>DESKTOP-0QN63TJ</Data><Data Name='SourcePort'>54044</Data><Data Name='SourcePortName'>-</Data><Data Name='DestinationIsIpv6'>false</Data><Data Name='DestinationIp'>8.8.8.8</Data><Data Name='DestinationHostname'>-</Data><Data Name='DestinationPort'>53</Data><Data Name='DestinationPortName'>domain</Data></EventData></Event></Events>
<Events><Event xmlns='http://schemas.microsoft.com/win/2004/08/events/event'><System><Provider Name='Microsoft-Windows-Sysmon' Guid='{5770385f-c22a-43e0-bf4c-06f5698ffbd9}'/><EventID>3</EventID><Version>5</Version><Level>4</Level><Task>3</Task><Opcode>0</Opcode><Keywords>0x8000000000000000</Keywords><TimeCreated SystemTime='2023-05-17T12:11:51.8858932Z'/><EventRecordID>16299</EventRecordID><Correlation/><Execution ProcessID='2900' ThreadID='3892'/><Channel>Microsoft-Windows-Sysmon/Operational</Channel><Computer>DESKTOP-0QN63TJ</Computer><Security UserID='S-1-5-18'/></System><EventData><Data Name='RuleName'>-</Data><Data Name='UtcTime'>2023-05-17 12:02:10.478</Data><Data Name='ProcessGuid'>{4158b3ab-9046-6463-3400-000000000c00}</Data><Data Name='ProcessId'>2152</Data><Data Name='Image'>C:\Windows\System32\svchost.exe</Data><Data Name='User'>NT AUTHORITY\NETWORK SERVICE</Data><Data Name='Protocol'>udp</Data><Data Name='Initiated'>true</Data><Data Name='SourceIsIpv6'>false</Data><Data Name='SourceIp'>192.168.2.202</Data><Data Name='SourceHostname'>DESKTOP-0QN63TJ</Data><Data Name='SourcePort'>56842</Data><Data Name='SourcePortName'>-</Data><Data Name='DestinationIsIpv6'>false</Data><Data Name='DestinationIp'>8.8.8.8</Data><Data Name='DestinationHostname'>-</Data><Data Name='DestinationPort'>53</Data><Data Name='DestinationPortName'>domain</Data></EventData></Event></Events>
<Events><Event xmlns='http://schemas.microsoft.com/win/2004/08/events/event'><System><Provider Name='Microsoft-Windows-Sysmon' Guid='{5770385f-c22a-43e0-bf4c-06f5698ffbd9}'/><EventID>3</EventID><Version>5</Version><Level>4</Level><Task>3</Task><Opcode>0</Opcode><Keywords>0x8000000000000000</Keywords><TimeCreated SystemTime='2023-05-17T12:11:51.8858852Z'/><EventRecordID>16298</EventRecordID><Correlation/><Execution ProcessID='2900' ThreadID='3892'/><Channel>Microsoft-Windows-Sysmon/Operational</Channel><Computer>DESKTOP-0QN63TJ</Computer><Security UserID='S-1-5-18'/></System><EventData><Data Name='RuleName'>-</Data><Data Name='UtcTime'>2023-05-17 12:02:10.476</Data><Data Name='ProcessGuid'>{4158b3ab-9046-6463-3400-000000000c00}</Data><Data Name='ProcessId'>2152</Data><Data Name='Image'>C:\Windows\System32\svchost.exe</Data><Data Name='User'>NT AUTHORITY\NETWORK SERVICE</Data><Data Name='Protocol'>udp</Data><Data Name='Initiated'>true</Data><Data Name='SourceIsIpv6'>false</Data><Data Name='SourceIp'>192.168.2.202</Data><Data Name='SourceHostname'>DESKTOP-0QN63TJ</Data><Data Name='SourcePort'>64642</Data><Data Name='SourcePortName'>-</Data><Data Name='DestinationIsIpv6'>false</Data><Data Name='DestinationIp'>8.8.8.8</Data><Data Name='DestinationHostname'>-</Data><Data Name='DestinationPort'>53</Data><Data Name='DestinationPortName'>domain</Data></EventData></Event></Events>
<Events><Event xmlns='http://schemas.microsoft.com/win/2004/08/events/event'><System><Provider Name='Microsoft-Windows-Sysmon' Guid='{5770385f-c22a-43e0-bf4c-06f5698ffbd9}'/><EventID>3</EventID><Version>5</Version><Level>4</Level><Task>3</Task><Opcode>0</Opcode><Keywords>0x8000000000000000</Keywords><TimeCreated SystemTime='2023-05-17T12:11:51.8858626Z'/><EventRecordID>16297</EventRecordID><Correlation/><Execution ProcessID='2900' ThreadID='3892'/><Channel>Microsoft-Windows-Sysmon/Operational</Channel><Computer>DESKTOP-0QN63TJ</Computer><Security UserID='S-1-5-18'/></System><EventData><Data Name='RuleName'>-</Data><Data Name='UtcTime'>2023-05-17 12:02:10.348</Data><Data Name='ProcessGuid'>{4158b3ab-9046-6463-3400-000000000c00}</Data><Data Name='ProcessId'>2152</Data><Data Name='Image'>C:\Windows\System32\svchost.exe</Data><Data Name='User'>NT AUTHORITY\NETWORK SERVICE</Data><Data Name='Protocol'>tcp</Data><Data Name='Initiated'>true</Data><Data Name='SourceIsIpv6'>false</Data><Data Name='SourceIp'>192.168.2.202</Data><Data Name='SourceHostname'>DESKTOP-0QN63TJ</Data><Data Name='SourcePort'>55701</Data><Data Name='SourcePortName'>-</Data><Data Name='DestinationIsIpv6'>false</Data><Data Name='DestinationIp'>8.8.8.8</Data><Data Name='DestinationHostname'>-</Data><Data Name='DestinationPort'>53</Data><Data Name='DestinationPortName'>domain</Data></EventData></Event></Events>
<Events><Event xmlns='http://schemas.microsoft.com/win/2004/08/events/event'><System><Provider Name='Microsoft-Windows-Sysmon' Guid='{5770385f-c22a-43e0-bf4c-06f5698ffbd9}'/><EventID>3</EventID><Version>5</Version><Level>4</Level><Task>3</Task><Opcode>0</Opcode><Keywords>0x8000000000000000</Keywords><TimeCreated SystemTime='2023-05-17T12:11:51.6264517Z'/><EventRecordID>16296</EventRecordID><Correlation/><Execution ProcessID='2900' ThreadID='3892'/><Channel>Microsoft-Windows-Sysmon/Operational</Channel><Computer>DESKTOP-0QN63TJ</Computer><Security UserID='S-1-5-18'/></System><EventData><Data Name='RuleName'>-</Data><Data Name='UtcTime'>2023-05-17 12:02:10.258</Data><Data Name='ProcessGuid'>{4158b3ab-b4b1-6464-1c02-000000000c00}</Data><Data Name='ProcessId'>1232</Data><Data Name='Image'>C:\Program Files (x86)\Internet Explorer\iexplore.exe</Data><Data Name='User'>DESKTOP-0QN63TJ\me</Data><Data Name='Protocol'>tcp</Data><Data Name='Initiated'>true</Data><Data Name='SourceIsIpv6'>false</Data><Data Name='SourceIp'>192.168.2.202</Data><Data Name='SourceHostname'>DESKTOP-0QN63TJ</Data><Data Name='SourcePort'>55769</Data><Data Name='SourcePortName'>-</Data><Data Name='DestinationIsIpv6'>false</Data><Data Name='DestinationIp'>52.85.49.104</Data><Data Name='DestinationHostname'>server-52-85-49-104.hel50.r.cloudfront.net</Data><Data Name='DestinationPort'>443</Data><Data Name='DestinationPortName'>https</Data></EventData></Event></Events>
<Events><Event xmlns='http://schemas.microsoft.com/win/2004/08/events/event'><System><Provider Name='Microsoft-Windows-Sysmon' Guid='{5770385f-c22a-43e0-bf4c-06f5698ffbd9}'/><EventID>3</EventID><Version>5</Version><Level>4</Level><Task>3</Task><Opcode>0</Opcode><Keywords>0x8000000000000000</Keywords><TimeCreated SystemTime='2023-05-17T12:11:51.6264440Z'/><EventRecordID>16295</EventRecordID><Correlation/><Execution ProcessID='2900' ThreadID='3892'/><Channel>Microsoft-Windows-Sysmon/Operational</Channel><Computer>DESKTOP-0QN63TJ</Computer><Security UserID='S-1-5-18'/></System><EventData><Data Name='RuleName'>-</Data><Data Name='UtcTime'>2023-05-17 12:02:10.257</Data><Data Name='ProcessGuid'>{4158b3ab-b4b1-6464-1c02-000000000c00}</Data><Data Name='ProcessId'>1232</Data><Data Name='Image'>C:\Program Files (x86)\Internet Explorer\iexplore.exe</Data><Data Name='User'>DESKTOP-0QN63TJ\me</Data><Data Name='Protocol'>tcp</Data><Data Name='Initiated'>true</Data><Data Name='SourceIsIpv6'>false</Data><Data Name='SourceIp'>192.168.2.202</Data><Data Name='SourceHostname'>DESKTOP-0QN63TJ</Data><Data Name='SourcePort'>55768</Data><Data Name='SourcePortName'>-</Data><Data Name='DestinationIsIpv6'>false</Data><Data Name='DestinationIp'>52.85.49.104</Data><Data Name='DestinationHostname'>server-52-85-49-104.hel50.r.cloudfront.net</Data><Data Name='DestinationPort'>443</Data><Data Name='DestinationPortName'>https</Data></EventData></Event></Events>
<Events><Event xmlns='http://schemas.microsoft.com/win/2004/08/events/event'><System><Provider Name='Microsoft-Windows-Sysmon' Guid='{5770385f-c22a-43e0-bf4c-06f5698ffbd9}'/><EventID>3</EventID><Version>5</Version><Level>4</Level><Task>3</Task><Opcode>0</Opcode><Keywords>0x8000000000000000</Keywords><TimeCreated SystemTime='2023-05-17T12:11:52.9415716Z'/><EventRecordID>16309</EventRecordID><Correlation/><Execution ProcessID='2900' ThreadID='3892'/><Channel>Microsoft-Windows-Sysmon/Operational</Channel><Computer>DESKTOP-0QN63TJ</Computer><Security UserID='S-1-5-18'/></System><EventData><Data Name='RuleName'>-</Data><Data Name='UtcTime'>2023-05-17 12:02:11.240</Data><Data Name='ProcessGuid'>{4158b3ab-b4b1-6464-1c02-000000000c00}</Data><Data Name='ProcessId'>1232</Data><Data Name='Image'>C:\Program Files (x86)\Internet Explorer\iexplore.exe</Data><Data Name='User'>DESKTOP-0QN63TJ\me</Data><Data Name='Protocol'>tcp</Data><Data Name='Initiated'>true</Data><Data Name='SourceIsIpv6'>false</Data><Data Name='SourceIp'>192.168.2.202</Data><Data Name='SourceHostname'>DESKTOP-0QN63TJ</Data><Data Name='SourcePort'>55707</Data><Data Name='SourcePortName'>-</Data><Data Name='DestinationIsIpv6'>false</Data><Data Name='DestinationIp'>185.89.210.101</Data><Data Name='DestinationHostname'>953.bm-nginx-loadbalancer.mgmt.ams3.adnexus.net</Data><Data Name='DestinationPort'>443</Data><Data Name='DestinationPortName'>https</Data></EventData></Event></Events>
<Events><Event xmlns='http://schemas.microsoft.com/win/2004/08/events/event'><System><Provider Name='Microsoft-Windows-Sysmon' Guid='{5770385f-c22a-43e0-bf4c-06f5698ffbd9}'/><EventID>3</EventID><Version>5</Version><Level>4</Level><Task>3</Task><Opcode>0</Opcode><Keywords>0x8000000000000000</Keywords><TimeCreated SystemTime='2023-05-17T12:11:52.9415634Z'/><EventRecordID>16308</EventRecordID><Correlation/><Execution ProcessID='2900' ThreadID='3892'/><Channel>Microsoft-Windows-Sysmon/Operational</Channel><Computer>DESKTOP-0QN63TJ</Computer><Security UserID='S-1-5-18'/></System><EventData><Data Name='RuleName'>-</Data><Data Name='UtcTime'>2023-05-17 12:02:11.240</Data><Data Name='ProcessGuid'>{4158b3ab-b4b1-6464-1c02-000000000c00}</Data><Data Name='ProcessId'>1232</Data><Data Name='Image'>C:\Program Files (x86)\Internet Explorer\iexplore.exe</Data><Data Name='User'>DESKTOP-0QN63TJ\me</Data><Data Name='Protocol'>tcp</Data><Data Name='Initiated'>true</Data><Data Name='SourceIsIpv6'>false</Data><Data Name='SourceIp'>192.168.2.202</Data><Data Name='SourceHostname'>DESKTOP-0QN63TJ</Data><Data Name='SourcePort'>55706</Data><Data Name='SourcePortName'>-</Data><Data Name='DestinationIsIpv6'>false</Data><Data Name='DestinationIp'>185.89.210.101</Data><Data Name='DestinationHostname'>953.bm-nginx-loadbalancer.mgmt.ams3.adnexus.net</Data><Data Name='DestinationPort'>443</Data><Data Name='DestinationPortName'>https</Data></EventData></Event></Events>
<Events><Event xmlns='http://schemas.microsoft.com/win/2004/08/events/event'><System><Provider Name='Microsoft-Windows-Sysmon' Guid='{5770385f-c22a-43e0-bf4c-06f5698ffbd9}'/><EventID>3</EventID><Version>5</Version><Level>4</Level><Task>3</Task><Opcode>0</Opcode><Keywords>0x8000000000000000</Keywords><TimeCreated SystemTime='2023-05-17T12:11:52.9415529Z'/><EventRecordID>16307</EventRecordID><Correlation/><Execution ProcessID='2900' ThreadID='3892'/><Channel>Microsoft-Windows-Sysmon/Operational</Channel><Computer>DESKTOP-0QN63TJ</Computer><Security UserID='S-1-5-18'/></System><EventData><Data Name='RuleName'>-</Data><Data Name='UtcTime'>2023-05-17 12:02:11.196</Data><Data Name='ProcessGuid'>{4158b3ab-b4b1-6464-1c02-000000000c00}</Data><Data Name='ProcessId'>1232</Data><Data Name='Image'>C:\Program Files (x86)\Internet Explorer\iexplore.exe</Data><Data Name='User'>DESKTOP-0QN63TJ\me</Data><Data Name='Protocol'>tcp</Data><Data Name='Initiated'>true</Data><Data Name='SourceIsIpv6'>false</Data><Data Name='SourceIp'>192.168.2.202</Data><Data Name='SourceHostname'>DESKTOP-0QN63TJ</Data><Data Name='SourcePort'>55704</Data><Data Name='SourcePortName'>-</Data><Data Name='DestinationIsIpv6'>false</Data><Data Name='DestinationIp'>185.255.84.152</Data><Data Name='DestinationHostname'>-</Data><Data Name='DestinationPort'>443</Data><Data Name='DestinationPortName'>https</Data></EventData></Event></Events>
<Events><Event xmlns='http://schemas.microsoft.com/win/2004/08/events/event'><System><Provider Name='Microsoft-Windows-Sysmon' Guid='{5770385f-c22a-43e0-bf4c-06f5698ffbd9}'/><EventID>3</EventID><Version>5</Version><Level>4</Level><Task>3</Task><Opcode>0</Opcode><Keywords>0x8000000000000000</Keywords><TimeCreated SystemTime='2023-05-17T12:11:52.9415291Z'/><EventRecordID>16306</EventRecordID><Correlation/><Execution ProcessID='2900' ThreadID='3892'/><Channel>Microsoft-Windows-Sysmon/Operational</Channel><Computer>DESKTOP-0QN63TJ</Computer><Security UserID='S-1-5-18'/></System><EventData><Data Name='RuleName'>-</Data><Data Name='UtcTime'>2023-05-17 12:02:11.195</Data><Data Name='ProcessGuid'>{4158b3ab-b4b1-6464-1c02-000000000c00}</Data><Data Name='ProcessId'>1232</Data><Data Name='Image'>C:\Program Files (x86)\Internet Explorer\iexplore.exe</Data><Data Name='User'>DESKTOP-0QN63TJ\me</Data><Data Name='Protocol'>tcp</Data><Data Name='Initiated'>true</Data><Data Name='SourceIsIpv6'>false</Data><Data Name='SourceIp'>192.168.2.202</Data><Data Name='SourceHostname'>DESKTOP-0QN63TJ</Data><Data Name='SourcePort'>55705</Data><Data Name='SourcePortName'>-</Data><Data Name='DestinationIsIpv6'>false</Data><Data Name='DestinationIp'>185.255.84.152</Data><Data Name='DestinationHostname'>-</Data><Data Name='DestinationPort'>443</Data><Data Name='DestinationPortName'>https</Data></EventData></Event></Events>
<Events><Event xmlns='http://schemas.microsoft.com/win/2004/08/events/event'><System><Provider Name='Microsoft-Windows-Sysmon' Guid='{5770385f-c22a-43e0-bf4c-06f5698ffbd9}'/><EventID>3</EventID><Version>5</Version><Level>4</Level><Task>3</Task><Opcode>0</Opcode><Keywords>0x8000000000000000</Keywords><TimeCreated SystemTime='2023-05-17T12:11:52.6727617Z'/><EventRecordID>16305</EventRecordID><Correlation/><Execution ProcessID='2900' ThreadID='3892'/><Channel>Microsoft-Windows-Sysmon/Operational</Channel><Computer>DESKTOP-0QN63TJ</Computer><Security UserID='S-1-5-18'/></System><EventData><Data Name='RuleName'>-</Data><Data Name='UtcTime'>2023-05-17 12:02:11.105</Data><Data Name='ProcessGuid'>{4158b3ab-9046-6463-3400-000000000c00}</Data><Data Name='ProcessId'>2152</Data><Data Name='Image'>C:\Windows\System32\svchost.exe</Data><Data Name='User'>NT AUTHORITY\NETWORK SERVICE</Data><Data Name='Protocol'>udp</Data><Data Name='Initiated'>true</Data><Data Name='SourceIsIpv6'>false</Data><Data Name='SourceIp'>192.168.2.202</Data><Data Name='SourceHostname'>DESKTOP-0QN63TJ</Data><Data Name='SourcePort'>62723</Data><Data Name='SourcePortName'>-</Data><Data Name='DestinationIsIpv6'>false</Data><Data Name='DestinationIp'>8.8.8.8</Data><Data Name='DestinationHostname'>-</Data><Data Name='DestinationPort'>53</Data><Data Name='DestinationPortName'>domain</Data></EventData></Event></Events>
<Events><Event xmlns='http://schemas.microsoft.com/win/2004/08/events/event'><System><Provider Name='Microsoft-Windows-Sysmon' Guid='{5770385f-c22a-43e0-bf4c-06f5698ffbd9}'/><EventID>3</EventID><Version>5</Version><Level>4</Level><Task>3</Task><Opcode>0</Opcode><Keywords>0x8000000000000000</Keywords><TimeCreated SystemTime='2023-05-17T12:11:54.2346511Z'/><EventRecordID>16321</EventRecordID><Correlation/><Execution ProcessID='2900' ThreadID='3892'/><Channel>Microsoft-Windows-Sysmon/Operational</Channel><Computer>DESKTOP-0QN63TJ</Computer><Security UserID='S-1-5-18'/></System><EventData><Data Name='RuleName'>-</Data><Data Name='UtcTime'>2023-05-17 12:02:12.666</Data><Data Name='ProcessGuid'>{4158b3ab-b4b1-6464-1c02-000000000c00}</Data><Data Name='ProcessId'>1232</Data><Data Name='Image'>C:\Program Files (x86)\Internet Explorer\iexplore.exe</Data><Data Name='User'>DESKTOP-0QN63TJ\me</Data><Data Name='Protocol'>tcp</Data><Data Name='Initiated'>true</Data><Data Name='SourceIsIpv6'>false</Data><Data Name='SourceIp'>192.168.2.202</Data><Data Name='SourceHostname'>DESKTOP-0QN63TJ</Data><Data Name='SourcePort'>55715</Data><Data Name='SourcePortName'>-</Data><Data Name='DestinationIsIpv6'>false</Data><Data Name='DestinationIp'>54.229.197.230</Data><Data Name='DestinationHostname'>ec2-54-229-197-230.eu-west-1.compute.amazonaws.com</Data><Data Name='DestinationPort'>443</Data><Data Name='DestinationPortName'>https</Data></EventData></Event></Events>
<Events><Event xmlns='http://schemas.microsoft.com/win/2004/08/events/event'><System><Provider Name='Microsoft-Windows-Sysmon' Guid='{5770385f-c22a-43e0-bf4c-06f5698ffbd9}'/><EventID>3</EventID><Version>5</Version><Level>4</Level><Task>3</Task><Opcode>0</Opcode><Keywords>0x8000000000000000</Keywords><TimeCreated SystemTime='2023-05-17T12:11:54.2346308Z'/><EventRecordID>16320</EventRecordID><Correlation/><Execution ProcessID='2900' ThreadID='3892'/><Channel>Microsoft-Windows-Sysmon/Operational</Channel><Computer>DESKTOP-0QN63TJ</Computer><Security UserID='S-1-5-18'/></System><EventData><Data Name='RuleName'>-</Data><Data Name='UtcTime'>2023-05-17 12:02:12.662</Data><Data Name='ProcessGuid'>{4158b3ab-b4b1-6464-1c02-000000000c00}</Data><Data Name='ProcessId'>1232</Data><Data Name='Image'>C:\Program Files (x86)\Internet Explorer\iexplore.exe</Data><Data Name='User'>DESKTOP-0QN63TJ\me</Data><Data Name='Protocol'>tcp</Data><Data Name='Initiated'>true</Data><Data Name='SourceIsIpv6'>false</Data><Data Name='SourceIp'>192.168.2.202</Data><Data Name='SourceHostname'>DESKTOP-0QN63TJ</Data><Data Name='SourcePort'>55714</Data><Data Name='SourcePortName'>-</Data><Data Name='DestinationIsIpv6'>false</Data><Data Name='DestinationIp'>54.229.197.230</Data><Data Name='DestinationHostname'>ec2-54-229-197-230.eu-west-1.compute.amazonaws.com</Data><Data Name='DestinationPort'>443</Data><Data Name='DestinationPortName'>https</Data></EventData></Event></Events>
<Events><Event xmlns='http://schemas.microsoft.com/win/2004/08/events/event'><System><Provider Name='Microsoft-Windows-Sysmon' Guid='{5770385f-c22a-43e0-bf4c-06f5698ffbd9}'/><EventID>3</EventID><Version>5</Version><Level>4</Level><Task>3</Task><Opcode>0</Opcode><Keywords>0x8000000000000000</Keywords><TimeCreated SystemTime='2023-05-17T12:11:53.9689697Z'/><EventRecordID>16319</EventRecordID><Correlation/><Execution ProcessID='2900' ThreadID='3892'/><Channel>Microsoft-Windows-Sysmon/Operational</Channel><Computer>DESKTOP-0QN63TJ</Computer><Security UserID='S-1-5-18'/></System><EventData><Data Name='RuleName'>-</Data><Data Name='UtcTime'>2023-05-17 12:02:12.495</Data><Data Name='ProcessGuid'>{4158b3ab-9046-6463-3400-000000000c00}</Data><Data Name='ProcessId'>2152</Data><Data Name='Image'>C:\Windows\System32\svchost.exe</Data><Data Name='User'>NT AUTHORITY\NETWORK SERVICE</Data><Data Name='Protocol'>udp</Data><Data Name='Initiated'>true</Data><Data Name='SourceIsIpv6'>false</Data><Data Name='SourceIp'>192.168.2.202</Data><Data Name='SourceHostname'>DESKTOP-0QN63TJ</Data><Data Name='SourcePort'>59339</Data><Data Name='SourcePortName'>-</Data><Data Name='DestinationIsIpv6'>false</Data><Data Name='DestinationIp'>8.8.8.8</Data><Data Name='DestinationHostname'>-</Data><Data Name='DestinationPort'>53</Data><Data Name='DestinationPortName'>domain</Data></EventData></Event></Events>
<Events><Event xmlns='http://schemas.microsoft.com/win/2004/08/events/event'><System><Provider Name='Microsoft-Windows-Sysmon' Guid='{5770385f-c22a-43e0-bf4c-06f5698ffbd9}'/><EventID>3</EventID><Version>5</Version><Level>4</Level><Task>3</Task><Opcode>0</Opcode><Keywords>0x8000000000000000</Keywords><TimeCreated SystemTime='2023-05-17T12:11:53.9689627Z'/><EventRecordID>16318</EventRecordID><Correlation/><Execution ProcessID='2900' ThreadID='3892'/><Channel>Microsoft-Windows-Sysmon/Operational</Channel><Computer>DESKTOP-0QN63TJ</Computer><Security UserID='S-1-5-18'/></System><EventData><Data Name='RuleName'>-</Data><Data Name='UtcTime'>2023-05-17 12:02:12.261</Data><Data Name='ProcessGuid'>{4158b3ab-b4b1-6464-1c02-000000000c00}</Data><Data Name='ProcessId'>1232</Data><Data Name='Image'>C:\Program Files (x86)\Internet Explorer\iexplore.exe</Data><Data Name='User'>DESKTOP-0QN63TJ\me</Data><Data Name='Protocol'>tcp</Data><Data Name='Initiated'>true</Data><Data Name='SourceIsIpv6'>false</Data><Data Name='SourceIp'>192.168.2.202</Data><Data Name='SourceHostname'>DESKTOP-0QN63TJ</Data><Data Name='SourcePort'>55713</Data><Data Name='SourcePortName'>-</Data><Data Name='DestinationIsIpv6'>false</Data><Data Name='DestinationIp'>184.50.200.23</Data><Data Name='DestinationHostname'>a184-50-200-23.deploy.static.akamaitechnologies.com</Data><Data Name='DestinationPort'>443</Data><Data Name='DestinationPortName'>https</Data></EventData></Event></Events>
<Events><Event xmlns='http://schemas.microsoft.com/win/2004/08/events/event'><System><Provider Name='Microsoft-Windows-Sysmon' Guid='{5770385f-c22a-43e0-bf4c-06f5698ffbd9}'/><EventID>3</EventID><Version>5</Version><Level>4</Level><Task>3</Task><Opcode>0</Opcode><Keywords>0x8000000000000000</Keywords><TimeCreated SystemTime='2023-05-17T12:11:53.9689568Z'/><EventRecordID>16317</EventRecordID><Correlation/><Execution ProcessID='2900' ThreadID='3892'/><Channel>Microsoft-Windows-Sysmon/Operational</Channel><Computer>DESKTOP-0QN63TJ</Computer><Security UserID='S-1-5-18'/></System><EventData><Data Name='RuleName'>-</Data><Data Name='UtcTime'>2023-05-17 12:02:12.249</Data><Data Name='ProcessGuid'>{4158b3ab-b4b1-6464-1c02-000000000c00}</Data><Data Name='ProcessId'>1232</Data><Data Name='Image'>C:\Program Files (x86)\Internet Explorer\iexplore.exe</Data><Data Name='User'>DESKTOP-0QN63TJ\me</Data><Data Name='Protocol'>tcp</Data><Data Name='Initiated'>true</Data><Data Name='SourceIsIpv6'>false</Data><Data Name='SourceIp'>192.168.2.202</Data><Data Name='SourceHostname'>DESKTOP-0QN63TJ</Data><Data Name='SourcePort'>55712</Data><Data Name='SourcePortName'>-</Data><Data Name='DestinationIsIpv6'>false</Data><Data Name='DestinationIp'>184.50.200.23</Data><Data Name='DestinationHostname'>a184-50-200-23.deploy.static.akamaitechnologies.com</Data><Data Name='DestinationPort'>443</Data><Data Name='DestinationPortName'>https</Data></EventData></Event></Events>
<Events><Event xmlns='http://schemas.microsoft.com/win/2004/08/events/event'><System><Provider Name='Microsoft-Windows-Sysmon' Guid='{5770385f-c22a-43e0-bf4c-06f5698ffbd9}'/><EventID>3</EventID><Version>5</Version><Level>4</Level><Task>3</Task><Opcode>0</Opcode><Keywords>0x8000000000000000</Keywords><TimeCreated SystemTime='2023-05-17T12:11:53.9689495Z'/><EventRecordID>16316</EventRecordID><Correlation/><Execution ProcessID='2900' ThreadID='3892'/><Channel>Microsoft-Windows-Sysmon/Operational</Channel><Computer>DESKTOP-0QN63TJ</Computer><Security UserID='S-1-5-18'/></System><EventData><Data Name='RuleName'>-</Data><Data Name='UtcTime'>2023-05-17 12:02:12.245</Data><Data Name='ProcessGuid'>{4158b3ab-b4b1-6464-1c02-000000000c00}</Data><Data Name='ProcessId'>1232</Data><Data Name='Image'>C:\Program Files (x86)\Internet Explorer\iexplore.exe</Data><Data Name='User'>DESKTOP-0QN63TJ\me</Data><Data Name='Protocol'>tcp</Data><Data Name='Initiated'>true</Data><Data Name='SourceIsIpv6'>false</Data><Data Name='SourceIp'>192.168.2.202</Data><Data Name='SourceHostname'>DESKTOP-0QN63TJ</Data><Data Name='SourcePort'>55709</Data><Data Name='SourcePortName'>-</Data><Data Name='DestinationIsIpv6'>false</Data><Data Name='DestinationIp'>204.79.197.200</Data><Data Name='DestinationHostname'>a-0001.a-msedge.net</Data><Data Name='DestinationPort'>443</Data><Data Name='DestinationPortName'>https</Data></EventData></Event></Events>
