<Events><Event xmlns='http://schemas.microsoft.com/win/2004/08/events/event'><System><Provider Name='Microsoft-Windows-Sysmon' Guid='{5770385f-c22a-43e0-bf4c-06f5698ffbd9}'/><EventID>3</EventID><Version>5</Version><Level>4</Level><Task>3</Task><Opcode>0</Opcode><Keywords>0x8000000000000000</Keywords><TimeCreated SystemTime='2023-05-17T11:37:38.6081245Z'/><EventRecordID>15935</EventRecordID><Correlation/><Execution ProcessID='2900' ThreadID='3892'/><Channel>Microsoft-Windows-Sysmon/Operational</Channel><Computer>DESKTOP-0QN63TJ</Computer><Security UserID='S-1-5-18'/></System><EventData><Data Name='RuleName'>-</Data><Data Name='UtcTime'>2023-05-17 11:27:54.373</Data><Data Name='ProcessGuid'>{4158b3ab-9046-6463-3400-000000000c00}</Data><Data Name='ProcessId'>2152</Data><Data Name='Image'>C:\Windows\System32\svchost.exe</Data><Data Name='User'>NT AUTHORITY\NETWORK SERVICE</Data><Data Name='Protocol'>udp</Data><Data Name='Initiated'>false</Data><Data Name='SourceIsIpv6'>false</Data><Data Name='SourceIp'>224.0.0.251</Data><Data Name='SourceHostname'>-</Data><Data Name='SourcePort'>5353</Data><Data Name='SourcePortName'>-</Data><Data Name='DestinationIsIpv6'>false</Data><Data Name='DestinationIp'>192.168.2.218</Data><Data Name='DestinationHostname'>-</Data><Data Name='DestinationPort'>5353</Data><Data Name='DestinationPortName'>-</Data></EventData></Event></Events>
<Events><Event xmlns='http://schemas.microsoft.com/win/2004/08/events/event'><System><Provider Name='Microsoft-Windows-Sysmon' Guid='{5770385f-c22a-43e0-bf4c-06f5698ffbd9}'/><EventID>3</EventID><Version>5</Version><Level>4</Level><Task>3</Task><Opcode>0</Opcode><Keywords>0x8000000000000000</Keywords><TimeCreated SystemTime='2023-05-17T11:39:03.4989504Z'/><EventRecordID>15939</EventRecordID><Correlation/><Execution ProcessID='2900' ThreadID='3892'/><Channel>Microsoft-Windows-Sysmon/Operational</Channel><Computer>DESKTOP-0QN63TJ</Computer><Security UserID='S-1-5-18'/></System><EventData><Data Name='RuleName'>-</Data><Data Name='UtcTime'>2023-05-17 11:29:19.778</Data><Data Name='ProcessGuid'>{4158b3ab-9046-6463-3400-000000000c00}</Data><Data Name='ProcessId'>2152</Data><Data Name='Image'>C:\Windows\System32\svchost.exe</Data><Data Name='User'>NT AUTHORITY\NETWORK SERVICE</Data><Data Name='Protocol'>udp</Data><Data Name='Initiated'>false</Data><Data Name='SourceIsIpv6'>false</Data><Data Name='SourceIp'>224.0.0.251</Data><Data Name='SourceHostname'>-</Data><Data Name='SourcePort'>5353</Data><Data Name='SourcePortName'>-</Data><Data Name='DestinationIsIpv6'>false</Data><Data Name='DestinationIp'>192.168.2.201</Data><Data Name='DestinationHostname'>yandex-mini2</Data><Data Name='DestinationPort'>5353</Data><Data Name='DestinationPortName'>-</Data></EventData></Event></Events>
<Events><Event xmlns='http://schemas.microsoft.com/win/2004/08/events/event'><System><Provider Name='Microsoft-Windows-Sysmon' Guid='{5770385f-c22a-43e0-bf4c-06f5698ffbd9}'/><EventID>3</EventID><Version>5</Version><Level>4</Level><Task>3</Task><Opcode>0</Opcode><Keywords>0x8000000000000000</Keywords><TimeCreated SystemTime='2023-05-17T11:40:58.4204035Z'/><EventRecordID>15940</EventRecordID><Correlation/><Execution ProcessID='2900' ThreadID='3892'/><Channel>Microsoft-Windows-Sysmon/Operational</Channel><Computer>DESKTOP-0QN63TJ</Computer><Security UserID='S-1-5-18'/></System><EventData><Data Name='RuleName'>-</Data><Data Name='UtcTime'>2023-05-17 11:31:14.164</Data><Data Name='ProcessGuid'>{4158b3ab-905f-6463-8e00-000000000c00}</Data><Data Name='ProcessId'>4764</Data><Data Name='Image'>C:\Windows\System32\svchost.exe</Data><Data Name='User'>NT AUTHORITY\LOCAL SERVICE</Data><Data Name='Protocol'>udp</Data><Data Name='Initiated'>false</Data><Data Name='SourceIsIpv6'>false</Data><Data Name='SourceIp'>239.255.255.250</Data><Data Name='SourceHostname'>-</Data><Data Name='SourcePort'>1900</Data><Data Name='SourcePortName'>ssdp</Data><Data Name='DestinationIsIpv6'>false</Data><Data Name='DestinationIp'>192.168.2.1</Data><Data Name='DestinationHostname'>RT-AC58U-42A4</Data><Data Name='DestinationPort'>49667</Data><Data Name='DestinationPortName'>-</Data></EventData></Event></Events>
<Events><Event xmlns='http://schemas.microsoft.com/win/2004/08/events/event'><System><Provider Name='Microsoft-Windows-Sysmon' Guid='{5770385f-c22a-43e0-bf4c-06f5698ffbd9}'/><EventID>3</EventID><Version>5</Version><Level>4</Level><Task>3</Task><Opcode>0</Opcode><Keywords>0x8000000000000000</Keywords><TimeCreated SystemTime='2023-05-17T11:41:43.8919514Z'/><EventRecordID>15943</EventRecordID><Correlation/><Execution ProcessID='2900' ThreadID='3892'/><Channel>Microsoft-Windows-Sysmon/Operational</Channel><Computer>DESKTOP-0QN63TJ</Computer><Security UserID='S-1-5-18'/></System><EventData><Data Name='RuleName'>-</Data><Data Name='UtcTime'>2023-05-17 11:31:59.937</Data><Data Name='ProcessGuid'>{4158b3ab-9051-6463-6500-000000000c00}</Data><Data Name='ProcessId'>4460</Data><Data Name='Image'>C:\Windows\System32\svchost.exe</Data><Data Name='User'>DESKTOP-0QN63TJ\me</Data><Data Name='Protocol'>tcp</Data><Data Name='Initiated'>true</Data><Data Name='SourceIsIpv6'>false</Data><Data Name='SourceIp'>192.168.2.202</Data><Data Name='SourceHostname'>DESKTOP-0QN63TJ</Data><Data Name='SourcePort'>55636</Data><Data Name='SourcePortName'>-</Data><Data Name='DestinationIsIpv6'>false</Data><Data Name='DestinationIp'>23.46.122.108</Data><Data Name='DestinationHostname'>a23-46-122-108.deploy.static.akamaitechnologies.com</Data><Data Name='DestinationPort'>80</Data><Data Name='DestinationPortName'>http</Data></EventData></Event></Events>
<Events><Event xmlns='http://schemas.microsoft.com/win/2004/08/events/event'><System><Provider Name='Microsoft-Windows-Sysmon' Guid='{5770385f-c22a-43e0-bf4c-06f5698ffbd9}'/><EventID>3</EventID><Version>5</Version><Level>4</Level><Task>3</Task><Opcode>0</Opcode><Keywords>0x8000000000000000</Keywords><TimeCreated SystemTime='2023-05-17T11:41:43.8918644Z'/><EventRecordID>15942</EventRecordID><Correlation/><Execution ProcessID='2900' ThreadID='3892'/><Channel>Microsoft-Windows-Sysmon/Operational</Channel><Computer>DESKTOP-0QN63TJ</Computer><Security UserID='S-1-5-18'/></System><EventData><Data Name='RuleName'>-</Data><Data Name='UtcTime'>2023-05-17 11:31:59.821</Data><Data Name='ProcessGuid'>{4158b3ab-9046-6463-3400-000000000c00}</Data><Data Name='ProcessId'>2152</Data><Data Name='Image'>C:\Windows\System32\svchost.exe</Data><Data Name='User'>NT AUTHORITY\NETWORK SERVICE</Data><Data Name='Protocol'>udp</Data><Data Name='Initiated'>true</Data><Data Name='SourceIsIpv6'>false</Data><Data Name='SourceIp'>192.168.2.202</Data><Data Name='SourceHostname'>DESKTOP-0QN63TJ</Data><Data Name='SourcePort'>52979</Data><Data Name='SourcePortName'>-</Data><Data Name='DestinationIsIpv6'>false</Data><Data Name='DestinationIp'>8.8.8.8</Data><Data Name='DestinationHostname'>-</Data><Data Name='DestinationPort'>53</Data><Data Name='DestinationPortName'>domain</Data></EventData></Event></Events>
<Events><Event xmlns='http://schemas.microsoft.com/win/2004/08/events/event'><System><Provider Name='Microsoft-Windows-Sysmon' Guid='{5770385f-c22a-43e0-bf4c-06f5698ffbd9}'/><EventID>3</EventID><Version>5</Version><Level>4</Level><Task>3</Task><Opcode>0</Opcode><Keywords>0x8000000000000000</Keywords><TimeCreated SystemTime='2023-05-17T11:41:48.7528986Z'/><EventRecordID>15962</EventRecordID><Correlation/><Execution ProcessID='2900' ThreadID='3892'/><Channel>Microsoft-Windows-Sysmon/Operational</Channel><Computer>DESKTOP-0QN63TJ</Computer><Security UserID='S-1-5-18'/></System><EventData><Data Name='RuleName'>-</Data><Data Name='UtcTime'>2023-05-17 11:32:05.324</Data><Data Name='ProcessGuid'>{4158b3ab-b4b1-6464-1c02-000000000c00}</Data><Data Name='ProcessId'>1232</Data><Data Name='Image'>C:\Program Files (x86)\Internet Explorer\iexplore.exe</Data><Data Name='User'>DESKTOP-0QN63TJ\me</Data><Data Name='Protocol'>tcp</Data><Data Name='Initiated'>true</Data><Data Name='SourceIsIpv6'>false</Data><Data Name='SourceIp'>192.168.2.202</Data><Data Name='SourceHostname'>DESKTOP-0QN63TJ</Data><Data Name='SourcePort'>55654</Data><Data Name='SourcePortName'>-</Data><Data Name='DestinationIsIpv6'>false</Data><Data Name='DestinationIp'>13.107.42.14</Data><Data Name='DestinationHostname'>-</Data><Data Name='DestinationPort'>443</Data><Data Name='DestinationPortName'>https</Data></EventData></Event></Events>
<Events><Event xmlns='http://schemas.microsoft.com/win/2004/08/events/event'><System><Provider Name='Microsoft-Windows-Sysmon' Guid='{5770385f-c22a-43e0-bf4c-06f5698ffbd9}'/><EventID>3</EventID><Version>5</Version><Level>4</Level><Task>3</Task><Opcode>0</Opcode><Keywords>0x8000000000000000</Keywords><TimeCreated SystemTime='2023-05-17T11:41:48.4720425Z'/><EventRecordID>15961</EventRecordID><Correlation/><Execution ProcessID='2900' ThreadID='3892'/><Channel>Microsoft-Windows-Sysmon/Operational</Channel><Computer>DESKTOP-0QN63TJ</Computer><Security UserID='S-1-5-18'/></System><EventData><Data Name='RuleName'>-</Data><Data Name='UtcTime'>2023-05-17 11:32:05.228</Data><Data Name='ProcessGuid'>{4158b3ab-b4b1-6464-1c02-000000000c00}</Data><Data Name='ProcessId'>1232</Data><Data Name='Image'>C:\Program Files (x86)\Internet Explorer\iexplore.exe</Data><Data Name='User'>DESKTOP-0QN63TJ\me</Data><Data Name='Protocol'>tcp</Data><Data Name='Initiated'>true</Data><Data Name='SourceIsIpv6'>false</Data><Data Name='SourceIp'>192.168.2.202</Data><Data Name='SourceHostname'>DESKTOP-0QN63TJ</Data><Data Name='SourcePort'>55651</Data><Data Name='SourcePortName'>-</Data><Data Name='DestinationIsIpv6'>false</Data><Data Name='DestinationIp'>52.182.143.210</Data><Data Name='DestinationHostname'>-</Data><Data Name='DestinationPort'>443</Data><Data Name='DestinationPortName'>https</Data></EventData></Event></Events>
<Events><Event xmlns='http://schemas.microsoft.com/win/2004/08/events/event'><System><Provider Name='Microsoft-Windows-Sysmon' Guid='{5770385f-c22a-43e0-bf4c-06f5698ffbd9}'/><EventID>3</EventID><Version>5</Version><Level>4</Level><Task>3</Task><Opcode>0</Opcode><Keywords>0x8000000000000000</Keywords><TimeCreated SystemTime='2023-05-17T11:41:48.4720258Z'/><EventRecordID>15960</EventRecordID><Correlation/><Execution ProcessID='2900' ThreadID='3892'/><Channel>Microsoft-Windows-Sysmon/Operational</Channel><Computer>DESKTOP-0QN63TJ</Computer><Security UserID='S-1-5-18'/></System><EventData><Data Name='RuleName'>-</Data><Data Name='UtcTime'>2023-05-17 11:32:05.200</Data><Data Name='ProcessGuid'>{4158b3ab-b4b1-6464-1c02-000000000c00}</Data><Data Name='ProcessId'>1232</Data><Data Name='Image'>C:\Program Files (x86)\Internet Explorer\iexplore.exe</Data><Data Name='User'>DESKTOP-0QN63TJ\me</Data><Data Name='Protocol'>tcp</Data><Data Name='Initiated'>true</Data><Data Name='SourceIsIpv6'>false</Data><Data Name='SourceIp'>192.168.2.202</Data><Data Name='SourceHostname'>DESKTOP-0QN63TJ</Data><Data Name='SourcePort'>55652</Data><Data Name='SourcePortName'>-</Data><Data Name='DestinationIsIpv6'>false</Data><Data Name='DestinationIp'>185.89.210.141</Data><Data Name='DestinationHostname'>950.bm-nginx-loadbalancer.mgmt.ams3.adnexus.net</Data><Data Name='DestinationPort'>443</Data><Data Name='DestinationPortName'>https</Data></EventData></Event></Events>
<Events><Event xmlns='http://schemas.microsoft.com/win/2004/08/events/event'><System><Provider Name='Microsoft-Windows-Sysmon' Guid='{5770385f-c22a-43e0-bf4c-06f5698ffbd9}'/><EventID>3</EventID><Version>5</Version><Level>4</Level><Task>3</Task><Opcode>0</Opcode><Keywords>0x8000000000000000</Keywords><TimeCreated SystemTime='2023-05-17T11:41:47.9138348Z'/><EventRecordID>15959</EventRecordID><Correlation/><Execution ProcessID='2900' ThreadID='3892'/><Channel>Microsoft-Windows-Sysmon/Operational</Channel><Computer>DESKTOP-0QN63TJ</Computer><Security UserID='S-1-5-18'/></System><EventData><Data Name='RuleName'>-</Data><Data Name='UtcTime'>2023-05-17 11:32:04.621</Data><Data Name='ProcessGuid'>{4158b3ab-b4b1-6464-1c02-000000000c00}</Data><Data Name='ProcessId'>1232</Data><Data Name='Image'>C:\Program Files (x86)\Internet Explorer\iexplore.exe</Data><Data Name='User'>DESKTOP-0QN63TJ\me</Data><Data Name='Protocol'>tcp</Data><Data Name='Initiated'>true</Data><Data Name='SourceIsIpv6'>false</Data><Data Name='SourceIp'>192.168.2.202</Data><Data Name='SourceHostname'>DESKTOP-0QN63TJ</Data><Data Name='SourcePort'>55650</Data><Data Name='SourcePortName'>-</Data><Data Name='DestinationIsIpv6'>false</Data><Data Name='DestinationIp'>88.221.16.181</Data><Data Name='DestinationHostname'>a88-221-16-181.deploy.static.akamaitechnologies.com</Data><Data Name='DestinationPort'>443</Data><Data Name='DestinationPortName'>https</Data></EventData></Event></Events>
<Events><Event xmlns='http://schemas.microsoft.com/win/2004/08/events/event'><System><Provider Name='Microsoft-Windows-Sysmon' Guid='{5770385f-c22a-43e0-bf4c-06f5698ffbd9}'/><EventID>3</EventID><Version>5</Version><Level>4</Level><Task>3</Task><Opcode>0</Opcode><Keywords>0x8000000000000000</Keywords><TimeCreated SystemTime='2023-05-17T11:41:47.9138275Z'/><EventRecordID>15958</EventRecordID><Correlation/><Execution ProcessID='2900' ThreadID='3892'/><Channel>Microsoft-Windows-Sysmon/Operational</Channel><Computer>DESKTOP-0QN63TJ</Computer><Security UserID='S-1-5-18'/></System><EventData><Data Name='RuleName'>-</Data><Data Name='UtcTime'>2023-05-17 11:32:04.461</Data><Data Name='ProcessGuid'>{4158b3ab-9046-6463-3400-000000000c00}</Data><Data Name='ProcessId'>2152</Data><Data Name='Image'>C:\Windows\System32\svchost.exe</Data><Data Name='User'>NT AUTHORITY\NETWORK SERVICE</Data><Data Name='Protocol'>udp</Data><Data Name='Initiated'>true</Data><Data Name='SourceIsIpv6'>false</Data><Data Name='SourceIp'>192.168.2.202</Data><Data Name='SourceHostname'>DESKTOP-0QN63TJ</Data><Data Name='SourcePort'>51287</Data><Data Name='SourcePortName'>-</Data><Data Name='DestinationIsIpv6'>false</Data><Data Name='DestinationIp'>8.8.8.8</Data><Data Name='DestinationHostname'>-</Data><Data Name='DestinationPort'>53</Data><Data Name='DestinationPortName'>domain</Data></EventData></Event></Events>
<Events><Event xmlns='http://schemas.microsoft.com/win/2004/08/events/event'><System><Provider Name='Microsoft-Windows-Sysmon' Guid='{5770385f-c22a-43e0-bf4c-06f5698ffbd9}'/><EventID>3</EventID><Version>5</Version><Level>4</Level><Task>3</Task><Opcode>0</Opcode><Keywords>0x8000000000000000</Keywords><TimeCreated SystemTime='2023-05-17T11:41:47.9138192Z'/><EventRecordID>15957</EventRecordID><Correlation/><Execution ProcessID='2900' ThreadID='3892'/><Channel>Microsoft-Windows-Sysmon/Operational</Channel><Computer>DESKTOP-0QN63TJ</Computer><Security UserID='S-1-5-18'/></System><EventData><Data Name='RuleName'>-</Data><Data Name='UtcTime'>2023-05-17 11:32:04.452</Data><Data Name='ProcessGuid'>{4158b3ab-9046-6463-3400-000000000c00}</Data><Data Name='ProcessId'>2152</Data><Data Name='Image'>C:\Windows\System32\svchost.exe</Data><Data Name='User'>NT AUTHORITY\NETWORK SERVICE</Data><Data Name='Protocol'>udp</Data><Data Name='Initiated'>true</Data><Data Name='SourceIsIpv6'>false</Data><Data Name='SourceIp'>192.168.2.202</Data><Data Name='SourceHostname'>DESKTOP-0QN63TJ</Data><Data Name='SourcePort'>62495</Data><Data Name='SourcePortName'>-</Data><Data Name='DestinationIsIpv6'>false</Data><Data Name='DestinationIp'>8.8.8.8</Data><Data Name='DestinationHostname'>-</Data><Data Name='DestinationPort'>53</Data><Data Name='DestinationPortName'>domain</Data></EventData></Event></Events>
<Events><Event xmlns='http://schemas.microsoft.com/win/2004/08/events/event'><System><Provider Name='Microsoft-Windows-Sysmon' Guid='{5770385f-c22a-43e0-bf4c-06f5698ffbd9}'/><EventID>3</EventID><Version>5</Version><Level>4</Level><Task>3</Task><Opcode>0</Opcode><Keywords>0x8000000000000000</Keywords><TimeCreated SystemTime='2023-05-17T11:41:47.9138086Z'/><EventRecordID>15956</EventRecordID><Correlation/><Execution ProcessID='2900' ThreadID='3892'/><Channel>Microsoft-Windows-Sysmon/Operational</Channel><Computer>DESKTOP-0QN63TJ</Computer><Security UserID='S-1-5-18'/></System><EventData><Data Name='RuleName'>-</Data><Data Name='UtcTime'>2023-05-17 11:32:03.994</Data><Data Name='ProcessGuid'>{4158b3ab-b4b1-6464-1c02-000000000c00}</Data><Data Name='ProcessId'>1232</Data><Data Name='Image'>C:\Program Files (x86)\Internet Explorer\iexplore.exe</Data><Data Name='User'>DESKTOP-0QN63TJ\me</Data><Data Name='Protocol'>tcp</Data><Data Name='Initiated'>true</Data><Data Name='SourceIsIpv6'>false</Data><Data Name='SourceIp'>192.168.2.202</Data><Data Name='SourceHostname'>DESKTOP-0QN63TJ</Data><Data Name='SourcePort'>55644</Data><Data Name='SourcePortName'>-</Data><Data Name='DestinationIsIpv6'>false</Data><Data Name='DestinationIp'>70.42.32.63</Data><Data Name='DestinationHostname'>ny.outbrain.com</Data><Data Name='DestinationPort'>443</Data><Data Name='DestinationPortName'>https</Data></EventData></Event></Events>
<Events><Event xmlns='http://schemas.microsoft.com/win/2004/08/events/event'><System><Provider Name='Microsoft-Windows-Sysmon' Guid='{5770385f-c22a-43e0-bf4c-06f5698ffbd9}'/><EventID>3</EventID><Version>5</Version><Level>4</Level><Task>3</Task><Opcode>0</Opcode><Keywords>0x8000000000000000</Keywords><TimeCreated SystemTime='2023-05-17T11:41:47.9138015Z'/><EventRecordID>15955</EventRecordID><Correlation/><Execution ProcessID='2900' ThreadID='3892'/><Channel>Microsoft-Windows-Sysmon/Operational</Channel><Computer>DESKTOP-0QN63TJ</Computer><Security UserID='S-1-5-18'/></System><EventData><Data Name='RuleName'>-</Data><Data Name='UtcTime'>2023-05-17 11:32:03.937</Data><Data Name='ProcessGuid'>{4158b3ab-b4b1-6464-1c02-000000000c00}</Data><Data Name='ProcessId'>1232</Data><Data Name='Image'>C:\Program Files (x86)\Internet Explorer\iexplore.exe</Data><Data Name='User'>DESKTOP-0QN63TJ\me</Data><Data Name='Protocol'>tcp</Data><Data Name='Initiated'>true</Data><Data Name='SourceIsIpv6'>false</Data><Data Name='SourceIp'>192.168.2.202</Data><Data Name='SourceHostname'>DESKTOP-0QN63TJ</Data><Data Name='SourcePort'>55649</Data><Data Name='SourcePortName'>-</Data><Data Name='DestinationIsIpv6'>false</Data><Data Name='DestinationIp'>54.72.87.105</Data><Data Name='DestinationHostname'>ec2-54-72-87-105.eu-west-1.compute.amazonaws.com</Data><Data Name='DestinationPort'>443</Data><Data Name='DestinationPortName'>https</Data></EventData></Event></Events>
<Events><Event xmlns='http://schemas.microsoft.com/win/2004/08/events/event'><System><Provider Name='Microsoft-Windows-Sysmon' Guid='{5770385f-c22a-43e0-bf4c-06f5698ffbd9}'/><EventID>3</EventID><Version>5</Version><Level>4</Level><Task>3</Task><Opcode>0</Opcode><Keywords>0x8000000000000000</Keywords><TimeCreated SystemTime='2023-05-17T11:41:47.9137937Z'/><EventRecordID>15954</EventRecordID><Correlation/><Execution ProcessID='2900' ThreadID='3892'/><Channel>Microsoft-Windows-Sysmon/Operational</Channel><Computer>DESKTOP-0QN63TJ</Computer><Security UserID='S-1-5-18'/></System><EventData><Data Name='RuleName'>-</Data><Data Name='UtcTime'>2023-05-17 11:32:03.929</Data><Data Name='ProcessGuid'>{4158b3ab-b4b1-6464-1c02-000000000c00}</Data><Data Name='ProcessId'>1232</Data><Data Name='Image'>C:\Program Files (x86)\Internet Explorer\iexplore.exe</Data><Data Name='User'>DESKTOP-0QN63TJ\me</Data><Data Name='Protocol'>tcp</Data><Data Name='Initiated'>true</Data><Data Name='SourceIsIpv6'>false</Data><Data Name='SourceIp'>192.168.2.202</Data><Data Name='SourceHostname'>DESKTOP-0QN63TJ</Data><Data Name='SourcePort'>55640</Data><Data Name='SourcePortName'>-</Data><Data Name='DestinationIsIpv6'>false</Data><Data Name='DestinationIp'>68.219.88.97</Data><Data Name='DestinationHostname'>-</Data><Data Name='DestinationPort'>443</Data><Data Name='DestinationPortName'>https</Data></EventData></Event></Events>
<Events><Event xmlns='http://schemas.microsoft.com/win/2004/08/events/event'><System><Provider Name='Microsoft-Windows-Sysmon' Guid='{5770385f-c22a-43e0-bf4c-06f5698ffbd9}'/><EventID>3</EventID><Version>5</Version><Level>4</Level><Task>3</Task><Opcode>0</Opcode><Keywords>0x8000000000000000</Keywords><TimeCreated SystemTime='2023-05-17T11:41:47.9137867Z'/><EventRecordID>15953</EventRecordID><Correlation/><Execution ProcessID='2900' ThreadID='3892'/><Channel>Microsoft-Windows-Sysmon/Operational</Channel><Computer>DESKTOP-0QN63TJ</Computer><Security UserID='S-1-5-18'/></System><EventData><Data Name='RuleName'>-</Data><Data Name='UtcTime'>2023-05-17 11:32:03.925</Data><Data Name='ProcessGuid'>{4158b3ab-b4b1-6464-1c02-000000000c00}</Data><Data Name='ProcessId'>1232</Data><Data Name='Image'>C:\Program Files (x86)\Internet Explorer\iexplore.exe</Data><Data Name='User'>DESKTOP-0QN63TJ\me</Data><Data Name='Protocol'>tcp</Data><Data Name='Initiated'>true</Data><Data Name='SourceIsIpv6'>false</Data><Data Name='SourceIp'>192.168.2.202</Data><Data Name='SourceHostname'>DESKTOP-0QN63TJ</Data><Data Name='SourcePort'>55647</Data><Data Name='SourcePortName'>-</Data><Data Name='DestinationIsIpv6'>false</Data><Data Name='DestinationIp'>204.79.197.200</Data><Data Name='DestinationHostname'>a-0001.a-msedge.net</Data><Data Name='DestinationPort'>443</Data><Data Name='DestinationPortName'>https</Data></EventData></Event></Events>
<Events><Event xmlns='http://schemas.microsoft.com/win/2004/08/events/event'><System><Provider Name='Microsoft-Windows-Sysmon' Guid='{5770385f-c22a-43e0-bf4c-06f5698ffbd9}'/><EventID>3</EventID><Version>5</Version><Level>4</Level><Task>3</Task><Opcode>0</Opcode><Keywords>0x8000000000000000</Keywords><TimeCreated SystemTime='2023-05-17T11:41:49.0078354Z'/><EventRecordID>15964</EventRecordID><Correlation/><Execution ProcessID='2900' ThreadID='3892'/><Channel>Microsoft-Windows-Sysmon/Operational</Channel><Computer>DESKTOP-0QN63TJ</Computer><Security UserID='S-1-5-18'/></System><EventData><Data Name='RuleName'>-</Data><Data Name='UtcTime'>2023-05-17 11:32:05.420</Data><Data Name='ProcessGuid'>{4158b3ab-b4b1-6464-1c02-000000000c00}</Data><Data Name='ProcessId'>1232</Data><Data Name='Image'>C:\Program Files (x86)\Internet Explorer\iexplore.exe</Data><Data Name='User'>DESKTOP-0QN63TJ\me</Data><Data Name='Protocol'>tcp</Data><Data Name='Initiated'>true</Data><Data Name='SourceIsIpv6'>false</Data><Data Name='SourceIp'>192.168.2.202</Data><Data Name='SourceHostname'>DESKTOP-0QN63TJ</Data><Data Name='SourcePort'>55653</Data><Data Name='SourcePortName'>-</Data><Data Name='DestinationIsIpv6'>false</Data><Data Name='DestinationIp'>52.182.143.210</Data><Data Name='DestinationHostname'>-</Data><Data Name='DestinationPort'>443</Data><Data Name='DestinationPortName'>https</Data></EventData></Event></Events>
<Events><Event xmlns='http://schemas.microsoft.com/win/2004/08/events/event'><System><Provider Name='Microsoft-Windows-Sysmon' Guid='{5770385f-c22a-43e0-bf4c-06f5698ffbd9}'/><EventID>3</EventID><Version>5</Version><Level>4</Level><Task>3</Task><Opcode>0</Opcode><Keywords>0x8000000000000000</Keywords><TimeCreated SystemTime='2023-05-17T11:41:49.0078100Z'/><EventRecordID>15963</EventRecordID><Correlation/><Execution ProcessID='2900' ThreadID='3892'/><Channel>Microsoft-Windows-Sysmon/Operational</Channel><Computer>DESKTOP-0QN63TJ</Computer><Security UserID='S-1-5-18'/></System><EventData><Data Name='RuleName'>-</Data><Data Name='UtcTime'>2023-05-17 11:32:05.398</Data><Data Name='ProcessGuid'>{4158b3ab-b4b1-6464-1c02-000000000c00}</Data><Data Name='ProcessId'>1232</Data><Data Name='Image'>C:\Program Files (x86)\Internet Explorer\iexplore.exe</Data><Data Name='User'>DESKTOP-0QN63TJ\me</Data><Data Name='Protocol'>tcp</Data><Data Name='Initiated'>true</Data><Data Name='SourceIsIpv6'>false</Data><Data Name='SourceIp'>192.168.2.202</Data><Data Name='SourceHostname'>DESKTOP-0QN63TJ</Data><Data Name='SourcePort'>55655</Data><Data Name='SourcePortName'>-</Data><Data Name='DestinationIsIpv6'>false</Data><Data Name='DestinationIp'>52.85.49.104</Data><Data Name='DestinationHostname'>server-52-85-49-104.hel50.r.cloudfront.net</Data><Data Name='DestinationPort'>443</Data><Data Name='DestinationPortName'>https</Data></EventData></Event></Events>
<Events><Event xmlns='http://schemas.microsoft.com/win/2004/08/events/event'><System><Provider Name='Microsoft-Windows-Sysmon' Guid='{5770385f-c22a-43e0-bf4c-06f5698ffbd9}'/><EventID>3</EventID><Version>5</Version><Level>4</Level><Task>3</Task><Opcode>0</Opcode><Keywords>0x8000000000000000</Keywords><TimeCreated SystemTime='2023-05-17T11:41:50.8430744Z'/><EventRecordID>15965</EventRecordID><Correlation/><Execution ProcessID='2900' ThreadID='3892'/><Channel>Microsoft-Windows-Sysmon/Operational</Channel><Computer>DESKTOP-0QN63TJ</Computer><Security UserID='S-1-5-18'/></System><EventData><Data Name='RuleName'>-</Data><Data Name='UtcTime'>2023-05-17 11:32:07.398</Data><Data Name='ProcessGuid'>{4158b3ab-b4b1-6464-1c02-000000000c00}</Data><Data Name='ProcessId'>1232</Data><Data Name='Image'>C:\Program Files (x86)\Internet Explorer\iexplore.exe</Data><Data Name='User'>DESKTOP-0QN63TJ\me</Data><Data Name='Protocol'>tcp</Data><Data Name='Initiated'>true</Data><Data Name='SourceIsIpv6'>false</Data><Data Name='SourceIp'>192.168.2.202</Data><Data Name='SourceHostname'>DESKTOP-0QN63TJ</Data><Data Name='SourcePort'>55656</Data><Data Name='SourcePortName'>-</Data><Data Name='DestinationIsIpv6'>false</Data><Data Name='DestinationIp'>104.19.136.78</Data><Data Name='DestinationHostname'>-</Data><Data Name='DestinationPort'>443</Data><Data Name='DestinationPortName'>https</Data></EventData></Event></Events>
<Events><Event xmlns='http://schemas.microsoft.com/win/2004/08/events/event'><System><Provider Name='Microsoft-Windows-Sysmon' Guid='{5770385f-c22a-43e0-bf4c-06f5698ffbd9}'/><EventID>3</EventID><Version>5</Version><Level>4</Level><Task>3</Task><Opcode>0</Opcode><Keywords>0x8000000000000000</Keywords><TimeCreated SystemTime='2023-05-17T11:42:06.2176199Z'/><EventRecordID>15969</EventRecordID><Correlation/><Execution ProcessID='2900' ThreadID='3892'/><Channel>Microsoft-Windows-Sysmon/Operational</Channel><Computer>DESKTOP-0QN63TJ</Computer><Security UserID='S-1-5-18'/></System><EventData><Data Name='RuleName'>-</Data><Data Name='UtcTime'>2023-05-17 11:32:22.636</Data><Data Name='ProcessGuid'>{4158b3ab-9046-6463-3400-000000000c00}</Data><Data Name='ProcessId'>2152</Data><Data Name='Image'>C:\Windows\System32\svchost.exe</Data><Data Name='User'>NT AUTHORITY\NETWORK SERVICE</Data><Data Name='Protocol'>udp</Data><Data Name='Initiated'>false</Data><Data Name='SourceIsIpv6'>false</Data><Data Name='SourceIp'>224.0.0.252</Data><Data Name='SourceHostname'>-</Data><Data Name='SourcePort'>5355</Data><Data Name='SourcePortName'>llmnr</Data><Data Name='DestinationIsIpv6'>false</Data><Data Name='DestinationIp'>192.168.2.184</Data><Data Name='DestinationHostname'>-</Data><Data Name='DestinationPort'>61766</Data><Data Name='DestinationPortName'>-</Data></EventData></Event></Events>
<Events><Event xmlns='http://schemas.microsoft.com/win/2004/08/events/event'><System><Provider Name='Microsoft-Windows-Sysmon' Guid='{5770385f-c22a-43e0-bf4c-06f5698ffbd9}'/><EventID>3</EventID><Version>5</Version><Level>4</Level><Task>3</Task><Opcode>0</Opcode><Keywords>0x8000000000000000</Keywords><TimeCreated SystemTime='2023-05-17T11:42:06.2175931Z'/><EventRecordID>15968</EventRecordID><Correlation/><Execution ProcessID='2900' ThreadID='3892'/><Channel>Microsoft-Windows-Sysmon/Operational</Channel><Computer>DESKTOP-0QN63TJ</Computer><Security UserID='S-1-5-18'/></System><EventData><Data Name='RuleName'>-</Data><Data Name='UtcTime'>2023-05-17 11:32:22.636</Data><Data Name='ProcessGuid'>{4158b3ab-9046-6463-3400-000000000c00}</Data><Data Name='ProcessId'>2152</Data><Data Name='Image'>C:\Windows\System32\svchost.exe</Data><Data Name='User'>NT AUTHORITY\NETWORK SERVICE</Data><Data Name='Protocol'>udp</Data><Data Name='Initiated'>false</Data><Data Name='SourceIsIpv6'>true</Data><Data Name='SourceIp'>ff02:0:0:0:0:0:1:3</Data><Data Name='SourceHostname'>-</Data><Data Name='SourcePort'>5355</Data><Data Name='SourcePortName'>llmnr</Data><Data Name='DestinationIsIpv6'>true</Data><Data Name='DestinationIp'>fe80:0:0:0:4368:2b4b:8520:c61c</Data><Data Name='DestinationHostname'>-</Data><Data Name='DestinationPort'>61766</Data><Data Name='DestinationPortName'>-</Data></EventData></Event></Events>
<Events><Event xmlns='http://schemas.microsoft.com/win/2004/08/events/event'><System><Provider Name='Microsoft-Windows-Sysmon' Guid='{5770385f-c22a-43e0-bf4c-06f5698ffbd9}'/><EventID>3</EventID><Version>5</Version><Level>4</Level><Task>3</Task><Opcode>0</Opcode><Keywords>0x8000000000000000</Keywords><TimeCreated SystemTime='2023-05-17T11:42:07.2488431Z'/><EventRecordID>15971</EventRecordID><Correlation/><Execution ProcessID='2900' ThreadID='3892'/><Channel>Microsoft-Windows-Sysmon/Operational</Channel><Computer>DESKTOP-0QN63TJ</Computer><Security UserID='S-1-5-18'/></System><EventData><Data Name='RuleName'>-</Data><Data Name='UtcTime'>2023-05-17 11:32:23.674</Data><Data Name='ProcessGuid'>{4158b3ab-9046-6463-3400-000000000c00}</Data><Data Name='ProcessId'>2152</Data><Data Name='Image'>C:\Windows\System32\svchost.exe</Data><Data Name='User'>NT AUTHORITY\NETWORK SERVICE</Data><Data Name='Protocol'>udp</Data><Data Name='Initiated'>false</Data><Data Name='SourceIsIpv6'>false</Data><Data Name='SourceIp'>224.0.0.252</Data><Data Name='SourceHostname'>-</Data><Data Name='SourcePort'>5355</Data><Data Name='SourcePortName'>llmnr</Data><Data Name='DestinationIsIpv6'>false</Data><Data Name='DestinationIp'>192.168.2.184</Data><Data Name='DestinationHostname'>-</Data><Data Name='DestinationPort'>60913</Data><Data Name='DestinationPortName'>-</Data></EventData></Event></Events>
<Events><Event xmlns='http://schemas.microsoft.com/win/2004/08/events/event'><System><Provider Name='Microsoft-Windows-Sysmon' Guid='{5770385f-c22a-43e0-bf4c-06f5698ffbd9}'/><EventID>3</EventID><Version>5</Version><Level>4</Level><Task>3</Task><Opcode>0</Opcode><Keywords>0x8000000000000000</Keywords><TimeCreated SystemTime='2023-05-17T11:42:07.2488255Z'/><EventRecordID>15970</EventRecordID><Correlation/><Execution ProcessID='2900' ThreadID='3892'/><Channel>Microsoft-Windows-Sysmon/Operational</Channel><Computer>DESKTOP-0QN63TJ</Computer><Security UserID='S-1-5-18'/></System><EventData><Data Name='RuleName'>-</Data><Data Name='UtcTime'>2023-05-17 11:32:23.673</Data><Data Name='ProcessGuid'>{4158b3ab-9046-6463-3400-000000000c00}</Data><Data Name='ProcessId'>2152</Data><Data Name='Image'>C:\Windows\System32\svchost.exe</Data><Data Name='User'>NT AUTHORITY\NETWORK SERVICE</Data><Data Name='Protocol'>udp</Data><Data Name='Initiated'>false</Data><Data Name='SourceIsIpv6'>true</Data><Data Name='SourceIp'>ff02:0:0:0:0:0:1:3</Data><Data Name='SourceHostname'>-</Data><Data Name='SourcePort'>5355</Data><Data Name='SourcePortName'>llmnr</Data><Data Name='DestinationIsIpv6'>true</Data><Data Name='DestinationIp'>fe80:0:0:0:4368:2b4b:8520:c61c</Data><Data Name='DestinationHostname'>-</Data><Data Name='DestinationPort'>60913</Data><Data Name='DestinationPortName'>-</Data></EventData></Event></Events>
<Events><Event xmlns='http://schemas.microsoft.com/win/2004/08/events/event'><System><Provider Name='Microsoft-Windows-Sysmon' Guid='{5770385f-c22a-43e0-bf4c-06f5698ffbd9}'/><EventID>3</EventID><Version>5</Version><Level>4</Level><Task>3</Task><Opcode>0</Opcode><Keywords>0x8000000000000000</Keywords><TimeCreated SystemTime='2023-05-17T11:46:18.7388269Z'/><EventRecordID>16023</EventRecordID><Correlation/><Execution ProcessID='2900' ThreadID='3892'/><Channel>Microsoft-Windows-Sysmon/Operational</Channel><Computer>DESKTOP-0QN63TJ</Computer><Security UserID='S-1-5-18'/></System><EventData><Data Name='RuleName'>-</Data><Data Name='UtcTime'>2023-05-17 11:36:35.494</Data><Data Name='ProcessGuid'>{4158b3ab-be89-6464-4702-000000000c00}</Data><Data Name='ProcessId'>1500</Data><Data Name='Image'>C:\Windows\system32\svchost.exe</Data><Data Name='User'>NT AUTHORITY\SYSTEM</Data><Data Name='Protocol'>tcp</Data><Data Name='Initiated'>true</Data><Data Name='SourceIsIpv6'>false</Data><Data Name='SourceIp'>192.168.2.202</Data><Data Name='SourceHostname'>DESKTOP-0QN63TJ</Data><Data Name='SourcePort'>55657</Data><Data Name='SourcePortName'>-</Data><Data Name='DestinationIsIpv6'>false</Data><Data Name='DestinationIp'>40.68.123.157</Data><Data Name='DestinationHostname'>-</Data><Data Name='DestinationPort'>443</Data><Data Name='DestinationPortName'>https</Data></EventData></Event></Events>
<Events><Event xmlns='http://schemas.microsoft.com/win/2004/08/events/event'><System><Provider Name='Microsoft-Windows-Sysmon' Guid='{5770385f-c22a-43e0-bf4c-06f5698ffbd9}'/><EventID>3</EventID><Version>5</Version><Level>4</Level><Task>3</Task><Opcode>0</Opcode><Keywords>0x8000000000000000</Keywords><TimeCreated SystemTime='2023-05-17T11:46:18.7349376Z'/><EventRecordID>16022</EventRecordID><Correlation/><Execution ProcessID='2900' ThreadID='3892'/><Channel>Microsoft-Windows-Sysmon/Operational</Channel><Computer>DESKTOP-0QN63TJ</Computer><Security UserID='S-1-5-18'/></System><EventData><Data Name='RuleName'>-</Data><Data Name='UtcTime'>2023-05-17 11:36:35.404</Data><Data Name='ProcessGuid'>{4158b3ab-9046-6463-3400-000000000c00}</Data><Data Name='ProcessId'>2152</Data><Data Name='Image'>C:\Windows\System32\svchost.exe</Data><Data Name='User'>NT AUTHORITY\NETWORK SERVICE</Data><Data Name='Protocol'>udp</Data><Data Name='Initiated'>false</Data><Data Name='SourceIsIpv6'>true</Data><Data Name='SourceIp'>ff02:0:0:0:0:0:0:fb</Data><Data Name='SourceHostname'>-</Data><Data Name='SourcePort'>5353</Data><Data Name='SourcePortName'>-</Data><Data Name='DestinationIsIpv6'>true</Data><Data Name='DestinationIp'>fe80:0:0:0:1c74:2f70:171f:12c</Data><Data Name='DestinationHostname'>-</Data><Data Name='DestinationPort'>5353</Data><Data Name='DestinationPortName'>-</Data></EventData></Event></Events>
<Events><Event xmlns='http://schemas.microsoft.com/win/2004/08/events/event'><System><Provider Name='Microsoft-Windows-Sysmon' Guid='{5770385f-c22a-43e0-bf4c-06f5698ffbd9}'/><EventID>3</EventID><Version>5</Version><Level>4</Level><Task>3</Task><Opcode>0</Opcode><Keywords>0x8000000000000000</Keywords><TimeCreated SystemTime='2023-05-17T11:46:18.7349249Z'/><EventRecordID>16021</EventRecordID><Correlation/><Execution ProcessID='2900' ThreadID='3892'/><Channel>Microsoft-Windows-Sysmon/Operational</Channel><Computer>DESKTOP-0QN63TJ</Computer><Security UserID='S-1-5-18'/></System><EventData><Data Name='RuleName'>-</Data><Data Name='UtcTime'>2023-05-17 11:36:35.404</Data><Data Name='ProcessGuid'>{4158b3ab-9046-6463-3400-000000000c00}</Data><Data Name='ProcessId'>2152</Data><Data Name='Image'>C:\Windows\System32\svchost.exe</Data><Data Name='User'>NT AUTHORITY\NETWORK SERVICE</Data><Data Name='Protocol'>udp</Data><Data Name='Initiated'>false</Data><Data Name='SourceIsIpv6'>false</Data><Data Name='SourceIp'>224.0.0.251</Data><Data Name='SourceHostname'>-</Data><Data Name='SourcePort'>5353</Data><Data Name='SourcePortName'>-</Data><Data Name='DestinationIsIpv6'>false</Data><Data Name='DestinationIp'>192.168.2.151</Data><Data Name='DestinationHostname'>-</Data><Data Name='DestinationPort'>5353</Data><Data Name='DestinationPortName'>-</Data></EventData></Event></Events>
<Events><Event xmlns='http://schemas.microsoft.com/win/2004/08/events/event'><System><Provider Name='Microsoft-Windows-Sysmon' Guid='{5770385f-c22a-43e0-bf4c-06f5698ffbd9}'/><EventID>3</EventID><Version>5</Version><Level>4</Level><Task>3</Task><Opcode>0</Opcode><Keywords>0x8000000000000000</Keywords><TimeCreated SystemTime='2023-05-17T11:46:18.7349103Z'/><EventRecordID>16020</EventRecordID><Correlation/><Execution ProcessID='2900' ThreadID='3892'/><Channel>Microsoft-Windows-Sysmon/Operational</Channel><Computer>DESKTOP-0QN63TJ</Computer><Security UserID='S-1-5-18'/></System><EventData><Data Name='RuleName'>-</Data><Data Name='UtcTime'>2023-05-17 11:36:35.360</Data><Data Name='ProcessGuid'>{4158b3ab-9046-6463-3400-000000000c00}</Data><Data Name='ProcessId'>2152</Data><Data Name='Image'>C:\Windows\System32\svchost.exe</Data><Data Name='User'>NT AUTHORITY\NETWORK SERVICE</Data><Data Name='Protocol'>udp</Data><Data Name='Initiated'>true</Data><Data Name='SourceIsIpv6'>false</Data><Data Name='SourceIp'>192.168.2.202</Data><Data Name='SourceHostname'>DESKTOP-0QN63TJ</Data><Data Name='SourcePort'>55045</Data><Data Name='SourcePortName'>-</Data><Data Name='DestinationIsIpv6'>false</Data><Data Name='DestinationIp'>8.8.4.4</Data><Data Name='DestinationHostname'>-</Data><Data Name='DestinationPort'>53</Data><Data Name='DestinationPortName'>domain</Data></EventData></Event></Events>
<Events><Event xmlns='http://schemas.microsoft.com/win/2004/08/events/event'><System><Provider Name='Microsoft-Windows-Sysmon' Guid='{5770385f-c22a-43e0-bf4c-06f5698ffbd9}'/><EventID>3</EventID><Version>5</Version><Level>4</Level><Task>3</Task><Opcode>0</Opcode><Keywords>0x8000000000000000</Keywords><TimeCreated SystemTime='2023-05-17T11:46:18.7348775Z'/><EventRecordID>16019</EventRecordID><Correlation/><Execution ProcessID='2900' ThreadID='3892'/><Channel>Microsoft-Windows-Sysmon/Operational</Channel><Computer>DESKTOP-0QN63TJ</Computer><Security UserID='S-1-5-18'/></System><EventData><Data Name='RuleName'>-</Data><Data Name='UtcTime'>2023-05-17 11:36:35.270</Data><Data Name='ProcessGuid'>{4158b3ab-9046-6463-3400-000000000c00}</Data><Data Name='ProcessId'>2152</Data><Data Name='Image'>C:\Windows\System32\svchost.exe</Data><Data Name='User'>NT AUTHORITY\NETWORK SERVICE</Data><Data Name='Protocol'>udp</Data><Data Name='Initiated'>true</Data><Data Name='SourceIsIpv6'>false</Data><Data Name='SourceIp'>192.168.2.202</Data><Data Name='SourceHostname'>DESKTOP-0QN63TJ</Data><Data Name='SourcePort'>55045</Data><Data Name='SourcePortName'>-</Data><Data Name='DestinationIsIpv6'>false</Data><Data Name='DestinationIp'>8.8.8.8</Data><Data Name='DestinationHostname'>-</Data><Data Name='DestinationPort'>53</Data><Data Name='DestinationPortName'>domain</Data></EventData></Event></Events>
<Events><Event xmlns='http://schemas.microsoft.com/win/2004/08/events/event'><System><Provider Name='Microsoft-Windows-Sysmon' Guid='{5770385f-c22a-43e0-bf4c-06f5698ffbd9}'/><EventID>3</EventID><Version>5</Version><Level>4</Level><Task>3</Task><Opcode>0</Opcode><Keywords>0x8000000000000000</Keywords><TimeCreated SystemTime='2023-05-17T11:46:19.7761555Z'/><EventRecordID>16030</EventRecordID><Correlation/><Execution ProcessID='2900' ThreadID='3892'/><Channel>Microsoft-Windows-Sysmon/Operational</Channel><Computer>DESKTOP-0QN63TJ</Computer><Security UserID='S-1-5-18'/></System><EventData><Data Name='RuleName'>-</Data><Data Name='UtcTime'>2023-05-17 11:36:36.516</Data><Data Name='ProcessGuid'>{4158b3ab-9040-6463-eb03-000000000000}</Data><Data Name='ProcessId'>4</Data><Data Name='Image'>System</Data><Data Name='User'>NT AUTHORITY\SYSTEM</Data><Data Name='Protocol'>udp</Data><Data Name='Initiated'>true</Data><Data Name='SourceIsIpv6'>false</Data><Data Name='SourceIp'>192.168.2.202</Data><Data Name='SourceHostname'>DESKTOP-0QN63TJ</Data><Data Name='SourcePort'>137</Data><Data Name='SourcePortName'>netbios-ns</Data><Data Name='DestinationIsIpv6'>false</Data><Data Name='DestinationIp'>40.68.123.157</Data><Data Name='DestinationHostname'>-</Data><Data Name='DestinationPort'>137</Data><Data Name='DestinationPortName'>netbios-ns</Data></EventData></Event></Events>
<Events><Event xmlns='http://schemas.microsoft.com/win/2004/08/events/event'><System><Provider Name='Microsoft-Windows-Sysmon' Guid='{5770385f-c22a-43e0-bf4c-06f5698ffbd9}'/><EventID>3</EventID><Version>5</Version><Level>4</Level><Task>3</Task><Opcode>0</Opcode><Keywords>0x8000000000000000</Keywords><TimeCreated SystemTime='2023-05-17T11:46:19.7761453Z'/><EventRecordID>16029</EventRecordID><Correlation/><Execution ProcessID='2900' ThreadID='3892'/><Channel>Microsoft-Windows-Sysmon/Operational</Channel><Computer>DESKTOP-0QN63TJ</Computer><Security UserID='S-1-5-18'/></System><EventData><Data Name='RuleName'>-</Data><Data Name='UtcTime'>2023-05-17 11:36:36.457</Data><Data Name='ProcessGuid'>{4158b3ab-9046-6463-3400-000000000c00}</Data><Data Name='ProcessId'>2152</Data><Data Name='Image'>C:\Windows\System32\svchost.exe</Data><Data Name='User'>NT AUTHORITY\NETWORK SERVICE</Data><Data Name='Protocol'>udp</Data><Data Name='Initiated'>true</Data><Data Name='SourceIsIpv6'>false</Data><Data Name='SourceIp'>192.168.2.202</Data><Data Name='SourceHostname'>DESKTOP-0QN63TJ</Data><Data Name='SourcePort'>52826</Data><Data Name='SourcePortName'>-</Data><Data Name='DestinationIsIpv6'>false</Data><Data Name='DestinationIp'>8.8.8.8</Data><Data Name='DestinationHostname'>-</Data><Data Name='DestinationPort'>53</Data><Data Name='DestinationPortName'>domain</Data></EventData></Event></Events>
<Events><Event xmlns='http://schemas.microsoft.com/win/2004/08/events/event'><System><Provider Name='Microsoft-Windows-Sysmon' Guid='{5770385f-c22a-43e0-bf4c-06f5698ffbd9}'/><EventID>3</EventID><Version>5</Version><Level>4</Level><Task>3</Task><Opcode>0</Opcode><Keywords>0x8000000000000000</Keywords><TimeCreated SystemTime='2023-05-17T11:46:19.7760971Z'/><EventRecordID>16028</EventRecordID><Correlation/><Execution ProcessID='2900' ThreadID='3892'/><Channel>Microsoft-Windows-Sysmon/Operational</Channel><Computer>DESKTOP-0QN63TJ</Computer><Security UserID='S-1-5-18'/></System><EventData><Data Name='RuleName'>-</Data><Data Name='UtcTime'>2023-05-17 11:36:36.223</Data><Data Name='ProcessGuid'>{4158b3ab-be89-6464-4702-000000000c00}</Data><Data Name='ProcessId'>1500</Data><Data Name='Image'>C:\Windows\system32\svchost.exe</Data><Data Name='User'>NT AUTHORITY\SYSTEM</Data><Data Name='Protocol'>tcp</Data><Data Name='Initiated'>true</Data><Data Name='SourceIsIpv6'>false</Data><Data Name='SourceIp'>192.168.2.202</Data><Data Name='SourceHostname'>DESKTOP-0QN63TJ</Data><Data Name='SourcePort'>55659</Data><Data Name='SourcePortName'>-</Data><Data Name='DestinationIsIpv6'>false</Data><Data Name='DestinationIp'>40.68.123.157</Data><Data Name='DestinationHostname'>-</Data><Data Name='DestinationPort'>443</Data><Data Name='DestinationPortName'>https</Data></EventData></Event></Events>
<Events><Event xmlns='http://schemas.microsoft.com/win/2004/08/events/event'><System><Provider Name='Microsoft-Windows-Sysmon' Guid='{5770385f-c22a-43e0-bf4c-06f5698ffbd9}'/><EventID>3</EventID><Version>5</Version><Level>4</Level><Task>3</Task><Opcode>0</Opcode><Keywords>0x8000000000000000</Keywords><TimeCreated SystemTime='2023-05-17T11:46:19.7732798Z'/><EventRecordID>16027</EventRecordID><Correlation/><Execution ProcessID='2900' ThreadID='3892'/><Channel>Microsoft-Windows-Sysmon/Operational</Channel><Computer>DESKTOP-0QN63TJ</Computer><Security UserID='S-1-5-18'/></System><EventData><Data Name='RuleName'>-</Data><Data Name='UtcTime'>2023-05-17 11:36:35.653</Data><Data Name='ProcessGuid'>{4158b3ab-be89-6464-4702-000000000c00}</Data><Data Name='ProcessId'>1500</Data><Data Name='Image'>C:\Windows\system32\svchost.exe</Data><Data Name='User'>NT AUTHORITY\SYSTEM</Data><Data Name='Protocol'>tcp</Data><Data Name='Initiated'>true</Data><Data Name='SourceIsIpv6'>false</Data><Data Name='SourceIp'>192.168.2.202</Data><Data Name='SourceHostname'>DESKTOP-0QN63TJ</Data><Data Name='SourcePort'>55658</Data><Data Name='SourcePortName'>-</Data><Data Name='DestinationIsIpv6'>false</Data><Data Name='DestinationIp'>40.68.123.157</Data><Data Name='DestinationHostname'>-</Data><Data Name='DestinationPort'>443</Data><Data Name='DestinationPortName'>https</Data></EventData></Event></Events>
<Events><Event xmlns='http://schemas.microsoft.com/win/2004/08/events/event'><System><Provider Name='Microsoft-Windows-Sysmon' Guid='{5770385f-c22a-43e0-bf4c-06f5698ffbd9}'/><EventID>3</EventID><Version>5</Version><Level>4</Level><Task>3</Task><Opcode>0</Opcode><Keywords>0x8000000000000000</Keywords><TimeCreated SystemTime='2023-05-17T11:46:20.8297978Z'/><EventRecordID>16042</EventRecordID><Correlation/><Execution ProcessID='2900' ThreadID='3892'/><Channel>Microsoft-Windows-Sysmon/Operational</Channel><Computer>DESKTOP-0QN63TJ</Computer><Security UserID='S-1-5-18'/></System><EventData><Data Name='RuleName'>-</Data><Data Name='UtcTime'>2023-05-17 11:36:37.596</Data><Data Name='ProcessGuid'>{4158b3ab-9046-6463-3400-000000000c00}</Data><Data Name='ProcessId'>2152</Data><Data Name='Image'>C:\Windows\System32\svchost.exe</Data><Data Name='User'>NT AUTHORITY\NETWORK SERVICE</Data><Data Name='Protocol'>udp</Data><Data Name='Initiated'>true</Data><Data Name='SourceIsIpv6'>false</Data><Data Name='SourceIp'>192.168.2.202</Data><Data Name='SourceHostname'>DESKTOP-0QN63TJ</Data><Data Name='SourcePort'>63410</Data><Data Name='SourcePortName'>-</Data><Data Name='DestinationIsIpv6'>false</Data><Data Name='DestinationIp'>8.8.8.8</Data><Data Name='DestinationHostname'>-</Data><Data Name='DestinationPort'>53</Data><Data Name='DestinationPortName'>domain</Data></EventData></Event></Events>
<Events><Event xmlns='http://schemas.microsoft.com/win/2004/08/events/event'><System><Provider Name='Microsoft-Windows-Sysmon' Guid='{5770385f-c22a-43e0-bf4c-06f5698ffbd9}'/><EventID>3</EventID><Version>5</Version><Level>4</Level><Task>3</Task><Opcode>0</Opcode><Keywords>0x8000000000000000</Keywords><TimeCreated SystemTime='2023-05-17T11:46:20.8297467Z'/><EventRecordID>16041</EventRecordID><Correlation/><Execution ProcessID='2900' ThreadID='3892'/><Channel>Microsoft-Windows-Sysmon/Operational</Channel><Computer>DESKTOP-0QN63TJ</Computer><Security UserID='S-1-5-18'/></System><EventData><Data Name='RuleName'>-</Data><Data Name='UtcTime'>2023-05-17 11:36:37.400</Data><Data Name='ProcessGuid'>{4158b3ab-be8a-6464-5202-000000000c00}</Data><Data Name='ProcessId'>2776</Data><Data Name='Image'>C:\Windows\system32\svchost.exe</Data><Data Name='User'>NT AUTHORITY\SYSTEM</Data><Data Name='Protocol'>tcp</Data><Data Name='Initiated'>true</Data><Data Name='SourceIsIpv6'>false</Data><Data Name='SourceIp'>192.168.2.202</Data><Data Name='SourceHostname'>DESKTOP-0QN63TJ</Data><Data Name='SourcePort'>55661</Data><Data Name='SourcePortName'>-</Data><Data Name='DestinationIsIpv6'>false</Data><Data Name='DestinationIp'>40.126.32.67</Data><Data Name='DestinationHostname'>-</Data><Data Name='DestinationPort'>443</Data><Data Name='DestinationPortName'>https</Data></EventData></Event></Events>
<Events><Event xmlns='http://schemas.microsoft.com/win/2004/08/events/event'><System><Provider Name='Microsoft-Windows-Sysmon' Guid='{5770385f-c22a-43e0-bf4c-06f5698ffbd9}'/><EventID>3</EventID><Version>5</Version><Level>4</Level><Task>3</Task><Opcode>0</Opcode><Keywords>0x8000000000000000</Keywords><TimeCreated SystemTime='2023-05-17T11:46:20.8271470Z'/><EventRecordID>16040</EventRecordID><Correlation/><Execution ProcessID='2900' ThreadID='3892'/><Channel>Microsoft-Windows-Sysmon/Operational</Channel><Computer>DESKTOP-0QN63TJ</Computer><Security UserID='S-1-5-18'/></System><EventData><Data Name='RuleName'>-</Data><Data Name='UtcTime'>2023-05-17 11:36:37.314</Data><Data Name='ProcessGuid'>{4158b3ab-9046-6463-3400-000000000c00}</Data><Data Name='ProcessId'>2152</Data><Data Name='Image'>C:\Windows\System32\svchost.exe</Data><Data Name='User'>NT AUTHORITY\NETWORK SERVICE</Data><Data Name='Protocol'>udp</Data><Data Name='Initiated'>true</Data><Data Name='SourceIsIpv6'>false</Data><Data Name='SourceIp'>192.168.2.202</Data><Data Name='SourceHostname'>DESKTOP-0QN63TJ</Data><Data Name='SourcePort'>55318</Data><Data Name='SourcePortName'>-</Data><Data Name='DestinationIsIpv6'>false</Data><Data Name='DestinationIp'>8.8.4.4</Data><Data Name='DestinationHostname'>-</Data><Data Name='DestinationPort'>53</Data><Data Name='DestinationPortName'>domain</Data></EventData></Event></Events>
<Events><Event xmlns='http://schemas.microsoft.com/win/2004/08/events/event'><System><Provider Name='Microsoft-Windows-Sysmon' Guid='{5770385f-c22a-43e0-bf4c-06f5698ffbd9}'/><EventID>3</EventID><Version>5</Version><Level>4</Level><Task>3</Task><Opcode>0</Opcode><Keywords>0x8000000000000000</Keywords><TimeCreated SystemTime='2023-05-17T11:46:20.5810028Z'/><EventRecordID>16037</EventRecordID><Correlation/><Execution ProcessID='2900' ThreadID='3892'/><Channel>Microsoft-Windows-Sysmon/Operational</Channel><Computer>DESKTOP-0QN63TJ</Computer><Security UserID='S-1-5-18'/></System><EventData><Data Name='RuleName'>-</Data><Data Name='UtcTime'>2023-05-17 11:36:37.224</Data><Data Name='ProcessGuid'>{4158b3ab-9046-6463-3400-000000000c00}</Data><Data Name='ProcessId'>2152</Data><Data Name='Image'>C:\Windows\System32\svchost.exe</Data><Data Name='User'>NT AUTHORITY\NETWORK SERVICE</Data><Data Name='Protocol'>udp</Data><Data Name='Initiated'>true</Data><Data Name='SourceIsIpv6'>false</Data><Data Name='SourceIp'>192.168.2.202</Data><Data Name='SourceHostname'>DESKTOP-0QN63TJ</Data><Data Name='SourcePort'>55318</Data><Data Name='SourcePortName'>-</Data><Data Name='DestinationIsIpv6'>false</Data><Data Name='DestinationIp'>8.8.8.8</Data><Data Name='DestinationHostname'>-</Data><Data Name='DestinationPort'>53</Data><Data Name='DestinationPortName'>domain</Data></EventData></Event></Events>
