<Events><Event xmlns='http://schemas.microsoft.com/win/2004/08/events/event'><System><Provider Name='Microsoft-Windows-Sysmon' Guid='{5770385f-c22a-43e0-bf4c-06f5698ffbd9}'/><EventID>3</EventID><Version>5</Version><Level>4</Level><Task>3</Task><Opcode>0</Opcode><Keywords>0x8000000000000000</Keywords><TimeCreated SystemTime='2023-05-17T11:04:23.3292201Z'/><EventRecordID>15698</EventRecordID><Correlation/><Execution ProcessID='2900' ThreadID='3892'/><Channel>Microsoft-Windows-Sysmon/Operational</Channel><Computer>DESKTOP-0QN63TJ</Computer><Security UserID='S-1-5-18'/></System><EventData><Data Name='RuleName'>-</Data><Data Name='UtcTime'>2023-05-17 10:54:40.048</Data><Data Name='ProcessGuid'>{4158b3ab-b4b1-6464-1c02-000000000c00}</Data><Data Name='ProcessId'>1232</Data><Data Name='Image'>C:\Program Files (x86)\Internet Explorer\IEXPLORE.EXE</Data><Data Name='User'>DESKTOP-0QN63TJ\me</Data><Data Name='Protocol'>tcp</Data><Data Name='Initiated'>true</Data><Data Name='SourceIsIpv6'>false</Data><Data Name='SourceIp'>192.168.2.202</Data><Data Name='SourceHostname'>DESKTOP-0QN63TJ</Data><Data Name='SourcePort'>64638</Data><Data Name='SourcePortName'>-</Data><Data Name='DestinationIsIpv6'>false</Data><Data Name='DestinationIp'>184.50.200.23</Data><Data Name='DestinationHostname'>a184-50-200-23.deploy.static.akamaitechnologies.com</Data><Data Name='DestinationPort'>443</Data><Data Name='DestinationPortName'>https</Data></EventData></Event></Events>
<Events><Event xmlns='http://schemas.microsoft.com/win/2004/08/events/event'><System><Provider Name='Microsoft-Windows-Sysmon' Guid='{5770385f-c22a-43e0-bf4c-06f5698ffbd9}'/><EventID>3</EventID><Version>5</Version><Level>4</Level><Task>3</Task><Opcode>0</Opcode><Keywords>0x8000000000000000</Keywords><TimeCreated SystemTime='2023-05-17T11:04:23.3288358Z'/><EventRecordID>15697</EventRecordID><Correlation/><Execution ProcessID='2900' ThreadID='3892'/><Channel>Microsoft-Windows-Sysmon/Operational</Channel><Computer>DESKTOP-0QN63TJ</Computer><Security UserID='S-1-5-18'/></System><EventData><Data Name='RuleName'>-</Data><Data Name='UtcTime'>2023-05-17 10:54:40.046</Data><Data Name='ProcessGuid'>{4158b3ab-b4b1-6464-1c02-000000000c00}</Data><Data Name='ProcessId'>1232</Data><Data Name='Image'>C:\Program Files (x86)\Internet Explorer\IEXPLORE.EXE</Data><Data Name='User'>DESKTOP-0QN63TJ\me</Data><Data Name='Protocol'>tcp</Data><Data Name='Initiated'>true</Data><Data Name='SourceIsIpv6'>false</Data><Data Name='SourceIp'>192.168.2.202</Data><Data Name='SourceHostname'>DESKTOP-0QN63TJ</Data><Data Name='SourcePort'>64639</Data><Data Name='SourcePortName'>-</Data><Data Name='DestinationIsIpv6'>false</Data><Data Name='DestinationIp'>184.50.200.23</Data><Data Name='DestinationHostname'>a184-50-200-23.deploy.static.akamaitechnologies.com</Data><Data Name='DestinationPort'>443</Data><Data Name='DestinationPortName'>https</Data></EventData></Event></Events>
<Events><Event xmlns='http://schemas.microsoft.com/win/2004/08/events/event'><System><Provider Name='Microsoft-Windows-Sysmon' Guid='{5770385f-c22a-43e0-bf4c-06f5698ffbd9}'/><EventID>3</EventID><Version>5</Version><Level>4</Level><Task>3</Task><Opcode>0</Opcode><Keywords>0x8000000000000000</Keywords><TimeCreated SystemTime='2023-05-17T11:04:23.3284005Z'/><EventRecordID>15696</EventRecordID><Correlation/><Execution ProcessID='2900' ThreadID='3892'/><Channel>Microsoft-Windows-Sysmon/Operational</Channel><Computer>DESKTOP-0QN63TJ</Computer><Security UserID='S-1-5-18'/></System><EventData><Data Name='RuleName'>-</Data><Data Name='UtcTime'>2023-05-17 10:54:39.994</Data><Data Name='ProcessGuid'>{4158b3ab-9046-6463-3400-000000000c00}</Data><Data Name='ProcessId'>2152</Data><Data Name='Image'>C:\Windows\System32\svchost.exe</Data><Data Name='User'>NT AUTHORITY\NETWORK SERVICE</Data><Data Name='Protocol'>udp</Data><Data Name='Initiated'>true</Data><Data Name='SourceIsIpv6'>false</Data><Data Name='SourceIp'>192.168.2.202</Data><Data Name='SourceHostname'>DESKTOP-0QN63TJ</Data><Data Name='SourcePort'>57217</Data><Data Name='SourcePortName'>-</Data><Data Name='DestinationIsIpv6'>false</Data><Data Name='DestinationIp'>8.8.8.8</Data><Data Name='DestinationHostname'>-</Data><Data Name='DestinationPort'>53</Data><Data Name='DestinationPortName'>domain</Data></EventData></Event></Events>
<Events><Event xmlns='http://schemas.microsoft.com/win/2004/08/events/event'><System><Provider Name='Microsoft-Windows-Sysmon' Guid='{5770385f-c22a-43e0-bf4c-06f5698ffbd9}'/><EventID>3</EventID><Version>5</Version><Level>4</Level><Task>3</Task><Opcode>0</Opcode><Keywords>0x8000000000000000</Keywords><TimeCreated SystemTime='2023-05-17T11:04:23.3283920Z'/><EventRecordID>15695</EventRecordID><Correlation/><Execution ProcessID='2900' ThreadID='3892'/><Channel>Microsoft-Windows-Sysmon/Operational</Channel><Computer>DESKTOP-0QN63TJ</Computer><Security UserID='S-1-5-18'/></System><EventData><Data Name='RuleName'>-</Data><Data Name='UtcTime'>2023-05-17 10:54:39.970</Data><Data Name='ProcessGuid'>{4158b3ab-9046-6463-3400-000000000c00}</Data><Data Name='ProcessId'>2152</Data><Data Name='Image'>C:\Windows\System32\svchost.exe</Data><Data Name='User'>NT AUTHORITY\NETWORK SERVICE</Data><Data Name='Protocol'>udp</Data><Data Name='Initiated'>true</Data><Data Name='SourceIsIpv6'>false</Data><Data Name='SourceIp'>192.168.2.202</Data><Data Name='SourceHostname'>DESKTOP-0QN63TJ</Data><Data Name='SourcePort'>51227</Data><Data Name='SourcePortName'>-</Data><Data Name='DestinationIsIpv6'>false</Data><Data Name='DestinationIp'>8.8.4.4</Data><Data Name='DestinationHostname'>-</Data><Data Name='DestinationPort'>53</Data><Data Name='DestinationPortName'>domain</Data></EventData></Event></Events>
<Events><Event xmlns='http://schemas.microsoft.com/win/2004/08/events/event'><System><Provider Name='Microsoft-Windows-Sysmon' Guid='{5770385f-c22a-43e0-bf4c-06f5698ffbd9}'/><EventID>3</EventID><Version>5</Version><Level>4</Level><Task>3</Task><Opcode>0</Opcode><Keywords>0x8000000000000000</Keywords><TimeCreated SystemTime='2023-05-17T11:04:23.3283639Z'/><EventRecordID>15694</EventRecordID><Correlation/><Execution ProcessID='2900' ThreadID='3892'/><Channel>Microsoft-Windows-Sysmon/Operational</Channel><Computer>DESKTOP-0QN63TJ</Computer><Security UserID='S-1-5-18'/></System><EventData><Data Name='RuleName'>-</Data><Data Name='UtcTime'>2023-05-17 10:54:39.923</Data><Data Name='ProcessGuid'>{4158b3ab-b4b1-6464-1c02-000000000c00}</Data><Data Name='ProcessId'>1232</Data><Data Name='Image'>C:\Program Files (x86)\Internet Explorer\IEXPLORE.EXE</Data><Data Name='User'>DESKTOP-0QN63TJ\me</Data><Data Name='Protocol'>tcp</Data><Data Name='Initiated'>true</Data><Data Name='SourceIsIpv6'>false</Data><Data Name='SourceIp'>192.168.2.202</Data><Data Name='SourceHostname'>DESKTOP-0QN63TJ</Data><Data Name='SourcePort'>64637</Data><Data Name='SourcePortName'>-</Data><Data Name='DestinationIsIpv6'>false</Data><Data Name='DestinationIp'>104.19.133.78</Data><Data Name='DestinationHostname'>-</Data><Data Name='DestinationPort'>443</Data><Data Name='DestinationPortName'>https</Data></EventData></Event></Events>
<Events><Event xmlns='http://schemas.microsoft.com/win/2004/08/events/event'><System><Provider Name='Microsoft-Windows-Sysmon' Guid='{5770385f-c22a-43e0-bf4c-06f5698ffbd9}'/><EventID>3</EventID><Version>5</Version><Level>4</Level><Task>3</Task><Opcode>0</Opcode><Keywords>0x8000000000000000</Keywords><TimeCreated SystemTime='2023-05-17T11:04:23.3279833Z'/><EventRecordID>15693</EventRecordID><Correlation/><Execution ProcessID='2900' ThreadID='3892'/><Channel>Microsoft-Windows-Sysmon/Operational</Channel><Computer>DESKTOP-0QN63TJ</Computer><Security UserID='S-1-5-18'/></System><EventData><Data Name='RuleName'>-</Data><Data Name='UtcTime'>2023-05-17 10:54:39.923</Data><Data Name='ProcessGuid'>{4158b3ab-b4b1-6464-1c02-000000000c00}</Data><Data Name='ProcessId'>1232</Data><Data Name='Image'>C:\Program Files (x86)\Internet Explorer\IEXPLORE.EXE</Data><Data Name='User'>DESKTOP-0QN63TJ\me</Data><Data Name='Protocol'>tcp</Data><Data Name='Initiated'>true</Data><Data Name='SourceIsIpv6'>false</Data><Data Name='SourceIp'>192.168.2.202</Data><Data Name='SourceHostname'>DESKTOP-0QN63TJ</Data><Data Name='SourcePort'>64636</Data><Data Name='SourcePortName'>-</Data><Data Name='DestinationIsIpv6'>false</Data><Data Name='DestinationIp'>104.19.133.78</Data><Data Name='DestinationHostname'>-</Data><Data Name='DestinationPort'>443</Data><Data Name='DestinationPortName'>https</Data></EventData></Event></Events>
<Events><Event xmlns='http://schemas.microsoft.com/win/2004/08/events/event'><System><Provider Name='Microsoft-Windows-Sysmon' Guid='{5770385f-c22a-43e0-bf4c-06f5698ffbd9}'/><EventID>3</EventID><Version>5</Version><Level>4</Level><Task>3</Task><Opcode>0</Opcode><Keywords>0x8000000000000000</Keywords><TimeCreated SystemTime='2023-05-17T11:04:23.3273619Z'/><EventRecordID>15692</EventRecordID><Correlation/><Execution ProcessID='2900' ThreadID='3892'/><Channel>Microsoft-Windows-Sysmon/Operational</Channel><Computer>DESKTOP-0QN63TJ</Computer><Security UserID='S-1-5-18'/></System><EventData><Data Name='RuleName'>-</Data><Data Name='UtcTime'>2023-05-17 10:54:39.886</Data><Data Name='ProcessGuid'>{4158b3ab-9046-6463-3400-000000000c00}</Data><Data Name='ProcessId'>2152</Data><Data Name='Image'>C:\Windows\System32\svchost.exe</Data><Data Name='User'>NT AUTHORITY\NETWORK SERVICE</Data><Data Name='Protocol'>udp</Data><Data Name='Initiated'>true</Data><Data Name='SourceIsIpv6'>false</Data><Data Name='SourceIp'>192.168.2.202</Data><Data Name='SourceHostname'>DESKTOP-0QN63TJ</Data><Data Name='SourcePort'>51227</Data><Data Name='SourcePortName'>-</Data><Data Name='DestinationIsIpv6'>false</Data><Data Name='DestinationIp'>8.8.8.8</Data><Data Name='DestinationHostname'>-</Data><Data Name='DestinationPort'>53</Data><Data Name='DestinationPortName'>domain</Data></EventData></Event></Events>
<Events><Event xmlns='http://schemas.microsoft.com/win/2004/08/events/event'><System><Provider Name='Microsoft-Windows-Sysmon' Guid='{5770385f-c22a-43e0-bf4c-06f5698ffbd9}'/><EventID>3</EventID><Version>5</Version><Level>4</Level><Task>3</Task><Opcode>0</Opcode><Keywords>0x8000000000000000</Keywords><TimeCreated SystemTime='2023-05-17T11:04:32.1488846Z'/><EventRecordID>15708</EventRecordID><Correlation/><Execution ProcessID='2900' ThreadID='3892'/><Channel>Microsoft-Windows-Sysmon/Operational</Channel><Computer>DESKTOP-0QN63TJ</Computer><Security UserID='S-1-5-18'/></System><EventData><Data Name='RuleName'>-</Data><Data Name='UtcTime'>2023-05-17 10:54:48.181</Data><Data Name='ProcessGuid'>{4158b3ab-b4bd-6464-1d02-000000000c00}</Data><Data Name='ProcessId'>360</Data><Data Name='Image'>C:\Program Files (x86)\Internet Explorer\IEXPLORE.EXE</Data><Data Name='User'>DESKTOP-0QN63TJ\me</Data><Data Name='Protocol'>tcp</Data><Data Name='Initiated'>true</Data><Data Name='SourceIsIpv6'>false</Data><Data Name='SourceIp'>192.168.2.202</Data><Data Name='SourceHostname'>DESKTOP-0QN63TJ</Data><Data Name='SourcePort'>64644</Data><Data Name='SourcePortName'>-</Data><Data Name='DestinationIsIpv6'>false</Data><Data Name='DestinationIp'>96.16.49.209</Data><Data Name='DestinationHostname'>a96-16-49-209.deploy.static.akamaitechnologies.com</Data><Data Name='DestinationPort'>443</Data><Data Name='DestinationPortName'>https</Data></EventData></Event></Events>
<Events><Event xmlns='http://schemas.microsoft.com/win/2004/08/events/event'><System><Provider Name='Microsoft-Windows-Sysmon' Guid='{5770385f-c22a-43e0-bf4c-06f5698ffbd9}'/><EventID>3</EventID><Version>5</Version><Level>4</Level><Task>3</Task><Opcode>0</Opcode><Keywords>0x8000000000000000</Keywords><TimeCreated SystemTime='2023-05-17T11:04:32.1481589Z'/><EventRecordID>15707</EventRecordID><Correlation/><Execution ProcessID='2900' ThreadID='3892'/><Channel>Microsoft-Windows-Sysmon/Operational</Channel><Computer>DESKTOP-0QN63TJ</Computer><Security UserID='S-1-5-18'/></System><EventData><Data Name='RuleName'>-</Data><Data Name='UtcTime'>2023-05-17 10:54:48.179</Data><Data Name='ProcessGuid'>{4158b3ab-b4bd-6464-1d02-000000000c00}</Data><Data Name='ProcessId'>360</Data><Data Name='Image'>C:\Program Files (x86)\Internet Explorer\IEXPLORE.EXE</Data><Data Name='User'>DESKTOP-0QN63TJ\me</Data><Data Name='Protocol'>tcp</Data><Data Name='Initiated'>true</Data><Data Name='SourceIsIpv6'>false</Data><Data Name='SourceIp'>192.168.2.202</Data><Data Name='SourceHostname'>DESKTOP-0QN63TJ</Data><Data Name='SourcePort'>64645</Data><Data Name='SourcePortName'>-</Data><Data Name='DestinationIsIpv6'>false</Data><Data Name='DestinationIp'>96.16.49.209</Data><Data Name='DestinationHostname'>a96-16-49-209.deploy.static.akamaitechnologies.com</Data><Data Name='DestinationPort'>443</Data><Data Name='DestinationPortName'>https</Data></EventData></Event></Events>
<Events><Event xmlns='http://schemas.microsoft.com/win/2004/08/events/event'><System><Provider Name='Microsoft-Windows-Sysmon' Guid='{5770385f-c22a-43e0-bf4c-06f5698ffbd9}'/><EventID>3</EventID><Version>5</Version><Level>4</Level><Task>3</Task><Opcode>0</Opcode><Keywords>0x8000000000000000</Keywords><TimeCreated SystemTime='2023-05-17T11:04:31.3764897Z'/><EventRecordID>15704</EventRecordID><Correlation/><Execution ProcessID='2900' ThreadID='3892'/><Channel>Microsoft-Windows-Sysmon/Operational</Channel><Computer>DESKTOP-0QN63TJ</Computer><Security UserID='S-1-5-18'/></System><EventData><Data Name='RuleName'>-</Data><Data Name='UtcTime'>2023-05-17 10:54:47.524</Data><Data Name='ProcessGuid'>{4158b3ab-b4b1-6464-1c02-000000000c00}</Data><Data Name='ProcessId'>1232</Data><Data Name='Image'>C:\Program Files (x86)\Internet Explorer\IEXPLORE.EXE</Data><Data Name='User'>DESKTOP-0QN63TJ\me</Data><Data Name='Protocol'>tcp</Data><Data Name='Initiated'>true</Data><Data Name='SourceIsIpv6'>false</Data><Data Name='SourceIp'>192.168.2.202</Data><Data Name='SourceHostname'>DESKTOP-0QN63TJ</Data><Data Name='SourcePort'>64643</Data><Data Name='SourcePortName'>-</Data><Data Name='DestinationIsIpv6'>false</Data><Data Name='DestinationIp'>96.16.49.209</Data><Data Name='DestinationHostname'>a96-16-49-209.deploy.static.akamaitechnologies.com</Data><Data Name='DestinationPort'>443</Data><Data Name='DestinationPortName'>https</Data></EventData></Event></Events>
<Events><Event xmlns='http://schemas.microsoft.com/win/2004/08/events/event'><System><Provider Name='Microsoft-Windows-Sysmon' Guid='{5770385f-c22a-43e0-bf4c-06f5698ffbd9}'/><EventID>3</EventID><Version>5</Version><Level>4</Level><Task>3</Task><Opcode>0</Opcode><Keywords>0x8000000000000000</Keywords><TimeCreated SystemTime='2023-05-17T11:04:31.3757556Z'/><EventRecordID>15703</EventRecordID><Correlation/><Execution ProcessID='2900' ThreadID='3892'/><Channel>Microsoft-Windows-Sysmon/Operational</Channel><Computer>DESKTOP-0QN63TJ</Computer><Security UserID='S-1-5-18'/></System><EventData><Data Name='RuleName'>-</Data><Data Name='UtcTime'>2023-05-17 10:54:47.524</Data><Data Name='ProcessGuid'>{4158b3ab-b4b1-6464-1c02-000000000c00}</Data><Data Name='ProcessId'>1232</Data><Data Name='Image'>C:\Program Files (x86)\Internet Explorer\IEXPLORE.EXE</Data><Data Name='User'>DESKTOP-0QN63TJ\me</Data><Data Name='Protocol'>tcp</Data><Data Name='Initiated'>true</Data><Data Name='SourceIsIpv6'>false</Data><Data Name='SourceIp'>192.168.2.202</Data><Data Name='SourceHostname'>DESKTOP-0QN63TJ</Data><Data Name='SourcePort'>64642</Data><Data Name='SourcePortName'>-</Data><Data Name='DestinationIsIpv6'>false</Data><Data Name='DestinationIp'>96.16.49.209</Data><Data Name='DestinationHostname'>a96-16-49-209.deploy.static.akamaitechnologies.com</Data><Data Name='DestinationPort'>443</Data><Data Name='DestinationPortName'>https</Data></EventData></Event></Events>
<Events><Event xmlns='http://schemas.microsoft.com/win/2004/08/events/event'><System><Provider Name='Microsoft-Windows-Sysmon' Guid='{5770385f-c22a-43e0-bf4c-06f5698ffbd9}'/><EventID>3</EventID><Version>5</Version><Level>4</Level><Task>3</Task><Opcode>0</Opcode><Keywords>0x8000000000000000</Keywords><TimeCreated SystemTime='2023-05-17T11:04:32.4053955Z'/><EventRecordID>15711</EventRecordID><Correlation/><Execution ProcessID='2900' ThreadID='3892'/><Channel>Microsoft-Windows-Sysmon/Operational</Channel><Computer>DESKTOP-0QN63TJ</Computer><Security UserID='S-1-5-18'/></System><EventData><Data Name='RuleName'>-</Data><Data Name='UtcTime'>2023-05-17 10:54:49.017</Data><Data Name='ProcessGuid'>{4158b3ab-9046-6463-3400-000000000c00}</Data><Data Name='ProcessId'>2152</Data><Data Name='Image'>C:\Windows\System32\svchost.exe</Data><Data Name='User'>NT AUTHORITY\NETWORK SERVICE</Data><Data Name='Protocol'>udp</Data><Data Name='Initiated'>true</Data><Data Name='SourceIsIpv6'>false</Data><Data Name='SourceIp'>192.168.2.202</Data><Data Name='SourceHostname'>DESKTOP-0QN63TJ</Data><Data Name='SourcePort'>51809</Data><Data Name='SourcePortName'>-</Data><Data Name='DestinationIsIpv6'>false</Data><Data Name='DestinationIp'>8.8.4.4</Data><Data Name='DestinationHostname'>-</Data><Data Name='DestinationPort'>53</Data><Data Name='DestinationPortName'>domain</Data></EventData></Event></Events>
<Events><Event xmlns='http://schemas.microsoft.com/win/2004/08/events/event'><System><Provider Name='Microsoft-Windows-Sysmon' Guid='{5770385f-c22a-43e0-bf4c-06f5698ffbd9}'/><EventID>3</EventID><Version>5</Version><Level>4</Level><Task>3</Task><Opcode>0</Opcode><Keywords>0x8000000000000000</Keywords><TimeCreated SystemTime='2023-05-17T11:04:32.4053864Z'/><EventRecordID>15710</EventRecordID><Correlation/><Execution ProcessID='2900' ThreadID='3892'/><Channel>Microsoft-Windows-Sysmon/Operational</Channel><Computer>DESKTOP-0QN63TJ</Computer><Security UserID='S-1-5-18'/></System><EventData><Data Name='RuleName'>-</Data><Data Name='UtcTime'>2023-05-17 10:54:48.937</Data><Data Name='ProcessGuid'>{4158b3ab-9046-6463-3400-000000000c00}</Data><Data Name='ProcessId'>2152</Data><Data Name='Image'>C:\Windows\System32\svchost.exe</Data><Data Name='User'>NT AUTHORITY\NETWORK SERVICE</Data><Data Name='Protocol'>udp</Data><Data Name='Initiated'>true</Data><Data Name='SourceIsIpv6'>false</Data><Data Name='SourceIp'>192.168.2.202</Data><Data Name='SourceHostname'>DESKTOP-0QN63TJ</Data><Data Name='SourcePort'>51809</Data><Data Name='SourcePortName'>-</Data><Data Name='DestinationIsIpv6'>false</Data><Data Name='DestinationIp'>8.8.8.8</Data><Data Name='DestinationHostname'>-</Data><Data Name='DestinationPort'>53</Data><Data Name='DestinationPortName'>domain</Data></EventData></Event></Events>
<Events><Event xmlns='http://schemas.microsoft.com/win/2004/08/events/event'><System><Provider Name='Microsoft-Windows-Sysmon' Guid='{5770385f-c22a-43e0-bf4c-06f5698ffbd9}'/><EventID>3</EventID><Version>5</Version><Level>4</Level><Task>3</Task><Opcode>0</Opcode><Keywords>0x8000000000000000</Keywords><TimeCreated SystemTime='2023-05-17T11:04:32.4053690Z'/><EventRecordID>15709</EventRecordID><Correlation/><Execution ProcessID='2900' ThreadID='3892'/><Channel>Microsoft-Windows-Sysmon/Operational</Channel><Computer>DESKTOP-0QN63TJ</Computer><Security UserID='S-1-5-18'/></System><EventData><Data Name='RuleName'>-</Data><Data Name='UtcTime'>2023-05-17 10:54:48.933</Data><Data Name='ProcessGuid'>{4158b3ab-9046-6463-3400-000000000c00}</Data><Data Name='ProcessId'>2152</Data><Data Name='Image'>C:\Windows\System32\svchost.exe</Data><Data Name='User'>NT AUTHORITY\NETWORK SERVICE</Data><Data Name='Protocol'>udp</Data><Data Name='Initiated'>true</Data><Data Name='SourceIsIpv6'>false</Data><Data Name='SourceIp'>192.168.2.202</Data><Data Name='SourceHostname'>DESKTOP-0QN63TJ</Data><Data Name='SourcePort'>58692</Data><Data Name='SourcePortName'>-</Data><Data Name='DestinationIsIpv6'>false</Data><Data Name='DestinationIp'>8.8.8.8</Data><Data Name='DestinationHostname'>-</Data><Data Name='DestinationPort'>53</Data><Data Name='DestinationPortName'>domain</Data></EventData></Event></Events>
<Events><Event xmlns='http://schemas.microsoft.com/win/2004/08/events/event'><System><Provider Name='Microsoft-Windows-Sysmon' Guid='{5770385f-c22a-43e0-bf4c-06f5698ffbd9}'/><EventID>3</EventID><Version>5</Version><Level>4</Level><Task>3</Task><Opcode>0</Opcode><Keywords>0x8000000000000000</Keywords><TimeCreated SystemTime='2023-05-17T11:04:35.4851130Z'/><EventRecordID>15716</EventRecordID><Correlation/><Execution ProcessID='2900' ThreadID='3892'/><Channel>Microsoft-Windows-Sysmon/Operational</Channel><Computer>DESKTOP-0QN63TJ</Computer><Security UserID='S-1-5-18'/></System><EventData><Data Name='RuleName'>-</Data><Data Name='UtcTime'>2023-05-17 10:54:52.221</Data><Data Name='ProcessGuid'>{00000000-0000-0000-0000-000000000000}</Data><Data Name='ProcessId'>360</Data><Data Name='Image'>&lt;unknown process&gt;</Data><Data Name='User'>-</Data><Data Name='Protocol'>tcp</Data><Data Name='Initiated'>true</Data><Data Name='SourceIsIpv6'>false</Data><Data Name='SourceIp'>192.168.2.202</Data><Data Name='SourceHostname'>DESKTOP-0QN63TJ</Data><Data Name='SourcePort'>64646</Data><Data Name='SourcePortName'>-</Data><Data Name='DestinationIsIpv6'>false</Data><Data Name='DestinationIp'>204.79.197.200</Data><Data Name='DestinationHostname'>a-0001.a-msedge.net</Data><Data Name='DestinationPort'>443</Data><Data Name='DestinationPortName'>https</Data></EventData></Event></Events>
<Events><Event xmlns='http://schemas.microsoft.com/win/2004/08/events/event'><System><Provider Name='Microsoft-Windows-Sysmon' Guid='{5770385f-c22a-43e0-bf4c-06f5698ffbd9}'/><EventID>3</EventID><Version>5</Version><Level>4</Level><Task>3</Task><Opcode>0</Opcode><Keywords>0x8000000000000000</Keywords><TimeCreated SystemTime='2023-05-17T11:04:35.4848307Z'/><EventRecordID>15715</EventRecordID><Correlation/><Execution ProcessID='2900' ThreadID='3892'/><Channel>Microsoft-Windows-Sysmon/Operational</Channel><Computer>DESKTOP-0QN63TJ</Computer><Security UserID='S-1-5-18'/></System><EventData><Data Name='RuleName'>-</Data><Data Name='UtcTime'>2023-05-17 10:54:52.215</Data><Data Name='ProcessGuid'>{00000000-0000-0000-0000-000000000000}</Data><Data Name='ProcessId'>360</Data><Data Name='Image'>&lt;unknown process&gt;</Data><Data Name='User'>-</Data><Data Name='Protocol'>tcp</Data><Data Name='Initiated'>true</Data><Data Name='SourceIsIpv6'>false</Data><Data Name='SourceIp'>192.168.2.202</Data><Data Name='SourceHostname'>DESKTOP-0QN63TJ</Data><Data Name='SourcePort'>64647</Data><Data Name='SourcePortName'>-</Data><Data Name='DestinationIsIpv6'>false</Data><Data Name='DestinationIp'>204.79.197.200</Data><Data Name='DestinationHostname'>a-0001.a-msedge.net</Data><Data Name='DestinationPort'>443</Data><Data Name='DestinationPortName'>https</Data></EventData></Event></Events>
<Events><Event xmlns='http://schemas.microsoft.com/win/2004/08/events/event'><System><Provider Name='Microsoft-Windows-Sysmon' Guid='{5770385f-c22a-43e0-bf4c-06f5698ffbd9}'/><EventID>3</EventID><Version>5</Version><Level>4</Level><Task>3</Task><Opcode>0</Opcode><Keywords>0x8000000000000000</Keywords><TimeCreated SystemTime='2023-05-17T11:04:35.4844539Z'/><EventRecordID>15714</EventRecordID><Correlation/><Execution ProcessID='2900' ThreadID='3892'/><Channel>Microsoft-Windows-Sysmon/Operational</Channel><Computer>DESKTOP-0QN63TJ</Computer><Security UserID='S-1-5-18'/></System><EventData><Data Name='RuleName'>-</Data><Data Name='UtcTime'>2023-05-17 10:54:52.142</Data><Data Name='ProcessGuid'>{4158b3ab-9046-6463-3400-000000000c00}</Data><Data Name='ProcessId'>2152</Data><Data Name='Image'>C:\Windows\System32\svchost.exe</Data><Data Name='User'>NT AUTHORITY\NETWORK SERVICE</Data><Data Name='Protocol'>udp</Data><Data Name='Initiated'>true</Data><Data Name='SourceIsIpv6'>false</Data><Data Name='SourceIp'>192.168.2.202</Data><Data Name='SourceHostname'>DESKTOP-0QN63TJ</Data><Data Name='SourcePort'>56985</Data><Data Name='SourcePortName'>-</Data><Data Name='DestinationIsIpv6'>false</Data><Data Name='DestinationIp'>8.8.4.4</Data><Data Name='DestinationHostname'>-</Data><Data Name='DestinationPort'>53</Data><Data Name='DestinationPortName'>domain</Data></EventData></Event></Events>
<Events><Event xmlns='http://schemas.microsoft.com/win/2004/08/events/event'><System><Provider Name='Microsoft-Windows-Sysmon' Guid='{5770385f-c22a-43e0-bf4c-06f5698ffbd9}'/><EventID>3</EventID><Version>5</Version><Level>4</Level><Task>3</Task><Opcode>0</Opcode><Keywords>0x8000000000000000</Keywords><TimeCreated SystemTime='2023-05-17T11:04:35.4844242Z'/><EventRecordID>15713</EventRecordID><Correlation/><Execution ProcessID='2900' ThreadID='3892'/><Channel>Microsoft-Windows-Sysmon/Operational</Channel><Computer>DESKTOP-0QN63TJ</Computer><Security UserID='S-1-5-18'/></System><EventData><Data Name='RuleName'>-</Data><Data Name='UtcTime'>2023-05-17 10:54:52.056</Data><Data Name='ProcessGuid'>{4158b3ab-9046-6463-3400-000000000c00}</Data><Data Name='ProcessId'>2152</Data><Data Name='Image'>C:\Windows\System32\svchost.exe</Data><Data Name='User'>NT AUTHORITY\NETWORK SERVICE</Data><Data Name='Protocol'>udp</Data><Data Name='Initiated'>true</Data><Data Name='SourceIsIpv6'>false</Data><Data Name='SourceIp'>192.168.2.202</Data><Data Name='SourceHostname'>DESKTOP-0QN63TJ</Data><Data Name='SourcePort'>56985</Data><Data Name='SourcePortName'>-</Data><Data Name='DestinationIsIpv6'>false</Data><Data Name='DestinationIp'>8.8.8.8</Data><Data Name='DestinationHostname'>-</Data><Data Name='DestinationPort'>53</Data><Data Name='DestinationPortName'>domain</Data></EventData></Event></Events>
<Events><Event xmlns='http://schemas.microsoft.com/win/2004/08/events/event'><System><Provider Name='Microsoft-Windows-Sysmon' Guid='{5770385f-c22a-43e0-bf4c-06f5698ffbd9}'/><EventID>3</EventID><Version>5</Version><Level>4</Level><Task>3</Task><Opcode>0</Opcode><Keywords>0x8000000000000000</Keywords><TimeCreated SystemTime='2023-05-17T11:05:20.5650521Z'/><EventRecordID>15721</EventRecordID><Correlation/><Execution ProcessID='2900' ThreadID='3892'/><Channel>Microsoft-Windows-Sysmon/Operational</Channel><Computer>DESKTOP-0QN63TJ</Computer><Security UserID='S-1-5-18'/></System><EventData><Data Name='RuleName'>-</Data><Data Name='UtcTime'>2023-05-17 10:55:36.755</Data><Data Name='ProcessGuid'>{4158b3ab-b4b1-6464-1c02-000000000c00}</Data><Data Name='ProcessId'>1232</Data><Data Name='Image'>C:\Program Files (x86)\Internet Explorer\IEXPLORE.EXE</Data><Data Name='User'>DESKTOP-0QN63TJ\me</Data><Data Name='Protocol'>tcp</Data><Data Name='Initiated'>true</Data><Data Name='SourceIsIpv6'>false</Data><Data Name='SourceIp'>192.168.2.202</Data><Data Name='SourceHostname'>DESKTOP-0QN63TJ</Data><Data Name='SourcePort'>64648</Data><Data Name='SourcePortName'>-</Data><Data Name='DestinationIsIpv6'>false</Data><Data Name='DestinationIp'>88.221.16.181</Data><Data Name='DestinationHostname'>-</Data><Data Name='DestinationPort'>443</Data><Data Name='DestinationPortName'>https</Data></EventData></Event></Events>
<Events><Event xmlns='http://schemas.microsoft.com/win/2004/08/events/event'><System><Provider Name='Microsoft-Windows-Sysmon' Guid='{5770385f-c22a-43e0-bf4c-06f5698ffbd9}'/><EventID>3</EventID><Version>5</Version><Level>4</Level><Task>3</Task><Opcode>0</Opcode><Keywords>0x8000000000000000</Keywords><TimeCreated SystemTime='2023-05-17T11:05:20.5629649Z'/><EventRecordID>15720</EventRecordID><Correlation/><Execution ProcessID='2900' ThreadID='3892'/><Channel>Microsoft-Windows-Sysmon/Operational</Channel><Computer>DESKTOP-0QN63TJ</Computer><Security UserID='S-1-5-18'/></System><EventData><Data Name='RuleName'>-</Data><Data Name='UtcTime'>2023-05-17 10:55:36.753</Data><Data Name='ProcessGuid'>{4158b3ab-b4b1-6464-1c02-000000000c00}</Data><Data Name='ProcessId'>1232</Data><Data Name='Image'>C:\Program Files (x86)\Internet Explorer\IEXPLORE.EXE</Data><Data Name='User'>DESKTOP-0QN63TJ\me</Data><Data Name='Protocol'>tcp</Data><Data Name='Initiated'>true</Data><Data Name='SourceIsIpv6'>false</Data><Data Name='SourceIp'>192.168.2.202</Data><Data Name='SourceHostname'>DESKTOP-0QN63TJ</Data><Data Name='SourcePort'>64649</Data><Data Name='SourcePortName'>-</Data><Data Name='DestinationIsIpv6'>false</Data><Data Name='DestinationIp'>88.221.16.181</Data><Data Name='DestinationHostname'>-</Data><Data Name='DestinationPort'>443</Data><Data Name='DestinationPortName'>https</Data></EventData></Event></Events>
<Events><Event xmlns='http://schemas.microsoft.com/win/2004/08/events/event'><System><Provider Name='Microsoft-Windows-Sysmon' Guid='{5770385f-c22a-43e0-bf4c-06f5698ffbd9}'/><EventID>3</EventID><Version>5</Version><Level>4</Level><Task>3</Task><Opcode>0</Opcode><Keywords>0x8000000000000000</Keywords><TimeCreated SystemTime='2023-05-17T11:05:20.0360120Z'/><EventRecordID>15719</EventRecordID><Correlation/><Execution ProcessID='2900' ThreadID='3892'/><Channel>Microsoft-Windows-Sysmon/Operational</Channel><Computer>DESKTOP-0QN63TJ</Computer><Security UserID='S-1-5-18'/></System><EventData><Data Name='RuleName'>-</Data><Data Name='UtcTime'>2023-05-17 10:55:36.638</Data><Data Name='ProcessGuid'>{4158b3ab-9046-6463-3400-000000000c00}</Data><Data Name='ProcessId'>2152</Data><Data Name='Image'>C:\Windows\System32\svchost.exe</Data><Data Name='User'>NT AUTHORITY\NETWORK SERVICE</Data><Data Name='Protocol'>udp</Data><Data Name='Initiated'>true</Data><Data Name='SourceIsIpv6'>false</Data><Data Name='SourceIp'>192.168.2.202</Data><Data Name='SourceHostname'>DESKTOP-0QN63TJ</Data><Data Name='SourcePort'>49399</Data><Data Name='SourcePortName'>-</Data><Data Name='DestinationIsIpv6'>false</Data><Data Name='DestinationIp'>8.8.8.8</Data><Data Name='DestinationHostname'>-</Data><Data Name='DestinationPort'>53</Data><Data Name='DestinationPortName'>domain</Data></EventData></Event></Events>
<Events><Event xmlns='http://schemas.microsoft.com/win/2004/08/events/event'><System><Provider Name='Microsoft-Windows-Sysmon' Guid='{5770385f-c22a-43e0-bf4c-06f5698ffbd9}'/><EventID>3</EventID><Version>5</Version><Level>4</Level><Task>3</Task><Opcode>0</Opcode><Keywords>0x8000000000000000</Keywords><TimeCreated SystemTime='2023-05-17T11:05:19.7780413Z'/><EventRecordID>15718</EventRecordID><Correlation/><Execution ProcessID='2900' ThreadID='3892'/><Channel>Microsoft-Windows-Sysmon/Operational</Channel><Computer>DESKTOP-0QN63TJ</Computer><Security UserID='S-1-5-18'/></System><EventData><Data Name='RuleName'>-</Data><Data Name='UtcTime'>2023-05-17 10:55:36.532</Data><Data Name='ProcessGuid'>{4158b3ab-9046-6463-3400-000000000c00}</Data><Data Name='ProcessId'>2152</Data><Data Name='Image'>C:\Windows\System32\svchost.exe</Data><Data Name='User'>NT AUTHORITY\NETWORK SERVICE</Data><Data Name='Protocol'>udp</Data><Data Name='Initiated'>true</Data><Data Name='SourceIsIpv6'>false</Data><Data Name='SourceIp'>192.168.2.202</Data><Data Name='SourceHostname'>DESKTOP-0QN63TJ</Data><Data Name='SourcePort'>52961</Data><Data Name='SourcePortName'>-</Data><Data Name='DestinationIsIpv6'>false</Data><Data Name='DestinationIp'>8.8.8.8</Data><Data Name='DestinationHostname'>-</Data><Data Name='DestinationPort'>53</Data><Data Name='DestinationPortName'>domain</Data></EventData></Event></Events>
<Events><Event xmlns='http://schemas.microsoft.com/win/2004/08/events/event'><System><Provider Name='Microsoft-Windows-Sysmon' Guid='{5770385f-c22a-43e0-bf4c-06f5698ffbd9}'/><EventID>3</EventID><Version>5</Version><Level>4</Level><Task>3</Task><Opcode>0</Opcode><Keywords>0x8000000000000000</Keywords><TimeCreated SystemTime='2023-05-17T11:05:19.7780191Z'/><EventRecordID>15717</EventRecordID><Correlation/><Execution ProcessID='2900' ThreadID='3892'/><Channel>Microsoft-Windows-Sysmon/Operational</Channel><Computer>DESKTOP-0QN63TJ</Computer><Security UserID='S-1-5-18'/></System><EventData><Data Name='RuleName'>-</Data><Data Name='UtcTime'>2023-05-17 10:55:36.527</Data><Data Name='ProcessGuid'>{4158b3ab-9046-6463-3400-000000000c00}</Data><Data Name='ProcessId'>2152</Data><Data Name='Image'>C:\Windows\System32\svchost.exe</Data><Data Name='User'>NT AUTHORITY\NETWORK SERVICE</Data><Data Name='Protocol'>udp</Data><Data Name='Initiated'>true</Data><Data Name='SourceIsIpv6'>false</Data><Data Name='SourceIp'>192.168.2.202</Data><Data Name='SourceHostname'>DESKTOP-0QN63TJ</Data><Data Name='SourcePort'>55884</Data><Data Name='SourcePortName'>-</Data><Data Name='DestinationIsIpv6'>false</Data><Data Name='DestinationIp'>8.8.8.8</Data><Data Name='DestinationHostname'>-</Data><Data Name='DestinationPort'>53</Data><Data Name='DestinationPortName'>domain</Data></EventData></Event></Events>
<Events><Event xmlns='http://schemas.microsoft.com/win/2004/08/events/event'><System><Provider Name='Microsoft-Windows-Sysmon' Guid='{5770385f-c22a-43e0-bf4c-06f5698ffbd9}'/><EventID>3</EventID><Version>5</Version><Level>4</Level><Task>3</Task><Opcode>0</Opcode><Keywords>0x8000000000000000</Keywords><TimeCreated SystemTime='2023-05-17T11:05:21.5940652Z'/><EventRecordID>15725</EventRecordID><Correlation/><Execution ProcessID='2900' ThreadID='3892'/><Channel>Microsoft-Windows-Sysmon/Operational</Channel><Computer>DESKTOP-0QN63TJ</Computer><Security UserID='S-1-5-18'/></System><EventData><Data Name='RuleName'>-</Data><Data Name='UtcTime'>2023-05-17 10:55:38.319</Data><Data Name='ProcessGuid'>{4158b3ab-9046-6463-3400-000000000c00}</Data><Data Name='ProcessId'>2152</Data><Data Name='Image'>C:\Windows\System32\svchost.exe</Data><Data Name='User'>NT AUTHORITY\NETWORK SERVICE</Data><Data Name='Protocol'>udp</Data><Data Name='Initiated'>true</Data><Data Name='SourceIsIpv6'>false</Data><Data Name='SourceIp'>192.168.2.202</Data><Data Name='SourceHostname'>DESKTOP-0QN63TJ</Data><Data Name='SourcePort'>56960</Data><Data Name='SourcePortName'>-</Data><Data Name='DestinationIsIpv6'>false</Data><Data Name='DestinationIp'>8.8.8.8</Data><Data Name='DestinationHostname'>-</Data><Data Name='DestinationPort'>53</Data><Data Name='DestinationPortName'>domain</Data></EventData></Event></Events>
<Events><Event xmlns='http://schemas.microsoft.com/win/2004/08/events/event'><System><Provider Name='Microsoft-Windows-Sysmon' Guid='{5770385f-c22a-43e0-bf4c-06f5698ffbd9}'/><EventID>3</EventID><Version>5</Version><Level>4</Level><Task>3</Task><Opcode>0</Opcode><Keywords>0x8000000000000000</Keywords><TimeCreated SystemTime='2023-05-17T11:05:21.5940266Z'/><EventRecordID>15724</EventRecordID><Correlation/><Execution ProcessID='2900' ThreadID='3892'/><Channel>Microsoft-Windows-Sysmon/Operational</Channel><Computer>DESKTOP-0QN63TJ</Computer><Security UserID='S-1-5-18'/></System><EventData><Data Name='RuleName'>-</Data><Data Name='UtcTime'>2023-05-17 10:55:37.633</Data><Data Name='ProcessGuid'>{4158b3ab-b4b1-6464-1c02-000000000c00}</Data><Data Name='ProcessId'>1232</Data><Data Name='Image'>C:\Program Files (x86)\Internet Explorer\IEXPLORE.EXE</Data><Data Name='User'>DESKTOP-0QN63TJ\me</Data><Data Name='Protocol'>tcp</Data><Data Name='Initiated'>true</Data><Data Name='SourceIsIpv6'>false</Data><Data Name='SourceIp'>192.168.2.202</Data><Data Name='SourceHostname'>DESKTOP-0QN63TJ</Data><Data Name='SourcePort'>64652</Data><Data Name='SourcePortName'>-</Data><Data Name='DestinationIsIpv6'>false</Data><Data Name='DestinationIp'>185.89.210.101</Data><Data Name='DestinationHostname'>953.bm-nginx-loadbalancer.mgmt.ams3.adnexus.net</Data><Data Name='DestinationPort'>443</Data><Data Name='DestinationPortName'>https</Data></EventData></Event></Events>
<Events><Event xmlns='http://schemas.microsoft.com/win/2004/08/events/event'><System><Provider Name='Microsoft-Windows-Sysmon' Guid='{5770385f-c22a-43e0-bf4c-06f5698ffbd9}'/><EventID>3</EventID><Version>5</Version><Level>4</Level><Task>3</Task><Opcode>0</Opcode><Keywords>0x8000000000000000</Keywords><TimeCreated SystemTime='2023-05-17T11:05:20.8143876Z'/><EventRecordID>15723</EventRecordID><Correlation/><Execution ProcessID='2900' ThreadID='3892'/><Channel>Microsoft-Windows-Sysmon/Operational</Channel><Computer>DESKTOP-0QN63TJ</Computer><Security UserID='S-1-5-18'/></System><EventData><Data Name='RuleName'>-</Data><Data Name='UtcTime'>2023-05-17 10:55:37.465</Data><Data Name='ProcessGuid'>{4158b3ab-b4b1-6464-1c02-000000000c00}</Data><Data Name='ProcessId'>1232</Data><Data Name='Image'>C:\Program Files (x86)\Internet Explorer\IEXPLORE.EXE</Data><Data Name='User'>DESKTOP-0QN63TJ\me</Data><Data Name='Protocol'>tcp</Data><Data Name='Initiated'>true</Data><Data Name='SourceIsIpv6'>false</Data><Data Name='SourceIp'>192.168.2.202</Data><Data Name='SourceHostname'>DESKTOP-0QN63TJ</Data><Data Name='SourcePort'>64650</Data><Data Name='SourcePortName'>-</Data><Data Name='DestinationIsIpv6'>false</Data><Data Name='DestinationIp'>13.107.42.14</Data><Data Name='DestinationHostname'>-</Data><Data Name='DestinationPort'>443</Data><Data Name='DestinationPortName'>https</Data></EventData></Event></Events>
<Events><Event xmlns='http://schemas.microsoft.com/win/2004/08/events/event'><System><Provider Name='Microsoft-Windows-Sysmon' Guid='{5770385f-c22a-43e0-bf4c-06f5698ffbd9}'/><EventID>3</EventID><Version>5</Version><Level>4</Level><Task>3</Task><Opcode>0</Opcode><Keywords>0x8000000000000000</Keywords><TimeCreated SystemTime='2023-05-17T11:05:20.8128325Z'/><EventRecordID>15722</EventRecordID><Correlation/><Execution ProcessID='2900' ThreadID='3892'/><Channel>Microsoft-Windows-Sysmon/Operational</Channel><Computer>DESKTOP-0QN63TJ</Computer><Security UserID='S-1-5-18'/></System><EventData><Data Name='RuleName'>-</Data><Data Name='UtcTime'>2023-05-17 10:55:37.459</Data><Data Name='ProcessGuid'>{4158b3ab-b4b1-6464-1c02-000000000c00}</Data><Data Name='ProcessId'>1232</Data><Data Name='Image'>C:\Program Files (x86)\Internet Explorer\IEXPLORE.EXE</Data><Data Name='User'>DESKTOP-0QN63TJ\me</Data><Data Name='Protocol'>tcp</Data><Data Name='Initiated'>true</Data><Data Name='SourceIsIpv6'>false</Data><Data Name='SourceIp'>192.168.2.202</Data><Data Name='SourceHostname'>DESKTOP-0QN63TJ</Data><Data Name='SourcePort'>64651</Data><Data Name='SourcePortName'>-</Data><Data Name='DestinationIsIpv6'>false</Data><Data Name='DestinationIp'>13.107.42.14</Data><Data Name='DestinationHostname'>-</Data><Data Name='DestinationPort'>443</Data><Data Name='DestinationPortName'>https</Data></EventData></Event></Events>
<Events><Event xmlns='http://schemas.microsoft.com/win/2004/08/events/event'><System><Provider Name='Microsoft-Windows-Sysmon' Guid='{5770385f-c22a-43e0-bf4c-06f5698ffbd9}'/><EventID>3</EventID><Version>5</Version><Level>4</Level><Task>3</Task><Opcode>0</Opcode><Keywords>0x8000000000000000</Keywords><TimeCreated SystemTime='2023-05-17T11:05:22.8910093Z'/><EventRecordID>15731</EventRecordID><Correlation/><Execution ProcessID='2900' ThreadID='3892'/><Channel>Microsoft-Windows-Sysmon/Operational</Channel><Computer>DESKTOP-0QN63TJ</Computer><Security UserID='S-1-5-18'/></System><EventData><Data Name='RuleName'>-</Data><Data Name='UtcTime'>2023-05-17 10:55:39.462</Data><Data Name='ProcessGuid'>{4158b3ab-b4b1-6464-1c02-000000000c00}</Data><Data Name='ProcessId'>1232</Data><Data Name='Image'>C:\Program Files (x86)\Internet Explorer\IEXPLORE.EXE</Data><Data Name='User'>DESKTOP-0QN63TJ\me</Data><Data Name='Protocol'>tcp</Data><Data Name='Initiated'>true</Data><Data Name='SourceIsIpv6'>false</Data><Data Name='SourceIp'>192.168.2.202</Data><Data Name='SourceHostname'>DESKTOP-0QN63TJ</Data><Data Name='SourcePort'>64658</Data><Data Name='SourcePortName'>-</Data><Data Name='DestinationIsIpv6'>false</Data><Data Name='DestinationIp'>104.19.133.78</Data><Data Name='DestinationHostname'>-</Data><Data Name='DestinationPort'>443</Data><Data Name='DestinationPortName'>https</Data></EventData></Event></Events>
<Events><Event xmlns='http://schemas.microsoft.com/win/2004/08/events/event'><System><Provider Name='Microsoft-Windows-Sysmon' Guid='{5770385f-c22a-43e0-bf4c-06f5698ffbd9}'/><EventID>3</EventID><Version>5</Version><Level>4</Level><Task>3</Task><Opcode>0</Opcode><Keywords>0x8000000000000000</Keywords><TimeCreated SystemTime='2023-05-17T11:05:22.8904041Z'/><EventRecordID>15730</EventRecordID><Correlation/><Execution ProcessID='2900' ThreadID='3892'/><Channel>Microsoft-Windows-Sysmon/Operational</Channel><Computer>DESKTOP-0QN63TJ</Computer><Security UserID='S-1-5-18'/></System><EventData><Data Name='RuleName'>-</Data><Data Name='UtcTime'>2023-05-17 10:55:39.461</Data><Data Name='ProcessGuid'>{4158b3ab-b4b1-6464-1c02-000000000c00}</Data><Data Name='ProcessId'>1232</Data><Data Name='Image'>C:\Program Files (x86)\Internet Explorer\IEXPLORE.EXE</Data><Data Name='User'>DESKTOP-0QN63TJ\me</Data><Data Name='Protocol'>tcp</Data><Data Name='Initiated'>true</Data><Data Name='SourceIsIpv6'>false</Data><Data Name='SourceIp'>192.168.2.202</Data><Data Name='SourceHostname'>DESKTOP-0QN63TJ</Data><Data Name='SourcePort'>64657</Data><Data Name='SourcePortName'>-</Data><Data Name='DestinationIsIpv6'>false</Data><Data Name='DestinationIp'>104.19.133.78</Data><Data Name='DestinationHostname'>-</Data><Data Name='DestinationPort'>443</Data><Data Name='DestinationPortName'>https</Data></EventData></Event></Events>
<Events><Event xmlns='http://schemas.microsoft.com/win/2004/08/events/event'><System><Provider Name='Microsoft-Windows-Sysmon' Guid='{5770385f-c22a-43e0-bf4c-06f5698ffbd9}'/><EventID>3</EventID><Version>5</Version><Level>4</Level><Task>3</Task><Opcode>0</Opcode><Keywords>0x8000000000000000</Keywords><TimeCreated SystemTime='2023-05-17T11:05:22.6424100Z'/><EventRecordID>15729</EventRecordID><Correlation/><Execution ProcessID='2900' ThreadID='3892'/><Channel>Microsoft-Windows-Sysmon/Operational</Channel><Computer>DESKTOP-0QN63TJ</Computer><Security UserID='S-1-5-18'/></System><EventData><Data Name='RuleName'>-</Data><Data Name='UtcTime'>2023-05-17 10:55:38.508</Data><Data Name='ProcessGuid'>{4158b3ab-b4b1-6464-1c02-000000000c00}</Data><Data Name='ProcessId'>1232</Data><Data Name='Image'>C:\Program Files (x86)\Internet Explorer\IEXPLORE.EXE</Data><Data Name='User'>DESKTOP-0QN63TJ\me</Data><Data Name='Protocol'>tcp</Data><Data Name='Initiated'>true</Data><Data Name='SourceIsIpv6'>false</Data><Data Name='SourceIp'>192.168.2.202</Data><Data Name='SourceHostname'>DESKTOP-0QN63TJ</Data><Data Name='SourcePort'>64656</Data><Data Name='SourcePortName'>-</Data><Data Name='DestinationIsIpv6'>false</Data><Data Name='DestinationIp'>185.255.84.152</Data><Data Name='DestinationHostname'>-</Data><Data Name='DestinationPort'>443</Data><Data Name='DestinationPortName'>https</Data></EventData></Event></Events>
<Events><Event xmlns='http://schemas.microsoft.com/win/2004/08/events/event'><System><Provider Name='Microsoft-Windows-Sysmon' Guid='{5770385f-c22a-43e0-bf4c-06f5698ffbd9}'/><EventID>3</EventID><Version>5</Version><Level>4</Level><Task>3</Task><Opcode>0</Opcode><Keywords>0x8000000000000000</Keywords><TimeCreated SystemTime='2023-05-17T11:05:22.6420570Z'/><EventRecordID>15728</EventRecordID><Correlation/><Execution ProcessID='2900' ThreadID='3892'/><Channel>Microsoft-Windows-Sysmon/Operational</Channel><Computer>DESKTOP-0QN63TJ</Computer><Security UserID='S-1-5-18'/></System><EventData><Data Name='RuleName'>-</Data><Data Name='UtcTime'>2023-05-17 10:55:38.505</Data><Data Name='ProcessGuid'>{4158b3ab-b4b1-6464-1c02-000000000c00}</Data><Data Name='ProcessId'>1232</Data><Data Name='Image'>C:\Program Files (x86)\Internet Explorer\IEXPLORE.EXE</Data><Data Name='User'>DESKTOP-0QN63TJ\me</Data><Data Name='Protocol'>tcp</Data><Data Name='Initiated'>true</Data><Data Name='SourceIsIpv6'>false</Data><Data Name='SourceIp'>192.168.2.202</Data><Data Name='SourceHostname'>DESKTOP-0QN63TJ</Data><Data Name='SourcePort'>64655</Data><Data Name='SourcePortName'>-</Data><Data Name='DestinationIsIpv6'>false</Data><Data Name='DestinationIp'>185.255.84.152</Data><Data Name='DestinationHostname'>-</Data><Data Name='DestinationPort'>443</Data><Data Name='DestinationPortName'>https</Data></EventData></Event></Events>
<Events><Event xmlns='http://schemas.microsoft.com/win/2004/08/events/event'><System><Provider Name='Microsoft-Windows-Sysmon' Guid='{5770385f-c22a-43e0-bf4c-06f5698ffbd9}'/><EventID>3</EventID><Version>5</Version><Level>4</Level><Task>3</Task><Opcode>0</Opcode><Keywords>0x8000000000000000</Keywords><TimeCreated SystemTime='2023-05-17T11:05:22.6415076Z'/><EventRecordID>15727</EventRecordID><Correlation/><Execution ProcessID='2900' ThreadID='3892'/><Channel>Microsoft-Windows-Sysmon/Operational</Channel><Computer>DESKTOP-0QN63TJ</Computer><Security UserID='S-1-5-18'/></System><EventData><Data Name='RuleName'>-</Data><Data Name='UtcTime'>2023-05-17 10:55:38.500</Data><Data Name='ProcessGuid'>{4158b3ab-b4b1-6464-1c02-000000000c00}</Data><Data Name='ProcessId'>1232</Data><Data Name='Image'>C:\Program Files (x86)\Internet Explorer\IEXPLORE.EXE</Data><Data Name='User'>DESKTOP-0QN63TJ\me</Data><Data Name='Protocol'>tcp</Data><Data Name='Initiated'>true</Data><Data Name='SourceIsIpv6'>false</Data><Data Name='SourceIp'>192.168.2.202</Data><Data Name='SourceHostname'>DESKTOP-0QN63TJ</Data><Data Name='SourcePort'>64654</Data><Data Name='SourcePortName'>-</Data><Data Name='DestinationIsIpv6'>false</Data><Data Name='DestinationIp'>185.89.210.212</Data><Data Name='DestinationHostname'>942.bm-nginx-loadbalancer.mgmt.ams3.adnexus.net</Data><Data Name='DestinationPort'>443</Data><Data Name='DestinationPortName'>https</Data></EventData></Event></Events>
<Events><Event xmlns='http://schemas.microsoft.com/win/2004/08/events/event'><System><Provider Name='Microsoft-Windows-Sysmon' Guid='{5770385f-c22a-43e0-bf4c-06f5698ffbd9}'/><EventID>3</EventID><Version>5</Version><Level>4</Level><Task>3</Task><Opcode>0</Opcode><Keywords>0x8000000000000000</Keywords><TimeCreated SystemTime='2023-05-17T11:05:22.6404161Z'/><EventRecordID>15726</EventRecordID><Correlation/><Execution ProcessID='2900' ThreadID='3892'/><Channel>Microsoft-Windows-Sysmon/Operational</Channel><Computer>DESKTOP-0QN63TJ</Computer><Security UserID='S-1-5-18'/></System><EventData><Data Name='RuleName'>-</Data><Data Name='UtcTime'>2023-05-17 10:55:38.497</Data><Data Name='ProcessGuid'>{4158b3ab-b4b1-6464-1c02-000000000c00}</Data><Data Name='ProcessId'>1232</Data><Data Name='Image'>C:\Program Files (x86)\Internet Explorer\IEXPLORE.EXE</Data><Data Name='User'>DESKTOP-0QN63TJ\me</Data><Data Name='Protocol'>tcp</Data><Data Name='Initiated'>true</Data><Data Name='SourceIsIpv6'>false</Data><Data Name='SourceIp'>192.168.2.202</Data><Data Name='SourceHostname'>DESKTOP-0QN63TJ</Data><Data Name='SourcePort'>64653</Data><Data Name='SourcePortName'>-</Data><Data Name='DestinationIsIpv6'>false</Data><Data Name='DestinationIp'>185.89.210.212</Data><Data Name='DestinationHostname'>942.bm-nginx-loadbalancer.mgmt.ams3.adnexus.net</Data><Data Name='DestinationPort'>443</Data><Data Name='DestinationPortName'>https</Data></EventData></Event></Events>
<Events><Event xmlns='http://schemas.microsoft.com/win/2004/08/events/event'><System><Provider Name='Microsoft-Windows-Sysmon' Guid='{5770385f-c22a-43e0-bf4c-06f5698ffbd9}'/><EventID>3</EventID><Version>5</Version><Level>4</Level><Task>3</Task><Opcode>0</Opcode><Keywords>0x8000000000000000</Keywords><TimeCreated SystemTime='2023-05-17T11:06:41.8892389Z'/><EventRecordID>15735</EventRecordID><Correlation/><Execution ProcessID='2900' ThreadID='3892'/><Channel>Microsoft-Windows-Sysmon/Operational</Channel><Computer>DESKTOP-0QN63TJ</Computer><Security UserID='S-1-5-18'/></System><EventData><Data Name='RuleName'>-</Data><Data Name='UtcTime'>2023-05-17 10:56:58.496</Data><Data Name='ProcessGuid'>{4158b3ab-9040-6463-eb03-000000000000}</Data><Data Name='ProcessId'>4</Data><Data Name='Image'>System</Data><Data Name='User'>NT AUTHORITY\SYSTEM</Data><Data Name='Protocol'>udp</Data><Data Name='Initiated'>false</Data><Data Name='SourceIsIpv6'>false</Data><Data Name='SourceIp'>192.168.2.255</Data><Data Name='SourceHostname'>-</Data><Data Name='SourcePort'>138</Data><Data Name='SourcePortName'>netbios-dgm</Data><Data Name='DestinationIsIpv6'>false</Data><Data Name='DestinationIp'>192.168.2.202</Data><Data Name='DestinationHostname'>DESKTOP-0QN63TJ</Data><Data Name='DestinationPort'>138</Data><Data Name='DestinationPortName'>netbios-dgm</Data></EventData></Event></Events>
<Events><Event xmlns='http://schemas.microsoft.com/win/2004/08/events/event'><System><Provider Name='Microsoft-Windows-Sysmon' Guid='{5770385f-c22a-43e0-bf4c-06f5698ffbd9}'/><EventID>3</EventID><Version>5</Version><Level>4</Level><Task>3</Task><Opcode>0</Opcode><Keywords>0x8000000000000000</Keywords><TimeCreated SystemTime='2023-05-17T11:06:41.8892231Z'/><EventRecordID>15734</EventRecordID><Correlation/><Execution ProcessID='2900' ThreadID='3892'/><Channel>Microsoft-Windows-Sysmon/Operational</Channel><Computer>DESKTOP-0QN63TJ</Computer><Security UserID='S-1-5-18'/></System><EventData><Data Name='RuleName'>-</Data><Data Name='UtcTime'>2023-05-17 10:56:58.496</Data><Data Name='ProcessGuid'>{4158b3ab-9040-6463-eb03-000000000000}</Data><Data Name='ProcessId'>4</Data><Data Name='Image'>System</Data><Data Name='User'>NT AUTHORITY\SYSTEM</Data><Data Name='Protocol'>udp</Data><Data Name='Initiated'>true</Data><Data Name='SourceIsIpv6'>false</Data><Data Name='SourceIp'>192.168.2.202</Data><Data Name='SourceHostname'>DESKTOP-0QN63TJ</Data><Data Name='SourcePort'>138</Data><Data Name='SourcePortName'>netbios-dgm</Data><Data Name='DestinationIsIpv6'>false</Data><Data Name='DestinationIp'>192.168.2.255</Data><Data Name='DestinationHostname'>-</Data><Data Name='DestinationPort'>138</Data><Data Name='DestinationPortName'>netbios-dgm</Data></EventData></Event></Events>
