<Event xmlns="http://schemas.microsoft.com/win/2004/08/events/event">
		<System>
			<Provider Name="Microsoft-Windows-Sysmon" Guid="{5770385f-c22a-43e0-bf4c-06f5698ffbd9}" />
			<EventID>
				3
			</EventID>
			<Version>
				5
			</Version>
			<Level>
				4
			</Level>
			<Task>
				3
			</Task>
			<Opcode>
				0
			</Opcode>
			<Keywords>
				0x8000000000000000
			</Keywords>
			<TimeCreated SystemTime="2023-05-12T09:07:55.7673073Z" />
			<EventRecordID>
				1544
			</EventRecordID>
			<Correlation />
			<Execution ProcessID="2868" ThreadID="4544" />
			<Channel>
				Microsoft-Windows-Sysmon/Operational
			</Channel>
			<Computer>
				DESKTOP-0QN63TJ
			</Computer>
			<Security UserID="S-1-5-18" />
		</System>
		<EventData>
			<Data Name="RuleName">
				-
			</Data>
			<Data Name="UtcTime">
				2023-05-12 09:07:54.582
			</Data>
			<Data Name="ProcessGuid">
				{4158b3ab-e9ae-645d-3400-000000000900}
			</Data>
			<Data Name="ProcessId">
				2148
			</Data>
			<Data Name="Image">
				C:\Windows\System32\svchost.exe
			</Data>
			<Data Name="User">
				NT AUTHORITY\NETWORK SERVICE
			</Data>
			<Data Name="Protocol">
				udp
			</Data>
			<Data Name="Initiated">
				true
			</Data>
			<Data Name="SourceIsIpv6">
				false
			</Data>
			<Data Name="SourceIp">
				192.168.2.202
			</Data>
			<Data Name="SourceHostname">
				DESKTOP-0QN63TJ
			</Data>
			<Data Name="SourcePort">
				54698
			</Data>
			<Data Name="SourcePortName">
				-
			</Data>
			<Data Name="DestinationIsIpv6">
				false
			</Data>
			<Data Name="DestinationIp">
				192.168.2.1
			</Data>
			<Data Name="DestinationHostname">
				router.asus.com
			</Data>
			<Data Name="DestinationPort">
				53
			</Data>
			<Data Name="DestinationPortName">
				domain
			</Data>
		</EventData>
	</Event>
	<Event xmlns="http://schemas.microsoft.com/win/2004/08/events/event">
		<System>
			<Provider Name="Microsoft-Windows-Sysmon" Guid="{5770385f-c22a-43e0-bf4c-06f5698ffbd9}" />
			<EventID>
				3
			</EventID>
			<Version>
				5
			</Version>
			<Level>
				4
			</Level>
			<Task>
				3
			</Task>
			<Opcode>
				0
			</Opcode>
			<Keywords>
				0x8000000000000000
			</Keywords>
			<TimeCreated SystemTime="2023-05-12T09:07:55.7672994Z" />
			<EventRecordID>
				1543
			</EventRecordID>
			<Correlation />
			<Execution ProcessID="2868" ThreadID="4544" />
			<Channel>
				Microsoft-Windows-Sysmon/Operational
			</Channel>
			<Computer>
				DESKTOP-0QN63TJ
			</Computer>
			<Security UserID="S-1-5-18" />
		</System>
		<EventData>
			<Data Name="RuleName">
				-
			</Data>
			<Data Name="UtcTime">
				2023-05-12 09:07:54.582
			</Data>
			<Data Name="ProcessGuid">
				{4158b3ab-e9ae-645d-3400-000000000900}
			</Data>
			<Data Name="ProcessId">
				2148
			</Data>
			<Data Name="Image">
				C:\Windows\System32\svchost.exe
			</Data>
			<Data Name="User">
				NT AUTHORITY\NETWORK SERVICE
			</Data>
			<Data Name="Protocol">
				udp
			</Data>
			<Data Name="Initiated">
				true
			</Data>
			<Data Name="SourceIsIpv6">
				false
			</Data>
			<Data Name="SourceIp">
				192.168.2.202
			</Data>
			<Data Name="SourceHostname">
				DESKTOP-0QN63TJ
			</Data>
			<Data Name="SourcePort">
				54516
			</Data>
			<Data Name="SourcePortName">
				-
			</Data>
			<Data Name="DestinationIsIpv6">
				false
			</Data>
			<Data Name="DestinationIp">
				192.168.2.1
			</Data>
			<Data Name="DestinationHostname">
				router.asus.com
			</Data>
			<Data Name="DestinationPort">
				53
			</Data>
			<Data Name="DestinationPortName">
				domain
			</Data>
		</EventData>
	</Event>
	<Event xmlns="http://schemas.microsoft.com/win/2004/08/events/event">
		<System>
			<Provider Name="Microsoft-Windows-Sysmon" Guid="{5770385f-c22a-43e0-bf4c-06f5698ffbd9}" />
			<EventID>
				3
			</EventID>
			<Version>
				5
			</Version>
			<Level>
				4
			</Level>
			<Task>
				3
			</Task>
			<Opcode>
				0
			</Opcode>
			<Keywords>
				0x8000000000000000
			</Keywords>
			<TimeCreated SystemTime="2023-05-12T09:07:55.7672898Z" />
			<EventRecordID>
				1542
			</EventRecordID>
			<Correlation />
			<Execution ProcessID="2868" ThreadID="4544" />
			<Channel>
				Microsoft-Windows-Sysmon/Operational
			</Channel>
			<Computer>
				DESKTOP-0QN63TJ
			</Computer>
			<Security UserID="S-1-5-18" />
		</System>
		<EventData>
			<Data Name="RuleName">
				-
			</Data>
			<Data Name="UtcTime">
				2023-05-12 09:07:54.581
			</Data>
			<Data Name="ProcessGuid">
				{4158b3ab-e9ae-645d-3400-000000000900}
			</Data>
			<Data Name="ProcessId">
				2148
			</Data>
			<Data Name="Image">
				C:\Windows\System32\svchost.exe
			</Data>
			<Data Name="User">
				NT AUTHORITY\NETWORK SERVICE
			</Data>
			<Data Name="Protocol">
				udp
			</Data>
			<Data Name="Initiated">
				true
			</Data>
			<Data Name="SourceIsIpv6">
				false
			</Data>
			<Data Name="SourceIp">
				192.168.2.202
			</Data>
			<Data Name="SourceHostname">
				DESKTOP-0QN63TJ
			</Data>
			<Data Name="SourcePort">
				55210
			</Data>
			<Data Name="SourcePortName">
				-
			</Data>
			<Data Name="DestinationIsIpv6">
				false
			</Data>
			<Data Name="DestinationIp">
				192.168.2.1
			</Data>
			<Data Name="DestinationHostname">
				router.asus.com
			</Data>
			<Data Name="DestinationPort">
				53
			</Data>
			<Data Name="DestinationPortName">
				domain
			</Data>
		</EventData>
	</Event>
	<Event xmlns="http://schemas.microsoft.com/win/2004/08/events/event">
		<System>
			<Provider Name="Microsoft-Windows-Sysmon" Guid="{5770385f-c22a-43e0-bf4c-06f5698ffbd9}" />
			<EventID>
				3
			</EventID>
			<Version>
				5
			</Version>
			<Level>
				4
			</Level>
			<Task>
				3
			</Task>
			<Opcode>
				0
			</Opcode>
			<Keywords>
				0x8000000000000000
			</Keywords>
			<TimeCreated SystemTime="2023-05-12T09:07:55.7672812Z" />
			<EventRecordID>
				1541
			</EventRecordID>
			<Correlation />
			<Execution ProcessID="2868" ThreadID="4544" />
			<Channel>
				Microsoft-Windows-Sysmon/Operational
			</Channel>
			<Computer>
				DESKTOP-0QN63TJ
			</Computer>
			<Security UserID="S-1-5-18" />
		</System>
		<EventData>
			<Data Name="RuleName">
				-
			</Data>
			<Data Name="UtcTime">
				2023-05-12 09:07:54.445
			</Data>
			<Data Name="ProcessGuid">
				{4158b3ab-01e7-645e-d801-000000000900}
			</Data>
			<Data Name="ProcessId">
				2984
			</Data>
			<Data Name="Image">
				C:\Program Files (x86)\Internet Explorer\iexplore.exe
			</Data>
			<Data Name="User">
				DESKTOP-0QN63TJ\me
			</Data>
			<Data Name="Protocol">
				tcp
			</Data>
			<Data Name="Initiated">
				true
			</Data>
			<Data Name="SourceIsIpv6">
				false
			</Data>
			<Data Name="SourceIp">
				192.168.2.202
			</Data>
			<Data Name="SourceHostname">
				DESKTOP-0QN63TJ
			</Data>
			<Data Name="SourcePort">
				49860
			</Data>
			<Data Name="SourcePortName">
				-
			</Data>
			<Data Name="DestinationIsIpv6">
				false
			</Data>
			<Data Name="DestinationIp">
				20.189.173.6
			</Data>
			<Data Name="DestinationHostname">
				-
			</Data>
			<Data Name="DestinationPort">
				443
			</Data>
			<Data Name="DestinationPortName">
				https
			</Data>
		</EventData>
	</Event>
	<Event xmlns="http://schemas.microsoft.com/win/2004/08/events/event">
		<System>
			<Provider Name="Microsoft-Windows-Sysmon" Guid="{5770385f-c22a-43e0-bf4c-06f5698ffbd9}" />
			<EventID>
				3
			</EventID>
			<Version>
				5
			</Version>
			<Level>
				4
			</Level>
			<Task>
				3
			</Task>
			<Opcode>
				0
			</Opcode>
			<Keywords>
				0x8000000000000000
			</Keywords>
			<TimeCreated SystemTime="2023-05-12T09:07:55.7672732Z" />
			<EventRecordID>
				1540
			</EventRecordID>
			<Correlation />
			<Execution ProcessID="2868" ThreadID="4544" />
			<Channel>
				Microsoft-Windows-Sysmon/Operational
			</Channel>
			<Computer>
				DESKTOP-0QN63TJ
			</Computer>
			<Security UserID="S-1-5-18" />
		</System>
		<EventData>
			<Data Name="RuleName">
				-
			</Data>
			<Data Name="UtcTime">
				2023-05-12 09:07:54.277
			</Data>
			<Data Name="ProcessGuid">
				{4158b3ab-01e7-645e-d801-000000000900}
			</Data>
			<Data Name="ProcessId">
				2984
			</Data>
			<Data Name="Image">
				C:\Program Files (x86)\Internet Explorer\iexplore.exe
			</Data>
			<Data Name="User">
				DESKTOP-0QN63TJ\me
			</Data>
			<Data Name="Protocol">
				tcp
			</Data>
			<Data Name="Initiated">
				true
			</Data>
			<Data Name="SourceIsIpv6">
				false
			</Data>
			<Data Name="SourceIp">
				192.168.2.202
			</Data>
			<Data Name="SourceHostname">
				DESKTOP-0QN63TJ
			</Data>
			<Data Name="SourcePort">
				49858
			</Data>
			<Data Name="SourcePortName">
				-
			</Data>
			<Data Name="DestinationIsIpv6">
				false
			</Data>
			<Data Name="DestinationIp">
				108.157.214.84
			</Data>
			<Data Name="DestinationHostname">
				server-108-157-214-84.arn56.r.cloudfront.net
			</Data>
			<Data Name="DestinationPort">
				443
			</Data>
			<Data Name="DestinationPortName">
				https
			</Data>
		</EventData>
	</Event>
	<Event xmlns="http://schemas.microsoft.com/win/2004/08/events/event">
		<System>
			<Provider Name="Microsoft-Windows-Sysmon" Guid="{5770385f-c22a-43e0-bf4c-06f5698ffbd9}" />
			<EventID>
				3
			</EventID>
			<Version>
				5
			</Version>
			<Level>
				4
			</Level>
			<Task>
				3
			</Task>
			<Opcode>
				0
			</Opcode>
			<Keywords>
				0x8000000000000000
			</Keywords>
			<TimeCreated SystemTime="2023-05-12T09:07:55.7672659Z" />
			<EventRecordID>
				1539
			</EventRecordID>
			<Correlation />
			<Execution ProcessID="2868" ThreadID="4544" />
			<Channel>
				Microsoft-Windows-Sysmon/Operational
			</Channel>
			<Computer>
				DESKTOP-0QN63TJ
			</Computer>
			<Security UserID="S-1-5-18" />
		</System>
		<EventData>
			<Data Name="RuleName">
				-
			</Data>
			<Data Name="UtcTime">
				2023-05-12 09:07:54.277
			</Data>
			<Data Name="ProcessGuid">
				{4158b3ab-01e7-645e-d801-000000000900}
			</Data>
			<Data Name="ProcessId">
				2984
			</Data>
			<Data Name="Image">
				C:\Program Files (x86)\Internet Explorer\iexplore.exe
			</Data>
			<Data Name="User">
				DESKTOP-0QN63TJ\me
			</Data>
			<Data Name="Protocol">
				tcp
			</Data>
			<Data Name="Initiated">
				true
			</Data>
			<Data Name="SourceIsIpv6">
				false
			</Data>
			<Data Name="SourceIp">
				192.168.2.202
			</Data>
			<Data Name="SourceHostname">
				DESKTOP-0QN63TJ
			</Data>
			<Data Name="SourcePort">
				49859
			</Data>
			<Data Name="SourcePortName">
				-
			</Data>
			<Data Name="DestinationIsIpv6">
				false
			</Data>
			<Data Name="DestinationIp">
				108.157.214.84
			</Data>
			<Data Name="DestinationHostname">
				server-108-157-214-84.arn56.r.cloudfront.net
			</Data>
			<Data Name="DestinationPort">
				443
			</Data>
			<Data Name="DestinationPortName">
				https
			</Data>
		</EventData>
	</Event>
	<Event xmlns="http://schemas.microsoft.com/win/2004/08/events/event">
		<System>
			<Provider Name="Microsoft-Windows-Sysmon" Guid="{5770385f-c22a-43e0-bf4c-06f5698ffbd9}" />
			<EventID>
				3
			</EventID>
			<Version>
				5
			</Version>
			<Level>
				4
			</Level>
			<Task>
				3
			</Task>
			<Opcode>
				0
			</Opcode>
			<Keywords>
				0x8000000000000000
			</Keywords>
			<TimeCreated SystemTime="2023-05-12T09:07:55.7672556Z" />
			<EventRecordID>
				1538
			</EventRecordID>
			<Correlation />
			<Execution ProcessID="2868" ThreadID="4544" />
			<Channel>
				Microsoft-Windows-Sysmon/Operational
			</Channel>
			<Computer>
				DESKTOP-0QN63TJ
			</Computer>
			<Security UserID="S-1-5-18" />
		</System>
		<EventData>
			<Data Name="RuleName">
				-
			</Data>
			<Data Name="UtcTime">
				2023-05-12 09:07:54.226
			</Data>
			<Data Name="ProcessGuid">
				{4158b3ab-01e7-645e-d801-000000000900}
			</Data>
			<Data Name="ProcessId">
				2984
			</Data>
			<Data Name="Image">
				C:\Program Files (x86)\Internet Explorer\iexplore.exe
			</Data>
			<Data Name="User">
				DESKTOP-0QN63TJ\me
			</Data>
			<Data Name="Protocol">
				tcp
			</Data>
			<Data Name="Initiated">
				true
			</Data>
			<Data Name="SourceIsIpv6">
				false
			</Data>
			<Data Name="SourceIp">
				192.168.2.202
			</Data>
			<Data Name="SourceHostname">
				DESKTOP-0QN63TJ
			</Data>
			<Data Name="SourcePort">
				49856
			</Data>
			<Data Name="SourcePortName">
				-
			</Data>
			<Data Name="DestinationIsIpv6">
				false
			</Data>
			<Data Name="DestinationIp">
				68.219.88.97
			</Data>
			<Data Name="DestinationHostname">
				-
			</Data>
			<Data Name="DestinationPort">
				443
			</Data>
			<Data Name="DestinationPortName">
				https
			</Data>
		</EventData>
	</Event>
	<Event xmlns="http://schemas.microsoft.com/win/2004/08/events/event">
		<System>
			<Provider Name="Microsoft-Windows-Sysmon" Guid="{5770385f-c22a-43e0-bf4c-06f5698ffbd9}" />
			<EventID>
				3
			</EventID>
			<Version>
				5
			</Version>
			<Level>
				4
			</Level>
			<Task>
				3
			</Task>
			<Opcode>
				0
			</Opcode>
			<Keywords>
				0x8000000000000000
			</Keywords>
			<TimeCreated SystemTime="2023-05-12T09:07:55.7672467Z" />
			<EventRecordID>
				1537
			</EventRecordID>
			<Correlation />
			<Execution ProcessID="2868" ThreadID="4544" />
			<Channel>
				Microsoft-Windows-Sysmon/Operational
			</Channel>
			<Computer>
				DESKTOP-0QN63TJ
			</Computer>
			<Security UserID="S-1-5-18" />
		</System>
		<EventData>
			<Data Name="RuleName">
				-
			</Data>
			<Data Name="UtcTime">
				2023-05-12 09:07:54.222
			</Data>
			<Data Name="ProcessGuid">
				{4158b3ab-01e7-645e-d801-000000000900}
			</Data>
			<Data Name="ProcessId">
				2984
			</Data>
			<Data Name="Image">
				C:\Program Files (x86)\Internet Explorer\iexplore.exe
			</Data>
			<Data Name="User">
				DESKTOP-0QN63TJ\me
			</Data>
			<Data Name="Protocol">
				tcp
			</Data>
			<Data Name="Initiated">
				true
			</Data>
			<Data Name="SourceIsIpv6">
				false
			</Data>
			<Data Name="SourceIp">
				192.168.2.202
			</Data>
			<Data Name="SourceHostname">
				DESKTOP-0QN63TJ
			</Data>
			<Data Name="SourcePort">
				49857
			</Data>
			<Data Name="SourcePortName">
				-
			</Data>
			<Data Name="DestinationIsIpv6">
				false
			</Data>
			<Data Name="DestinationIp">
				68.219.88.97
			</Data>
			<Data Name="DestinationHostname">
				-
			</Data>
			<Data Name="DestinationPort">
				443
			</Data>
			<Data Name="DestinationPortName">
				https
			</Data>
		</EventData>
	</Event>
	<Event xmlns="http://schemas.microsoft.com/win/2004/08/events/event">
		<System>
			<Provider Name="Microsoft-Windows-Sysmon" Guid="{5770385f-c22a-43e0-bf4c-06f5698ffbd9}" />
			<EventID>
				3
			</EventID>
			<Version>
				5
			</Version>
			<Level>
				4
			</Level>
			<Task>
				3
			</Task>
			<Opcode>
				0
			</Opcode>
			<Keywords>
				0x8000000000000000
			</Keywords>
			<TimeCreated SystemTime="2023-05-12T09:07:55.7672196Z" />
			<EventRecordID>
				1536
			</EventRecordID>
			<Correlation />
			<Execution ProcessID="2868" ThreadID="4544" />
			<Channel>
				Microsoft-Windows-Sysmon/Operational
			</Channel>
			<Computer>
				DESKTOP-0QN63TJ
			</Computer>
			<Security UserID="S-1-5-18" />
		</System>
		<EventData>
			<Data Name="RuleName">
				-
			</Data>
			<Data Name="UtcTime">
				2023-05-12 09:07:54.175
			</Data>
			<Data Name="ProcessGuid">
				{4158b3ab-e9ae-645d-3400-000000000900}
			</Data>
			<Data Name="ProcessId">
				2148
			</Data>
			<Data Name="Image">
				C:\Windows\System32\svchost.exe
			</Data>
			<Data Name="User">
				NT AUTHORITY\NETWORK SERVICE
			</Data>
			<Data Name="Protocol">
				udp
			</Data>
			<Data Name="Initiated">
				true
			</Data>
			<Data Name="SourceIsIpv6">
				false
			</Data>
			<Data Name="SourceIp">
				192.168.2.202
			</Data>
			<Data Name="SourceHostname">
				DESKTOP-0QN63TJ
			</Data>
			<Data Name="SourcePort">
				52182
			</Data>
			<Data Name="SourcePortName">
				-
			</Data>
			<Data Name="DestinationIsIpv6">
				false
			</Data>
			<Data Name="DestinationIp">
				192.168.2.1
			</Data>
			<Data Name="DestinationHostname">
				router.asus.com
			</Data>
			<Data Name="DestinationPort">
				53
			</Data>
			<Data Name="DestinationPortName">
				domain
			</Data>
		</EventData>
	</Event>
	<Event xmlns="http://schemas.microsoft.com/win/2004/08/events/event">
		<System>
			<Provider Name="Microsoft-Windows-Sysmon" Guid="{5770385f-c22a-43e0-bf4c-06f5698ffbd9}" />
			<EventID>
				3
			</EventID>
			<Version>
				5
			</Version>
			<Level>
				4
			</Level>
			<Task>
				3
			</Task>
			<Opcode>
				0
			</Opcode>
			<Keywords>
				0x8000000000000000
			</Keywords>
			<TimeCreated SystemTime="2023-05-12T09:07:55.2518090Z" />
			<EventRecordID>
				1535
			</EventRecordID>
			<Correlation />
			<Execution ProcessID="2868" ThreadID="4544" />
			<Channel>
				Microsoft-Windows-Sysmon/Operational
			</Channel>
			<Computer>
				DESKTOP-0QN63TJ
			</Computer>
			<Security UserID="S-1-5-18" />
		</System>
		<EventData>
			<Data Name="RuleName">
				-
			</Data>
			<Data Name="UtcTime">
				2023-05-12 09:07:54.123
			</Data>
			<Data Name="ProcessGuid">
				{4158b3ab-e9ae-645d-3400-000000000900}
			</Data>
			<Data Name="ProcessId">
				2148
			</Data>
			<Data Name="Image">
				C:\Windows\System32\svchost.exe
			</Data>
			<Data Name="User">
				NT AUTHORITY\NETWORK SERVICE
			</Data>
			<Data Name="Protocol">
				udp
			</Data>
			<Data Name="Initiated">
				true
			</Data>
			<Data Name="SourceIsIpv6">
				false
			</Data>
			<Data Name="SourceIp">
				192.168.2.202
			</Data>
			<Data Name="SourceHostname">
				DESKTOP-0QN63TJ
			</Data>
			<Data Name="SourcePort">
				56928
			</Data>
			<Data Name="SourcePortName">
				-
			</Data>
			<Data Name="DestinationIsIpv6">
				false
			</Data>
			<Data Name="DestinationIp">
				192.168.2.1
			</Data>
			<Data Name="DestinationHostname">
				router.asus.com
			</Data>
			<Data Name="DestinationPort">
				53
			</Data>
			<Data Name="DestinationPortName">
				domain
			</Data>
		</EventData>
	</Event>
	<Event xmlns="http://schemas.microsoft.com/win/2004/08/events/event">
		<System>
			<Provider Name="Microsoft-Windows-Sysmon" Guid="{5770385f-c22a-43e0-bf4c-06f5698ffbd9}" />
			<EventID>
				3
			</EventID>
			<Version>
				5
			</Version>
			<Level>
				4
			</Level>
			<Task>
				3
			</Task>
			<Opcode>
				0
			</Opcode>
			<Keywords>
				0x8000000000000000
			</Keywords>
			<TimeCreated SystemTime="2023-05-12T09:07:54.7513952Z" />
			<EventRecordID>
				1534
			</EventRecordID>
			<Correlation />
			<Execution ProcessID="2868" ThreadID="4544" />
			<Channel>
				Microsoft-Windows-Sysmon/Operational
			</Channel>
			<Computer>
				DESKTOP-0QN63TJ
			</Computer>
			<Security UserID="S-1-5-18" />
		</System>
		<EventData>
			<Data Name="RuleName">
				-
			</Data>
			<Data Name="UtcTime">
				2023-05-12 09:07:53.601
			</Data>
			<Data Name="ProcessGuid">
				{4158b3ab-01e7-645e-d801-000000000900}
			</Data>
			<Data Name="ProcessId">
				2984
			</Data>
			<Data Name="Image">
				C:\Program Files (x86)\Internet Explorer\iexplore.exe
			</Data>
			<Data Name="User">
				DESKTOP-0QN63TJ\me
			</Data>
			<Data Name="Protocol">
				tcp
			</Data>
			<Data Name="Initiated">
				true
			</Data>
			<Data Name="SourceIsIpv6">
				false
			</Data>
			<Data Name="SourceIp">
				192.168.2.202
			</Data>
			<Data Name="SourceHostname">
				DESKTOP-0QN63TJ
			</Data>
			<Data Name="SourcePort">
				49851
			</Data>
			<Data Name="SourcePortName">
				-
			</Data>
			<Data Name="DestinationIsIpv6">
				false
			</Data>
			<Data Name="DestinationIp">
				88.221.16.181
			</Data>
			<Data Name="DestinationHostname">
				a88-221-16-181.deploy.static.akamaitechnologies.com
			</Data>
			<Data Name="DestinationPort">
				443
			</Data>
			<Data Name="DestinationPortName">
				https
			</Data>
		</EventData>
	</Event>
	<Event xmlns="http://schemas.microsoft.com/win/2004/08/events/event">
		<System>
			<Provider Name="Microsoft-Windows-Sysmon" Guid="{5770385f-c22a-43e0-bf4c-06f5698ffbd9}" />
			<EventID>
				3
			</EventID>
			<Version>
				5
			</Version>
			<Level>
				4
			</Level>
			<Task>
				3
			</Task>
			<Opcode>
				0
			</Opcode>
			<Keywords>
				0x8000000000000000
			</Keywords>
			<TimeCreated SystemTime="2023-05-12T09:07:54.7513860Z" />
			<EventRecordID>
				1533
			</EventRecordID>
			<Correlation />
			<Execution ProcessID="2868" ThreadID="4544" />
			<Channel>
				Microsoft-Windows-Sysmon/Operational
			</Channel>
			<Computer>
				DESKTOP-0QN63TJ
			</Computer>
			<Security UserID="S-1-5-18" />
		</System>
		<EventData>
			<Data Name="RuleName">
				-
			</Data>
			<Data Name="UtcTime">
				2023-05-12 09:07:53.599
			</Data>
			<Data Name="ProcessGuid">
				{4158b3ab-01e7-645e-d801-000000000900}
			</Data>
			<Data Name="ProcessId">
				2984
			</Data>
			<Data Name="Image">
				C:\Program Files (x86)\Internet Explorer\iexplore.exe
			</Data>
			<Data Name="User">
				DESKTOP-0QN63TJ\me
			</Data>
			<Data Name="Protocol">
				tcp
			</Data>
			<Data Name="Initiated">
				true
			</Data>
			<Data Name="SourceIsIpv6">
				false
			</Data>
			<Data Name="SourceIp">
				192.168.2.202
			</Data>
			<Data Name="SourceHostname">
				DESKTOP-0QN63TJ
			</Data>
			<Data Name="SourcePort">
				49850
			</Data>
			<Data Name="SourcePortName">
				-
			</Data>
			<Data Name="DestinationIsIpv6">
				false
			</Data>
			<Data Name="DestinationIp">
				88.221.16.181
			</Data>
			<Data Name="DestinationHostname">
				a88-221-16-181.deploy.static.akamaitechnologies.com
			</Data>
			<Data Name="DestinationPort">
				443
			</Data>
			<Data Name="DestinationPortName">
				https
			</Data>
		</EventData>
	</Event>
	<Event xmlns="http://schemas.microsoft.com/win/2004/08/events/event">
		<System>
			<Provider Name="Microsoft-Windows-Sysmon" Guid="{5770385f-c22a-43e0-bf4c-06f5698ffbd9}" />
			<EventID>
				3
			</EventID>
			<Version>
				5
			</Version>
			<Level>
				4
			</Level>
			<Task>
				3
			</Task>
			<Opcode>
				0
			</Opcode>
			<Keywords>
				0x8000000000000000
			</Keywords>
			<TimeCreated SystemTime="2023-05-12T09:07:54.7513773Z" />
			<EventRecordID>
				1532
			</EventRecordID>
			<Correlation />
			<Execution ProcessID="2868" ThreadID="4544" />
			<Channel>
				Microsoft-Windows-Sysmon/Operational
			</Channel>
			<Computer>
				DESKTOP-0QN63TJ
			</Computer>
			<Security UserID="S-1-5-18" />
		</System>
		<EventData>
			<Data Name="RuleName">
				-
			</Data>
			<Data Name="UtcTime">
				2023-05-12 09:07:53.576
			</Data>
			<Data Name="ProcessGuid">
				{4158b3ab-01e7-645e-d801-000000000900}
			</Data>
			<Data Name="ProcessId">
				2984
			</Data>
			<Data Name="Image">
				C:\Program Files (x86)\Internet Explorer\iexplore.exe
			</Data>
			<Data Name="User">
				DESKTOP-0QN63TJ\me
			</Data>
			<Data Name="Protocol">
				tcp
			</Data>
			<Data Name="Initiated">
				true
			</Data>
			<Data Name="SourceIsIpv6">
				false
			</Data>
			<Data Name="SourceIp">
				192.168.2.202
			</Data>
			<Data Name="SourceHostname">
				DESKTOP-0QN63TJ
			</Data>
			<Data Name="SourcePort">
				49855
			</Data>
			<Data Name="SourcePortName">
				-
			</Data>
			<Data Name="DestinationIsIpv6">
				false
			</Data>
			<Data Name="DestinationIp">
				2.17.146.19
			</Data>
			<Data Name="DestinationHostname">
				a2-17-146-19.deploy.static.akamaitechnologies.com
			</Data>
			<Data Name="DestinationPort">
				443
			</Data>
			<Data Name="DestinationPortName">
				https
			</Data>
		</EventData>
	</Event>
	<Event xmlns="http://schemas.microsoft.com/win/2004/08/events/event">
		<System>
			<Provider Name="Microsoft-Windows-Sysmon" Guid="{5770385f-c22a-43e0-bf4c-06f5698ffbd9}" />
			<EventID>
				3
			</EventID>
			<Version>
				5
			</Version>
			<Level>
				4
			</Level>
			<Task>
				3
			</Task>
			<Opcode>
				0
			</Opcode>
			<Keywords>
				0x8000000000000000
			</Keywords>
			<TimeCreated SystemTime="2023-05-12T09:07:54.7513696Z" />
			<EventRecordID>
				1531
			</EventRecordID>
			<Correlation />
			<Execution ProcessID="2868" ThreadID="4544" />
			<Channel>
				Microsoft-Windows-Sysmon/Operational
			</Channel>
			<Computer>
				DESKTOP-0QN63TJ
			</Computer>
			<Security UserID="S-1-5-18" />
		</System>
		<EventData>
			<Data Name="RuleName">
				-
			</Data>
			<Data Name="UtcTime">
				2023-05-12 09:07:53.571
			</Data>
			<Data Name="ProcessGuid">
				{4158b3ab-01e7-645e-d801-000000000900}
			</Data>
			<Data Name="ProcessId">
				2984
			</Data>
			<Data Name="Image">
				C:\Program Files (x86)\Internet Explorer\iexplore.exe
			</Data>
			<Data Name="User">
				DESKTOP-0QN63TJ\me
			</Data>
			<Data Name="Protocol">
				tcp
			</Data>
			<Data Name="Initiated">
				true
			</Data>
			<Data Name="SourceIsIpv6">
				false
			</Data>
			<Data Name="SourceIp">
				192.168.2.202
			</Data>
			<Data Name="SourceHostname">
				DESKTOP-0QN63TJ
			</Data>
			<Data Name="SourcePort">
				49854
			</Data>
			<Data Name="SourcePortName">
				-
			</Data>
			<Data Name="DestinationIsIpv6">
				false
			</Data>
			<Data Name="DestinationIp">
				2.17.146.19
			</Data>
			<Data Name="DestinationHostname">
				a2-17-146-19.deploy.static.akamaitechnologies.com
			</Data>
			<Data Name="DestinationPort">
				443
			</Data>
			<Data Name="DestinationPortName">
				https
			</Data>
		</EventData>
	</Event>
	<Event xmlns="http://schemas.microsoft.com/win/2004/08/events/event">
		<System>
			<Provider Name="Microsoft-Windows-Sysmon" Guid="{5770385f-c22a-43e0-bf4c-06f5698ffbd9}" />
			<EventID>
				3
			</EventID>
			<Version>
				5
			</Version>
			<Level>
				4
			</Level>
			<Task>
				3
			</Task>
			<Opcode>
				0
			</Opcode>
			<Keywords>
				0x8000000000000000
			</Keywords>
			<TimeCreated SystemTime="2023-05-12T09:07:54.7513588Z" />
			<EventRecordID>
				1530
			</EventRecordID>
			<Correlation />
			<Execution ProcessID="2868" ThreadID="4544" />
			<Channel>
				Microsoft-Windows-Sysmon/Operational
			</Channel>
			<Computer>
				DESKTOP-0QN63TJ
			</Computer>
			<Security UserID="S-1-5-18" />
		</System>
		<EventData>
			<Data Name="RuleName">
				-
			</Data>
			<Data Name="UtcTime">
				2023-05-12 09:07:53.569
			</Data>
			<Data Name="ProcessGuid">
				{4158b3ab-01e7-645e-d801-000000000900}
			</Data>
			<Data Name="ProcessId">
				2984
			</Data>
			<Data Name="Image">
				C:\Program Files (x86)\Internet Explorer\iexplore.exe
			</Data>
			<Data Name="User">
				DESKTOP-0QN63TJ\me
			</Data>
			<Data Name="Protocol">
				tcp
			</Data>
			<Data Name="Initiated">
				true
			</Data>
			<Data Name="SourceIsIpv6">
				false
			</Data>
			<Data Name="SourceIp">
				192.168.2.202
			</Data>
			<Data Name="SourceHostname">
				DESKTOP-0QN63TJ
			</Data>
			<Data Name="SourcePort">
				49853
			</Data>
			<Data Name="SourcePortName">
				-
			</Data>
			<Data Name="DestinationIsIpv6">
				false
			</Data>
			<Data Name="DestinationIp">
				2.17.146.19
			</Data>
			<Data Name="DestinationHostname">
				a2-17-146-19.deploy.static.akamaitechnologies.com
			</Data>
			<Data Name="DestinationPort">
				443
			</Data>
			<Data Name="DestinationPortName">
				https
			</Data>
		</EventData>
	</Event>
	<Event xmlns="http://schemas.microsoft.com/win/2004/08/events/event">
		<System>
			<Provider Name="Microsoft-Windows-Sysmon" Guid="{5770385f-c22a-43e0-bf4c-06f5698ffbd9}" />
			<EventID>
				3
			</EventID>
			<Version>
				5
			</Version>
			<Level>
				4
			</Level>
			<Task>
				3
			</Task>
			<Opcode>
				0
			</Opcode>
			<Keywords>
				0x8000000000000000
			</Keywords>
			<TimeCreated SystemTime="2023-05-12T09:07:54.7513332Z" />
			<EventRecordID>
				1529
			</EventRecordID>
			<Correlation />
			<Execution ProcessID="2868" ThreadID="4544" />
			<Channel>
				Microsoft-Windows-Sysmon/Operational
			</Channel>
			<Computer>
				DESKTOP-0QN63TJ
			</Computer>
			<Security UserID="S-1-5-18" />
		</System>
		<EventData>
			<Data Name="RuleName">
				-
			</Data>
			<Data Name="UtcTime">
				2023-05-12 09:07:53.568
			</Data>
			<Data Name="ProcessGuid">
				{4158b3ab-01e7-645e-d801-000000000900}
			</Data>
			<Data Name="ProcessId">
				2984
			</Data>
			<Data Name="Image">
				C:\Program Files (x86)\Internet Explorer\iexplore.exe
			</Data>
			<Data Name="User">
				DESKTOP-0QN63TJ\me
			</Data>
			<Data Name="Protocol">
				tcp
			</Data>
			<Data Name="Initiated">
				true
			</Data>
			<Data Name="SourceIsIpv6">
				false
			</Data>
			<Data Name="SourceIp">
				192.168.2.202
			</Data>
			<Data Name="SourceHostname">
				DESKTOP-0QN63TJ
			</Data>
			<Data Name="SourcePort">
				49852
			</Data>
			<Data Name="SourcePortName">
				-
			</Data>
			<Data Name="DestinationIsIpv6">
				false
			</Data>
			<Data Name="DestinationIp">
				2.17.146.19
			</Data>
			<Data Name="DestinationHostname">
				a2-17-146-19.deploy.static.akamaitechnologies.com
			</Data>
			<Data Name="DestinationPort">
				443
			</Data>
			<Data Name="DestinationPortName">
				https
			</Data>
		</EventData>
	</Event>
	<Event xmlns="http://schemas.microsoft.com/win/2004/08/events/event">
		<System>
			<Provider Name="Microsoft-Windows-Sysmon" Guid="{5770385f-c22a-43e0-bf4c-06f5698ffbd9}" />
			<EventID>
				3
			</EventID>
			<Version>
				5
			</Version>
			<Level>
				4
			</Level>
			<Task>
				3
			</Task>
			<Opcode>
				0
			</Opcode>
			<Keywords>
				0x8000000000000000
			</Keywords>
			<TimeCreated SystemTime="2023-05-12T09:07:54.7513260Z" />
			<EventRecordID>
				1528
			</EventRecordID>
			<Correlation />
			<Execution ProcessID="2868" ThreadID="4544" />
			<Channel>
				Microsoft-Windows-Sysmon/Operational
			</Channel>
			<Computer>
				DESKTOP-0QN63TJ
			</Computer>
			<Security UserID="S-1-5-18" />
		</System>
		<EventData>
			<Data Name="RuleName">
				-
			</Data>
			<Data Name="UtcTime">
				2023-05-12 09:07:53.545
			</Data>
			<Data Name="ProcessGuid">
				{4158b3ab-01e7-645e-d801-000000000900}
			</Data>
			<Data Name="ProcessId">
				2984
			</Data>
			<Data Name="Image">
				C:\Program Files (x86)\Internet Explorer\iexplore.exe
			</Data>
			<Data Name="User">
				DESKTOP-0QN63TJ\me
			</Data>
			<Data Name="Protocol">
				tcp
			</Data>
			<Data Name="Initiated">
				true
			</Data>
			<Data Name="SourceIsIpv6">
				false
			</Data>
			<Data Name="SourceIp">
				192.168.2.202
			</Data>
			<Data Name="SourceHostname">
				DESKTOP-0QN63TJ
			</Data>
			<Data Name="SourcePort">
				49848
			</Data>
			<Data Name="SourcePortName">
				-
			</Data>
			<Data Name="DestinationIsIpv6">
				false
			</Data>
			<Data Name="DestinationIp">
				2.17.146.19
			</Data>
			<Data Name="DestinationHostname">
				a2-17-146-19.deploy.static.akamaitechnologies.com
			</Data>
			<Data Name="DestinationPort">
				443
			</Data>
			<Data Name="DestinationPortName">
				https
			</Data>
		</EventData>
	</Event>
	<Event xmlns="http://schemas.microsoft.com/win/2004/08/events/event">
		<System>
			<Provider Name="Microsoft-Windows-Sysmon" Guid="{5770385f-c22a-43e0-bf4c-06f5698ffbd9}" />
			<EventID>
				3
			</EventID>
			<Version>
				5
			</Version>
			<Level>
				4
			</Level>
			<Task>
				3
			</Task>
			<Opcode>
				0
			</Opcode>
			<Keywords>
				0x8000000000000000
			</Keywords>
			<TimeCreated SystemTime="2023-05-12T09:07:54.7513177Z" />
			<EventRecordID>
				1527
			</EventRecordID>
			<Correlation />
			<Execution ProcessID="2868" ThreadID="4544" />
			<Channel>
				Microsoft-Windows-Sysmon/Operational
			</Channel>
			<Computer>
				DESKTOP-0QN63TJ
			</Computer>
			<Security UserID="S-1-5-18" />
		</System>
		<EventData>
			<Data Name="RuleName">
				-
			</Data>
			<Data Name="UtcTime">
				2023-05-12 09:07:53.544
			</Data>
			<Data Name="ProcessGuid">
				{4158b3ab-01e7-645e-d801-000000000900}
			</Data>
			<Data Name="ProcessId">
				2984
			</Data>
			<Data Name="Image">
				C:\Program Files (x86)\Internet Explorer\iexplore.exe
			</Data>
			<Data Name="User">
				DESKTOP-0QN63TJ\me
			</Data>
			<Data Name="Protocol">
				tcp
			</Data>
			<Data Name="Initiated">
				true
			</Data>
			<Data Name="SourceIsIpv6">
				false
			</Data>
			<Data Name="SourceIp">
				192.168.2.202
			</Data>
			<Data Name="SourceHostname">
				DESKTOP-0QN63TJ
			</Data>
			<Data Name="SourcePort">
				49849
			</Data>
			<Data Name="SourcePortName">
				-
			</Data>
			<Data Name="DestinationIsIpv6">
				false
			</Data>
			<Data Name="DestinationIp">
				2.17.146.19
			</Data>
			<Data Name="DestinationHostname">
				a2-17-146-19.deploy.static.akamaitechnologies.com
			</Data>
			<Data Name="DestinationPort">
				443
			</Data>
			<Data Name="DestinationPortName">
				https
			</Data>
		</EventData>
	</Event>
	<Event xmlns="http://schemas.microsoft.com/win/2004/08/events/event">
		<System>
			<Provider Name="Microsoft-Windows-Sysmon" Guid="{5770385f-c22a-43e0-bf4c-06f5698ffbd9}" />
			<EventID>
				3
			</EventID>
			<Version>
				5
			</Version>
			<Level>
				4
			</Level>
			<Task>
				3
			</Task>
			<Opcode>
				0
			</Opcode>
			<Keywords>
				0x8000000000000000
			</Keywords>
			<TimeCreated SystemTime="2023-05-12T09:07:54.7513075Z" />
			<EventRecordID>
				1526
			</EventRecordID>
			<Correlation />
			<Execution ProcessID="2868" ThreadID="4544" />
			<Channel>
				Microsoft-Windows-Sysmon/Operational
			</Channel>
			<Computer>
				DESKTOP-0QN63TJ
			</Computer>
			<Security UserID="S-1-5-18" />
		</System>
		<EventData>
			<Data Name="RuleName">
				-
			</Data>
			<Data Name="UtcTime">
				2023-05-12 09:07:53.539
			</Data>
			<Data Name="ProcessGuid">
				{4158b3ab-e9ae-645d-3400-000000000900}
			</Data>
			<Data Name="ProcessId">
				2148
			</Data>
			<Data Name="Image">
				C:\Windows\System32\svchost.exe
			</Data>
			<Data Name="User">
				NT AUTHORITY\NETWORK SERVICE
			</Data>
			<Data Name="Protocol">
				udp
			</Data>
			<Data Name="Initiated">
				true
			</Data>
			<Data Name="SourceIsIpv6">
				false
			</Data>
			<Data Name="SourceIp">
				192.168.2.202
			</Data>
			<Data Name="SourceHostname">
				DESKTOP-0QN63TJ
			</Data>
			<Data Name="SourcePort">
				49698
			</Data>
			<Data Name="SourcePortName">
				-
			</Data>
			<Data Name="DestinationIsIpv6">
				false
			</Data>
			<Data Name="DestinationIp">
				192.168.2.1
			</Data>
			<Data Name="DestinationHostname">
				router.asus.com
			</Data>
			<Data Name="DestinationPort">
				53
			</Data>
			<Data Name="DestinationPortName">
				domain
			</Data>
		</EventData>
	</Event>
	<Event xmlns="http://schemas.microsoft.com/win/2004/08/events/event">
		<System>
			<Provider Name="Microsoft-Windows-Sysmon" Guid="{5770385f-c22a-43e0-bf4c-06f5698ffbd9}" />
			<EventID>
				3
			</EventID>
			<Version>
				5
			</Version>
			<Level>
				4
			</Level>
			<Task>
				3
			</Task>
			<Opcode>
				0
			</Opcode>
			<Keywords>
				0x8000000000000000
			</Keywords>
			<TimeCreated SystemTime="2023-05-12T09:07:54.7512972Z" />
			<EventRecordID>
				1525
			</EventRecordID>
			<Correlation />
			<Execution ProcessID="2868" ThreadID="4544" />
			<Channel>
				Microsoft-Windows-Sysmon/Operational
			</Channel>
			<Computer>
				DESKTOP-0QN63TJ
			</Computer>
			<Security UserID="S-1-5-18" />
		</System>
		<EventData>
			<Data Name="RuleName">
				-
			</Data>
			<Data Name="UtcTime">
				2023-05-12 09:07:53.526
			</Data>
			<Data Name="ProcessGuid">
				{4158b3ab-e9ae-645d-3400-000000000900}
			</Data>
			<Data Name="ProcessId">
				2148
			</Data>
			<Data Name="Image">
				C:\Windows\System32\svchost.exe
			</Data>
			<Data Name="User">
				NT AUTHORITY\NETWORK SERVICE
			</Data>
			<Data Name="Protocol">
				udp
			</Data>
			<Data Name="Initiated">
				true
			</Data>
			<Data Name="SourceIsIpv6">
				false
			</Data>
			<Data Name="SourceIp">
				192.168.2.202
			</Data>
			<Data Name="SourceHostname">
				DESKTOP-0QN63TJ
			</Data>
			<Data Name="SourcePort">
				55898
			</Data>
			<Data Name="SourcePortName">
				-
			</Data>
			<Data Name="DestinationIsIpv6">
				false
			</Data>
			<Data Name="DestinationIp">
				192.168.2.1
			</Data>
			<Data Name="DestinationHostname">
				router.asus.com
			</Data>
			<Data Name="DestinationPort">
				53
			</Data>
			<Data Name="DestinationPortName">
				domain
			</Data>
		</EventData>
	</Event>
	<Event xmlns="http://schemas.microsoft.com/win/2004/08/events/event">
		<System>
			<Provider Name="Microsoft-Windows-Sysmon" Guid="{5770385f-c22a-43e0-bf4c-06f5698ffbd9}" />
			<EventID>
				3
			</EventID>
			<Version>
				5
			</Version>
			<Level>
				4
			</Level>
			<Task>
				3
			</Task>
			<Opcode>
				0
			</Opcode>
			<Keywords>
				0x8000000000000000
			</Keywords>
			<TimeCreated SystemTime="2023-05-12T09:07:54.7512883Z" />
			<EventRecordID>
				1524
			</EventRecordID>
			<Correlation />
			<Execution ProcessID="2868" ThreadID="4544" />
			<Channel>
				Microsoft-Windows-Sysmon/Operational
			</Channel>
			<Computer>
				DESKTOP-0QN63TJ
			</Computer>
			<Security UserID="S-1-5-18" />
		</System>
		<EventData>
			<Data Name="RuleName">
				-
			</Data>
			<Data Name="UtcTime">
				2023-05-12 09:07:53.498
			</Data>
			<Data Name="ProcessGuid">
				{4158b3ab-e9ae-645d-3400-000000000900}
			</Data>
			<Data Name="ProcessId">
				2148
			</Data>
			<Data Name="Image">
				C:\Windows\System32\svchost.exe
			</Data>
			<Data Name="User">
				NT AUTHORITY\NETWORK SERVICE
			</Data>
			<Data Name="Protocol">
				udp
			</Data>
			<Data Name="Initiated">
				true
			</Data>
			<Data Name="SourceIsIpv6">
				false
			</Data>
			<Data Name="SourceIp">
				192.168.2.202
			</Data>
			<Data Name="SourceHostname">
				DESKTOP-0QN63TJ
			</Data>
			<Data Name="SourcePort">
				59703
			</Data>
			<Data Name="SourcePortName">
				-
			</Data>
			<Data Name="DestinationIsIpv6">
				false
			</Data>
			<Data Name="DestinationIp">
				192.168.2.1
			</Data>
			<Data Name="DestinationHostname">
				router.asus.com
			</Data>
			<Data Name="DestinationPort">
				53
			</Data>
			<Data Name="DestinationPortName">
				domain
			</Data>
		</EventData>
	</Event>
	<Event xmlns="http://schemas.microsoft.com/win/2004/08/events/event">
		<System>
			<Provider Name="Microsoft-Windows-Sysmon" Guid="{5770385f-c22a-43e0-bf4c-06f5698ffbd9}" />
			<EventID>
				3
			</EventID>
			<Version>
				5
			</Version>
			<Level>
				4
			</Level>
			<Task>
				3
			</Task>
			<Opcode>
				0
			</Opcode>
			<Keywords>
				0x8000000000000000
			</Keywords>
			<TimeCreated SystemTime="2023-05-12T09:07:54.7512779Z" />
			<EventRecordID>
				1523
			</EventRecordID>
			<Correlation />
			<Execution ProcessID="2868" ThreadID="4544" />
			<Channel>
				Microsoft-Windows-Sysmon/Operational
			</Channel>
			<Computer>
				DESKTOP-0QN63TJ
			</Computer>
			<Security UserID="S-1-5-18" />
		</System>
		<EventData>
			<Data Name="RuleName">
				-
			</Data>
			<Data Name="UtcTime">
				2023-05-12 09:07:53.487
			</Data>
			<Data Name="ProcessGuid">
				{4158b3ab-e9ae-645d-3400-000000000900}
			</Data>
			<Data Name="ProcessId">
				2148
			</Data>
			<Data Name="Image">
				C:\Windows\System32\svchost.exe
			</Data>
			<Data Name="User">
				NT AUTHORITY\NETWORK SERVICE
			</Data>
			<Data Name="Protocol">
				udp
			</Data>
			<Data Name="Initiated">
				true
			</Data>
			<Data Name="SourceIsIpv6">
				false
			</Data>
			<Data Name="SourceIp">
				192.168.2.202
			</Data>
			<Data Name="SourceHostname">
				DESKTOP-0QN63TJ
			</Data>
			<Data Name="SourcePort">
				62589
			</Data>
			<Data Name="SourcePortName">
				-
			</Data>
			<Data Name="DestinationIsIpv6">
				false
			</Data>
			<Data Name="DestinationIp">
				192.168.2.1
			</Data>
			<Data Name="DestinationHostname">
				router.asus.com
			</Data>
			<Data Name="DestinationPort">
				53
			</Data>
			<Data Name="DestinationPortName">
				domain
			</Data>
		</EventData>
	</Event>
	<Event xmlns="http://schemas.microsoft.com/win/2004/08/events/event">
		<System>
			<Provider Name="Microsoft-Windows-Sysmon" Guid="{5770385f-c22a-43e0-bf4c-06f5698ffbd9}" />
			<EventID>
				3
			</EventID>
			<Version>
				5
			</Version>
			<Level>
				4
			</Level>
			<Task>
				3
			</Task>
			<Opcode>
				0
			</Opcode>
			<Keywords>
				0x8000000000000000
			</Keywords>
			<TimeCreated SystemTime="2023-05-12T09:07:54.7512701Z" />
			<EventRecordID>
				1522
			</EventRecordID>
			<Correlation />
			<Execution ProcessID="2868" ThreadID="4544" />
			<Channel>
				Microsoft-Windows-Sysmon/Operational
			</Channel>
			<Computer>
				DESKTOP-0QN63TJ
			</Computer>
			<Security UserID="S-1-5-18" />
		</System>
		<EventData>
			<Data Name="RuleName">
				-
			</Data>
			<Data Name="UtcTime">
				2023-05-12 09:07:52.860
			</Data>
			<Data Name="ProcessGuid">
				{4158b3ab-01e7-645e-d801-000000000900}
			</Data>
			<Data Name="ProcessId">
				2984
			</Data>
			<Data Name="Image">
				C:\Program Files (x86)\Internet Explorer\iexplore.exe
			</Data>
			<Data Name="User">
				DESKTOP-0QN63TJ\me
			</Data>
			<Data Name="Protocol">
				tcp
			</Data>
			<Data Name="Initiated">
				true
			</Data>
			<Data Name="SourceIsIpv6">
				false
			</Data>
			<Data Name="SourceIp">
				192.168.2.202
			</Data>
			<Data Name="SourceHostname">
				DESKTOP-0QN63TJ
			</Data>
			<Data Name="SourcePort">
				49847
			</Data>
			<Data Name="SourcePortName">
				-
			</Data>
			<Data Name="DestinationIsIpv6">
				false
			</Data>
			<Data Name="DestinationIp">
				204.79.197.203
			</Data>
			<Data Name="DestinationHostname">
				a-0003.a-msedge.net
			</Data>
			<Data Name="DestinationPort">
				443
			</Data>
			<Data Name="DestinationPortName">
				https
			</Data>
		</EventData>
	</Event>
	<Event xmlns="http://schemas.microsoft.com/win/2004/08/events/event">
		<System>
			<Provider Name="Microsoft-Windows-Sysmon" Guid="{5770385f-c22a-43e0-bf4c-06f5698ffbd9}" />
			<EventID>
				3
			</EventID>
			<Version>
				5
			</Version>
			<Level>
				4
			</Level>
			<Task>
				3
			</Task>
			<Opcode>
				0
			</Opcode>
			<Keywords>
				0x8000000000000000
			</Keywords>
			<TimeCreated SystemTime="2023-05-12T09:07:54.7512632Z" />
			<EventRecordID>
				1521
			</EventRecordID>
			<Correlation />
			<Execution ProcessID="2868" ThreadID="4544" />
			<Channel>
				Microsoft-Windows-Sysmon/Operational
			</Channel>
			<Computer>
				DESKTOP-0QN63TJ
			</Computer>
			<Security UserID="S-1-5-18" />
		</System>
		<EventData>
			<Data Name="RuleName">
				-
			</Data>
			<Data Name="UtcTime">
				2023-05-12 09:07:52.860
			</Data>
			<Data Name="ProcessGuid">
				{4158b3ab-01e7-645e-d801-000000000900}
			</Data>
			<Data Name="ProcessId">
				2984
			</Data>
			<Data Name="Image">
				C:\Program Files (x86)\Internet Explorer\iexplore.exe
			</Data>
			<Data Name="User">
				DESKTOP-0QN63TJ\me
			</Data>
			<Data Name="Protocol">
				tcp
			</Data>
			<Data Name="Initiated">
				true
			</Data>
			<Data Name="SourceIsIpv6">
				false
			</Data>
			<Data Name="SourceIp">
				192.168.2.202
			</Data>
			<Data Name="SourceHostname">
				DESKTOP-0QN63TJ
			</Data>
			<Data Name="SourcePort">
				49846
			</Data>
			<Data Name="SourcePortName">
				-
			</Data>
			<Data Name="DestinationIsIpv6">
				false
			</Data>
			<Data Name="DestinationIp">
				204.79.197.203
			</Data>
			<Data Name="DestinationHostname">
				a-0003.a-msedge.net
			</Data>
			<Data Name="DestinationPort">
				443
			</Data>
			<Data Name="DestinationPortName">
				https
			</Data>
		</EventData>
	</Event>
	<Event xmlns="http://schemas.microsoft.com/win/2004/08/events/event">
		<System>
			<Provider Name="Microsoft-Windows-Sysmon" Guid="{5770385f-c22a-43e0-bf4c-06f5698ffbd9}" />
			<EventID>
				3
			</EventID>
			<Version>
				5
			</Version>
			<Level>
				4
			</Level>
			<Task>
				3
			</Task>
			<Opcode>
				0
			</Opcode>
			<Keywords>
				0x8000000000000000
			</Keywords>
			<TimeCreated SystemTime="2023-05-12T09:07:54.7512556Z" />
			<EventRecordID>
				1520
			</EventRecordID>
			<Correlation />
			<Execution ProcessID="2868" ThreadID="4544" />
			<Channel>
				Microsoft-Windows-Sysmon/Operational
			</Channel>
			<Computer>
				DESKTOP-0QN63TJ
			</Computer>
			<Security UserID="S-1-5-18" />
		</System>
		<EventData>
			<Data Name="RuleName">
				-
			</Data>
			<Data Name="UtcTime">
				2023-05-12 09:07:52.770
			</Data>
			<Data Name="ProcessGuid">
				{4158b3ab-e9ae-645d-3400-000000000900}
			</Data>
			<Data Name="ProcessId">
				2148
			</Data>
			<Data Name="Image">
				C:\Windows\System32\svchost.exe
			</Data>
			<Data Name="User">
				NT AUTHORITY\NETWORK SERVICE
			</Data>
			<Data Name="Protocol">
				udp
			</Data>
			<Data Name="Initiated">
				true
			</Data>
			<Data Name="SourceIsIpv6">
				false
			</Data>
			<Data Name="SourceIp">
				192.168.2.202
			</Data>
			<Data Name="SourceHostname">
				DESKTOP-0QN63TJ
			</Data>
			<Data Name="SourcePort">
				49242
			</Data>
			<Data Name="SourcePortName">
				-
			</Data>
			<Data Name="DestinationIsIpv6">
				false
			</Data>
			<Data Name="DestinationIp">
				192.168.2.1
			</Data>
			<Data Name="DestinationHostname">
				router.asus.com
			</Data>
			<Data Name="DestinationPort">
				53
			</Data>
			<Data Name="DestinationPortName">
				domain
			</Data>
		</EventData>
	</Event>
	<Event xmlns="http://schemas.microsoft.com/win/2004/08/events/event">
		<System>
			<Provider Name="Microsoft-Windows-Sysmon" Guid="{5770385f-c22a-43e0-bf4c-06f5698ffbd9}" />
			<EventID>
				3
			</EventID>
			<Version>
				5
			</Version>
			<Level>
				4
			</Level>
			<Task>
				3
			</Task>
			<Opcode>
				0
			</Opcode>
			<Keywords>
				0x8000000000000000
			</Keywords>
			<TimeCreated SystemTime="2023-05-12T09:07:54.7512452Z" />
			<EventRecordID>
				1519
			</EventRecordID>
			<Correlation />
			<Execution ProcessID="2868" ThreadID="4544" />
			<Channel>
				Microsoft-Windows-Sysmon/Operational
			</Channel>
			<Computer>
				DESKTOP-0QN63TJ
			</Computer>
			<Security UserID="S-1-5-18" />
		</System>
		<EventData>
			<Data Name="RuleName">
				-
			</Data>
			<Data Name="UtcTime">
				2023-05-12 09:07:52.522
			</Data>
			<Data Name="ProcessGuid">
				{4158b3ab-01e7-645e-d801-000000000900}
			</Data>
			<Data Name="ProcessId">
				2984
			</Data>
			<Data Name="Image">
				C:\Program Files (x86)\Internet Explorer\iexplore.exe
			</Data>
			<Data Name="User">
				DESKTOP-0QN63TJ\me
			</Data>
			<Data Name="Protocol">
				tcp
			</Data>
			<Data Name="Initiated">
				true
			</Data>
			<Data Name="SourceIsIpv6">
				false
			</Data>
			<Data Name="SourceIp">
				192.168.2.202
			</Data>
			<Data Name="SourceHostname">
				DESKTOP-0QN63TJ
			</Data>
			<Data Name="SourcePort">
				49845
			</Data>
			<Data Name="SourcePortName">
				-
			</Data>
			<Data Name="DestinationIsIpv6">
				false
			</Data>
			<Data Name="DestinationIp">
				88.221.39.148
			</Data>
			<Data Name="DestinationHostname">
				a88-221-39-148.deploy.static.akamaitechnologies.com
			</Data>
			<Data Name="DestinationPort">
				443
			</Data>
			<Data Name="DestinationPortName">
				https
			</Data>
		</EventData>
	</Event>
	