<Event xmlns="http://schemas.microsoft.com/win/2004/08/events/event">
		<System>
			<Provider Name="Microsoft-Windows-Sysmon" Guid="{5770385f-c22a-43e0-bf4c-06f5698ffbd9}" />
			<EventID>
				1
			</EventID>
			<Version>
				5
			</Version>
			<Level>
				4
			</Level>
			<Task>
				1
			</Task>
			<Opcode>
				0
			</Opcode>
			<Keywords>
				0x8000000000000000
			</Keywords>
			<TimeCreated SystemTime="2023-05-12T07:48:40.6877262Z" />
			<EventRecordID>
				1311
			</EventRecordID>
			<Correlation />
			<Execution ProcessID="2868" ThreadID="5544" />
			<Channel>
				Microsoft-Windows-Sysmon/Operational
			</Channel>
			<Computer>
				DESKTOP-0QN63TJ
			</Computer>
			<Security UserID="S-1-5-18" />
		</System>
		<EventData>
			<Data Name="RuleName">
				-
			</Data>
			<Data Name="UtcTime">
				2023-05-12 07:48:40.686
			</Data>
			<Data Name="ProcessGuid">
				{4158b3ab-ef58-645d-9b01-000000000900}
			</Data>
			<Data Name="ProcessId">
				5248
			</Data>
			<Data Name="Image">
				C:\Windows\System32\svchost.exe
			</Data>
			<Data Name="FileVersion">
				10.0.19041.1806 (WinBuild.160101.0800)
			</Data>
			<Data Name="Description">
				Host Process for Windows Services
			</Data>
			<Data Name="Product">
				Microsoft® Windows® Operating System
			</Data>
			<Data Name="Company">
				Microsoft Corporation
			</Data>
			<Data Name="OriginalFileName">
				svchost.exe
			</Data>
			<Data Name="CommandLine">
				C:\Windows\system32\svchost.exe -k wsappx -p -s AppXSvc
			</Data>
			<Data Name="CurrentDirectory">
				C:\Windows\system32\
			</Data>
			<Data Name="User">
				NT AUTHORITY\SYSTEM
			</Data>
			<Data Name="LogonGuid">
				{4158b3ab-e9ab-645d-e703-000000000000}
			</Data>
			<Data Name="LogonId">
				0x3e7
			</Data>
			<Data Name="TerminalSessionId">
				0
			</Data>
			<Data Name="IntegrityLevel">
				System
			</Data>
			<Data Name="Hashes">
				SHA256=ADD683A6910ABBBF0E28B557FAD0BA998166394932AE2ACA069D9AA19EA8FE88
			</Data>
			<Data Name="ParentProcessGuid">
				{00000000-0000-0000-0000-000000000000}
			</Data>
			<Data Name="ParentProcessId">
				644
			</Data>
			<Data Name="ParentImage">
				-
			</Data>
			<Data Name="ParentCommandLine">
				-
			</Data>
			<Data Name="ParentUser">
				-
			</Data>
		</EventData>
	</Event>
	<Event xmlns="http://schemas.microsoft.com/win/2004/08/events/event">
		<System>
			<Provider Name="Microsoft-Windows-Sysmon" Guid="{5770385f-c22a-43e0-bf4c-06f5698ffbd9}" />
			<EventID>
				5
			</EventID>
			<Version>
				3
			</Version>
			<Level>
				4
			</Level>
			<Task>
				5
			</Task>
			<Opcode>
				0
			</Opcode>
			<Keywords>
				0x8000000000000000
			</Keywords>
			<TimeCreated SystemTime="2023-05-12T07:48:40.4785481Z" />
			<EventRecordID>
				1310
			</EventRecordID>
			<Correlation />
			<Execution ProcessID="2868" ThreadID="5544" />
			<Channel>
				Microsoft-Windows-Sysmon/Operational
			</Channel>
			<Computer>
				DESKTOP-0QN63TJ
			</Computer>
			<Security UserID="S-1-5-18" />
		</System>
		<EventData>
			<Data Name="RuleName">
				-
			</Data>
			<Data Name="UtcTime">
				2023-05-12 07:48:40.463
			</Data>
			<Data Name="ProcessGuid">
				{4158b3ab-eee0-645d-9a01-000000000900}
			</Data>
			<Data Name="ProcessId">
				5436
			</Data>
			<Data Name="Image">
				C:\Windows\System32\SearchFilterHost.exe
			</Data>
			<Data Name="User">
				NT AUTHORITY\SYSTEM
			</Data>
		</EventData>
	</Event>
	<Event xmlns="http://schemas.microsoft.com/win/2004/08/events/event">
		<System>
			<Provider Name="Microsoft-Windows-Sysmon" Guid="{5770385f-c22a-43e0-bf4c-06f5698ffbd9}" />
			<EventID>
				5
			</EventID>
			<Version>
				3
			</Version>
			<Level>
				4
			</Level>
			<Task>
				5
			</Task>
			<Opcode>
				0
			</Opcode>
			<Keywords>
				0x8000000000000000
			</Keywords>
			<TimeCreated SystemTime="2023-05-12T07:48:40.4734805Z" />
			<EventRecordID>
				1309
			</EventRecordID>
			<Correlation />
			<Execution ProcessID="2868" ThreadID="5544" />
			<Channel>
				Microsoft-Windows-Sysmon/Operational
			</Channel>
			<Computer>
				DESKTOP-0QN63TJ
			</Computer>
			<Security UserID="S-1-5-18" />
		</System>
		<EventData>
			<Data Name="RuleName">
				-
			</Data>
			<Data Name="UtcTime">
				2023-05-12 07:48:40.463
			</Data>
			<Data Name="ProcessGuid">
				{4158b3ab-eee0-645d-9901-000000000900}
			</Data>
			<Data Name="ProcessId">
				3004
			</Data>
			<Data Name="Image">
				C:\Windows\System32\SearchProtocolHost.exe
			</Data>
			<Data Name="User">
				DESKTOP-0QN63TJ\me
			</Data>
		</EventData>
	</Event>
	<Event xmlns="http://schemas.microsoft.com/win/2004/08/events/event">
		<System>
			<Provider Name="Microsoft-Windows-Sysmon" Guid="{5770385f-c22a-43e0-bf4c-06f5698ffbd9}" />
			<EventID>
				3
			</EventID>
			<Version>
				5
			</Version>
			<Level>
				4
			</Level>
			<Task>
				3
			</Task>
			<Opcode>
				0
			</Opcode>
			<Keywords>
				0x8000000000000000
			</Keywords>
			<TimeCreated SystemTime="2023-05-12T07:48:38.1205986Z" />
			<EventRecordID>
				1308
			</EventRecordID>
			<Correlation />
			<Execution ProcessID="2868" ThreadID="4544" />
			<Channel>
				Microsoft-Windows-Sysmon/Operational
			</Channel>
			<Computer>
				DESKTOP-0QN63TJ
			</Computer>
			<Security UserID="S-1-5-18" />
		</System>
		<EventData>
			<Data Name="RuleName">
				-
			</Data>
			<Data Name="UtcTime">
				2023-05-12 07:48:35.969
			</Data>
			<Data Name="ProcessGuid">
				{4158b3ab-e9ae-645d-3400-000000000900}
			</Data>
			<Data Name="ProcessId">
				2148
			</Data>
			<Data Name="Image">
				C:\Windows\System32\svchost.exe
			</Data>
			<Data Name="User">
				NT AUTHORITY\NETWORK SERVICE
			</Data>
			<Data Name="Protocol">
				udp
			</Data>
			<Data Name="Initiated">
				false
			</Data>
			<Data Name="SourceIsIpv6">
				true
			</Data>
			<Data Name="SourceIp">
				ff02:0:0:0:0:0:0:fb
			</Data>
			<Data Name="SourceHostname">
				-
			</Data>
			<Data Name="SourcePort">
				5353
			</Data>
			<Data Name="SourcePortName">
				-
			</Data>
			<Data Name="DestinationIsIpv6">
				true
			</Data>
			<Data Name="DestinationIp">
				fe80:0:0:0:97:e57d:9adc:f388
			</Data>
			<Data Name="DestinationHostname">
				-
			</Data>
			<Data Name="DestinationPort">
				5353
			</Data>
			<Data Name="DestinationPortName">
				-
			</Data>
		</EventData>
	</Event>
	<Event xmlns="http://schemas.microsoft.com/win/2004/08/events/event">
		<System>
			<Provider Name="Microsoft-Windows-Sysmon" Guid="{5770385f-c22a-43e0-bf4c-06f5698ffbd9}" />
			<EventID>
				3
			</EventID>
			<Version>
				5
			</Version>
			<Level>
				4
			</Level>
			<Task>
				3
			</Task>
			<Opcode>
				0
			</Opcode>
			<Keywords>
				0x8000000000000000
			</Keywords>
			<TimeCreated SystemTime="2023-05-12T07:48:38.1205607Z" />
			<EventRecordID>
				1307
			</EventRecordID>
			<Correlation />
			<Execution ProcessID="2868" ThreadID="4544" />
			<Channel>
				Microsoft-Windows-Sysmon/Operational
			</Channel>
			<Computer>
				DESKTOP-0QN63TJ
			</Computer>
			<Security UserID="S-1-5-18" />
		</System>
		<EventData>
			<Data Name="RuleName">
				-
			</Data>
			<Data Name="UtcTime">
				2023-05-12 07:48:35.969
			</Data>
			<Data Name="ProcessGuid">
				{4158b3ab-e9ae-645d-3400-000000000900}
			</Data>
			<Data Name="ProcessId">
				2148
			</Data>
			<Data Name="Image">
				C:\Windows\System32\svchost.exe
			</Data>
			<Data Name="User">
				NT AUTHORITY\NETWORK SERVICE
			</Data>
			<Data Name="Protocol">
				udp
			</Data>
			<Data Name="Initiated">
				false
			</Data>
			<Data Name="SourceIsIpv6">
				false
			</Data>
			<Data Name="SourceIp">
				224.0.0.251
			</Data>
			<Data Name="SourceHostname">
				-
			</Data>
			<Data Name="SourcePort">
				5353
			</Data>
			<Data Name="SourcePortName">
				-
			</Data>
			<Data Name="DestinationIsIpv6">
				false
			</Data>
			<Data Name="DestinationIp">
				192.168.2.218
			</Data>
			<Data Name="DestinationHostname">
				iPad-Admin
			</Data>
			<Data Name="DestinationPort">
				5353
			</Data>
			<Data Name="DestinationPortName">
				-
			</Data>
		</EventData>
	</Event>
	<Event xmlns="http://schemas.microsoft.com/win/2004/08/events/event">
		<System>
			<Provider Name="Microsoft-Windows-Sysmon" Guid="{5770385f-c22a-43e0-bf4c-06f5698ffbd9}" />
			<EventID>
				3
			</EventID>
			<Version>
				5
			</Version>
			<Level>
				4
			</Level>
			<Task>
				3
			</Task>
			<Opcode>
				0
			</Opcode>
			<Keywords>
				0x8000000000000000
			</Keywords>
			<TimeCreated SystemTime="2023-05-12T07:48:18.1041309Z" />
			<EventRecordID>
				1306
			</EventRecordID>
			<Correlation />
			<Execution ProcessID="2868" ThreadID="4544" />
			<Channel>
				Microsoft-Windows-Sysmon/Operational
			</Channel>
			<Computer>
				DESKTOP-0QN63TJ
			</Computer>
			<Security UserID="S-1-5-18" />
		</System>
		<EventData>
			<Data Name="RuleName">
				-
			</Data>
			<Data Name="UtcTime">
				2023-05-12 07:48:16.981
			</Data>
			<Data Name="ProcessGuid">
				{4158b3ab-e9ae-645d-3400-000000000900}
			</Data>
			<Data Name="ProcessId">
				2148
			</Data>
			<Data Name="Image">
				C:\Windows\System32\svchost.exe
			</Data>
			<Data Name="User">
				NT AUTHORITY\NETWORK SERVICE
			</Data>
			<Data Name="Protocol">
				udp
			</Data>
			<Data Name="Initiated">
				true
			</Data>
			<Data Name="SourceIsIpv6">
				false
			</Data>
			<Data Name="SourceIp">
				192.168.2.202
			</Data>
			<Data Name="SourceHostname">
				DESKTOP-0QN63TJ
			</Data>
			<Data Name="SourcePort">
				51835
			</Data>
			<Data Name="SourcePortName">
				-
			</Data>
			<Data Name="DestinationIsIpv6">
				false
			</Data>
			<Data Name="DestinationIp">
				192.168.2.1
			</Data>
			<Data Name="DestinationHostname">
				router.asus.com
			</Data>
			<Data Name="DestinationPort">
				53
			</Data>
			<Data Name="DestinationPortName">
				domain
			</Data>
		</EventData>
	</Event>
	<Event xmlns="http://schemas.microsoft.com/win/2004/08/events/event">
		<System>
			<Provider Name="Microsoft-Windows-Sysmon" Guid="{5770385f-c22a-43e0-bf4c-06f5698ffbd9}" />
			<EventID>
				3
			</EventID>
			<Version>
				5
			</Version>
			<Level>
				4
			</Level>
			<Task>
				3
			</Task>
			<Opcode>
				0
			</Opcode>
			<Keywords>
				0x8000000000000000
			</Keywords>
			<TimeCreated SystemTime="2023-05-12T07:48:17.0576674Z" />
			<EventRecordID>
				1305
			</EventRecordID>
			<Correlation />
			<Execution ProcessID="2868" ThreadID="4544" />
			<Channel>
				Microsoft-Windows-Sysmon/Operational
			</Channel>
			<Computer>
				DESKTOP-0QN63TJ
			</Computer>
			<Security UserID="S-1-5-18" />
		</System>
		<EventData>
			<Data Name="RuleName">
				-
			</Data>
			<Data Name="UtcTime">
				2023-05-12 07:48:14.976
			</Data>
			<Data Name="ProcessGuid">
				{4158b3ab-e9ae-645d-3400-000000000900}
			</Data>
			<Data Name="ProcessId">
				2148
			</Data>
			<Data Name="Image">
				C:\Windows\System32\svchost.exe
			</Data>
			<Data Name="User">
				NT AUTHORITY\NETWORK SERVICE
			</Data>
			<Data Name="Protocol">
				udp
			</Data>
			<Data Name="Initiated">
				false
			</Data>
			<Data Name="SourceIsIpv6">
				false
			</Data>
			<Data Name="SourceIp">
				224.0.0.251
			</Data>
			<Data Name="SourceHostname">
				-
			</Data>
			<Data Name="SourcePort">
				5353
			</Data>
			<Data Name="SourcePortName">
				-
			</Data>
			<Data Name="DestinationIsIpv6">
				false
			</Data>
			<Data Name="DestinationIp">
				192.168.2.231
			</Data>
			<Data Name="DestinationHostname">
				ana-notebook
			</Data>
			<Data Name="DestinationPort">
				5353
			</Data>
			<Data Name="DestinationPortName">
				-
			</Data>
		</EventData>
	</Event>
	<Event xmlns="http://schemas.microsoft.com/win/2004/08/events/event">
		<System>
			<Provider Name="Microsoft-Windows-Sysmon" Guid="{5770385f-c22a-43e0-bf4c-06f5698ffbd9}" />
			<EventID>
				1
			</EventID>
			<Version>
				5
			</Version>
			<Level>
				4
			</Level>
			<Task>
				1
			</Task>
			<Opcode>
				0
			</Opcode>
			<Keywords>
				0x8000000000000000
			</Keywords>
			<TimeCreated SystemTime="2023-05-12T07:46:40.4910832Z" />
			<EventRecordID>
				1304
			</EventRecordID>
			<Correlation />
			<Execution ProcessID="2868" ThreadID="5544" />
			<Channel>
				Microsoft-Windows-Sysmon/Operational
			</Channel>
			<Computer>
				DESKTOP-0QN63TJ
			</Computer>
			<Security UserID="S-1-5-18" />
		</System>
		<EventData>
			<Data Name="RuleName">
				-
			</Data>
			<Data Name="UtcTime">
				2023-05-12 07:46:40.490
			</Data>
			<Data Name="ProcessGuid">
				{4158b3ab-eee0-645d-9a01-000000000900}
			</Data>
			<Data Name="ProcessId">
				5436
			</Data>
			<Data Name="Image">
				C:\Windows\System32\SearchFilterHost.exe
			</Data>
			<Data Name="FileVersion">
				7.0.19041.2673 (WinBuild.160101.0800)
			</Data>
			<Data Name="Description">
				Microsoft Windows Search Filter Host
			</Data>
			<Data Name="Product">
				Windows® Search
			</Data>
			<Data Name="Company">
				Microsoft Corporation
			</Data>
			<Data Name="OriginalFileName">
				SearchFilterHost.exe
			</Data>
			<Data Name="CommandLine">
				"C:\Windows\system32\SearchFilterHost.exe" 0 800 804 812 8192 808 784
			</Data>
			<Data Name="CurrentDirectory">
				C:\Windows\system32\
			</Data>
			<Data Name="User">
				NT AUTHORITY\SYSTEM
			</Data>
			<Data Name="LogonGuid">
				{4158b3ab-e9ab-645d-e703-000000000000}
			</Data>
			<Data Name="LogonId">
				0x3e7
			</Data>
			<Data Name="TerminalSessionId">
				0
			</Data>
			<Data Name="IntegrityLevel">
				Medium
			</Data>
			<Data Name="Hashes">
				SHA256=289E599C32D569A4F5993B2E0D78F07415B8B32AC8B31B9D35EB63BBEAE45D55
			</Data>
			<Data Name="ParentProcessGuid">
				{00000000-0000-0000-0000-000000000000}
			</Data>
			<Data Name="ParentProcessId">
				4956
			</Data>
			<Data Name="ParentImage">
				-
			</Data>
			<Data Name="ParentCommandLine">
				-
			</Data>
			<Data Name="ParentUser">
				-
			</Data>
		</EventData>
	</Event>
	<Event xmlns="http://schemas.microsoft.com/win/2004/08/events/event">
		<System>
			<Provider Name="Microsoft-Windows-Sysmon" Guid="{5770385f-c22a-43e0-bf4c-06f5698ffbd9}" />
			<EventID>
				1
			</EventID>
			<Version>
				5
			</Version>
			<Level>
				4
			</Level>
			<Task>
				1
			</Task>
			<Opcode>
				0
			</Opcode>
			<Keywords>
				0x8000000000000000
			</Keywords>
			<TimeCreated SystemTime="2023-05-12T07:46:40.4687117Z" />
			<EventRecordID>
				1303
			</EventRecordID>
			<Correlation />
			<Execution ProcessID="2868" ThreadID="5544" />
			<Channel>
				Microsoft-Windows-Sysmon/Operational
			</Channel>
			<Computer>
				DESKTOP-0QN63TJ
			</Computer>
			<Security UserID="S-1-5-18" />
		</System>
		<EventData>
			<Data Name="RuleName">
				-
			</Data>
			<Data Name="UtcTime">
				2023-05-12 07:46:40.467
			</Data>
			<Data Name="ProcessGuid">
				{4158b3ab-eee0-645d-9901-000000000900}
			</Data>
			<Data Name="ProcessId">
				3004
			</Data>
			<Data Name="Image">
				C:\Windows\System32\SearchProtocolHost.exe
			</Data>
			<Data Name="FileVersion">
				7.0.19041.2673 (WinBuild.160101.0800)
			</Data>
			<Data Name="Description">
				Microsoft Windows Search Protocol Host
			</Data>
			<Data Name="Product">
				Windows® Search
			</Data>
			<Data Name="Company">
				Microsoft Corporation
			</Data>
			<Data Name="OriginalFileName">
				SearchProtocolHost.exe
			</Data>
			<Data Name="CommandLine">
				"C:\Windows\system32\SearchProtocolHost.exe" Global\UsGthrFltPipeMssGthrPipe_S-1-5-21-2760507805-2048149352-932724169-10032_ Global\UsGthrCtrlFltPipeMssGthrPipe_S-1-5-21-2760507805-2048149352-932724169-10032 1 -2147483646 "Software\Microsoft\Windows Search" "Mozilla/4.0 (compatible; MSIE 6.0; Windows NT; MS Search 4.0 Robot)" "C:\ProgramData\Microsoft\Search\Data\Temp\usgthrsvc" "DownLevelDaemon"  "1"
			</Data>
			<Data Name="CurrentDirectory">
				C:\Windows\system32\
			</Data>
			<Data Name="User">
				DESKTOP-0QN63TJ\me
			</Data>
			<Data Name="LogonGuid">
				{4158b3ab-e9b0-645d-120f-020000000000}
			</Data>
			<Data Name="LogonId">
				0x20f12
			</Data>
			<Data Name="TerminalSessionId">
				1
			</Data>
			<Data Name="IntegrityLevel">
				Medium
			</Data>
			<Data Name="Hashes">
				SHA256=3FAC16B7DF4E73B623DB993A23957A05A8857C1C1F0217C80E385037F4EDF0D0
			</Data>
			<Data Name="ParentProcessGuid">
				{00000000-0000-0000-0000-000000000000}
			</Data>
			<Data Name="ParentProcessId">
				4956
			</Data>
			<Data Name="ParentImage">
				-
			</Data>
			<Data Name="ParentCommandLine">
				-
			</Data>
			<Data Name="ParentUser">
				-
			</Data>
		</EventData>
	</Event>
	<Event xmlns="http://schemas.microsoft.com/win/2004/08/events/event">
		<System>
			<Provider Name="Microsoft-Windows-Sysmon" Guid="{5770385f-c22a-43e0-bf4c-06f5698ffbd9}" />
			<EventID>
				3
			</EventID>
			<Version>
				5
			</Version>
			<Level>
				4
			</Level>
			<Task>
				3
			</Task>
			<Opcode>
				0
			</Opcode>
			<Keywords>
				0x8000000000000000
			</Keywords>
			<TimeCreated SystemTime="2023-05-12T07:45:24.4333349Z" />
			<EventRecordID>
				1302
			</EventRecordID>
			<Correlation />
			<Execution ProcessID="2868" ThreadID="4544" />
			<Channel>
				Microsoft-Windows-Sysmon/Operational
			</Channel>
			<Computer>
				DESKTOP-0QN63TJ
			</Computer>
			<Security UserID="S-1-5-18" />
		</System>
		<EventData>
			<Data Name="RuleName">
				-
			</Data>
			<Data Name="UtcTime">
				2023-05-12 07:45:22.324
			</Data>
			<Data Name="ProcessGuid">
				{4158b3ab-e9ae-645d-3400-000000000900}
			</Data>
			<Data Name="ProcessId">
				2148
			</Data>
			<Data Name="Image">
				C:\Windows\System32\svchost.exe
			</Data>
			<Data Name="User">
				NT AUTHORITY\NETWORK SERVICE
			</Data>
			<Data Name="Protocol">
				udp
			</Data>
			<Data Name="Initiated">
				false
			</Data>
			<Data Name="SourceIsIpv6">
				true
			</Data>
			<Data Name="SourceIp">
				ff02:0:0:0:0:0:0:fb
			</Data>
			<Data Name="SourceHostname">
				-
			</Data>
			<Data Name="SourcePort">
				5353
			</Data>
			<Data Name="SourcePortName">
				-
			</Data>
			<Data Name="DestinationIsIpv6">
				true
			</Data>
			<Data Name="DestinationIp">
				fe80:0:0:0:7df9:88c7:306:39fe
			</Data>
			<Data Name="DestinationHostname">
				-
			</Data>
			<Data Name="DestinationPort">
				5353
			</Data>
			<Data Name="DestinationPortName">
				-
			</Data>
		</EventData>
	</Event>
	<Event xmlns="http://schemas.microsoft.com/win/2004/08/events/event">
		<System>
			<Provider Name="Microsoft-Windows-Sysmon" Guid="{5770385f-c22a-43e0-bf4c-06f5698ffbd9}" />
			<EventID>
				3
			</EventID>
			<Version>
				5
			</Version>
			<Level>
				4
			</Level>
			<Task>
				3
			</Task>
			<Opcode>
				0
			</Opcode>
			<Keywords>
				0x8000000000000000
			</Keywords>
			<TimeCreated SystemTime="2023-05-12T07:45:24.4333010Z" />
			<EventRecordID>
				1301
			</EventRecordID>
			<Correlation />
			<Execution ProcessID="2868" ThreadID="4544" />
			<Channel>
				Microsoft-Windows-Sysmon/Operational
			</Channel>
			<Computer>
				DESKTOP-0QN63TJ
			</Computer>
			<Security UserID="S-1-5-18" />
		</System>
		<EventData>
			<Data Name="RuleName">
				-
			</Data>
			<Data Name="UtcTime">
				2023-05-12 07:45:22.323
			</Data>
			<Data Name="ProcessGuid">
				{4158b3ab-e9ae-645d-3400-000000000900}
			</Data>
			<Data Name="ProcessId">
				2148
			</Data>
			<Data Name="Image">
				C:\Windows\System32\svchost.exe
			</Data>
			<Data Name="User">
				NT AUTHORITY\NETWORK SERVICE
			</Data>
			<Data Name="Protocol">
				udp
			</Data>
			<Data Name="Initiated">
				false
			</Data>
			<Data Name="SourceIsIpv6">
				false
			</Data>
			<Data Name="SourceIp">
				224.0.0.251
			</Data>
			<Data Name="SourceHostname">
				-
			</Data>
			<Data Name="SourcePort">
				5353
			</Data>
			<Data Name="SourcePortName">
				-
			</Data>
			<Data Name="DestinationIsIpv6">
				false
			</Data>
			<Data Name="DestinationIp">
				192.168.2.154
			</Data>
			<Data Name="DestinationHostname">
				Redmi-Note-9-Pro
			</Data>
			<Data Name="DestinationPort">
				5353
			</Data>
			<Data Name="DestinationPortName">
				-
			</Data>
		</EventData>
	</Event>
	<Event xmlns="http://schemas.microsoft.com/win/2004/08/events/event">
		<System>
			<Provider Name="Microsoft-Windows-Sysmon" Guid="{5770385f-c22a-43e0-bf4c-06f5698ffbd9}" />
			<EventID>
				5
			</EventID>
			<Version>
				3
			</Version>
			<Level>
				4
			</Level>
			<Task>
				5
			</Task>
			<Opcode>
				0
			</Opcode>
			<Keywords>
				0x8000000000000000
			</Keywords>
			<TimeCreated SystemTime="2023-05-12T07:45:11.2847550Z" />
			<EventRecordID>
				1300
			</EventRecordID>
			<Correlation />
			<Execution ProcessID="2868" ThreadID="5544" />
			<Channel>
				Microsoft-Windows-Sysmon/Operational
			</Channel>
			<Computer>
				DESKTOP-0QN63TJ
			</Computer>
			<Security UserID="S-1-5-18" />
		</System>
		<EventData>
			<Data Name="RuleName">
				-
			</Data>
			<Data Name="UtcTime">
				2023-05-12 07:45:11.276
			</Data>
			<Data Name="ProcessGuid">
				{4158b3ab-e9b6-645d-6600-000000000900}
			</Data>
			<Data Name="ProcessId">
				4716
			</Data>
			<Data Name="Image">
				C:\Windows\System32\wbem\WmiPrvSE.exe
			</Data>
			<Data Name="User">
				NT AUTHORITY\SYSTEM
			</Data>
		</EventData>
	</Event>
	<Event xmlns="http://schemas.microsoft.com/win/2004/08/events/event">
		<System>
			<Provider Name="Microsoft-Windows-Sysmon" Guid="{5770385f-c22a-43e0-bf4c-06f5698ffbd9}" />
			<EventID>
				5
			</EventID>
			<Version>
				3
			</Version>
			<Level>
				4
			</Level>
			<Task>
				5
			</Task>
			<Opcode>
				0
			</Opcode>
			<Keywords>
				0x8000000000000000
			</Keywords>
			<TimeCreated SystemTime="2023-05-12T07:45:04.4878282Z" />
			<EventRecordID>
				1299
			</EventRecordID>
			<Correlation />
			<Execution ProcessID="2868" ThreadID="5544" />
			<Channel>
				Microsoft-Windows-Sysmon/Operational
			</Channel>
			<Computer>
				DESKTOP-0QN63TJ
			</Computer>
			<Security UserID="S-1-5-18" />
		</System>
		<EventData>
			<Data Name="RuleName">
				-
			</Data>
			<Data Name="UtcTime">
				2023-05-12 07:45:04.479
			</Data>
			<Data Name="ProcessGuid">
				{4158b3ab-ea0c-645d-9c00-000000000900}
			</Data>
			<Data Name="ProcessId">
				6904
			</Data>
			<Data Name="Image">
				C:\Windows\System32\svchost.exe
			</Data>
			<Data Name="User">
				NT AUTHORITY\SYSTEM
			</Data>
		</EventData>
	</Event>
	<Event xmlns="http://schemas.microsoft.com/win/2004/08/events/event">
		<System>
			<Provider Name="Microsoft-Windows-Sysmon" Guid="{5770385f-c22a-43e0-bf4c-06f5698ffbd9}" />
			<EventID>
				5
			</EventID>
			<Version>
				3
			</Version>
			<Level>
				4
			</Level>
			<Task>
				5
			</Task>
			<Opcode>
				0
			</Opcode>
			<Keywords>
				0x8000000000000000
			</Keywords>
			<TimeCreated SystemTime="2023-05-12T07:44:55.8751865Z" />
			<EventRecordID>
				1298
			</EventRecordID>
			<Correlation />
			<Execution ProcessID="2868" ThreadID="5544" />
			<Channel>
				Microsoft-Windows-Sysmon/Operational
			</Channel>
			<Computer>
				DESKTOP-0QN63TJ
			</Computer>
			<Security UserID="S-1-5-18" />
		</System>
		<EventData>
			<Data Name="RuleName">
				-
			</Data>
			<Data Name="UtcTime">
				2023-05-12 07:44:55.869
			</Data>
			<Data Name="ProcessGuid">
				{4158b3ab-ec1f-645d-c700-000000000900}
			</Data>
			<Data Name="ProcessId">
				5764
			</Data>
			<Data Name="Image">
				C:\Windows\System32\svchost.exe
			</Data>
			<Data Name="User">
				NT AUTHORITY\SYSTEM
			</Data>
		</EventData>
	</Event>
	<Event xmlns="http://schemas.microsoft.com/win/2004/08/events/event">
		<System>
			<Provider Name="Microsoft-Windows-Sysmon" Guid="{5770385f-c22a-43e0-bf4c-06f5698ffbd9}" />
			<EventID>
				3
			</EventID>
			<Version>
				5
			</Version>
			<Level>
				4
			</Level>
			<Task>
				3
			</Task>
			<Opcode>
				0
			</Opcode>
			<Keywords>
				0x8000000000000000
			</Keywords>
			<TimeCreated SystemTime="2023-05-12T07:44:29.4486345Z" />
			<EventRecordID>
				1297
			</EventRecordID>
			<Correlation />
			<Execution ProcessID="2868" ThreadID="4544" />
			<Channel>
				Microsoft-Windows-Sysmon/Operational
			</Channel>
			<Computer>
				DESKTOP-0QN63TJ
			</Computer>
			<Security UserID="S-1-5-18" />
		</System>
		<EventData>
			<Data Name="RuleName">
				-
			</Data>
			<Data Name="UtcTime">
				2023-05-12 07:44:28.076
			</Data>
			<Data Name="ProcessGuid">
				{4158b3ab-ea2a-645d-9e00-000000000900}
			</Data>
			<Data Name="ProcessId">
				7088
			</Data>
			<Data Name="Image">
				C:\Windows\System32\svchost.exe
			</Data>
			<Data Name="User">
				NT AUTHORITY\NETWORK SERVICE
			</Data>
			<Data Name="Protocol">
				tcp
			</Data>
			<Data Name="Initiated">
				true
			</Data>
			<Data Name="SourceIsIpv6">
				false
			</Data>
			<Data Name="SourceIp">
				192.168.2.202
			</Data>
			<Data Name="SourceHostname">
				DESKTOP-0QN63TJ
			</Data>
			<Data Name="SourcePort">
				49830
			</Data>
			<Data Name="SourcePortName">
				-
			</Data>
			<Data Name="DestinationIsIpv6">
				false
			</Data>
			<Data Name="DestinationIp">
				23.46.121.60
			</Data>
			<Data Name="DestinationHostname">
				disc801.prod.do.dsp.mp.microsoft.com
			</Data>
			<Data Name="DestinationPort">
				443
			</Data>
			<Data Name="DestinationPortName">
				https
			</Data>
		</EventData>
	</Event>
	<Event xmlns="http://schemas.microsoft.com/win/2004/08/events/event">
		<System>
			<Provider Name="Microsoft-Windows-Sysmon" Guid="{5770385f-c22a-43e0-bf4c-06f5698ffbd9}" />
			<EventID>
				3
			</EventID>
			<Version>
				5
			</Version>
			<Level>
				4
			</Level>
			<Task>
				3
			</Task>
			<Opcode>
				0
			</Opcode>
			<Keywords>
				0x8000000000000000
			</Keywords>
			<TimeCreated SystemTime="2023-05-12T07:44:29.1978530Z" />
			<EventRecordID>
				1296
			</EventRecordID>
			<Correlation />
			<Execution ProcessID="2868" ThreadID="4544" />
			<Channel>
				Microsoft-Windows-Sysmon/Operational
			</Channel>
			<Computer>
				DESKTOP-0QN63TJ
			</Computer>
			<Security UserID="S-1-5-18" />
		</System>
		<EventData>
			<Data Name="RuleName">
				-
			</Data>
			<Data Name="UtcTime">
				2023-05-12 07:44:28.015
			</Data>
			<Data Name="ProcessGuid">
				{4158b3ab-e9ae-645d-3400-000000000900}
			</Data>
			<Data Name="ProcessId">
				2148
			</Data>
			<Data Name="Image">
				C:\Windows\System32\svchost.exe
			</Data>
			<Data Name="User">
				NT AUTHORITY\NETWORK SERVICE
			</Data>
			<Data Name="Protocol">
				udp
			</Data>
			<Data Name="Initiated">
				true
			</Data>
			<Data Name="SourceIsIpv6">
				false
			</Data>
			<Data Name="SourceIp">
				192.168.2.202
			</Data>
			<Data Name="SourceHostname">
				DESKTOP-0QN63TJ
			</Data>
			<Data Name="SourcePort">
				49268
			</Data>
			<Data Name="SourcePortName">
				-
			</Data>
			<Data Name="DestinationIsIpv6">
				false
			</Data>
			<Data Name="DestinationIp">
				192.168.2.1
			</Data>
			<Data Name="DestinationHostname">
				router.asus.com
			</Data>
			<Data Name="DestinationPort">
				53
			</Data>
			<Data Name="DestinationPortName">
				domain
			</Data>
		</EventData>
	</Event>
	<Event xmlns="http://schemas.microsoft.com/win/2004/08/events/event">
		<System>
			<Provider Name="Microsoft-Windows-Sysmon" Guid="{5770385f-c22a-43e0-bf4c-06f5698ffbd9}" />
			<EventID>
				3
			</EventID>
			<Version>
				5
			</Version>
			<Level>
				4
			</Level>
			<Task>
				3
			</Task>
			<Opcode>
				0
			</Opcode>
			<Keywords>
				0x8000000000000000
			</Keywords>
			<TimeCreated SystemTime="2023-05-12T07:44:28.4325563Z" />
			<EventRecordID>
				1295
			</EventRecordID>
			<Correlation />
			<Execution ProcessID="2868" ThreadID="4544" />
			<Channel>
				Microsoft-Windows-Sysmon/Operational
			</Channel>
			<Computer>
				DESKTOP-0QN63TJ
			</Computer>
			<Security UserID="S-1-5-18" />
		</System>
		<EventData>
			<Data Name="RuleName">
				-
			</Data>
			<Data Name="UtcTime">
				2023-05-12 07:44:27.336
			</Data>
			<Data Name="ProcessGuid">
				{4158b3ab-ea2a-645d-9e00-000000000900}
			</Data>
			<Data Name="ProcessId">
				7088
			</Data>
			<Data Name="Image">
				C:\Windows\System32\svchost.exe
			</Data>
			<Data Name="User">
				NT AUTHORITY\NETWORK SERVICE
			</Data>
			<Data Name="Protocol">
				tcp
			</Data>
			<Data Name="Initiated">
				true
			</Data>
			<Data Name="SourceIsIpv6">
				false
			</Data>
			<Data Name="SourceIp">
				192.168.2.202
			</Data>
			<Data Name="SourceHostname">
				DESKTOP-0QN63TJ
			</Data>
			<Data Name="SourcePort">
				49829
			</Data>
			<Data Name="SourcePortName">
				-
			</Data>
			<Data Name="DestinationIsIpv6">
				false
			</Data>
			<Data Name="DestinationIp">
				52.137.110.235
			</Data>
			<Data Name="DestinationHostname">
				geo.prod.do.dsp.mp.microsoft.com
			</Data>
			<Data Name="DestinationPort">
				443
			</Data>
			<Data Name="DestinationPortName">
				https
			</Data>
		</EventData>
	</Event>
	<Event xmlns="http://schemas.microsoft.com/win/2004/08/events/event">
		<System>
			<Provider Name="Microsoft-Windows-Sysmon" Guid="{5770385f-c22a-43e0-bf4c-06f5698ffbd9}" />
			<EventID>
				5
			</EventID>
			<Version>
				3
			</Version>
			<Level>
				4
			</Level>
			<Task>
				5
			</Task>
			<Opcode>
				0
			</Opcode>
			<Keywords>
				0x8000000000000000
			</Keywords>
			<TimeCreated SystemTime="2023-05-12T07:41:52.0006860Z" />
			<EventRecordID>
				1294
			</EventRecordID>
			<Correlation />
			<Execution ProcessID="2868" ThreadID="5544" />
			<Channel>
				Microsoft-Windows-Sysmon/Operational
			</Channel>
			<Computer>
				DESKTOP-0QN63TJ
			</Computer>
			<Security UserID="S-1-5-18" />
		</System>
		<EventData>
			<Data Name="RuleName">
				-
			</Data>
			<Data Name="UtcTime">
				2023-05-12 07:41:51.995
			</Data>
			<Data Name="ProcessGuid">
				{4158b3ab-ec57-645d-7b01-000000000900}
			</Data>
			<Data Name="ProcessId">
				1580
			</Data>
			<Data Name="Image">
				C:\Windows\System32\svchost.exe
			</Data>
			<Data Name="User">
				NT AUTHORITY\SYSTEM
			</Data>
		</EventData>
	</Event>
	<Event xmlns="http://schemas.microsoft.com/win/2004/08/events/event">
		<System>
			<Provider Name="Microsoft-Windows-Sysmon" Guid="{5770385f-c22a-43e0-bf4c-06f5698ffbd9}" />
			<EventID>
				5
			</EventID>
			<Version>
				3
			</Version>
			<Level>
				4
			</Level>
			<Task>
				5
			</Task>
			<Opcode>
				0
			</Opcode>
			<Keywords>
				0x8000000000000000
			</Keywords>
			<TimeCreated SystemTime="2023-05-12T07:41:35.7726544Z" />
			<EventRecordID>
				1293
			</EventRecordID>
			<Correlation />
			<Execution ProcessID="2868" ThreadID="5544" />
			<Channel>
				Microsoft-Windows-Sysmon/Operational
			</Channel>
			<Computer>
				DESKTOP-0QN63TJ
			</Computer>
			<Security UserID="S-1-5-18" />
		</System>
		<EventData>
			<Data Name="RuleName">
				-
			</Data>
			<Data Name="UtcTime">
				2023-05-12 07:41:35.760
			</Data>
			<Data Name="ProcessGuid">
				{4158b3ab-ed36-645d-9601-000000000900}
			</Data>
			<Data Name="ProcessId">
				4900
			</Data>
			<Data Name="Image">
				C:\Windows\servicing\TrustedInstaller.exe
			</Data>
			<Data Name="User">
				NT AUTHORITY\SYSTEM
			</Data>
		</EventData>
	</Event>
	<Event xmlns="http://schemas.microsoft.com/win/2004/08/events/event">
		<System>
			<Provider Name="Microsoft-Windows-Sysmon" Guid="{5770385f-c22a-43e0-bf4c-06f5698ffbd9}" />
			<EventID>
				5
			</EventID>
			<Version>
				3
			</Version>
			<Level>
				4
			</Level>
			<Task>
				5
			</Task>
			<Opcode>
				0
			</Opcode>
			<Keywords>
				0x8000000000000000
			</Keywords>
			<TimeCreated SystemTime="2023-05-12T07:41:35.7659847Z" />
			<EventRecordID>
				1292
			</EventRecordID>
			<Correlation />
			<Execution ProcessID="2868" ThreadID="5544" />
			<Channel>
				Microsoft-Windows-Sysmon/Operational
			</Channel>
			<Computer>
				DESKTOP-0QN63TJ
			</Computer>
			<Security UserID="S-1-5-18" />
		</System>
		<EventData>
			<Data Name="RuleName">
				-
			</Data>
			<Data Name="UtcTime">
				2023-05-12 07:41:35.760
			</Data>
			<Data Name="ProcessGuid">
				{4158b3ab-ed36-645d-9801-000000000900}
			</Data>
			<Data Name="ProcessId">
				6020
			</Data>
			<Data Name="Image">
				C:\Windows\WinSxS\amd64_microsoft-windows-servicingstack_31bf3856ad364e35_10.0.19041.2905_none_7dd39c4c7cb9dfa0\TiWorker.exe
			</Data>
			<Data Name="User">
				NT AUTHORITY\SYSTEM
			</Data>
		</EventData>
	</Event>
	<Event xmlns="http://schemas.microsoft.com/win/2004/08/events/event">
		<System>
			<Provider Name="Microsoft-Windows-Sysmon" Guid="{5770385f-c22a-43e0-bf4c-06f5698ffbd9}" />
			<EventID>
				3
			</EventID>
			<Version>
				5
			</Version>
			<Level>
				4
			</Level>
			<Task>
				3
			</Task>
			<Opcode>
				0
			</Opcode>
			<Keywords>
				0x8000000000000000
			</Keywords>
			<TimeCreated SystemTime="2023-05-12T07:41:16.0730923Z" />
			<EventRecordID>
				1291
			</EventRecordID>
			<Correlation />
			<Execution ProcessID="2868" ThreadID="4544" />
			<Channel>
				Microsoft-Windows-Sysmon/Operational
			</Channel>
			<Computer>
				DESKTOP-0QN63TJ
			</Computer>
			<Security UserID="S-1-5-18" />
		</System>
		<EventData>
			<Data Name="RuleName">
				-
			</Data>
			<Data Name="UtcTime">
				2023-05-12 07:41:13.788
			</Data>
			<Data Name="ProcessGuid">
				{4158b3ab-e9ae-645d-3400-000000000900}
			</Data>
			<Data Name="ProcessId">
				2148
			</Data>
			<Data Name="Image">
				C:\Windows\System32\svchost.exe
			</Data>
			<Data Name="User">
				NT AUTHORITY\NETWORK SERVICE
			</Data>
			<Data Name="Protocol">
				udp
			</Data>
			<Data Name="Initiated">
				false
			</Data>
			<Data Name="SourceIsIpv6">
				false
			</Data>
			<Data Name="SourceIp">
				224.0.0.251
			</Data>
			<Data Name="SourceHostname">
				-
			</Data>
			<Data Name="SourcePort">
				5353
			</Data>
			<Data Name="SourcePortName">
				-
			</Data>
			<Data Name="DestinationIsIpv6">
				false
			</Data>
			<Data Name="DestinationIp">
				192.168.2.201
			</Data>
			<Data Name="DestinationHostname">
				yandex-mini2
			</Data>
			<Data Name="DestinationPort">
				5353
			</Data>
			<Data Name="DestinationPortName">
				-
			</Data>
		</EventData>
	</Event>
	<Event xmlns="http://schemas.microsoft.com/win/2004/08/events/event">
		<System>
			<Provider Name="Microsoft-Windows-Sysmon" Guid="{5770385f-c22a-43e0-bf4c-06f5698ffbd9}" />
			<EventID>
				3
			</EventID>
			<Version>
				5
			</Version>
			<Level>
				4
			</Level>
			<Task>
				3
			</Task>
			<Opcode>
				0
			</Opcode>
			<Keywords>
				0x8000000000000000
			</Keywords>
			<TimeCreated SystemTime="2023-05-12T07:40:54.3547155Z" />
			<EventRecordID>
				1290
			</EventRecordID>
			<Correlation />
			<Execution ProcessID="2868" ThreadID="4544" />
			<Channel>
				Microsoft-Windows-Sysmon/Operational
			</Channel>
			<Computer>
				DESKTOP-0QN63TJ
			</Computer>
			<Security UserID="S-1-5-18" />
		</System>
		<EventData>
			<Data Name="RuleName">
				-
			</Data>
			<Data Name="UtcTime">
				2023-05-12 07:40:52.078
			</Data>
			<Data Name="ProcessGuid">
				{4158b3ab-e9ae-645d-3400-000000000900}
			</Data>
			<Data Name="ProcessId">
				2148
			</Data>
			<Data Name="Image">
				C:\Windows\System32\svchost.exe
			</Data>
			<Data Name="User">
				NT AUTHORITY\NETWORK SERVICE
			</Data>
			<Data Name="Protocol">
				udp
			</Data>
			<Data Name="Initiated">
				false
			</Data>
			<Data Name="SourceIsIpv6">
				false
			</Data>
			<Data Name="SourceIp">
				224.0.0.251
			</Data>
			<Data Name="SourceHostname">
				-
			</Data>
			<Data Name="SourcePort">
				5353
			</Data>
			<Data Name="SourcePortName">
				-
			</Data>
			<Data Name="DestinationIsIpv6">
				false
			</Data>
			<Data Name="DestinationIp">
				192.168.2.140
			</Data>
			<Data Name="DestinationHostname">
				OnePlus-6
			</Data>
			<Data Name="DestinationPort">
				5353
			</Data>
			<Data Name="DestinationPortName">
				-
			</Data>
		</EventData>
	</Event>
	<Event xmlns="http://schemas.microsoft.com/win/2004/08/events/event">
		<System>
			<Provider Name="Microsoft-Windows-Sysmon" Guid="{5770385f-c22a-43e0-bf4c-06f5698ffbd9}" />
			<EventID>
				5
			</EventID>
			<Version>
				3
			</Version>
			<Level>
				4
			</Level>
			<Task>
				5
			</Task>
			<Opcode>
				0
			</Opcode>
			<Keywords>
				0x8000000000000000
			</Keywords>
			<TimeCreated SystemTime="2023-05-12T07:40:07.8129258Z" />
			<EventRecordID>
				1289
			</EventRecordID>
			<Correlation />
			<Execution ProcessID="2868" ThreadID="5544" />
			<Channel>
				Microsoft-Windows-Sysmon/Operational
			</Channel>
			<Computer>
				DESKTOP-0QN63TJ
			</Computer>
			<Security UserID="S-1-5-18" />
		</System>
		<EventData>
			<Data Name="RuleName">
				-
			</Data>
			<Data Name="UtcTime">
				2023-05-12 07:40:07.807
			</Data>
			<Data Name="ProcessGuid">
				{4158b3ab-e9b1-645d-4600-000000000900}
			</Data>
			<Data Name="ProcessId">
				3060
			</Data>
			<Data Name="Image">
				C:\Windows\System32\svchost.exe
			</Data>
			<Data Name="User">
				NT AUTHORITY\SYSTEM
			</Data>
		</EventData>
	</Event>
	<Event xmlns="http://schemas.microsoft.com/win/2004/08/events/event">
		<System>
			<Provider Name="Microsoft-Windows-Sysmon" Guid="{5770385f-c22a-43e0-bf4c-06f5698ffbd9}" />
			<EventID>
				5
			</EventID>
			<Version>
				3
			</Version>
			<Level>
				4
			</Level>
			<Task>
				5
			</Task>
			<Opcode>
				0
			</Opcode>
			<Keywords>
				0x8000000000000000
			</Keywords>
			<TimeCreated SystemTime="2023-05-12T07:40:03.6880531Z" />
			<EventRecordID>
				1288
			</EventRecordID>
			<Correlation />
			<Execution ProcessID="2868" ThreadID="5544" />
			<Channel>
				Microsoft-Windows-Sysmon/Operational
			</Channel>
			<Computer>
				DESKTOP-0QN63TJ
			</Computer>
			<Security UserID="S-1-5-18" />
		</System>
		<EventData>
			<Data Name="RuleName">
				-
			</Data>
			<Data Name="UtcTime">
				2023-05-12 07:40:03.682
			</Data>
			<Data Name="ProcessGuid">
				{4158b3ab-ea2a-645d-a200-000000000900}
			</Data>
			<Data Name="ProcessId">
				60
			</Data>
			<Data Name="Image">
				C:\Windows\System32\svchost.exe
			</Data>
			<Data Name="User">
				NT AUTHORITY\SYSTEM
			</Data>
		</EventData>
	</Event>
	<Event xmlns="http://schemas.microsoft.com/win/2004/08/events/event">
		<System>
			<Provider Name="Microsoft-Windows-Sysmon" Guid="{5770385f-c22a-43e0-bf4c-06f5698ffbd9}" />
			<EventID>
				5
			</EventID>
			<Version>
				3
			</Version>
			<Level>
				4
			</Level>
			<Task>
				5
			</Task>
			<Opcode>
				0
			</Opcode>
			<Keywords>
				0x8000000000000000
			</Keywords>
			<TimeCreated SystemTime="2023-05-12T07:39:55.9505933Z" />
			<EventRecordID>
				1287
			</EventRecordID>
			<Correlation />
			<Execution ProcessID="2868" ThreadID="5544" />
			<Channel>
				Microsoft-Windows-Sysmon/Operational
			</Channel>
			<Computer>
				DESKTOP-0QN63TJ
			</Computer>
			<Security UserID="S-1-5-18" />
		</System>
		<EventData>
			<Data Name="RuleName">
				-
			</Data>
			<Data Name="UtcTime">
				2023-05-12 07:39:55.947
			</Data>
			<Data Name="ProcessGuid">
				{4158b3ab-ec1f-645d-c900-000000000900}
			</Data>
			<Data Name="ProcessId">
				1156
			</Data>
			<Data Name="Image">
				C:\Windows\System32\smartscreen.exe
			</Data>
			<Data Name="User">
				DESKTOP-0QN63TJ\me
			</Data>
		</EventData>
	</Event>
	<Event xmlns="http://schemas.microsoft.com/win/2004/08/events/event">
		<System>
			<Provider Name="Microsoft-Windows-Sysmon" Guid="{5770385f-c22a-43e0-bf4c-06f5698ffbd9}" />
			<EventID>
				5
			</EventID>
			<Version>
				3
			</Version>
			<Level>
				4
			</Level>
			<Task>
				5
			</Task>
			<Opcode>
				0
			</Opcode>
			<Keywords>
				0x8000000000000000
			</Keywords>
			<TimeCreated SystemTime="2023-05-12T07:39:34.1093412Z" />
			<EventRecordID>
				1286
			</EventRecordID>
			<Correlation />
			<Execution ProcessID="2868" ThreadID="5544" />
			<Channel>
				Microsoft-Windows-Sysmon/Operational
			</Channel>
			<Computer>
				DESKTOP-0QN63TJ
			</Computer>
			<Security UserID="S-1-5-18" />
		</System>
		<EventData>
			<Data Name="RuleName">
				-
			</Data>
			<Data Name="UtcTime">
				2023-05-12 07:39:34.104
			</Data>
			<Data Name="ProcessGuid">
				{4158b3ab-ed36-645d-9701-000000000900}
			</Data>
			<Data Name="ProcessId">
				3440
			</Data>
			<Data Name="Image">
				C:\Windows\System32\taskhostw.exe
			</Data>
			<Data Name="User">
				NT AUTHORITY\SYSTEM
			</Data>
		</EventData>
	</Event>
	<Event xmlns="http://schemas.microsoft.com/win/2004/08/events/event">
		<System>
			<Provider Name="Microsoft-Windows-Sysmon" Guid="{5770385f-c22a-43e0-bf4c-06f5698ffbd9}" />
			<EventID>
				1
			</EventID>
			<Version>
				5
			</Version>
			<Level>
				4
			</Level>
			<Task>
				1
			</Task>
			<Opcode>
				0
			</Opcode>
			<Keywords>
				0x8000000000000000
			</Keywords>
			<TimeCreated SystemTime="2023-05-12T07:39:34.0744112Z" />
			<EventRecordID>
				1285
			</EventRecordID>
			<Correlation />
			<Execution ProcessID="2868" ThreadID="5544" />
			<Channel>
				Microsoft-Windows-Sysmon/Operational
			</Channel>
			<Computer>
				DESKTOP-0QN63TJ
			</Computer>
			<Security UserID="S-1-5-18" />
		</System>
		<EventData>
			<Data Name="RuleName">
				-
			</Data>
			<Data Name="UtcTime">
				2023-05-12 07:39:34.073
			</Data>
			<Data Name="ProcessGuid">
				{4158b3ab-ed36-645d-9801-000000000900}
			</Data>
			<Data Name="ProcessId">
				6020
			</Data>
			<Data Name="Image">
				C:\Windows\WinSxS\amd64_microsoft-windows-servicingstack_31bf3856ad364e35_10.0.19041.2905_none_7dd39c4c7cb9dfa0\TiWorker.exe
			</Data>
			<Data Name="FileVersion">
				10.0.19041.2905 (WinBuild.160101.0800)
			</Data>
			<Data Name="Description">
				Windows Modules Installer Worker
			</Data>
			<Data Name="Product">
				Microsoft® Windows® Operating System
			</Data>
			<Data Name="Company">
				Microsoft Corporation
			</Data>
			<Data Name="OriginalFileName">
				TiWorker.exe
			</Data>
			<Data Name="CommandLine">
				C:\Windows\winsxs\amd64_microsoft-windows-servicingstack_31bf3856ad364e35_10.0.19041.2905_none_7dd39c4c7cb9dfa0\TiWorker.exe -Embedding
			</Data>
			<Data Name="CurrentDirectory">
				C:\Windows\system32\
			</Data>
			<Data Name="User">
				NT AUTHORITY\SYSTEM
			</Data>
			<Data Name="LogonGuid">
				{4158b3ab-e9ab-645d-e703-000000000000}
			</Data>
			<Data Name="LogonId">
				0x3e7
			</Data>
			<Data Name="TerminalSessionId">
				0
			</Data>
			<Data Name="IntegrityLevel">
				System
			</Data>
			<Data Name="Hashes">
				SHA256=CA6C5A7558DEFB4CBE1E64C706A78D83C39DB4F2789C08882F0BE9F2F765AED1
			</Data>
			<Data Name="ParentProcessGuid">
				{00000000-0000-0000-0000-000000000000}
			</Data>
			<Data Name="ParentProcessId">
				772
			</Data>
			<Data Name="ParentImage">
				-
			</Data>
			<Data Name="ParentCommandLine">
				-
			</Data>
			<Data Name="ParentUser">
				-
			</Data>
		</EventData>
	</Event>
	<Event xmlns="http://schemas.microsoft.com/win/2004/08/events/event">
		<System>
			<Provider Name="Microsoft-Windows-Sysmon" Guid="{5770385f-c22a-43e0-bf4c-06f5698ffbd9}" />
			<EventID>
				1
			</EventID>
			<Version>
				5
			</Version>
			<Level>
				4
			</Level>
			<Task>
				1
			</Task>
			<Opcode>
				0
			</Opcode>
			<Keywords>
				0x8000000000000000
			</Keywords>
			<TimeCreated SystemTime="2023-05-12T07:39:34.0613609Z" />
			<EventRecordID>
				1284
			</EventRecordID>
			<Correlation />
			<Execution ProcessID="2868" ThreadID="5544" />
			<Channel>
				Microsoft-Windows-Sysmon/Operational
			</Channel>
			<Computer>
				DESKTOP-0QN63TJ
			</Computer>
			<Security UserID="S-1-5-18" />
		</System>
		<EventData>
			<Data Name="RuleName">
				-
			</Data>
			<Data Name="UtcTime">
				2023-05-12 07:39:34.060
			</Data>
			<Data Name="ProcessGuid">
				{4158b3ab-ed36-645d-9701-000000000900}
			</Data>
			<Data Name="ProcessId">
				3440
			</Data>
			<Data Name="Image">
				C:\Windows\System32\taskhostw.exe
			</Data>
			<Data Name="FileVersion">
				10.0.19041.1865 (WinBuild.160101.0800)
			</Data>
			<Data Name="Description">
				Host Process for Windows Tasks
			</Data>
			<Data Name="Product">
				Microsoft® Windows® Operating System
			</Data>
			<Data Name="Company">
				Microsoft Corporation
			</Data>
			<Data Name="OriginalFileName">
				taskhostw.exe
			</Data>
			<Data Name="CommandLine">
				taskhostw.exe -RegisterDevice -AccountChange
			</Data>
			<Data Name="CurrentDirectory">
				C:\Windows\system32\
			</Data>
			<Data Name="User">
				NT AUTHORITY\SYSTEM
			</Data>
			<Data Name="LogonGuid">
				{4158b3ab-e9ab-645d-e703-000000000000}
			</Data>
			<Data Name="LogonId">
				0x3e7
			</Data>
			<Data Name="TerminalSessionId">
				0
			</Data>
			<Data Name="IntegrityLevel">
				System
			</Data>
			<Data Name="Hashes">
				SHA256=E63709209D09BC0247E785F075DDB28A98C348206109E2B8BA321AD958402728
			</Data>
			<Data Name="ParentProcessGuid">
				{00000000-0000-0000-0000-000000000000}
			</Data>
			<Data Name="ParentProcessId">
				1204
			</Data>
			<Data Name="ParentImage">
				-
			</Data>
			<Data Name="ParentCommandLine">
				-
			</Data>
			<Data Name="ParentUser">
				-
			</Data>
		</EventData>
	</Event>
	<Event xmlns="http://schemas.microsoft.com/win/2004/08/events/event">
		<System>
			<Provider Name="Microsoft-Windows-Sysmon" Guid="{5770385f-c22a-43e0-bf4c-06f5698ffbd9}" />
			<EventID>
				1
			</EventID>
			<Version>
				5
			</Version>
			<Level>
				4
			</Level>
			<Task>
				1
			</Task>
			<Opcode>
				0
			</Opcode>
			<Keywords>
				0x8000000000000000
			</Keywords>
			<TimeCreated SystemTime="2023-05-12T07:39:34.0504729Z" />
			<EventRecordID>
				1283
			</EventRecordID>
			<Correlation />
			<Execution ProcessID="2868" ThreadID="5544" />
			<Channel>
				Microsoft-Windows-Sysmon/Operational
			</Channel>
			<Computer>
				DESKTOP-0QN63TJ
			</Computer>
			<Security UserID="S-1-5-18" />
		</System>
		<EventData>
			<Data Name="RuleName">
				-
			</Data>
			<Data Name="UtcTime">
				2023-05-12 07:39:34.048
			</Data>
			<Data Name="ProcessGuid">
				{4158b3ab-ed36-645d-9601-000000000900}
			</Data>
			<Data Name="ProcessId">
				4900
			</Data>
			<Data Name="Image">
				C:\Windows\servicing\TrustedInstaller.exe
			</Data>
			<Data Name="FileVersion">
				10.0.19041.1741 (WinBuild.160101.0800)
			</Data>
			<Data Name="Description">
				Windows Modules Installer
			</Data>
			<Data Name="Product">
				Microsoft® Windows® Operating System
			</Data>
			<Data Name="Company">
				Microsoft Corporation
			</Data>
			<Data Name="OriginalFileName">
				TrustedInstaller.exe
			</Data>
			<Data Name="CommandLine">
				C:\Windows\servicing\TrustedInstaller.exe
			</Data>
			<Data Name="CurrentDirectory">
				C:\Windows\system32\
			</Data>
			<Data Name="User">
				NT AUTHORITY\SYSTEM
			</Data>
			<Data Name="LogonGuid">
				{4158b3ab-e9ab-645d-e703-000000000000}
			</Data>
			<Data Name="LogonId">
				0x3e7
			</Data>
			<Data Name="TerminalSessionId">
				0
			</Data>
			<Data Name="IntegrityLevel">
				System
			</Data>
			<Data Name="Hashes">
				SHA256=7F0E3E2682A24A6B27484226CC0C7B30F837EA08B01F82C7B7AC094BF0A88CE5
			</Data>
			<Data Name="ParentProcessGuid">
				{00000000-0000-0000-0000-000000000000}
			</Data>
			<Data Name="ParentProcessId">
				644
			</Data>
			<Data Name="ParentImage">
				-
			</Data>
			<Data Name="ParentCommandLine">
				-
			</Data>
			<Data Name="ParentUser">
				-
			</Data>
		</EventData>
	</Event>
	