<Event xmlns="http://schemas.microsoft.com/win/2004/08/events/event">
		<System>
			<Provider Name="Microsoft-Windows-Sysmon" Guid="{5770385f-c22a-43e0-bf4c-06f5698ffbd9}" />
			<EventID>
				5
			</EventID>
			<Version>
				3
			</Version>
			<Level>
				4
			</Level>
			<Task>
				5
			</Task>
			<Opcode>
				0
			</Opcode>
			<Keywords>
				0x8000000000000000
			</Keywords>
			<TimeCreated SystemTime="2023-05-12T07:35:11.2354164Z" />
			<EventRecordID>
				1021
			</EventRecordID>
			<Correlation />
			<Execution ProcessID="2868" ThreadID="5544" />
			<Channel>
				Microsoft-Windows-Sysmon/Operational
			</Channel>
			<Computer>
				DESKTOP-0QN63TJ
			</Computer>
			<Security UserID="S-1-5-18" />
		</System>
		<EventData>
			<Data Name="RuleName">
				-
			</Data>
			<Data Name="UtcTime">
				2023-05-12 07:35:11.229
			</Data>
			<Data Name="ProcessGuid">
				{4158b3ab-ec2f-645d-1b01-000000000900}
			</Data>
			<Data Name="ProcessId">
				3864
			</Data>
			<Data Name="Image">
				C:\Windows\Microsoft.NET\Framework64\v4.0.30319\mscorsvw.exe
			</Data>
			<Data Name="User">
				NT AUTHORITY\SYSTEM
			</Data>
		</EventData>
	</Event>
	<Event xmlns="http://schemas.microsoft.com/win/2004/08/events/event">
		<System>
			<Provider Name="Microsoft-Windows-Sysmon" Guid="{5770385f-c22a-43e0-bf4c-06f5698ffbd9}" />
			<EventID>
				1
			</EventID>
			<Version>
				5
			</Version>
			<Level>
				4
			</Level>
			<Task>
				1
			</Task>
			<Opcode>
				0
			</Opcode>
			<Keywords>
				0x8000000000000000
			</Keywords>
			<TimeCreated SystemTime="2023-05-12T07:35:11.2334405Z" />
			<EventRecordID>
				1020
			</EventRecordID>
			<Correlation />
			<Execution ProcessID="2868" ThreadID="5544" />
			<Channel>
				Microsoft-Windows-Sysmon/Operational
			</Channel>
			<Computer>
				DESKTOP-0QN63TJ
			</Computer>
			<Security UserID="S-1-5-18" />
		</System>
		<EventData>
			<Data Name="RuleName">
				-
			</Data>
			<Data Name="UtcTime">
				2023-05-12 07:35:11.225
			</Data>
			<Data Name="ProcessGuid">
				{4158b3ab-ec2f-645d-1c01-000000000900}
			</Data>
			<Data Name="ProcessId">
				812
			</Data>
			<Data Name="Image">
				C:\Windows\Microsoft.NET\Framework64\v4.0.30319\mscorsvw.exe
			</Data>
			<Data Name="FileVersion">
				4.8.4320.0 built by: NET48REL1LAST_C
			</Data>
			<Data Name="Description">
				.NET Runtime Optimization Service
			</Data>
			<Data Name="Product">
				Microsoft® .NET Framework
			</Data>
			<Data Name="Company">
				Microsoft Corporation
			</Data>
			<Data Name="OriginalFileName">
				mscorsvw.exe
			</Data>
			<Data Name="CommandLine">
				C:\Windows\Microsoft.NET\Framework64\v4.0.30319\mscorsvw.exe -StartupEvent 30c -InterruptEvent 0 -NGENProcess 348 -Pipe 304 -Comment "NGen Worker Process"
			</Data>
			<Data Name="CurrentDirectory">
				C:\Windows\system32\
			</Data>
			<Data Name="User">
				NT AUTHORITY\SYSTEM
			</Data>
			<Data Name="LogonGuid">
				{4158b3ab-e9ab-645d-e703-000000000000}
			</Data>
			<Data Name="LogonId">
				0x3e7
			</Data>
			<Data Name="TerminalSessionId">
				0
			</Data>
			<Data Name="IntegrityLevel">
				System
			</Data>
			<Data Name="Hashes">
				SHA256=DA1087BA2641EFD77D85E5838AEB6C333E80CAA9F24C889FD2DE2E0B58F8D1A5
			</Data>
			<Data Name="ParentProcessGuid">
				{4158b3ab-ec23-645d-ef00-000000000900}
			</Data>
			<Data Name="ParentProcessId">
				2500
			</Data>
			<Data Name="ParentImage">
				C:\Windows\Microsoft.NET\Framework64\v4.0.30319\ngen.exe
			</Data>
			<Data Name="ParentCommandLine">
				"C:\Windows\Microsoft.NET\Framework64\v4.0.30319\ngen.exe" ExecuteQueuedItems /LegacyServiceBehavior
			</Data>
			<Data Name="ParentUser">
				NT AUTHORITY\SYSTEM
			</Data>
		</EventData>
	</Event>
	<Event xmlns="http://schemas.microsoft.com/win/2004/08/events/event">
		<System>
			<Provider Name="Microsoft-Windows-Sysmon" Guid="{5770385f-c22a-43e0-bf4c-06f5698ffbd9}" />
			<EventID>
				5
			</EventID>
			<Version>
				3
			</Version>
			<Level>
				4
			</Level>
			<Task>
				5
			</Task>
			<Opcode>
				0
			</Opcode>
			<Keywords>
				0x8000000000000000
			</Keywords>
			<TimeCreated SystemTime="2023-05-12T07:35:11.1395410Z" />
			<EventRecordID>
				1019
			</EventRecordID>
			<Correlation />
			<Execution ProcessID="2868" ThreadID="5544" />
			<Channel>
				Microsoft-Windows-Sysmon/Operational
			</Channel>
			<Computer>
				DESKTOP-0QN63TJ
			</Computer>
			<Security UserID="S-1-5-18" />
		</System>
		<EventData>
			<Data Name="RuleName">
				-
			</Data>
			<Data Name="UtcTime">
				2023-05-12 07:35:11.135
			</Data>
			<Data Name="ProcessGuid">
				{4158b3ab-ec2e-645d-1a01-000000000900}
			</Data>
			<Data Name="ProcessId">
				6404
			</Data>
			<Data Name="Image">
				C:\Windows\Microsoft.NET\Framework64\v4.0.30319\mscorsvw.exe
			</Data>
			<Data Name="User">
				NT AUTHORITY\SYSTEM
			</Data>
		</EventData>
	</Event>
	<Event xmlns="http://schemas.microsoft.com/win/2004/08/events/event">
		<System>
			<Provider Name="Microsoft-Windows-Sysmon" Guid="{5770385f-c22a-43e0-bf4c-06f5698ffbd9}" />
			<EventID>
				1
			</EventID>
			<Version>
				5
			</Version>
			<Level>
				4
			</Level>
			<Task>
				1
			</Task>
			<Opcode>
				0
			</Opcode>
			<Keywords>
				0x8000000000000000
			</Keywords>
			<TimeCreated SystemTime="2023-05-12T07:35:11.1375441Z" />
			<EventRecordID>
				1018
			</EventRecordID>
			<Correlation />
			<Execution ProcessID="2868" ThreadID="5544" />
			<Channel>
				Microsoft-Windows-Sysmon/Operational
			</Channel>
			<Computer>
				DESKTOP-0QN63TJ
			</Computer>
			<Security UserID="S-1-5-18" />
		</System>
		<EventData>
			<Data Name="RuleName">
				-
			</Data>
			<Data Name="UtcTime">
				2023-05-12 07:35:11.129
			</Data>
			<Data Name="ProcessGuid">
				{4158b3ab-ec2f-645d-1b01-000000000900}
			</Data>
			<Data Name="ProcessId">
				3864
			</Data>
			<Data Name="Image">
				C:\Windows\Microsoft.NET\Framework64\v4.0.30319\mscorsvw.exe
			</Data>
			<Data Name="FileVersion">
				4.8.4320.0 built by: NET48REL1LAST_C
			</Data>
			<Data Name="Description">
				.NET Runtime Optimization Service
			</Data>
			<Data Name="Product">
				Microsoft® .NET Framework
			</Data>
			<Data Name="Company">
				Microsoft Corporation
			</Data>
			<Data Name="OriginalFileName">
				mscorsvw.exe
			</Data>
			<Data Name="CommandLine">
				C:\Windows\Microsoft.NET\Framework64\v4.0.30319\mscorsvw.exe -StartupEvent 324 -InterruptEvent 0 -NGENProcess 320 -Pipe 344 -Comment "NGen Worker Process"
			</Data>
			<Data Name="CurrentDirectory">
				C:\Windows\system32\
			</Data>
			<Data Name="User">
				NT AUTHORITY\SYSTEM
			</Data>
			<Data Name="LogonGuid">
				{4158b3ab-e9ab-645d-e703-000000000000}
			</Data>
			<Data Name="LogonId">
				0x3e7
			</Data>
			<Data Name="TerminalSessionId">
				0
			</Data>
			<Data Name="IntegrityLevel">
				System
			</Data>
			<Data Name="Hashes">
				SHA256=DA1087BA2641EFD77D85E5838AEB6C333E80CAA9F24C889FD2DE2E0B58F8D1A5
			</Data>
			<Data Name="ParentProcessGuid">
				{4158b3ab-ec23-645d-ef00-000000000900}
			</Data>
			<Data Name="ParentProcessId">
				2500
			</Data>
			<Data Name="ParentImage">
				C:\Windows\Microsoft.NET\Framework64\v4.0.30319\ngen.exe
			</Data>
			<Data Name="ParentCommandLine">
				"C:\Windows\Microsoft.NET\Framework64\v4.0.30319\ngen.exe" ExecuteQueuedItems /LegacyServiceBehavior
			</Data>
			<Data Name="ParentUser">
				NT AUTHORITY\SYSTEM
			</Data>
		</EventData>
	</Event>
	<Event xmlns="http://schemas.microsoft.com/win/2004/08/events/event">
		<System>
			<Provider Name="Microsoft-Windows-Sysmon" Guid="{5770385f-c22a-43e0-bf4c-06f5698ffbd9}" />
			<EventID>
				5
			</EventID>
			<Version>
				3
			</Version>
			<Level>
				4
			</Level>
			<Task>
				5
			</Task>
			<Opcode>
				0
			</Opcode>
			<Keywords>
				0x8000000000000000
			</Keywords>
			<TimeCreated SystemTime="2023-05-12T07:35:10.8520975Z" />
			<EventRecordID>
				1017
			</EventRecordID>
			<Correlation />
			<Execution ProcessID="2868" ThreadID="5544" />
			<Channel>
				Microsoft-Windows-Sysmon/Operational
			</Channel>
			<Computer>
				DESKTOP-0QN63TJ
			</Computer>
			<Security UserID="S-1-5-18" />
		</System>
		<EventData>
			<Data Name="RuleName">
				-
			</Data>
			<Data Name="UtcTime">
				2023-05-12 07:35:10.838
			</Data>
			<Data Name="ProcessGuid">
				{4158b3ab-ec2e-645d-1901-000000000900}
			</Data>
			<Data Name="ProcessId">
				4504
			</Data>
			<Data Name="Image">
				C:\Windows\Microsoft.NET\Framework64\v4.0.30319\mscorsvw.exe
			</Data>
			<Data Name="User">
				NT AUTHORITY\SYSTEM
			</Data>
		</EventData>
	</Event>
	<Event xmlns="http://schemas.microsoft.com/win/2004/08/events/event">
		<System>
			<Provider Name="Microsoft-Windows-Sysmon" Guid="{5770385f-c22a-43e0-bf4c-06f5698ffbd9}" />
			<EventID>
				1
			</EventID>
			<Version>
				5
			</Version>
			<Level>
				4
			</Level>
			<Task>
				1
			</Task>
			<Opcode>
				0
			</Opcode>
			<Keywords>
				0x8000000000000000
			</Keywords>
			<TimeCreated SystemTime="2023-05-12T07:35:10.8497934Z" />
			<EventRecordID>
				1016
			</EventRecordID>
			<Correlation />
			<Execution ProcessID="2868" ThreadID="5544" />
			<Channel>
				Microsoft-Windows-Sysmon/Operational
			</Channel>
			<Computer>
				DESKTOP-0QN63TJ
			</Computer>
			<Security UserID="S-1-5-18" />
		</System>
		<EventData>
			<Data Name="RuleName">
				-
			</Data>
			<Data Name="UtcTime">
				2023-05-12 07:35:10.839
			</Data>
			<Data Name="ProcessGuid">
				{4158b3ab-ec2e-645d-1a01-000000000900}
			</Data>
			<Data Name="ProcessId">
				6404
			</Data>
			<Data Name="Image">
				C:\Windows\Microsoft.NET\Framework64\v4.0.30319\mscorsvw.exe
			</Data>
			<Data Name="FileVersion">
				4.8.4320.0 built by: NET48REL1LAST_C
			</Data>
			<Data Name="Description">
				.NET Runtime Optimization Service
			</Data>
			<Data Name="Product">
				Microsoft® .NET Framework
			</Data>
			<Data Name="Company">
				Microsoft Corporation
			</Data>
			<Data Name="OriginalFileName">
				mscorsvw.exe
			</Data>
			<Data Name="CommandLine">
				C:\Windows\Microsoft.NET\Framework64\v4.0.30319\mscorsvw.exe -StartupEvent 350 -InterruptEvent 0 -NGENProcess 34c -Pipe 370 -Comment "NGen Worker Process"
			</Data>
			<Data Name="CurrentDirectory">
				C:\Windows\system32\
			</Data>
			<Data Name="User">
				NT AUTHORITY\SYSTEM
			</Data>
			<Data Name="LogonGuid">
				{4158b3ab-e9ab-645d-e703-000000000000}
			</Data>
			<Data Name="LogonId">
				0x3e7
			</Data>
			<Data Name="TerminalSessionId">
				0
			</Data>
			<Data Name="IntegrityLevel">
				System
			</Data>
			<Data Name="Hashes">
				SHA256=DA1087BA2641EFD77D85E5838AEB6C333E80CAA9F24C889FD2DE2E0B58F8D1A5
			</Data>
			<Data Name="ParentProcessGuid">
				{4158b3ab-ec23-645d-ef00-000000000900}
			</Data>
			<Data Name="ParentProcessId">
				2500
			</Data>
			<Data Name="ParentImage">
				C:\Windows\Microsoft.NET\Framework64\v4.0.30319\ngen.exe
			</Data>
			<Data Name="ParentCommandLine">
				"C:\Windows\Microsoft.NET\Framework64\v4.0.30319\ngen.exe" ExecuteQueuedItems /LegacyServiceBehavior
			</Data>
			<Data Name="ParentUser">
				NT AUTHORITY\SYSTEM
			</Data>
		</EventData>
	</Event>
	<Event xmlns="http://schemas.microsoft.com/win/2004/08/events/event">
		<System>
			<Provider Name="Microsoft-Windows-Sysmon" Guid="{5770385f-c22a-43e0-bf4c-06f5698ffbd9}" />
			<EventID>
				5
			</EventID>
			<Version>
				3
			</Version>
			<Level>
				4
			</Level>
			<Task>
				5
			</Task>
			<Opcode>
				0
			</Opcode>
			<Keywords>
				0x8000000000000000
			</Keywords>
			<TimeCreated SystemTime="2023-05-12T07:35:10.7385793Z" />
			<EventRecordID>
				1015
			</EventRecordID>
			<Correlation />
			<Execution ProcessID="2868" ThreadID="5544" />
			<Channel>
				Microsoft-Windows-Sysmon/Operational
			</Channel>
			<Computer>
				DESKTOP-0QN63TJ
			</Computer>
			<Security UserID="S-1-5-18" />
		</System>
		<EventData>
			<Data Name="RuleName">
				-
			</Data>
			<Data Name="UtcTime">
				2023-05-12 07:35:10.728
			</Data>
			<Data Name="ProcessGuid">
				{4158b3ab-ec2d-645d-1501-000000000900}
			</Data>
			<Data Name="ProcessId">
				3712
			</Data>
			<Data Name="Image">
				C:\Windows\Microsoft.NET\Framework64\v4.0.30319\mscorsvw.exe
			</Data>
			<Data Name="User">
				NT AUTHORITY\SYSTEM
			</Data>
		</EventData>
	</Event>
	<Event xmlns="http://schemas.microsoft.com/win/2004/08/events/event">
		<System>
			<Provider Name="Microsoft-Windows-Sysmon" Guid="{5770385f-c22a-43e0-bf4c-06f5698ffbd9}" />
			<EventID>
				1
			</EventID>
			<Version>
				5
			</Version>
			<Level>
				4
			</Level>
			<Task>
				1
			</Task>
			<Opcode>
				0
			</Opcode>
			<Keywords>
				0x8000000000000000
			</Keywords>
			<TimeCreated SystemTime="2023-05-12T07:35:10.7340150Z" />
			<EventRecordID>
				1014
			</EventRecordID>
			<Correlation />
			<Execution ProcessID="2868" ThreadID="5544" />
			<Channel>
				Microsoft-Windows-Sysmon/Operational
			</Channel>
			<Computer>
				DESKTOP-0QN63TJ
			</Computer>
			<Security UserID="S-1-5-18" />
		</System>
		<EventData>
			<Data Name="RuleName">
				-
			</Data>
			<Data Name="UtcTime">
				2023-05-12 07:35:10.732
			</Data>
			<Data Name="ProcessGuid">
				{4158b3ab-ec2e-645d-1901-000000000900}
			</Data>
			<Data Name="ProcessId">
				4504
			</Data>
			<Data Name="Image">
				C:\Windows\Microsoft.NET\Framework64\v4.0.30319\mscorsvw.exe
			</Data>
			<Data Name="FileVersion">
				4.8.4320.0 built by: NET48REL1LAST_C
			</Data>
			<Data Name="Description">
				.NET Runtime Optimization Service
			</Data>
			<Data Name="Product">
				Microsoft® .NET Framework
			</Data>
			<Data Name="Company">
				Microsoft Corporation
			</Data>
			<Data Name="OriginalFileName">
				mscorsvw.exe
			</Data>
			<Data Name="CommandLine">
				C:\Windows\Microsoft.NET\Framework64\v4.0.30319\mscorsvw.exe -StartupEvent 3a0 -InterruptEvent 0 -NGENProcess 338 -Pipe 360 -Comment "NGen Worker Process"
			</Data>
			<Data Name="CurrentDirectory">
				C:\Windows\system32\
			</Data>
			<Data Name="User">
				NT AUTHORITY\SYSTEM
			</Data>
			<Data Name="LogonGuid">
				{4158b3ab-e9ab-645d-e703-000000000000}
			</Data>
			<Data Name="LogonId">
				0x3e7
			</Data>
			<Data Name="TerminalSessionId">
				0
			</Data>
			<Data Name="IntegrityLevel">
				System
			</Data>
			<Data Name="Hashes">
				SHA256=DA1087BA2641EFD77D85E5838AEB6C333E80CAA9F24C889FD2DE2E0B58F8D1A5
			</Data>
			<Data Name="ParentProcessGuid">
				{4158b3ab-ec23-645d-ef00-000000000900}
			</Data>
			<Data Name="ParentProcessId">
				2500
			</Data>
			<Data Name="ParentImage">
				C:\Windows\Microsoft.NET\Framework64\v4.0.30319\ngen.exe
			</Data>
			<Data Name="ParentCommandLine">
				"C:\Windows\Microsoft.NET\Framework64\v4.0.30319\ngen.exe" ExecuteQueuedItems /LegacyServiceBehavior
			</Data>
			<Data Name="ParentUser">
				NT AUTHORITY\SYSTEM
			</Data>
		</EventData>
	</Event>
	<Event xmlns="http://schemas.microsoft.com/win/2004/08/events/event">
		<System>
			<Provider Name="Microsoft-Windows-Sysmon" Guid="{5770385f-c22a-43e0-bf4c-06f5698ffbd9}" />
			<EventID>
				1
			</EventID>
			<Version>
				5
			</Version>
			<Level>
				4
			</Level>
			<Task>
				1
			</Task>
			<Opcode>
				0
			</Opcode>
			<Keywords>
				0x8000000000000000
			</Keywords>
			<TimeCreated SystemTime="2023-05-12T07:35:10.3620469Z" />
			<EventRecordID>
				1013
			</EventRecordID>
			<Correlation />
			<Execution ProcessID="2868" ThreadID="5544" />
			<Channel>
				Microsoft-Windows-Sysmon/Operational
			</Channel>
			<Computer>
				DESKTOP-0QN63TJ
			</Computer>
			<Security UserID="S-1-5-18" />
		</System>
		<EventData>
			<Data Name="RuleName">
				-
			</Data>
			<Data Name="UtcTime">
				2023-05-12 07:35:10.361
			</Data>
			<Data Name="ProcessGuid">
				{4158b3ab-ec2e-645d-1801-000000000900}
			</Data>
			<Data Name="ProcessId">
				5320
			</Data>
			<Data Name="Image">
				C:\Windows\System32\lpksetup.exe
			</Data>
			<Data Name="FileVersion">
				10.0.19041.1865 (WinBuild.160101.0800)
			</Data>
			<Data Name="Description">
				Language Pack Installer
			</Data>
			<Data Name="Product">
				Microsoft® Windows® Operating System
			</Data>
			<Data Name="Company">
				Microsoft Corporation
			</Data>
			<Data Name="OriginalFileName">
				lpksetup.exe
			</Data>
			<Data Name="CommandLine">
				"C:\Windows\system32\lpksetup.exe" -Embedding
			</Data>
			<Data Name="CurrentDirectory">
				C:\Windows\system32\
			</Data>
			<Data Name="User">
				DESKTOP-0QN63TJ\me
			</Data>
			<Data Name="LogonGuid">
				{4158b3ab-e9b0-645d-a70e-020000000000}
			</Data>
			<Data Name="LogonId">
				0x20ea7
			</Data>
			<Data Name="TerminalSessionId">
				1
			</Data>
			<Data Name="IntegrityLevel">
				High
			</Data>
			<Data Name="Hashes">
				SHA256=390270863097620628BD9135DAABA4082ACB02A1DFE2A0B1022B7B1311A4371A
			</Data>
			<Data Name="ParentProcessGuid">
				{00000000-0000-0000-0000-000000000000}
			</Data>
			<Data Name="ParentProcessId">
				772
			</Data>
			<Data Name="ParentImage">
				-
			</Data>
			<Data Name="ParentCommandLine">
				-
			</Data>
			<Data Name="ParentUser">
				-
			</Data>
		</EventData>
	</Event>
	<Event xmlns="http://schemas.microsoft.com/win/2004/08/events/event">
		<System>
			<Provider Name="Microsoft-Windows-Sysmon" Guid="{5770385f-c22a-43e0-bf4c-06f5698ffbd9}" />
			<EventID>
				1
			</EventID>
			<Version>
				5
			</Version>
			<Level>
				4
			</Level>
			<Task>
				1
			</Task>
			<Opcode>
				0
			</Opcode>
			<Keywords>
				0x8000000000000000
			</Keywords>
			<TimeCreated SystemTime="2023-05-12T07:35:10.3263095Z" />
			<EventRecordID>
				1012
			</EventRecordID>
			<Correlation />
			<Execution ProcessID="2868" ThreadID="5544" />
			<Channel>
				Microsoft-Windows-Sysmon/Operational
			</Channel>
			<Computer>
				DESKTOP-0QN63TJ
			</Computer>
			<Security UserID="S-1-5-18" />
		</System>
		<EventData>
			<Data Name="RuleName">
				-
			</Data>
			<Data Name="UtcTime">
				2023-05-12 07:35:10.325
			</Data>
			<Data Name="ProcessGuid">
				{4158b3ab-ec2e-645d-1701-000000000900}
			</Data>
			<Data Name="ProcessId">
				4428
			</Data>
			<Data Name="Image">
				C:\Windows\System32\svchost.exe
			</Data>
			<Data Name="FileVersion">
				10.0.19041.1806 (WinBuild.160101.0800)
			</Data>
			<Data Name="Description">
				Host Process for Windows Services
			</Data>
			<Data Name="Product">
				Microsoft® Windows® Operating System
			</Data>
			<Data Name="Company">
				Microsoft Corporation
			</Data>
			<Data Name="OriginalFileName">
				svchost.exe
			</Data>
			<Data Name="CommandLine">
				C:\Windows\system32\svchost.exe -k netsvcs -p -s Appinfo
			</Data>
			<Data Name="CurrentDirectory">
				C:\Windows\system32\
			</Data>
			<Data Name="User">
				NT AUTHORITY\SYSTEM
			</Data>
			<Data Name="LogonGuid">
				{4158b3ab-e9ab-645d-e703-000000000000}
			</Data>
			<Data Name="LogonId">
				0x3e7
			</Data>
			<Data Name="TerminalSessionId">
				0
			</Data>
			<Data Name="IntegrityLevel">
				System
			</Data>
			<Data Name="Hashes">
				SHA256=ADD683A6910ABBBF0E28B557FAD0BA998166394932AE2ACA069D9AA19EA8FE88
			</Data>
			<Data Name="ParentProcessGuid">
				{00000000-0000-0000-0000-000000000000}
			</Data>
			<Data Name="ParentProcessId">
				644
			</Data>
			<Data Name="ParentImage">
				-
			</Data>
			<Data Name="ParentCommandLine">
				-
			</Data>
			<Data Name="ParentUser">
				-
			</Data>
		</EventData>
	</Event>
	<Event xmlns="http://schemas.microsoft.com/win/2004/08/events/event">
		<System>
			<Provider Name="Microsoft-Windows-Sysmon" Guid="{5770385f-c22a-43e0-bf4c-06f5698ffbd9}" />
			<EventID>
				1
			</EventID>
			<Version>
				5
			</Version>
			<Level>
				4
			</Level>
			<Task>
				1
			</Task>
			<Opcode>
				0
			</Opcode>
			<Keywords>
				0x8000000000000000
			</Keywords>
			<TimeCreated SystemTime="2023-05-12T07:35:10.2233224Z" />
			<EventRecordID>
				1011
			</EventRecordID>
			<Correlation />
			<Execution ProcessID="2868" ThreadID="5544" />
			<Channel>
				Microsoft-Windows-Sysmon/Operational
			</Channel>
			<Computer>
				DESKTOP-0QN63TJ
			</Computer>
			<Security UserID="S-1-5-18" />
		</System>
		<EventData>
			<Data Name="RuleName">
				-
			</Data>
			<Data Name="UtcTime">
				2023-05-12 07:35:10.216
			</Data>
			<Data Name="ProcessGuid">
				{4158b3ab-ec2e-645d-1601-000000000900}
			</Data>
			<Data Name="ProcessId">
				6416
			</Data>
			<Data Name="Image">
				C:\Windows\System32\lpksetup.exe
			</Data>
			<Data Name="FileVersion">
				10.0.19041.1865 (WinBuild.160101.0800)
			</Data>
			<Data Name="Description">
				Language Pack Installer
			</Data>
			<Data Name="Product">
				Microsoft® Windows® Operating System
			</Data>
			<Data Name="Company">
				Microsoft Corporation
			</Data>
			<Data Name="OriginalFileName">
				lpksetup.exe
			</Data>
			<Data Name="CommandLine">
				/s /r /u ru-RU
			</Data>
			<Data Name="CurrentDirectory">
				C:\Windows\system32\
			</Data>
			<Data Name="User">
				DESKTOP-0QN63TJ\me
			</Data>
			<Data Name="LogonGuid">
				{4158b3ab-e9b0-645d-a70e-020000000000}
			</Data>
			<Data Name="LogonId">
				0x20ea7
			</Data>
			<Data Name="TerminalSessionId">
				1
			</Data>
			<Data Name="IntegrityLevel">
				High
			</Data>
			<Data Name="Hashes">
				SHA256=390270863097620628BD9135DAABA4082ACB02A1DFE2A0B1022B7B1311A4371A
			</Data>
			<Data Name="ParentProcessGuid">
				{4158b3ab-ec21-645d-da00-000000000900}
			</Data>
			<Data Name="ParentProcessId">
				2652
			</Data>
			<Data Name="ParentImage">
				C:\Windows\System32\cleanmgr.exe
			</Data>
			<Data Name="ParentCommandLine">
				"C:\Windows\system32\cleanmgr.exe" /autoclean /d C:
			</Data>
			<Data Name="ParentUser">
				DESKTOP-0QN63TJ\me
			</Data>
		</EventData>
	</Event>
	<Event xmlns="http://schemas.microsoft.com/win/2004/08/events/event">
		<System>
			<Provider Name="Microsoft-Windows-Sysmon" Guid="{5770385f-c22a-43e0-bf4c-06f5698ffbd9}" />
			<EventID>
				5
			</EventID>
			<Version>
				3
			</Version>
			<Level>
				4
			</Level>
			<Task>
				5
			</Task>
			<Opcode>
				0
			</Opcode>
			<Keywords>
				0x8000000000000000
			</Keywords>
			<TimeCreated SystemTime="2023-05-12T07:35:09.2207019Z" />
			<EventRecordID>
				1010
			</EventRecordID>
			<Correlation />
			<Execution ProcessID="2868" ThreadID="5544" />
			<Channel>
				Microsoft-Windows-Sysmon/Operational
			</Channel>
			<Computer>
				DESKTOP-0QN63TJ
			</Computer>
			<Security UserID="S-1-5-18" />
		</System>
		<EventData>
			<Data Name="RuleName">
				-
			</Data>
			<Data Name="UtcTime">
				2023-05-12 07:35:09.213
			</Data>
			<Data Name="ProcessGuid">
				{4158b3ab-ec2c-645d-1401-000000000900}
			</Data>
			<Data Name="ProcessId">
				5832
			</Data>
			<Data Name="Image">
				C:\Windows\Microsoft.NET\Framework64\v4.0.30319\mscorsvw.exe
			</Data>
			<Data Name="User">
				NT AUTHORITY\SYSTEM
			</Data>
		</EventData>
	</Event>
	<Event xmlns="http://schemas.microsoft.com/win/2004/08/events/event">
		<System>
			<Provider Name="Microsoft-Windows-Sysmon" Guid="{5770385f-c22a-43e0-bf4c-06f5698ffbd9}" />
			<EventID>
				1
			</EventID>
			<Version>
				5
			</Version>
			<Level>
				4
			</Level>
			<Task>
				1
			</Task>
			<Opcode>
				0
			</Opcode>
			<Keywords>
				0x8000000000000000
			</Keywords>
			<TimeCreated SystemTime="2023-05-12T07:35:09.2189866Z" />
			<EventRecordID>
				1009
			</EventRecordID>
			<Correlation />
			<Execution ProcessID="2868" ThreadID="5544" />
			<Channel>
				Microsoft-Windows-Sysmon/Operational
			</Channel>
			<Computer>
				DESKTOP-0QN63TJ
			</Computer>
			<Security UserID="S-1-5-18" />
		</System>
		<EventData>
			<Data Name="RuleName">
				-
			</Data>
			<Data Name="UtcTime">
				2023-05-12 07:35:09.217
			</Data>
			<Data Name="ProcessGuid">
				{4158b3ab-ec2d-645d-1501-000000000900}
			</Data>
			<Data Name="ProcessId">
				3712
			</Data>
			<Data Name="Image">
				C:\Windows\Microsoft.NET\Framework64\v4.0.30319\mscorsvw.exe
			</Data>
			<Data Name="FileVersion">
				4.8.4320.0 built by: NET48REL1LAST_C
			</Data>
			<Data Name="Description">
				.NET Runtime Optimization Service
			</Data>
			<Data Name="Product">
				Microsoft® .NET Framework
			</Data>
			<Data Name="Company">
				Microsoft Corporation
			</Data>
			<Data Name="OriginalFileName">
				mscorsvw.exe
			</Data>
			<Data Name="CommandLine">
				C:\Windows\Microsoft.NET\Framework64\v4.0.30319\mscorsvw.exe -StartupEvent 3a4 -InterruptEvent 0 -NGENProcess 36c -Pipe 374 -Comment "NGen Worker Process"
			</Data>
			<Data Name="CurrentDirectory">
				C:\Windows\system32\
			</Data>
			<Data Name="User">
				NT AUTHORITY\SYSTEM
			</Data>
			<Data Name="LogonGuid">
				{4158b3ab-e9ab-645d-e703-000000000000}
			</Data>
			<Data Name="LogonId">
				0x3e7
			</Data>
			<Data Name="TerminalSessionId">
				0
			</Data>
			<Data Name="IntegrityLevel">
				System
			</Data>
			<Data Name="Hashes">
				SHA256=DA1087BA2641EFD77D85E5838AEB6C333E80CAA9F24C889FD2DE2E0B58F8D1A5
			</Data>
			<Data Name="ParentProcessGuid">
				{4158b3ab-ec23-645d-ef00-000000000900}
			</Data>
			<Data Name="ParentProcessId">
				2500
			</Data>
			<Data Name="ParentImage">
				C:\Windows\Microsoft.NET\Framework64\v4.0.30319\ngen.exe
			</Data>
			<Data Name="ParentCommandLine">
				"C:\Windows\Microsoft.NET\Framework64\v4.0.30319\ngen.exe" ExecuteQueuedItems /LegacyServiceBehavior
			</Data>
			<Data Name="ParentUser">
				NT AUTHORITY\SYSTEM
			</Data>
		</EventData>
	</Event>
	<Event xmlns="http://schemas.microsoft.com/win/2004/08/events/event">
		<System>
			<Provider Name="Microsoft-Windows-Sysmon" Guid="{5770385f-c22a-43e0-bf4c-06f5698ffbd9}" />
			<EventID>
				5
			</EventID>
			<Version>
				3
			</Version>
			<Level>
				4
			</Level>
			<Task>
				5
			</Task>
			<Opcode>
				0
			</Opcode>
			<Keywords>
				0x8000000000000000
			</Keywords>
			<TimeCreated SystemTime="2023-05-12T07:35:08.9342760Z" />
			<EventRecordID>
				1008
			</EventRecordID>
			<Correlation />
			<Execution ProcessID="2868" ThreadID="5544" />
			<Channel>
				Microsoft-Windows-Sysmon/Operational
			</Channel>
			<Computer>
				DESKTOP-0QN63TJ
			</Computer>
			<Security UserID="S-1-5-18" />
		</System>
		<EventData>
			<Data Name="RuleName">
				-
			</Data>
			<Data Name="UtcTime">
				2023-05-12 07:35:08.932
			</Data>
			<Data Name="ProcessGuid">
				{4158b3ab-ec2c-645d-1301-000000000900}
			</Data>
			<Data Name="ProcessId">
				5036
			</Data>
			<Data Name="Image">
				C:\Windows\Microsoft.NET\Framework64\v4.0.30319\mscorsvw.exe
			</Data>
			<Data Name="User">
				NT AUTHORITY\SYSTEM
			</Data>
		</EventData>
	</Event>
	<Event xmlns="http://schemas.microsoft.com/win/2004/08/events/event">
		<System>
			<Provider Name="Microsoft-Windows-Sysmon" Guid="{5770385f-c22a-43e0-bf4c-06f5698ffbd9}" />
			<EventID>
				1
			</EventID>
			<Version>
				5
			</Version>
			<Level>
				4
			</Level>
			<Task>
				1
			</Task>
			<Opcode>
				0
			</Opcode>
			<Keywords>
				0x8000000000000000
			</Keywords>
			<TimeCreated SystemTime="2023-05-12T07:35:08.9314838Z" />
			<EventRecordID>
				1007
			</EventRecordID>
			<Correlation />
			<Execution ProcessID="2868" ThreadID="5544" />
			<Channel>
				Microsoft-Windows-Sysmon/Operational
			</Channel>
			<Computer>
				DESKTOP-0QN63TJ
			</Computer>
			<Security UserID="S-1-5-18" />
		</System>
		<EventData>
			<Data Name="RuleName">
				-
			</Data>
			<Data Name="UtcTime">
				2023-05-12 07:35:08.924
			</Data>
			<Data Name="ProcessGuid">
				{4158b3ab-ec2c-645d-1401-000000000900}
			</Data>
			<Data Name="ProcessId">
				5832
			</Data>
			<Data Name="Image">
				C:\Windows\Microsoft.NET\Framework64\v4.0.30319\mscorsvw.exe
			</Data>
			<Data Name="FileVersion">
				4.8.4320.0 built by: NET48REL1LAST_C
			</Data>
			<Data Name="Description">
				.NET Runtime Optimization Service
			</Data>
			<Data Name="Product">
				Microsoft® .NET Framework
			</Data>
			<Data Name="Company">
				Microsoft Corporation
			</Data>
			<Data Name="OriginalFileName">
				mscorsvw.exe
			</Data>
			<Data Name="CommandLine">
				C:\Windows\Microsoft.NET\Framework64\v4.0.30319\mscorsvw.exe -StartupEvent 3c4 -InterruptEvent 0 -NGENProcess 394 -Pipe 388 -Comment "NGen Worker Process"
			</Data>
			<Data Name="CurrentDirectory">
				C:\Windows\system32\
			</Data>
			<Data Name="User">
				NT AUTHORITY\SYSTEM
			</Data>
			<Data Name="LogonGuid">
				{4158b3ab-e9ab-645d-e703-000000000000}
			</Data>
			<Data Name="LogonId">
				0x3e7
			</Data>
			<Data Name="TerminalSessionId">
				0
			</Data>
			<Data Name="IntegrityLevel">
				System
			</Data>
			<Data Name="Hashes">
				SHA256=DA1087BA2641EFD77D85E5838AEB6C333E80CAA9F24C889FD2DE2E0B58F8D1A5
			</Data>
			<Data Name="ParentProcessGuid">
				{4158b3ab-ec23-645d-ef00-000000000900}
			</Data>
			<Data Name="ParentProcessId">
				2500
			</Data>
			<Data Name="ParentImage">
				C:\Windows\Microsoft.NET\Framework64\v4.0.30319\ngen.exe
			</Data>
			<Data Name="ParentCommandLine">
				"C:\Windows\Microsoft.NET\Framework64\v4.0.30319\ngen.exe" ExecuteQueuedItems /LegacyServiceBehavior
			</Data>
			<Data Name="ParentUser">
				NT AUTHORITY\SYSTEM
			</Data>
		</EventData>
	</Event>
	<Event xmlns="http://schemas.microsoft.com/win/2004/08/events/event">
		<System>
			<Provider Name="Microsoft-Windows-Sysmon" Guid="{5770385f-c22a-43e0-bf4c-06f5698ffbd9}" />
			<EventID>
				5
			</EventID>
			<Version>
				3
			</Version>
			<Level>
				4
			</Level>
			<Task>
				5
			</Task>
			<Opcode>
				0
			</Opcode>
			<Keywords>
				0x8000000000000000
			</Keywords>
			<TimeCreated SystemTime="2023-05-12T07:35:08.7802694Z" />
			<EventRecordID>
				1006
			</EventRecordID>
			<Correlation />
			<Execution ProcessID="2868" ThreadID="5544" />
			<Channel>
				Microsoft-Windows-Sysmon/Operational
			</Channel>
			<Computer>
				DESKTOP-0QN63TJ
			</Computer>
			<Security UserID="S-1-5-18" />
		</System>
		<EventData>
			<Data Name="RuleName">
				-
			</Data>
			<Data Name="UtcTime">
				2023-05-12 07:35:08.775
			</Data>
			<Data Name="ProcessGuid">
				{4158b3ab-ec22-645d-e400-000000000900}
			</Data>
			<Data Name="ProcessId">
				2056
			</Data>
			<Data Name="Image">
				C:\Windows\System32\conhost.exe
			</Data>
			<Data Name="User">
				NT AUTHORITY\SYSTEM
			</Data>
		</EventData>
	</Event>
	<Event xmlns="http://schemas.microsoft.com/win/2004/08/events/event">
		<System>
			<Provider Name="Microsoft-Windows-Sysmon" Guid="{5770385f-c22a-43e0-bf4c-06f5698ffbd9}" />
			<EventID>
				5
			</EventID>
			<Version>
				3
			</Version>
			<Level>
				4
			</Level>
			<Task>
				5
			</Task>
			<Opcode>
				0
			</Opcode>
			<Keywords>
				0x8000000000000000
			</Keywords>
			<TimeCreated SystemTime="2023-05-12T07:35:08.7745200Z" />
			<EventRecordID>
				1005
			</EventRecordID>
			<Correlation />
			<Execution ProcessID="2868" ThreadID="5544" />
			<Channel>
				Microsoft-Windows-Sysmon/Operational
			</Channel>
			<Computer>
				DESKTOP-0QN63TJ
			</Computer>
			<Security UserID="S-1-5-18" />
		</System>
		<EventData>
			<Data Name="RuleName">
				-
			</Data>
			<Data Name="UtcTime">
				2023-05-12 07:35:08.760
			</Data>
			<Data Name="ProcessGuid">
				{4158b3ab-ec22-645d-e100-000000000900}
			</Data>
			<Data Name="ProcessId">
				180
			</Data>
			<Data Name="Image">
				C:\Windows\System32\conhost.exe
			</Data>
			<Data Name="User">
				NT AUTHORITY\SYSTEM
			</Data>
		</EventData>
	</Event>
	<Event xmlns="http://schemas.microsoft.com/win/2004/08/events/event">
		<System>
			<Provider Name="Microsoft-Windows-Sysmon" Guid="{5770385f-c22a-43e0-bf4c-06f5698ffbd9}" />
			<EventID>
				5
			</EventID>
			<Version>
				3
			</Version>
			<Level>
				4
			</Level>
			<Task>
				5
			</Task>
			<Opcode>
				0
			</Opcode>
			<Keywords>
				0x8000000000000000
			</Keywords>
			<TimeCreated SystemTime="2023-05-12T07:35:08.7712050Z" />
			<EventRecordID>
				1004
			</EventRecordID>
			<Correlation />
			<Execution ProcessID="2868" ThreadID="5544" />
			<Channel>
				Microsoft-Windows-Sysmon/Operational
			</Channel>
			<Computer>
				DESKTOP-0QN63TJ
			</Computer>
			<Security UserID="S-1-5-18" />
		</System>
		<EventData>
			<Data Name="RuleName">
				-
			</Data>
			<Data Name="UtcTime">
				2023-05-12 07:35:08.760
			</Data>
			<Data Name="ProcessGuid">
				{4158b3ab-ec22-645d-e600-000000000900}
			</Data>
			<Data Name="ProcessId">
				1636
			</Data>
			<Data Name="Image">
				C:\Windows\System32\conhost.exe
			</Data>
			<Data Name="User">
				NT AUTHORITY\SYSTEM
			</Data>
		</EventData>
	</Event>
	<Event xmlns="http://schemas.microsoft.com/win/2004/08/events/event">
		<System>
			<Provider Name="Microsoft-Windows-Sysmon" Guid="{5770385f-c22a-43e0-bf4c-06f5698ffbd9}" />
			<EventID>
				5
			</EventID>
			<Version>
				3
			</Version>
			<Level>
				4
			</Level>
			<Task>
				5
			</Task>
			<Opcode>
				0
			</Opcode>
			<Keywords>
				0x8000000000000000
			</Keywords>
			<TimeCreated SystemTime="2023-05-12T07:35:08.7681744Z" />
			<EventRecordID>
				1003
			</EventRecordID>
			<Correlation />
			<Execution ProcessID="2868" ThreadID="5544" />
			<Channel>
				Microsoft-Windows-Sysmon/Operational
			</Channel>
			<Computer>
				DESKTOP-0QN63TJ
			</Computer>
			<Security UserID="S-1-5-18" />
		</System>
		<EventData>
			<Data Name="RuleName">
				-
			</Data>
			<Data Name="UtcTime">
				2023-05-12 07:35:08.760
			</Data>
			<Data Name="ProcessGuid">
				{4158b3ab-ec21-645d-d300-000000000900}
			</Data>
			<Data Name="ProcessId">
				6252
			</Data>
			<Data Name="Image">
				C:\Program Files\Windows Defender\MpCmdRun.exe
			</Data>
			<Data Name="User">
				NT AUTHORITY\SYSTEM
			</Data>
		</EventData>
	</Event>
	<Event xmlns="http://schemas.microsoft.com/win/2004/08/events/event">
		<System>
			<Provider Name="Microsoft-Windows-Sysmon" Guid="{5770385f-c22a-43e0-bf4c-06f5698ffbd9}" />
			<EventID>
				5
			</EventID>
			<Version>
				3
			</Version>
			<Level>
				4
			</Level>
			<Task>
				5
			</Task>
			<Opcode>
				0
			</Opcode>
			<Keywords>
				0x8000000000000000
			</Keywords>
			<TimeCreated SystemTime="2023-05-12T07:35:08.7676429Z" />
			<EventRecordID>
				1002
			</EventRecordID>
			<Correlation />
			<Execution ProcessID="2868" ThreadID="5544" />
			<Channel>
				Microsoft-Windows-Sysmon/Operational
			</Channel>
			<Computer>
				DESKTOP-0QN63TJ
			</Computer>
			<Security UserID="S-1-5-18" />
		</System>
		<EventData>
			<Data Name="RuleName">
				-
			</Data>
			<Data Name="UtcTime">
				2023-05-12 07:35:08.760
			</Data>
			<Data Name="ProcessGuid">
				{4158b3ab-ec21-645d-d800-000000000900}
			</Data>
			<Data Name="ProcessId">
				3088
			</Data>
			<Data Name="Image">
				C:\Program Files\Windows Defender\MpCmdRun.exe
			</Data>
			<Data Name="User">
				NT AUTHORITY\SYSTEM
			</Data>
		</EventData>
	</Event>
	<Event xmlns="http://schemas.microsoft.com/win/2004/08/events/event">
		<System>
			<Provider Name="Microsoft-Windows-Sysmon" Guid="{5770385f-c22a-43e0-bf4c-06f5698ffbd9}" />
			<EventID>
				5
			</EventID>
			<Version>
				3
			</Version>
			<Level>
				4
			</Level>
			<Task>
				5
			</Task>
			<Opcode>
				0
			</Opcode>
			<Keywords>
				0x8000000000000000
			</Keywords>
			<TimeCreated SystemTime="2023-05-12T07:35:08.7651828Z" />
			<EventRecordID>
				1001
			</EventRecordID>
			<Correlation />
			<Execution ProcessID="2868" ThreadID="5544" />
			<Channel>
				Microsoft-Windows-Sysmon/Operational
			</Channel>
			<Computer>
				DESKTOP-0QN63TJ
			</Computer>
			<Security UserID="S-1-5-18" />
		</System>
		<EventData>
			<Data Name="RuleName">
				-
			</Data>
			<Data Name="UtcTime">
				2023-05-12 07:35:08.760
			</Data>
			<Data Name="ProcessGuid">
				{4158b3ab-ec21-645d-d400-000000000900}
			</Data>
			<Data Name="ProcessId">
				4240
			</Data>
			<Data Name="Image">
				C:\Program Files\Windows Defender\MpCmdRun.exe
			</Data>
			<Data Name="User">
				NT AUTHORITY\SYSTEM
			</Data>
		</EventData>
	</Event>
	<Event xmlns="http://schemas.microsoft.com/win/2004/08/events/event">
		<System>
			<Provider Name="Microsoft-Windows-Sysmon" Guid="{5770385f-c22a-43e0-bf4c-06f5698ffbd9}" />
			<EventID>
				5
			</EventID>
			<Version>
				3
			</Version>
			<Level>
				4
			</Level>
			<Task>
				5
			</Task>
			<Opcode>
				0
			</Opcode>
			<Keywords>
				0x8000000000000000
			</Keywords>
			<TimeCreated SystemTime="2023-05-12T07:35:08.4980412Z" />
			<EventRecordID>
				1000
			</EventRecordID>
			<Correlation />
			<Execution ProcessID="2868" ThreadID="5544" />
			<Channel>
				Microsoft-Windows-Sysmon/Operational
			</Channel>
			<Computer>
				DESKTOP-0QN63TJ
			</Computer>
			<Security UserID="S-1-5-18" />
		</System>
		<EventData>
			<Data Name="RuleName">
				-
			</Data>
			<Data Name="UtcTime">
				2023-05-12 07:35:08.494
			</Data>
			<Data Name="ProcessGuid">
				{4158b3ab-ec2c-645d-1201-000000000900}
			</Data>
			<Data Name="ProcessId">
				1900
			</Data>
			<Data Name="Image">
				C:\Windows\Microsoft.NET\Framework64\v4.0.30319\mscorsvw.exe
			</Data>
			<Data Name="User">
				NT AUTHORITY\SYSTEM
			</Data>
		</EventData>
	</Event>
	<Event xmlns="http://schemas.microsoft.com/win/2004/08/events/event">
		<System>
			<Provider Name="Microsoft-Windows-Sysmon" Guid="{5770385f-c22a-43e0-bf4c-06f5698ffbd9}" />
			<EventID>
				1
			</EventID>
			<Version>
				5
			</Version>
			<Level>
				4
			</Level>
			<Task>
				1
			</Task>
			<Opcode>
				0
			</Opcode>
			<Keywords>
				0x8000000000000000
			</Keywords>
			<TimeCreated SystemTime="2023-05-12T07:35:08.4962036Z" />
			<EventRecordID>
				999
			</EventRecordID>
			<Correlation />
			<Execution ProcessID="2868" ThreadID="5544" />
			<Channel>
				Microsoft-Windows-Sysmon/Operational
			</Channel>
			<Computer>
				DESKTOP-0QN63TJ
			</Computer>
			<Security UserID="S-1-5-18" />
		</System>
		<EventData>
			<Data Name="RuleName">
				-
			</Data>
			<Data Name="UtcTime">
				2023-05-12 07:35:08.494
			</Data>
			<Data Name="ProcessGuid">
				{4158b3ab-ec2c-645d-1301-000000000900}
			</Data>
			<Data Name="ProcessId">
				5036
			</Data>
			<Data Name="Image">
				C:\Windows\Microsoft.NET\Framework64\v4.0.30319\mscorsvw.exe
			</Data>
			<Data Name="FileVersion">
				4.8.4320.0 built by: NET48REL1LAST_C
			</Data>
			<Data Name="Description">
				.NET Runtime Optimization Service
			</Data>
			<Data Name="Product">
				Microsoft® .NET Framework
			</Data>
			<Data Name="Company">
				Microsoft Corporation
			</Data>
			<Data Name="OriginalFileName">
				mscorsvw.exe
			</Data>
			<Data Name="CommandLine">
				C:\Windows\Microsoft.NET\Framework64\v4.0.30319\mscorsvw.exe -StartupEvent 3cc -InterruptEvent 0 -NGENProcess 3d4 -Pipe 38c -Comment "NGen Worker Process"
			</Data>
			<Data Name="CurrentDirectory">
				C:\Windows\system32\
			</Data>
			<Data Name="User">
				NT AUTHORITY\SYSTEM
			</Data>
			<Data Name="LogonGuid">
				{4158b3ab-e9ab-645d-e703-000000000000}
			</Data>
			<Data Name="LogonId">
				0x3e7
			</Data>
			<Data Name="TerminalSessionId">
				0
			</Data>
			<Data Name="IntegrityLevel">
				System
			</Data>
			<Data Name="Hashes">
				SHA256=DA1087BA2641EFD77D85E5838AEB6C333E80CAA9F24C889FD2DE2E0B58F8D1A5
			</Data>
			<Data Name="ParentProcessGuid">
				{4158b3ab-ec23-645d-ef00-000000000900}
			</Data>
			<Data Name="ParentProcessId">
				2500
			</Data>
			<Data Name="ParentImage">
				C:\Windows\Microsoft.NET\Framework64\v4.0.30319\ngen.exe
			</Data>
			<Data Name="ParentCommandLine">
				"C:\Windows\Microsoft.NET\Framework64\v4.0.30319\ngen.exe" ExecuteQueuedItems /LegacyServiceBehavior
			</Data>
			<Data Name="ParentUser">
				NT AUTHORITY\SYSTEM
			</Data>
		</EventData>
	</Event>
	<Event xmlns="http://schemas.microsoft.com/win/2004/08/events/event">
		<System>
			<Provider Name="Microsoft-Windows-Sysmon" Guid="{5770385f-c22a-43e0-bf4c-06f5698ffbd9}" />
			<EventID>
				5
			</EventID>
			<Version>
				3
			</Version>
			<Level>
				4
			</Level>
			<Task>
				5
			</Task>
			<Opcode>
				0
			</Opcode>
			<Keywords>
				0x8000000000000000
			</Keywords>
			<TimeCreated SystemTime="2023-05-12T07:35:08.4288399Z" />
			<EventRecordID>
				998
			</EventRecordID>
			<Correlation />
			<Execution ProcessID="2868" ThreadID="5544" />
			<Channel>
				Microsoft-Windows-Sysmon/Operational
			</Channel>
			<Computer>
				DESKTOP-0QN63TJ
			</Computer>
			<Security UserID="S-1-5-18" />
		</System>
		<EventData>
			<Data Name="RuleName">
				-
			</Data>
			<Data Name="UtcTime">
				2023-05-12 07:35:08.416
			</Data>
			<Data Name="ProcessGuid">
				{4158b3ab-ec2c-645d-1101-000000000900}
			</Data>
			<Data Name="ProcessId">
				2076
			</Data>
			<Data Name="Image">
				C:\Windows\Microsoft.NET\Framework64\v4.0.30319\mscorsvw.exe
			</Data>
			<Data Name="User">
				NT AUTHORITY\SYSTEM
			</Data>
		</EventData>
	</Event>
	<Event xmlns="http://schemas.microsoft.com/win/2004/08/events/event">
		<System>
			<Provider Name="Microsoft-Windows-Sysmon" Guid="{5770385f-c22a-43e0-bf4c-06f5698ffbd9}" />
			<EventID>
				1
			</EventID>
			<Version>
				5
			</Version>
			<Level>
				4
			</Level>
			<Task>
				1
			</Task>
			<Opcode>
				0
			</Opcode>
			<Keywords>
				0x8000000000000000
			</Keywords>
			<TimeCreated SystemTime="2023-05-12T07:35:08.4272579Z" />
			<EventRecordID>
				997
			</EventRecordID>
			<Correlation />
			<Execution ProcessID="2868" ThreadID="5544" />
			<Channel>
				Microsoft-Windows-Sysmon/Operational
			</Channel>
			<Computer>
				DESKTOP-0QN63TJ
			</Computer>
			<Security UserID="S-1-5-18" />
		</System>
		<EventData>
			<Data Name="RuleName">
				-
			</Data>
			<Data Name="UtcTime">
				2023-05-12 07:35:08.425
			</Data>
			<Data Name="ProcessGuid">
				{4158b3ab-ec2c-645d-1201-000000000900}
			</Data>
			<Data Name="ProcessId">
				1900
			</Data>
			<Data Name="Image">
				C:\Windows\Microsoft.NET\Framework64\v4.0.30319\mscorsvw.exe
			</Data>
			<Data Name="FileVersion">
				4.8.4320.0 built by: NET48REL1LAST_C
			</Data>
			<Data Name="Description">
				.NET Runtime Optimization Service
			</Data>
			<Data Name="Product">
				Microsoft® .NET Framework
			</Data>
			<Data Name="Company">
				Microsoft Corporation
			</Data>
			<Data Name="OriginalFileName">
				mscorsvw.exe
			</Data>
			<Data Name="CommandLine">
				C:\Windows\Microsoft.NET\Framework64\v4.0.30319\mscorsvw.exe -StartupEvent 3cc -InterruptEvent 0 -NGENProcess 3d8 -Pipe 3dc -Comment "NGen Worker Process"
			</Data>
			<Data Name="CurrentDirectory">
				C:\Windows\system32\
			</Data>
			<Data Name="User">
				NT AUTHORITY\SYSTEM
			</Data>
			<Data Name="LogonGuid">
				{4158b3ab-e9ab-645d-e703-000000000000}
			</Data>
			<Data Name="LogonId">
				0x3e7
			</Data>
			<Data Name="TerminalSessionId">
				0
			</Data>
			<Data Name="IntegrityLevel">
				System
			</Data>
			<Data Name="Hashes">
				SHA256=DA1087BA2641EFD77D85E5838AEB6C333E80CAA9F24C889FD2DE2E0B58F8D1A5
			</Data>
			<Data Name="ParentProcessGuid">
				{4158b3ab-ec23-645d-ef00-000000000900}
			</Data>
			<Data Name="ParentProcessId">
				2500
			</Data>
			<Data Name="ParentImage">
				C:\Windows\Microsoft.NET\Framework64\v4.0.30319\ngen.exe
			</Data>
			<Data Name="ParentCommandLine">
				"C:\Windows\Microsoft.NET\Framework64\v4.0.30319\ngen.exe" ExecuteQueuedItems /LegacyServiceBehavior
			</Data>
			<Data Name="ParentUser">
				NT AUTHORITY\SYSTEM
			</Data>
		</EventData>
	</Event>
	<Event xmlns="http://schemas.microsoft.com/win/2004/08/events/event">
		<System>
			<Provider Name="Microsoft-Windows-Sysmon" Guid="{5770385f-c22a-43e0-bf4c-06f5698ffbd9}" />
			<EventID>
				5
			</EventID>
			<Version>
				3
			</Version>
			<Level>
				4
			</Level>
			<Task>
				5
			</Task>
			<Opcode>
				0
			</Opcode>
			<Keywords>
				0x8000000000000000
			</Keywords>
			<TimeCreated SystemTime="2023-05-12T07:35:08.1409775Z" />
			<EventRecordID>
				996
			</EventRecordID>
			<Correlation />
			<Execution ProcessID="2868" ThreadID="5544" />
			<Channel>
				Microsoft-Windows-Sysmon/Operational
			</Channel>
			<Computer>
				DESKTOP-0QN63TJ
			</Computer>
			<Security UserID="S-1-5-18" />
		</System>
		<EventData>
			<Data Name="RuleName">
				-
			</Data>
			<Data Name="UtcTime">
				2023-05-12 07:35:08.135
			</Data>
			<Data Name="ProcessGuid">
				{4158b3ab-ec2c-645d-1001-000000000900}
			</Data>
			<Data Name="ProcessId">
				900
			</Data>
			<Data Name="Image">
				C:\Windows\Microsoft.NET\Framework64\v4.0.30319\mscorsvw.exe
			</Data>
			<Data Name="User">
				NT AUTHORITY\SYSTEM
			</Data>
		</EventData>
	</Event>
	<Event xmlns="http://schemas.microsoft.com/win/2004/08/events/event">
		<System>
			<Provider Name="Microsoft-Windows-Sysmon" Guid="{5770385f-c22a-43e0-bf4c-06f5698ffbd9}" />
			<EventID>
				1
			</EventID>
			<Version>
				5
			</Version>
			<Level>
				4
			</Level>
			<Task>
				1
			</Task>
			<Opcode>
				0
			</Opcode>
			<Keywords>
				0x8000000000000000
			</Keywords>
			<TimeCreated SystemTime="2023-05-12T07:35:08.1393833Z" />
			<EventRecordID>
				995
			</EventRecordID>
			<Correlation />
			<Execution ProcessID="2868" ThreadID="5544" />
			<Channel>
				Microsoft-Windows-Sysmon/Operational
			</Channel>
			<Computer>
				DESKTOP-0QN63TJ
			</Computer>
			<Security UserID="S-1-5-18" />
		</System>
		<EventData>
			<Data Name="RuleName">
				-
			</Data>
			<Data Name="UtcTime">
				2023-05-12 07:35:08.137
			</Data>
			<Data Name="ProcessGuid">
				{4158b3ab-ec2c-645d-1101-000000000900}
			</Data>
			<Data Name="ProcessId">
				2076
			</Data>
			<Data Name="Image">
				C:\Windows\Microsoft.NET\Framework64\v4.0.30319\mscorsvw.exe
			</Data>
			<Data Name="FileVersion">
				4.8.4320.0 built by: NET48REL1LAST_C
			</Data>
			<Data Name="Description">
				.NET Runtime Optimization Service
			</Data>
			<Data Name="Product">
				Microsoft® .NET Framework
			</Data>
			<Data Name="Company">
				Microsoft Corporation
			</Data>
			<Data Name="OriginalFileName">
				mscorsvw.exe
			</Data>
			<Data Name="CommandLine">
				C:\Windows\Microsoft.NET\Framework64\v4.0.30319\mscorsvw.exe -StartupEvent 384 -InterruptEvent 0 -NGENProcess 3dc -Pipe 3d0 -Comment "NGen Worker Process"
			</Data>
			<Data Name="CurrentDirectory">
				C:\Windows\system32\
			</Data>
			<Data Name="User">
				NT AUTHORITY\SYSTEM
			</Data>
			<Data Name="LogonGuid">
				{4158b3ab-e9ab-645d-e703-000000000000}
			</Data>
			<Data Name="LogonId">
				0x3e7
			</Data>
			<Data Name="TerminalSessionId">
				0
			</Data>
			<Data Name="IntegrityLevel">
				System
			</Data>
			<Data Name="Hashes">
				SHA256=DA1087BA2641EFD77D85E5838AEB6C333E80CAA9F24C889FD2DE2E0B58F8D1A5
			</Data>
			<Data Name="ParentProcessGuid">
				{4158b3ab-ec23-645d-ef00-000000000900}
			</Data>
			<Data Name="ParentProcessId">
				2500
			</Data>
			<Data Name="ParentImage">
				C:\Windows\Microsoft.NET\Framework64\v4.0.30319\ngen.exe
			</Data>
			<Data Name="ParentCommandLine">
				"C:\Windows\Microsoft.NET\Framework64\v4.0.30319\ngen.exe" ExecuteQueuedItems /LegacyServiceBehavior
			</Data>
			<Data Name="ParentUser">
				NT AUTHORITY\SYSTEM
			</Data>
		</EventData>
	</Event>
	