<Event xmlns="http://schemas.microsoft.com/win/2004/08/events/event">
		<System>
			<Provider Name="Microsoft-Windows-Sysmon" Guid="{5770385f-c22a-43e0-bf4c-06f5698ffbd9}" />
			<EventID>
				1
			</EventID>
			<Version>
				5
			</Version>
			<Level>
				4
			</Level>
			<Task>
				1
			</Task>
			<Opcode>
				0
			</Opcode>
			<Keywords>
				0x8000000000000000
			</Keywords>
			<TimeCreated SystemTime="2023-05-12T07:35:04.4151944Z" />
			<EventRecordID>
				969
			</EventRecordID>
			<Correlation />
			<Execution ProcessID="2868" ThreadID="5544" />
			<Channel>
				Microsoft-Windows-Sysmon/Operational
			</Channel>
			<Computer>
				DESKTOP-0QN63TJ
			</Computer>
			<Security UserID="S-1-5-18" />
		</System>
		<EventData>
			<Data Name="RuleName">
				-
			</Data>
			<Data Name="UtcTime">
				2023-05-12 07:35:04.409
			</Data>
			<Data Name="ProcessGuid">
				{4158b3ab-ec28-645d-0501-000000000900}
			</Data>
			<Data Name="ProcessId">
				3940
			</Data>
			<Data Name="Image">
				C:\Windows\Microsoft.NET\Framework64\v4.0.30319\mscorsvw.exe
			</Data>
			<Data Name="FileVersion">
				4.8.4320.0 built by: NET48REL1LAST_C
			</Data>
			<Data Name="Description">
				.NET Runtime Optimization Service
			</Data>
			<Data Name="Product">
				Microsoft® .NET Framework
			</Data>
			<Data Name="Company">
				Microsoft Corporation
			</Data>
			<Data Name="OriginalFileName">
				mscorsvw.exe
			</Data>
			<Data Name="CommandLine">
				C:\Windows\Microsoft.NET\Framework64\v4.0.30319\mscorsvw.exe -StartupEvent 37c -InterruptEvent 0 -NGENProcess 368 -Pipe 378 -Comment "NGen Worker Process"
			</Data>
			<Data Name="CurrentDirectory">
				C:\Windows\system32\
			</Data>
			<Data Name="User">
				NT AUTHORITY\SYSTEM
			</Data>
			<Data Name="LogonGuid">
				{4158b3ab-e9ab-645d-e703-000000000000}
			</Data>
			<Data Name="LogonId">
				0x3e7
			</Data>
			<Data Name="TerminalSessionId">
				0
			</Data>
			<Data Name="IntegrityLevel">
				System
			</Data>
			<Data Name="Hashes">
				SHA256=DA1087BA2641EFD77D85E5838AEB6C333E80CAA9F24C889FD2DE2E0B58F8D1A5
			</Data>
			<Data Name="ParentProcessGuid">
				{4158b3ab-ec23-645d-ef00-000000000900}
			</Data>
			<Data Name="ParentProcessId">
				2500
			</Data>
			<Data Name="ParentImage">
				C:\Windows\Microsoft.NET\Framework64\v4.0.30319\ngen.exe
			</Data>
			<Data Name="ParentCommandLine">
				"C:\Windows\Microsoft.NET\Framework64\v4.0.30319\ngen.exe" ExecuteQueuedItems /LegacyServiceBehavior
			</Data>
			<Data Name="ParentUser">
				NT AUTHORITY\SYSTEM
			</Data>
		</EventData>
	</Event>
	<Event xmlns="http://schemas.microsoft.com/win/2004/08/events/event">
		<System>
			<Provider Name="Microsoft-Windows-Sysmon" Guid="{5770385f-c22a-43e0-bf4c-06f5698ffbd9}" />
			<EventID>
				5
			</EventID>
			<Version>
				3
			</Version>
			<Level>
				4
			</Level>
			<Task>
				5
			</Task>
			<Opcode>
				0
			</Opcode>
			<Keywords>
				0x8000000000000000
			</Keywords>
			<TimeCreated SystemTime="2023-05-12T07:35:04.3269276Z" />
			<EventRecordID>
				968
			</EventRecordID>
			<Correlation />
			<Execution ProcessID="2868" ThreadID="5544" />
			<Channel>
				Microsoft-Windows-Sysmon/Operational
			</Channel>
			<Computer>
				DESKTOP-0QN63TJ
			</Computer>
			<Security UserID="S-1-5-18" />
		</System>
		<EventData>
			<Data Name="RuleName">
				-
			</Data>
			<Data Name="UtcTime">
				2023-05-12 07:35:04.322
			</Data>
			<Data Name="ProcessGuid">
				{4158b3ab-ec28-645d-0301-000000000900}
			</Data>
			<Data Name="ProcessId">
				6228
			</Data>
			<Data Name="Image">
				C:\Windows\Microsoft.NET\Framework64\v4.0.30319\mscorsvw.exe
			</Data>
			<Data Name="User">
				NT AUTHORITY\SYSTEM
			</Data>
		</EventData>
	</Event>
	<Event xmlns="http://schemas.microsoft.com/win/2004/08/events/event">
		<System>
			<Provider Name="Microsoft-Windows-Sysmon" Guid="{5770385f-c22a-43e0-bf4c-06f5698ffbd9}" />
			<EventID>
				1
			</EventID>
			<Version>
				5
			</Version>
			<Level>
				4
			</Level>
			<Task>
				1
			</Task>
			<Opcode>
				0
			</Opcode>
			<Keywords>
				0x8000000000000000
			</Keywords>
			<TimeCreated SystemTime="2023-05-12T07:35:04.3237598Z" />
			<EventRecordID>
				967
			</EventRecordID>
			<Correlation />
			<Execution ProcessID="2868" ThreadID="5544" />
			<Channel>
				Microsoft-Windows-Sysmon/Operational
			</Channel>
			<Computer>
				DESKTOP-0QN63TJ
			</Computer>
			<Security UserID="S-1-5-18" />
		</System>
		<EventData>
			<Data Name="RuleName">
				-
			</Data>
			<Data Name="UtcTime">
				2023-05-12 07:35:04.316
			</Data>
			<Data Name="ProcessGuid">
				{4158b3ab-ec28-645d-0401-000000000900}
			</Data>
			<Data Name="ProcessId">
				6392
			</Data>
			<Data Name="Image">
				C:\Windows\Microsoft.NET\Framework64\v4.0.30319\mscorsvw.exe
			</Data>
			<Data Name="FileVersion">
				4.8.4320.0 built by: NET48REL1LAST_C
			</Data>
			<Data Name="Description">
				.NET Runtime Optimization Service
			</Data>
			<Data Name="Product">
				Microsoft® .NET Framework
			</Data>
			<Data Name="Company">
				Microsoft Corporation
			</Data>
			<Data Name="OriginalFileName">
				mscorsvw.exe
			</Data>
			<Data Name="CommandLine">
				C:\Windows\Microsoft.NET\Framework64\v4.0.30319\mscorsvw.exe -StartupEvent 32c -InterruptEvent 0 -NGENProcess 344 -Pipe 308 -Comment "NGen Worker Process"
			</Data>
			<Data Name="CurrentDirectory">
				C:\Windows\system32\
			</Data>
			<Data Name="User">
				NT AUTHORITY\SYSTEM
			</Data>
			<Data Name="LogonGuid">
				{4158b3ab-e9ab-645d-e703-000000000000}
			</Data>
			<Data Name="LogonId">
				0x3e7
			</Data>
			<Data Name="TerminalSessionId">
				0
			</Data>
			<Data Name="IntegrityLevel">
				System
			</Data>
			<Data Name="Hashes">
				SHA256=DA1087BA2641EFD77D85E5838AEB6C333E80CAA9F24C889FD2DE2E0B58F8D1A5
			</Data>
			<Data Name="ParentProcessGuid">
				{4158b3ab-ec23-645d-ef00-000000000900}
			</Data>
			<Data Name="ParentProcessId">
				2500
			</Data>
			<Data Name="ParentImage">
				C:\Windows\Microsoft.NET\Framework64\v4.0.30319\ngen.exe
			</Data>
			<Data Name="ParentCommandLine">
				"C:\Windows\Microsoft.NET\Framework64\v4.0.30319\ngen.exe" ExecuteQueuedItems /LegacyServiceBehavior
			</Data>
			<Data Name="ParentUser">
				NT AUTHORITY\SYSTEM
			</Data>
		</EventData>
	</Event>
	<Event xmlns="http://schemas.microsoft.com/win/2004/08/events/event">
		<System>
			<Provider Name="Microsoft-Windows-Sysmon" Guid="{5770385f-c22a-43e0-bf4c-06f5698ffbd9}" />
			<EventID>
				3
			</EventID>
			<Version>
				5
			</Version>
			<Level>
				4
			</Level>
			<Task>
				3
			</Task>
			<Opcode>
				0
			</Opcode>
			<Keywords>
				0x8000000000000000
			</Keywords>
			<TimeCreated SystemTime="2023-05-12T07:35:04.2604602Z" />
			<EventRecordID>
				966
			</EventRecordID>
			<Correlation />
			<Execution ProcessID="2868" ThreadID="4544" />
			<Channel>
				Microsoft-Windows-Sysmon/Operational
			</Channel>
			<Computer>
				DESKTOP-0QN63TJ
			</Computer>
			<Security UserID="S-1-5-18" />
		</System>
		<EventData>
			<Data Name="RuleName">
				-
			</Data>
			<Data Name="UtcTime">
				2023-05-12 07:35:02.800
			</Data>
			<Data Name="ProcessGuid">
				{4158b3ab-eabd-645d-b800-000000000900}
			</Data>
			<Data Name="ProcessId">
				6448
			</Data>
			<Data Name="Image">
				C:\Windows\System32\svchost.exe
			</Data>
			<Data Name="User">
				NT AUTHORITY\LOCAL SERVICE
			</Data>
			<Data Name="Protocol">
				tcp
			</Data>
			<Data Name="Initiated">
				true
			</Data>
			<Data Name="SourceIsIpv6">
				false
			</Data>
			<Data Name="SourceIp">
				192.168.2.202
			</Data>
			<Data Name="SourceHostname">
				DESKTOP-0QN63TJ
			</Data>
			<Data Name="SourcePort">
				49827
			</Data>
			<Data Name="SourcePortName">
				-
			</Data>
			<Data Name="DestinationIsIpv6">
				false
			</Data>
			<Data Name="DestinationIp">
				20.123.104.105
			</Data>
			<Data Name="DestinationHostname">
				licensing.mp.microsoft.com
			</Data>
			<Data Name="DestinationPort">
				443
			</Data>
			<Data Name="DestinationPortName">
				https
			</Data>
		</EventData>
	</Event>
	<Event xmlns="http://schemas.microsoft.com/win/2004/08/events/event">
		<System>
			<Provider Name="Microsoft-Windows-Sysmon" Guid="{5770385f-c22a-43e0-bf4c-06f5698ffbd9}" />
			<EventID>
				3
			</EventID>
			<Version>
				5
			</Version>
			<Level>
				4
			</Level>
			<Task>
				3
			</Task>
			<Opcode>
				0
			</Opcode>
			<Keywords>
				0x8000000000000000
			</Keywords>
			<TimeCreated SystemTime="2023-05-12T07:35:04.2604442Z" />
			<EventRecordID>
				965
			</EventRecordID>
			<Correlation />
			<Execution ProcessID="2868" ThreadID="4544" />
			<Channel>
				Microsoft-Windows-Sysmon/Operational
			</Channel>
			<Computer>
				DESKTOP-0QN63TJ
			</Computer>
			<Security UserID="S-1-5-18" />
		</System>
		<EventData>
			<Data Name="RuleName">
				-
			</Data>
			<Data Name="UtcTime">
				2023-05-12 07:35:02.421
			</Data>
			<Data Name="ProcessGuid">
				{4158b3ab-eabd-645d-b800-000000000900}
			</Data>
			<Data Name="ProcessId">
				6448
			</Data>
			<Data Name="Image">
				C:\Windows\System32\svchost.exe
			</Data>
			<Data Name="User">
				NT AUTHORITY\LOCAL SERVICE
			</Data>
			<Data Name="Protocol">
				tcp
			</Data>
			<Data Name="Initiated">
				true
			</Data>
			<Data Name="SourceIsIpv6">
				false
			</Data>
			<Data Name="SourceIp">
				192.168.2.202
			</Data>
			<Data Name="SourceHostname">
				DESKTOP-0QN63TJ
			</Data>
			<Data Name="SourcePort">
				49826
			</Data>
			<Data Name="SourcePortName">
				-
			</Data>
			<Data Name="DestinationIsIpv6">
				false
			</Data>
			<Data Name="DestinationIp">
				88.221.99.95
			</Data>
			<Data Name="DestinationHostname">
				storecatalogrevocation.storequality.microsoft.com
			</Data>
			<Data Name="DestinationPort">
				443
			</Data>
			<Data Name="DestinationPortName">
				https
			</Data>
		</EventData>
	</Event>
	<Event xmlns="http://schemas.microsoft.com/win/2004/08/events/event">
		<System>
			<Provider Name="Microsoft-Windows-Sysmon" Guid="{5770385f-c22a-43e0-bf4c-06f5698ffbd9}" />
			<EventID>
				5
			</EventID>
			<Version>
				3
			</Version>
			<Level>
				4
			</Level>
			<Task>
				5
			</Task>
			<Opcode>
				0
			</Opcode>
			<Keywords>
				0x8000000000000000
			</Keywords>
			<TimeCreated SystemTime="2023-05-12T07:35:04.0752633Z" />
			<EventRecordID>
				964
			</EventRecordID>
			<Correlation />
			<Execution ProcessID="2868" ThreadID="5544" />
			<Channel>
				Microsoft-Windows-Sysmon/Operational
			</Channel>
			<Computer>
				DESKTOP-0QN63TJ
			</Computer>
			<Security UserID="S-1-5-18" />
		</System>
		<EventData>
			<Data Name="RuleName">
				-
			</Data>
			<Data Name="UtcTime">
				2023-05-12 07:35:04.072
			</Data>
			<Data Name="ProcessGuid">
				{4158b3ab-ec27-645d-0201-000000000900}
			</Data>
			<Data Name="ProcessId">
				3116
			</Data>
			<Data Name="Image">
				C:\Windows\Microsoft.NET\Framework64\v4.0.30319\mscorsvw.exe
			</Data>
			<Data Name="User">
				NT AUTHORITY\SYSTEM
			</Data>
		</EventData>
	</Event>
	<Event xmlns="http://schemas.microsoft.com/win/2004/08/events/event">
		<System>
			<Provider Name="Microsoft-Windows-Sysmon" Guid="{5770385f-c22a-43e0-bf4c-06f5698ffbd9}" />
			<EventID>
				1
			</EventID>
			<Version>
				5
			</Version>
			<Level>
				4
			</Level>
			<Task>
				1
			</Task>
			<Opcode>
				0
			</Opcode>
			<Keywords>
				0x8000000000000000
			</Keywords>
			<TimeCreated SystemTime="2023-05-12T07:35:04.0712914Z" />
			<EventRecordID>
				963
			</EventRecordID>
			<Correlation />
			<Execution ProcessID="2868" ThreadID="5544" />
			<Channel>
				Microsoft-Windows-Sysmon/Operational
			</Channel>
			<Computer>
				DESKTOP-0QN63TJ
			</Computer>
			<Security UserID="S-1-5-18" />
		</System>
		<EventData>
			<Data Name="RuleName">
				-
			</Data>
			<Data Name="UtcTime">
				2023-05-12 07:35:04.066
			</Data>
			<Data Name="ProcessGuid">
				{4158b3ab-ec28-645d-0301-000000000900}
			</Data>
			<Data Name="ProcessId">
				6228
			</Data>
			<Data Name="Image">
				C:\Windows\Microsoft.NET\Framework64\v4.0.30319\mscorsvw.exe
			</Data>
			<Data Name="FileVersion">
				4.8.4320.0 built by: NET48REL1LAST_C
			</Data>
			<Data Name="Description">
				.NET Runtime Optimization Service
			</Data>
			<Data Name="Product">
				Microsoft® .NET Framework
			</Data>
			<Data Name="Company">
				Microsoft Corporation
			</Data>
			<Data Name="OriginalFileName">
				mscorsvw.exe
			</Data>
			<Data Name="CommandLine">
				C:\Windows\Microsoft.NET\Framework64\v4.0.30319\mscorsvw.exe -StartupEvent 314 -InterruptEvent 0 -NGENProcess 304 -Pipe 2c0 -Comment "NGen Worker Process"
			</Data>
			<Data Name="CurrentDirectory">
				C:\Windows\system32\
			</Data>
			<Data Name="User">
				NT AUTHORITY\SYSTEM
			</Data>
			<Data Name="LogonGuid">
				{4158b3ab-e9ab-645d-e703-000000000000}
			</Data>
			<Data Name="LogonId">
				0x3e7
			</Data>
			<Data Name="TerminalSessionId">
				0
			</Data>
			<Data Name="IntegrityLevel">
				System
			</Data>
			<Data Name="Hashes">
				SHA256=DA1087BA2641EFD77D85E5838AEB6C333E80CAA9F24C889FD2DE2E0B58F8D1A5
			</Data>
			<Data Name="ParentProcessGuid">
				{4158b3ab-ec23-645d-ef00-000000000900}
			</Data>
			<Data Name="ParentProcessId">
				2500
			</Data>
			<Data Name="ParentImage">
				C:\Windows\Microsoft.NET\Framework64\v4.0.30319\ngen.exe
			</Data>
			<Data Name="ParentCommandLine">
				"C:\Windows\Microsoft.NET\Framework64\v4.0.30319\ngen.exe" ExecuteQueuedItems /LegacyServiceBehavior
			</Data>
			<Data Name="ParentUser">
				NT AUTHORITY\SYSTEM
			</Data>
		</EventData>
	</Event>
	<Event xmlns="http://schemas.microsoft.com/win/2004/08/events/event">
		<System>
			<Provider Name="Microsoft-Windows-Sysmon" Guid="{5770385f-c22a-43e0-bf4c-06f5698ffbd9}" />
			<EventID>
				5
			</EventID>
			<Version>
				3
			</Version>
			<Level>
				4
			</Level>
			<Task>
				5
			</Task>
			<Opcode>
				0
			</Opcode>
			<Keywords>
				0x8000000000000000
			</Keywords>
			<TimeCreated SystemTime="2023-05-12T07:35:03.9598277Z" />
			<EventRecordID>
				962
			</EventRecordID>
			<Correlation />
			<Execution ProcessID="2868" ThreadID="5544" />
			<Channel>
				Microsoft-Windows-Sysmon/Operational
			</Channel>
			<Computer>
				DESKTOP-0QN63TJ
			</Computer>
			<Security UserID="S-1-5-18" />
		</System>
		<EventData>
			<Data Name="RuleName">
				-
			</Data>
			<Data Name="UtcTime">
				2023-05-12 07:35:03.947
			</Data>
			<Data Name="ProcessGuid">
				{4158b3ab-ec27-645d-0101-000000000900}
			</Data>
			<Data Name="ProcessId">
				4576
			</Data>
			<Data Name="Image">
				C:\Windows\Microsoft.NET\Framework64\v4.0.30319\mscorsvw.exe
			</Data>
			<Data Name="User">
				NT AUTHORITY\SYSTEM
			</Data>
		</EventData>
	</Event>
	<Event xmlns="http://schemas.microsoft.com/win/2004/08/events/event">
		<System>
			<Provider Name="Microsoft-Windows-Sysmon" Guid="{5770385f-c22a-43e0-bf4c-06f5698ffbd9}" />
			<EventID>
				1
			</EventID>
			<Version>
				5
			</Version>
			<Level>
				4
			</Level>
			<Task>
				1
			</Task>
			<Opcode>
				0
			</Opcode>
			<Keywords>
				0x8000000000000000
			</Keywords>
			<TimeCreated SystemTime="2023-05-12T07:35:03.9553503Z" />
			<EventRecordID>
				961
			</EventRecordID>
			<Correlation />
			<Execution ProcessID="2868" ThreadID="5544" />
			<Channel>
				Microsoft-Windows-Sysmon/Operational
			</Channel>
			<Computer>
				DESKTOP-0QN63TJ
			</Computer>
			<Security UserID="S-1-5-18" />
		</System>
		<EventData>
			<Data Name="RuleName">
				-
			</Data>
			<Data Name="UtcTime">
				2023-05-12 07:35:03.951
			</Data>
			<Data Name="ProcessGuid">
				{4158b3ab-ec27-645d-0201-000000000900}
			</Data>
			<Data Name="ProcessId">
				3116
			</Data>
			<Data Name="Image">
				C:\Windows\Microsoft.NET\Framework64\v4.0.30319\mscorsvw.exe
			</Data>
			<Data Name="FileVersion">
				4.8.4320.0 built by: NET48REL1LAST_C
			</Data>
			<Data Name="Description">
				.NET Runtime Optimization Service
			</Data>
			<Data Name="Product">
				Microsoft® .NET Framework
			</Data>
			<Data Name="Company">
				Microsoft Corporation
			</Data>
			<Data Name="OriginalFileName">
				mscorsvw.exe
			</Data>
			<Data Name="CommandLine">
				C:\Windows\Microsoft.NET\Framework64\v4.0.30319\mscorsvw.exe -StartupEvent 2c0 -InterruptEvent 0 -NGENProcess 314 -Pipe 2d4 -Comment "NGen Worker Process"
			</Data>
			<Data Name="CurrentDirectory">
				C:\Windows\system32\
			</Data>
			<Data Name="User">
				NT AUTHORITY\SYSTEM
			</Data>
			<Data Name="LogonGuid">
				{4158b3ab-e9ab-645d-e703-000000000000}
			</Data>
			<Data Name="LogonId">
				0x3e7
			</Data>
			<Data Name="TerminalSessionId">
				0
			</Data>
			<Data Name="IntegrityLevel">
				System
			</Data>
			<Data Name="Hashes">
				SHA256=DA1087BA2641EFD77D85E5838AEB6C333E80CAA9F24C889FD2DE2E0B58F8D1A5
			</Data>
			<Data Name="ParentProcessGuid">
				{4158b3ab-ec23-645d-ef00-000000000900}
			</Data>
			<Data Name="ParentProcessId">
				2500
			</Data>
			<Data Name="ParentImage">
				C:\Windows\Microsoft.NET\Framework64\v4.0.30319\ngen.exe
			</Data>
			<Data Name="ParentCommandLine">
				"C:\Windows\Microsoft.NET\Framework64\v4.0.30319\ngen.exe" ExecuteQueuedItems /LegacyServiceBehavior
			</Data>
			<Data Name="ParentUser">
				NT AUTHORITY\SYSTEM
			</Data>
		</EventData>
	</Event>
	<Event xmlns="http://schemas.microsoft.com/win/2004/08/events/event">
		<System>
			<Provider Name="Microsoft-Windows-Sysmon" Guid="{5770385f-c22a-43e0-bf4c-06f5698ffbd9}" />
			<EventID>
				5
			</EventID>
			<Version>
				3
			</Version>
			<Level>
				4
			</Level>
			<Task>
				5
			</Task>
			<Opcode>
				0
			</Opcode>
			<Keywords>
				0x8000000000000000
			</Keywords>
			<TimeCreated SystemTime="2023-05-12T07:35:03.6913119Z" />
			<EventRecordID>
				960
			</EventRecordID>
			<Correlation />
			<Execution ProcessID="2868" ThreadID="5544" />
			<Channel>
				Microsoft-Windows-Sysmon/Operational
			</Channel>
			<Computer>
				DESKTOP-0QN63TJ
			</Computer>
			<Security UserID="S-1-5-18" />
		</System>
		<EventData>
			<Data Name="RuleName">
				-
			</Data>
			<Data Name="UtcTime">
				2023-05-12 07:35:03.681
			</Data>
			<Data Name="ProcessGuid">
				{4158b3ab-ec21-645d-d500-000000000900}
			</Data>
			<Data Name="ProcessId">
				2204
			</Data>
			<Data Name="Image">
				C:\Windows\System32\taskhostw.exe
			</Data>
			<Data Name="User">
				DESKTOP-0QN63TJ\me
			</Data>
		</EventData>
	</Event>
	<Event xmlns="http://schemas.microsoft.com/win/2004/08/events/event">
		<System>
			<Provider Name="Microsoft-Windows-Sysmon" Guid="{5770385f-c22a-43e0-bf4c-06f5698ffbd9}" />
			<EventID>
				5
			</EventID>
			<Version>
				3
			</Version>
			<Level>
				4
			</Level>
			<Task>
				5
			</Task>
			<Opcode>
				0
			</Opcode>
			<Keywords>
				0x8000000000000000
			</Keywords>
			<TimeCreated SystemTime="2023-05-12T07:35:03.5898580Z" />
			<EventRecordID>
				959
			</EventRecordID>
			<Correlation />
			<Execution ProcessID="2868" ThreadID="5544" />
			<Channel>
				Microsoft-Windows-Sysmon/Operational
			</Channel>
			<Computer>
				DESKTOP-0QN63TJ
			</Computer>
			<Security UserID="S-1-5-18" />
		</System>
		<EventData>
			<Data Name="RuleName">
				-
			</Data>
			<Data Name="UtcTime">
				2023-05-12 07:35:03.588
			</Data>
			<Data Name="ProcessGuid">
				{4158b3ab-ec27-645d-0001-000000000900}
			</Data>
			<Data Name="ProcessId">
				5500
			</Data>
			<Data Name="Image">
				C:\Windows\Microsoft.NET\Framework64\v4.0.30319\mscorsvw.exe
			</Data>
			<Data Name="User">
				NT AUTHORITY\SYSTEM
			</Data>
		</EventData>
	</Event>
	<Event xmlns="http://schemas.microsoft.com/win/2004/08/events/event">
		<System>
			<Provider Name="Microsoft-Windows-Sysmon" Guid="{5770385f-c22a-43e0-bf4c-06f5698ffbd9}" />
			<EventID>
				1
			</EventID>
			<Version>
				5
			</Version>
			<Level>
				4
			</Level>
			<Task>
				1
			</Task>
			<Opcode>
				0
			</Opcode>
			<Keywords>
				0x8000000000000000
			</Keywords>
			<TimeCreated SystemTime="2023-05-12T07:35:03.5831353Z" />
			<EventRecordID>
				958
			</EventRecordID>
			<Correlation />
			<Execution ProcessID="2868" ThreadID="5544" />
			<Channel>
				Microsoft-Windows-Sysmon/Operational
			</Channel>
			<Computer>
				DESKTOP-0QN63TJ
			</Computer>
			<Security UserID="S-1-5-18" />
		</System>
		<EventData>
			<Data Name="RuleName">
				-
			</Data>
			<Data Name="UtcTime">
				2023-05-12 07:35:03.582
			</Data>
			<Data Name="ProcessGuid">
				{4158b3ab-ec27-645d-0101-000000000900}
			</Data>
			<Data Name="ProcessId">
				4576
			</Data>
			<Data Name="Image">
				C:\Windows\Microsoft.NET\Framework64\v4.0.30319\mscorsvw.exe
			</Data>
			<Data Name="FileVersion">
				4.8.4320.0 built by: NET48REL1LAST_C
			</Data>
			<Data Name="Description">
				.NET Runtime Optimization Service
			</Data>
			<Data Name="Product">
				Microsoft® .NET Framework
			</Data>
			<Data Name="Company">
				Microsoft Corporation
			</Data>
			<Data Name="OriginalFileName">
				mscorsvw.exe
			</Data>
			<Data Name="CommandLine">
				C:\Windows\Microsoft.NET\Framework64\v4.0.30319\mscorsvw.exe -StartupEvent 2bc -InterruptEvent 0 -NGENProcess 320 -Pipe 310 -Comment "NGen Worker Process"
			</Data>
			<Data Name="CurrentDirectory">
				C:\Windows\system32\
			</Data>
			<Data Name="User">
				NT AUTHORITY\SYSTEM
			</Data>
			<Data Name="LogonGuid">
				{4158b3ab-e9ab-645d-e703-000000000000}
			</Data>
			<Data Name="LogonId">
				0x3e7
			</Data>
			<Data Name="TerminalSessionId">
				0
			</Data>
			<Data Name="IntegrityLevel">
				System
			</Data>
			<Data Name="Hashes">
				SHA256=DA1087BA2641EFD77D85E5838AEB6C333E80CAA9F24C889FD2DE2E0B58F8D1A5
			</Data>
			<Data Name="ParentProcessGuid">
				{4158b3ab-ec23-645d-ef00-000000000900}
			</Data>
			<Data Name="ParentProcessId">
				2500
			</Data>
			<Data Name="ParentImage">
				C:\Windows\Microsoft.NET\Framework64\v4.0.30319\ngen.exe
			</Data>
			<Data Name="ParentCommandLine">
				"C:\Windows\Microsoft.NET\Framework64\v4.0.30319\ngen.exe" ExecuteQueuedItems /LegacyServiceBehavior
			</Data>
			<Data Name="ParentUser">
				NT AUTHORITY\SYSTEM
			</Data>
		</EventData>
	</Event>
	<Event xmlns="http://schemas.microsoft.com/win/2004/08/events/event">
		<System>
			<Provider Name="Microsoft-Windows-Sysmon" Guid="{5770385f-c22a-43e0-bf4c-06f5698ffbd9}" />
			<EventID>
				3
			</EventID>
			<Version>
				5
			</Version>
			<Level>
				4
			</Level>
			<Task>
				3
			</Task>
			<Opcode>
				0
			</Opcode>
			<Keywords>
				0x8000000000000000
			</Keywords>
			<TimeCreated SystemTime="2023-05-12T07:35:03.4948549Z" />
			<EventRecordID>
				957
			</EventRecordID>
			<Correlation />
			<Execution ProcessID="2868" ThreadID="4544" />
			<Channel>
				Microsoft-Windows-Sysmon/Operational
			</Channel>
			<Computer>
				DESKTOP-0QN63TJ
			</Computer>
			<Security UserID="S-1-5-18" />
		</System>
		<EventData>
			<Data Name="RuleName">
				-
			</Data>
			<Data Name="UtcTime">
				2023-05-12 07:35:02.359
			</Data>
			<Data Name="ProcessGuid">
				{4158b3ab-e9ae-645d-3400-000000000900}
			</Data>
			<Data Name="ProcessId">
				2148
			</Data>
			<Data Name="Image">
				C:\Windows\System32\svchost.exe
			</Data>
			<Data Name="User">
				NT AUTHORITY\NETWORK SERVICE
			</Data>
			<Data Name="Protocol">
				udp
			</Data>
			<Data Name="Initiated">
				true
			</Data>
			<Data Name="SourceIsIpv6">
				false
			</Data>
			<Data Name="SourceIp">
				192.168.2.202
			</Data>
			<Data Name="SourceHostname">
				DESKTOP-0QN63TJ
			</Data>
			<Data Name="SourcePort">
				59290
			</Data>
			<Data Name="SourcePortName">
				-
			</Data>
			<Data Name="DestinationIsIpv6">
				false
			</Data>
			<Data Name="DestinationIp">
				192.168.2.1
			</Data>
			<Data Name="DestinationHostname">
				router.asus.com
			</Data>
			<Data Name="DestinationPort">
				53
			</Data>
			<Data Name="DestinationPortName">
				domain
			</Data>
		</EventData>
	</Event>
	<Event xmlns="http://schemas.microsoft.com/win/2004/08/events/event">
		<System>
			<Provider Name="Microsoft-Windows-Sysmon" Guid="{5770385f-c22a-43e0-bf4c-06f5698ffbd9}" />
			<EventID>
				3
			</EventID>
			<Version>
				5
			</Version>
			<Level>
				4
			</Level>
			<Task>
				3
			</Task>
			<Opcode>
				0
			</Opcode>
			<Keywords>
				0x8000000000000000
			</Keywords>
			<TimeCreated SystemTime="2023-05-12T07:35:03.4948402Z" />
			<EventRecordID>
				956
			</EventRecordID>
			<Correlation />
			<Execution ProcessID="2868" ThreadID="4544" />
			<Channel>
				Microsoft-Windows-Sysmon/Operational
			</Channel>
			<Computer>
				DESKTOP-0QN63TJ
			</Computer>
			<Security UserID="S-1-5-18" />
		</System>
		<EventData>
			<Data Name="RuleName">
				-
			</Data>
			<Data Name="UtcTime">
				2023-05-12 07:35:01.215
			</Data>
			<Data Name="ProcessGuid">
				{4158b3ab-e9ae-645d-3400-000000000900}
			</Data>
			<Data Name="ProcessId">
				2148
			</Data>
			<Data Name="Image">
				C:\Windows\System32\svchost.exe
			</Data>
			<Data Name="User">
				NT AUTHORITY\NETWORK SERVICE
			</Data>
			<Data Name="Protocol">
				udp
			</Data>
			<Data Name="Initiated">
				true
			</Data>
			<Data Name="SourceIsIpv6">
				false
			</Data>
			<Data Name="SourceIp">
				192.168.2.202
			</Data>
			<Data Name="SourceHostname">
				DESKTOP-0QN63TJ
			</Data>
			<Data Name="SourcePort">
				52942
			</Data>
			<Data Name="SourcePortName">
				-
			</Data>
			<Data Name="DestinationIsIpv6">
				false
			</Data>
			<Data Name="DestinationIp">
				192.168.2.1
			</Data>
			<Data Name="DestinationHostname">
				router.asus.com
			</Data>
			<Data Name="DestinationPort">
				53
			</Data>
			<Data Name="DestinationPortName">
				domain
			</Data>
		</EventData>
	</Event>
	<Event xmlns="http://schemas.microsoft.com/win/2004/08/events/event">
		<System>
			<Provider Name="Microsoft-Windows-Sysmon" Guid="{5770385f-c22a-43e0-bf4c-06f5698ffbd9}" />
			<EventID>
				5
			</EventID>
			<Version>
				3
			</Version>
			<Level>
				4
			</Level>
			<Task>
				5
			</Task>
			<Opcode>
				0
			</Opcode>
			<Keywords>
				0x8000000000000000
			</Keywords>
			<TimeCreated SystemTime="2023-05-12T07:35:03.4695413Z" />
			<EventRecordID>
				955
			</EventRecordID>
			<Correlation />
			<Execution ProcessID="2868" ThreadID="5544" />
			<Channel>
				Microsoft-Windows-Sysmon/Operational
			</Channel>
			<Computer>
				DESKTOP-0QN63TJ
			</Computer>
			<Security UserID="S-1-5-18" />
		</System>
		<EventData>
			<Data Name="RuleName">
				-
			</Data>
			<Data Name="UtcTime">
				2023-05-12 07:35:03.463
			</Data>
			<Data Name="ProcessGuid">
				{4158b3ab-ec27-645d-ff00-000000000900}
			</Data>
			<Data Name="ProcessId">
				5256
			</Data>
			<Data Name="Image">
				C:\Windows\Microsoft.NET\Framework64\v4.0.30319\mscorsvw.exe
			</Data>
			<Data Name="User">
				NT AUTHORITY\SYSTEM
			</Data>
		</EventData>
	</Event>
	<Event xmlns="http://schemas.microsoft.com/win/2004/08/events/event">
		<System>
			<Provider Name="Microsoft-Windows-Sysmon" Guid="{5770385f-c22a-43e0-bf4c-06f5698ffbd9}" />
			<EventID>
				1
			</EventID>
			<Version>
				5
			</Version>
			<Level>
				4
			</Level>
			<Task>
				1
			</Task>
			<Opcode>
				0
			</Opcode>
			<Keywords>
				0x8000000000000000
			</Keywords>
			<TimeCreated SystemTime="2023-05-12T07:35:03.4680646Z" />
			<EventRecordID>
				954
			</EventRecordID>
			<Correlation />
			<Execution ProcessID="2868" ThreadID="5544" />
			<Channel>
				Microsoft-Windows-Sysmon/Operational
			</Channel>
			<Computer>
				DESKTOP-0QN63TJ
			</Computer>
			<Security UserID="S-1-5-18" />
		</System>
		<EventData>
			<Data Name="RuleName">
				-
			</Data>
			<Data Name="UtcTime">
				2023-05-12 07:35:03.462
			</Data>
			<Data Name="ProcessGuid">
				{4158b3ab-ec27-645d-0001-000000000900}
			</Data>
			<Data Name="ProcessId">
				5500
			</Data>
			<Data Name="Image">
				C:\Windows\Microsoft.NET\Framework64\v4.0.30319\mscorsvw.exe
			</Data>
			<Data Name="FileVersion">
				4.8.4320.0 built by: NET48REL1LAST_C
			</Data>
			<Data Name="Description">
				.NET Runtime Optimization Service
			</Data>
			<Data Name="Product">
				Microsoft® .NET Framework
			</Data>
			<Data Name="Company">
				Microsoft Corporation
			</Data>
			<Data Name="OriginalFileName">
				mscorsvw.exe
			</Data>
			<Data Name="CommandLine">
				C:\Windows\Microsoft.NET\Framework64\v4.0.30319\mscorsvw.exe -StartupEvent 2c0 -InterruptEvent 0 -NGENProcess 30c -Pipe 318 -Comment "NGen Worker Process"
			</Data>
			<Data Name="CurrentDirectory">
				C:\Windows\system32\
			</Data>
			<Data Name="User">
				NT AUTHORITY\SYSTEM
			</Data>
			<Data Name="LogonGuid">
				{4158b3ab-e9ab-645d-e703-000000000000}
			</Data>
			<Data Name="LogonId">
				0x3e7
			</Data>
			<Data Name="TerminalSessionId">
				0
			</Data>
			<Data Name="IntegrityLevel">
				System
			</Data>
			<Data Name="Hashes">
				SHA256=DA1087BA2641EFD77D85E5838AEB6C333E80CAA9F24C889FD2DE2E0B58F8D1A5
			</Data>
			<Data Name="ParentProcessGuid">
				{4158b3ab-ec23-645d-ef00-000000000900}
			</Data>
			<Data Name="ParentProcessId">
				2500
			</Data>
			<Data Name="ParentImage">
				C:\Windows\Microsoft.NET\Framework64\v4.0.30319\ngen.exe
			</Data>
			<Data Name="ParentCommandLine">
				"C:\Windows\Microsoft.NET\Framework64\v4.0.30319\ngen.exe" ExecuteQueuedItems /LegacyServiceBehavior
			</Data>
			<Data Name="ParentUser">
				NT AUTHORITY\SYSTEM
			</Data>
		</EventData>
	</Event>
	<Event xmlns="http://schemas.microsoft.com/win/2004/08/events/event">
		<System>
			<Provider Name="Microsoft-Windows-Sysmon" Guid="{5770385f-c22a-43e0-bf4c-06f5698ffbd9}" />
			<EventID>
				5
			</EventID>
			<Version>
				3
			</Version>
			<Level>
				4
			</Level>
			<Task>
				5
			</Task>
			<Opcode>
				0
			</Opcode>
			<Keywords>
				0x8000000000000000
			</Keywords>
			<TimeCreated SystemTime="2023-05-12T07:35:03.1698677Z" />
			<EventRecordID>
				953
			</EventRecordID>
			<Correlation />
			<Execution ProcessID="2868" ThreadID="5544" />
			<Channel>
				Microsoft-Windows-Sysmon/Operational
			</Channel>
			<Computer>
				DESKTOP-0QN63TJ
			</Computer>
			<Security UserID="S-1-5-18" />
		</System>
		<EventData>
			<Data Name="RuleName">
				-
			</Data>
			<Data Name="UtcTime">
				2023-05-12 07:35:03.166
			</Data>
			<Data Name="ProcessGuid">
				{4158b3ab-ec26-645d-fe00-000000000900}
			</Data>
			<Data Name="ProcessId">
				2848
			</Data>
			<Data Name="Image">
				C:\Windows\Microsoft.NET\Framework64\v4.0.30319\mscorsvw.exe
			</Data>
			<Data Name="User">
				NT AUTHORITY\SYSTEM
			</Data>
		</EventData>
	</Event>
	<Event xmlns="http://schemas.microsoft.com/win/2004/08/events/event">
		<System>
			<Provider Name="Microsoft-Windows-Sysmon" Guid="{5770385f-c22a-43e0-bf4c-06f5698ffbd9}" />
			<EventID>
				1
			</EventID>
			<Version>
				5
			</Version>
			<Level>
				4
			</Level>
			<Task>
				1
			</Task>
			<Opcode>
				0
			</Opcode>
			<Keywords>
				0x8000000000000000
			</Keywords>
			<TimeCreated SystemTime="2023-05-12T07:35:03.1545600Z" />
			<EventRecordID>
				952
			</EventRecordID>
			<Correlation />
			<Execution ProcessID="2868" ThreadID="5544" />
			<Channel>
				Microsoft-Windows-Sysmon/Operational
			</Channel>
			<Computer>
				DESKTOP-0QN63TJ
			</Computer>
			<Security UserID="S-1-5-18" />
		</System>
		<EventData>
			<Data Name="RuleName">
				-
			</Data>
			<Data Name="UtcTime">
				2023-05-12 07:35:03.152
			</Data>
			<Data Name="ProcessGuid">
				{4158b3ab-ec27-645d-ff00-000000000900}
			</Data>
			<Data Name="ProcessId">
				5256
			</Data>
			<Data Name="Image">
				C:\Windows\Microsoft.NET\Framework64\v4.0.30319\mscorsvw.exe
			</Data>
			<Data Name="FileVersion">
				4.8.4320.0 built by: NET48REL1LAST_C
			</Data>
			<Data Name="Description">
				.NET Runtime Optimization Service
			</Data>
			<Data Name="Product">
				Microsoft® .NET Framework
			</Data>
			<Data Name="Company">
				Microsoft Corporation
			</Data>
			<Data Name="OriginalFileName">
				mscorsvw.exe
			</Data>
			<Data Name="CommandLine">
				C:\Windows\Microsoft.NET\Framework64\v4.0.30319\mscorsvw.exe -StartupEvent 2f8 -InterruptEvent 0 -NGENProcess 2e8 -Pipe 2b0 -Comment "NGen Worker Process"
			</Data>
			<Data Name="CurrentDirectory">
				C:\Windows\system32\
			</Data>
			<Data Name="User">
				NT AUTHORITY\SYSTEM
			</Data>
			<Data Name="LogonGuid">
				{4158b3ab-e9ab-645d-e703-000000000000}
			</Data>
			<Data Name="LogonId">
				0x3e7
			</Data>
			<Data Name="TerminalSessionId">
				0
			</Data>
			<Data Name="IntegrityLevel">
				System
			</Data>
			<Data Name="Hashes">
				SHA256=DA1087BA2641EFD77D85E5838AEB6C333E80CAA9F24C889FD2DE2E0B58F8D1A5
			</Data>
			<Data Name="ParentProcessGuid">
				{4158b3ab-ec23-645d-ef00-000000000900}
			</Data>
			<Data Name="ParentProcessId">
				2500
			</Data>
			<Data Name="ParentImage">
				C:\Windows\Microsoft.NET\Framework64\v4.0.30319\ngen.exe
			</Data>
			<Data Name="ParentCommandLine">
				"C:\Windows\Microsoft.NET\Framework64\v4.0.30319\ngen.exe" ExecuteQueuedItems /LegacyServiceBehavior
			</Data>
			<Data Name="ParentUser">
				NT AUTHORITY\SYSTEM
			</Data>
		</EventData>
	</Event>
	<Event xmlns="http://schemas.microsoft.com/win/2004/08/events/event">
		<System>
			<Provider Name="Microsoft-Windows-Sysmon" Guid="{5770385f-c22a-43e0-bf4c-06f5698ffbd9}" />
			<EventID>
				5
			</EventID>
			<Version>
				3
			</Version>
			<Level>
				4
			</Level>
			<Task>
				5
			</Task>
			<Opcode>
				0
			</Opcode>
			<Keywords>
				0x8000000000000000
			</Keywords>
			<TimeCreated SystemTime="2023-05-12T07:35:02.9782323Z" />
			<EventRecordID>
				951
			</EventRecordID>
			<Correlation />
			<Execution ProcessID="2868" ThreadID="5544" />
			<Channel>
				Microsoft-Windows-Sysmon/Operational
			</Channel>
			<Computer>
				DESKTOP-0QN63TJ
			</Computer>
			<Security UserID="S-1-5-18" />
		</System>
		<EventData>
			<Data Name="RuleName">
				-
			</Data>
			<Data Name="UtcTime">
				2023-05-12 07:35:02.963
			</Data>
			<Data Name="ProcessGuid">
				{4158b3ab-ec26-645d-fd00-000000000900}
			</Data>
			<Data Name="ProcessId">
				784
			</Data>
			<Data Name="Image">
				C:\Windows\Microsoft.NET\Framework64\v4.0.30319\mscorsvw.exe
			</Data>
			<Data Name="User">
				NT AUTHORITY\SYSTEM
			</Data>
		</EventData>
	</Event>
	<Event xmlns="http://schemas.microsoft.com/win/2004/08/events/event">
		<System>
			<Provider Name="Microsoft-Windows-Sysmon" Guid="{5770385f-c22a-43e0-bf4c-06f5698ffbd9}" />
			<EventID>
				1
			</EventID>
			<Version>
				5
			</Version>
			<Level>
				4
			</Level>
			<Task>
				1
			</Task>
			<Opcode>
				0
			</Opcode>
			<Keywords>
				0x8000000000000000
			</Keywords>
			<TimeCreated SystemTime="2023-05-12T07:35:02.9716802Z" />
			<EventRecordID>
				950
			</EventRecordID>
			<Correlation />
			<Execution ProcessID="2868" ThreadID="5544" />
			<Channel>
				Microsoft-Windows-Sysmon/Operational
			</Channel>
			<Computer>
				DESKTOP-0QN63TJ
			</Computer>
			<Security UserID="S-1-5-18" />
		</System>
		<EventData>
			<Data Name="RuleName">
				-
			</Data>
			<Data Name="UtcTime">
				2023-05-12 07:35:02.970
			</Data>
			<Data Name="ProcessGuid">
				{4158b3ab-ec26-645d-fe00-000000000900}
			</Data>
			<Data Name="ProcessId">
				2848
			</Data>
			<Data Name="Image">
				C:\Windows\Microsoft.NET\Framework64\v4.0.30319\mscorsvw.exe
			</Data>
			<Data Name="FileVersion">
				4.8.4320.0 built by: NET48REL1LAST_C
			</Data>
			<Data Name="Description">
				.NET Runtime Optimization Service
			</Data>
			<Data Name="Product">
				Microsoft® .NET Framework
			</Data>
			<Data Name="Company">
				Microsoft Corporation
			</Data>
			<Data Name="OriginalFileName">
				mscorsvw.exe
			</Data>
			<Data Name="CommandLine">
				C:\Windows\Microsoft.NET\Framework64\v4.0.30319\mscorsvw.exe -StartupEvent 2f4 -InterruptEvent 0 -NGENProcess 2c0 -Pipe 328 -Comment "NGen Worker Process"
			</Data>
			<Data Name="CurrentDirectory">
				C:\Windows\system32\
			</Data>
			<Data Name="User">
				NT AUTHORITY\SYSTEM
			</Data>
			<Data Name="LogonGuid">
				{4158b3ab-e9ab-645d-e703-000000000000}
			</Data>
			<Data Name="LogonId">
				0x3e7
			</Data>
			<Data Name="TerminalSessionId">
				0
			</Data>
			<Data Name="IntegrityLevel">
				System
			</Data>
			<Data Name="Hashes">
				SHA256=DA1087BA2641EFD77D85E5838AEB6C333E80CAA9F24C889FD2DE2E0B58F8D1A5
			</Data>
			<Data Name="ParentProcessGuid">
				{4158b3ab-ec23-645d-ef00-000000000900}
			</Data>
			<Data Name="ParentProcessId">
				2500
			</Data>
			<Data Name="ParentImage">
				C:\Windows\Microsoft.NET\Framework64\v4.0.30319\ngen.exe
			</Data>
			<Data Name="ParentCommandLine">
				"C:\Windows\Microsoft.NET\Framework64\v4.0.30319\ngen.exe" ExecuteQueuedItems /LegacyServiceBehavior
			</Data>
			<Data Name="ParentUser">
				NT AUTHORITY\SYSTEM
			</Data>
		</EventData>
	</Event>
	<Event xmlns="http://schemas.microsoft.com/win/2004/08/events/event">
		<System>
			<Provider Name="Microsoft-Windows-Sysmon" Guid="{5770385f-c22a-43e0-bf4c-06f5698ffbd9}" />
			<EventID>
				5
			</EventID>
			<Version>
				3
			</Version>
			<Level>
				4
			</Level>
			<Task>
				5
			</Task>
			<Opcode>
				0
			</Opcode>
			<Keywords>
				0x8000000000000000
			</Keywords>
			<TimeCreated SystemTime="2023-05-12T07:35:02.3664287Z" />
			<EventRecordID>
				949
			</EventRecordID>
			<Correlation />
			<Execution ProcessID="2868" ThreadID="5544" />
			<Channel>
				Microsoft-Windows-Sysmon/Operational
			</Channel>
			<Computer>
				DESKTOP-0QN63TJ
			</Computer>
			<Security UserID="S-1-5-18" />
		</System>
		<EventData>
			<Data Name="RuleName">
				-
			</Data>
			<Data Name="UtcTime">
				2023-05-12 07:35:02.353
			</Data>
			<Data Name="ProcessGuid">
				{4158b3ab-ec20-645d-ca00-000000000900}
			</Data>
			<Data Name="ProcessId">
				4824
			</Data>
			<Data Name="Image">
				C:\Windows\System32\provtool.exe
			</Data>
			<Data Name="User">
				NT AUTHORITY\SYSTEM
			</Data>
		</EventData>
	</Event>
	<Event xmlns="http://schemas.microsoft.com/win/2004/08/events/event">
		<System>
			<Provider Name="Microsoft-Windows-Sysmon" Guid="{5770385f-c22a-43e0-bf4c-06f5698ffbd9}" />
			<EventID>
				5
			</EventID>
			<Version>
				3
			</Version>
			<Level>
				4
			</Level>
			<Task>
				5
			</Task>
			<Opcode>
				0
			</Opcode>
			<Keywords>
				0x8000000000000000
			</Keywords>
			<TimeCreated SystemTime="2023-05-12T07:35:02.0912560Z" />
			<EventRecordID>
				948
			</EventRecordID>
			<Correlation />
			<Execution ProcessID="2868" ThreadID="5544" />
			<Channel>
				Microsoft-Windows-Sysmon/Operational
			</Channel>
			<Computer>
				DESKTOP-0QN63TJ
			</Computer>
			<Security UserID="S-1-5-18" />
		</System>
		<EventData>
			<Data Name="RuleName">
				-
			</Data>
			<Data Name="UtcTime">
				2023-05-12 07:35:02.088
			</Data>
			<Data Name="ProcessGuid">
				{4158b3ab-ec25-645d-fc00-000000000900}
			</Data>
			<Data Name="ProcessId">
				6844
			</Data>
			<Data Name="Image">
				C:\Windows\Microsoft.NET\Framework64\v4.0.30319\mscorsvw.exe
			</Data>
			<Data Name="User">
				NT AUTHORITY\SYSTEM
			</Data>
		</EventData>
	</Event>
	<Event xmlns="http://schemas.microsoft.com/win/2004/08/events/event">
		<System>
			<Provider Name="Microsoft-Windows-Sysmon" Guid="{5770385f-c22a-43e0-bf4c-06f5698ffbd9}" />
			<EventID>
				1
			</EventID>
			<Version>
				5
			</Version>
			<Level>
				4
			</Level>
			<Task>
				1
			</Task>
			<Opcode>
				0
			</Opcode>
			<Keywords>
				0x8000000000000000
			</Keywords>
			<TimeCreated SystemTime="2023-05-12T07:35:02.0872299Z" />
			<EventRecordID>
				947
			</EventRecordID>
			<Correlation />
			<Execution ProcessID="2868" ThreadID="5544" />
			<Channel>
				Microsoft-Windows-Sysmon/Operational
			</Channel>
			<Computer>
				DESKTOP-0QN63TJ
			</Computer>
			<Security UserID="S-1-5-18" />
		</System>
		<EventData>
			<Data Name="RuleName">
				-
			</Data>
			<Data Name="UtcTime">
				2023-05-12 07:35:02.083
			</Data>
			<Data Name="ProcessGuid">
				{4158b3ab-ec26-645d-fd00-000000000900}
			</Data>
			<Data Name="ProcessId">
				784
			</Data>
			<Data Name="Image">
				C:\Windows\Microsoft.NET\Framework64\v4.0.30319\mscorsvw.exe
			</Data>
			<Data Name="FileVersion">
				4.8.4320.0 built by: NET48REL1LAST_C
			</Data>
			<Data Name="Description">
				.NET Runtime Optimization Service
			</Data>
			<Data Name="Product">
				Microsoft® .NET Framework
			</Data>
			<Data Name="Company">
				Microsoft Corporation
			</Data>
			<Data Name="OriginalFileName">
				mscorsvw.exe
			</Data>
			<Data Name="CommandLine">
				C:\Windows\Microsoft.NET\Framework64\v4.0.30319\mscorsvw.exe -StartupEvent 2c0 -InterruptEvent 0 -NGENProcess 31c -Pipe 2fc -Comment "NGen Worker Process"
			</Data>
			<Data Name="CurrentDirectory">
				C:\Windows\system32\
			</Data>
			<Data Name="User">
				NT AUTHORITY\SYSTEM
			</Data>
			<Data Name="LogonGuid">
				{4158b3ab-e9ab-645d-e703-000000000000}
			</Data>
			<Data Name="LogonId">
				0x3e7
			</Data>
			<Data Name="TerminalSessionId">
				0
			</Data>
			<Data Name="IntegrityLevel">
				System
			</Data>
			<Data Name="Hashes">
				SHA256=DA1087BA2641EFD77D85E5838AEB6C333E80CAA9F24C889FD2DE2E0B58F8D1A5
			</Data>
			<Data Name="ParentProcessGuid">
				{4158b3ab-ec23-645d-ef00-000000000900}
			</Data>
			<Data Name="ParentProcessId">
				2500
			</Data>
			<Data Name="ParentImage">
				C:\Windows\Microsoft.NET\Framework64\v4.0.30319\ngen.exe
			</Data>
			<Data Name="ParentCommandLine">
				"C:\Windows\Microsoft.NET\Framework64\v4.0.30319\ngen.exe" ExecuteQueuedItems /LegacyServiceBehavior
			</Data>
			<Data Name="ParentUser">
				NT AUTHORITY\SYSTEM
			</Data>
		</EventData>
	</Event>
	<Event xmlns="http://schemas.microsoft.com/win/2004/08/events/event">
		<System>
			<Provider Name="Microsoft-Windows-Sysmon" Guid="{5770385f-c22a-43e0-bf4c-06f5698ffbd9}" />
			<EventID>
				5
			</EventID>
			<Version>
				3
			</Version>
			<Level>
				4
			</Level>
			<Task>
				5
			</Task>
			<Opcode>
				0
			</Opcode>
			<Keywords>
				0x8000000000000000
			</Keywords>
			<TimeCreated SystemTime="2023-05-12T07:35:01.9832305Z" />
			<EventRecordID>
				946
			</EventRecordID>
			<Correlation />
			<Execution ProcessID="2868" ThreadID="5544" />
			<Channel>
				Microsoft-Windows-Sysmon/Operational
			</Channel>
			<Computer>
				DESKTOP-0QN63TJ
			</Computer>
			<Security UserID="S-1-5-18" />
		</System>
		<EventData>
			<Data Name="RuleName">
				-
			</Data>
			<Data Name="UtcTime">
				2023-05-12 07:35:01.978
			</Data>
			<Data Name="ProcessGuid">
				{4158b3ab-ec25-645d-fb00-000000000900}
			</Data>
			<Data Name="ProcessId">
				640
			</Data>
			<Data Name="Image">
				C:\Windows\Microsoft.NET\Framework64\v4.0.30319\mscorsvw.exe
			</Data>
			<Data Name="User">
				NT AUTHORITY\SYSTEM
			</Data>
		</EventData>
	</Event>
	<Event xmlns="http://schemas.microsoft.com/win/2004/08/events/event">
		<System>
			<Provider Name="Microsoft-Windows-Sysmon" Guid="{5770385f-c22a-43e0-bf4c-06f5698ffbd9}" />
			<EventID>
				1
			</EventID>
			<Version>
				5
			</Version>
			<Level>
				4
			</Level>
			<Task>
				1
			</Task>
			<Opcode>
				0
			</Opcode>
			<Keywords>
				0x8000000000000000
			</Keywords>
			<TimeCreated SystemTime="2023-05-12T07:35:01.9808158Z" />
			<EventRecordID>
				945
			</EventRecordID>
			<Correlation />
			<Execution ProcessID="2868" ThreadID="5544" />
			<Channel>
				Microsoft-Windows-Sysmon/Operational
			</Channel>
			<Computer>
				DESKTOP-0QN63TJ
			</Computer>
			<Security UserID="S-1-5-18" />
		</System>
		<EventData>
			<Data Name="RuleName">
				-
			</Data>
			<Data Name="UtcTime">
				2023-05-12 07:35:01.973
			</Data>
			<Data Name="ProcessGuid">
				{4158b3ab-ec25-645d-fc00-000000000900}
			</Data>
			<Data Name="ProcessId">
				6844
			</Data>
			<Data Name="Image">
				C:\Windows\Microsoft.NET\Framework64\v4.0.30319\mscorsvw.exe
			</Data>
			<Data Name="FileVersion">
				4.8.4320.0 built by: NET48REL1LAST_C
			</Data>
			<Data Name="Description">
				.NET Runtime Optimization Service
			</Data>
			<Data Name="Product">
				Microsoft® .NET Framework
			</Data>
			<Data Name="Company">
				Microsoft Corporation
			</Data>
			<Data Name="OriginalFileName">
				mscorsvw.exe
			</Data>
			<Data Name="CommandLine">
				C:\Windows\Microsoft.NET\Framework64\v4.0.30319\mscorsvw.exe -StartupEvent 300 -InterruptEvent 0 -NGENProcess 2e8 -Pipe 2f0 -Comment "NGen Worker Process"
			</Data>
			<Data Name="CurrentDirectory">
				C:\Windows\system32\
			</Data>
			<Data Name="User">
				NT AUTHORITY\SYSTEM
			</Data>
			<Data Name="LogonGuid">
				{4158b3ab-e9ab-645d-e703-000000000000}
			</Data>
			<Data Name="LogonId">
				0x3e7
			</Data>
			<Data Name="TerminalSessionId">
				0
			</Data>
			<Data Name="IntegrityLevel">
				System
			</Data>
			<Data Name="Hashes">
				SHA256=DA1087BA2641EFD77D85E5838AEB6C333E80CAA9F24C889FD2DE2E0B58F8D1A5
			</Data>
			<Data Name="ParentProcessGuid">
				{4158b3ab-ec23-645d-ef00-000000000900}
			</Data>
			<Data Name="ParentProcessId">
				2500
			</Data>
			<Data Name="ParentImage">
				C:\Windows\Microsoft.NET\Framework64\v4.0.30319\ngen.exe
			</Data>
			<Data Name="ParentCommandLine">
				"C:\Windows\Microsoft.NET\Framework64\v4.0.30319\ngen.exe" ExecuteQueuedItems /LegacyServiceBehavior
			</Data>
			<Data Name="ParentUser">
				NT AUTHORITY\SYSTEM
			</Data>
		</EventData>
	</Event>
	<Event xmlns="http://schemas.microsoft.com/win/2004/08/events/event">
		<System>
			<Provider Name="Microsoft-Windows-Sysmon" Guid="{5770385f-c22a-43e0-bf4c-06f5698ffbd9}" />
			<EventID>
				5
			</EventID>
			<Version>
				3
			</Version>
			<Level>
				4
			</Level>
			<Task>
				5
			</Task>
			<Opcode>
				0
			</Opcode>
			<Keywords>
				0x8000000000000000
			</Keywords>
			<TimeCreated SystemTime="2023-05-12T07:35:01.5715608Z" />
			<EventRecordID>
				944
			</EventRecordID>
			<Correlation />
			<Execution ProcessID="2868" ThreadID="5544" />
			<Channel>
				Microsoft-Windows-Sysmon/Operational
			</Channel>
			<Computer>
				DESKTOP-0QN63TJ
			</Computer>
			<Security UserID="S-1-5-18" />
		</System>
		<EventData>
			<Data Name="RuleName">
				-
			</Data>
			<Data Name="UtcTime">
				2023-05-12 07:35:01.557
			</Data>
			<Data Name="ProcessGuid">
				{4158b3ab-ec25-645d-fa00-000000000900}
			</Data>
			<Data Name="ProcessId">
				5840
			</Data>
			<Data Name="Image">
				C:\Windows\Microsoft.NET\Framework64\v4.0.30319\mscorsvw.exe
			</Data>
			<Data Name="User">
				NT AUTHORITY\SYSTEM
			</Data>
		</EventData>
	</Event>
	