<Event xmlns="http://schemas.microsoft.com/win/2004/08/events/event">
		<System>
			<Provider Name="Microsoft-Windows-Sysmon" Guid="{5770385f-c22a-43e0-bf4c-06f5698ffbd9}" />
			<EventID>
				1
			</EventID>
			<Version>
				5
			</Version>
			<Level>
				4
			</Level>
			<Task>
				1
			</Task>
			<Opcode>
				0
			</Opcode>
			<Keywords>
				0x8000000000000000
			</Keywords>
			<TimeCreated SystemTime="2023-05-12T09:14:04.2372647Z" />
			<EventRecordID>
				1729
			</EventRecordID>
			<Correlation />
			<Execution ProcessID="2868" ThreadID="5544" />
			<Channel>
				Microsoft-Windows-Sysmon/Operational
			</Channel>
			<Computer>
				DESKTOP-0QN63TJ
			</Computer>
			<Security UserID="S-1-5-18" />
		</System>
		<EventData>
			<Data Name="RuleName">
				-
			</Data>
			<Data Name="UtcTime">
				2023-05-12 09:14:04.236
			</Data>
			<Data Name="ProcessGuid">
				{4158b3ab-035c-645e-e001-000000000900}
			</Data>
			<Data Name="ProcessId">
				2600
			</Data>
			<Data Name="Image">
				C:\Windows\System32\svchost.exe
			</Data>
			<Data Name="FileVersion">
				10.0.19041.1806 (WinBuild.160101.0800)
			</Data>
			<Data Name="Description">
				Host Process for Windows Services
			</Data>
			<Data Name="Product">
				Microsoft® Windows® Operating System
			</Data>
			<Data Name="Company">
				Microsoft Corporation
			</Data>
			<Data Name="OriginalFileName">
				svchost.exe
			</Data>
			<Data Name="CommandLine">
				C:\Windows\system32\svchost.exe -k appmodel -p -s camsvc
			</Data>
			<Data Name="CurrentDirectory">
				C:\Windows\system32\
			</Data>
			<Data Name="User">
				NT AUTHORITY\SYSTEM
			</Data>
			<Data Name="LogonGuid">
				{4158b3ab-e9ab-645d-e703-000000000000}
			</Data>
			<Data Name="LogonId">
				0x3e7
			</Data>
			<Data Name="TerminalSessionId">
				0
			</Data>
			<Data Name="IntegrityLevel">
				System
			</Data>
			<Data Name="Hashes">
				SHA256=ADD683A6910ABBBF0E28B557FAD0BA998166394932AE2ACA069D9AA19EA8FE88
			</Data>
			<Data Name="ParentProcessGuid">
				{00000000-0000-0000-0000-000000000000}
			</Data>
			<Data Name="ParentProcessId">
				644
			</Data>
			<Data Name="ParentImage">
				-
			</Data>
			<Data Name="ParentCommandLine">
				-
			</Data>
			<Data Name="ParentUser">
				-
			</Data>
		</EventData>
	</Event>
	<Event xmlns="http://schemas.microsoft.com/win/2004/08/events/event">
		<System>
			<Provider Name="Microsoft-Windows-Sysmon" Guid="{5770385f-c22a-43e0-bf4c-06f5698ffbd9}" />
			<EventID>
				1
			</EventID>
			<Version>
				5
			</Version>
			<Level>
				4
			</Level>
			<Task>
				1
			</Task>
			<Opcode>
				0
			</Opcode>
			<Keywords>
				0x8000000000000000
			</Keywords>
			<TimeCreated SystemTime="2023-05-12T09:14:04.2247989Z" />
			<EventRecordID>
				1728
			</EventRecordID>
			<Correlation />
			<Execution ProcessID="2868" ThreadID="5544" />
			<Channel>
				Microsoft-Windows-Sysmon/Operational
			</Channel>
			<Computer>
				DESKTOP-0QN63TJ
			</Computer>
			<Security UserID="S-1-5-18" />
		</System>
		<EventData>
			<Data Name="RuleName">
				-
			</Data>
			<Data Name="UtcTime">
				2023-05-12 09:14:04.222
			</Data>
			<Data Name="ProcessGuid">
				{4158b3ab-035c-645e-df01-000000000900}
			</Data>
			<Data Name="ProcessId">
				2564
			</Data>
			<Data Name="Image">
				C:\Windows\System32\taskhostw.exe
			</Data>
			<Data Name="FileVersion">
				10.0.19041.1865 (WinBuild.160101.0800)
			</Data>
			<Data Name="Description">
				Host Process for Windows Tasks
			</Data>
			<Data Name="Product">
				Microsoft® Windows® Operating System
			</Data>
			<Data Name="Company">
				Microsoft Corporation
			</Data>
			<Data Name="OriginalFileName">
				taskhostw.exe
			</Data>
			<Data Name="CommandLine">
				taskhostw.exe NGCKeyPregen
			</Data>
			<Data Name="CurrentDirectory">
				C:\Windows\system32\
			</Data>
			<Data Name="User">
				NT AUTHORITY\SYSTEM
			</Data>
			<Data Name="LogonGuid">
				{4158b3ab-e9ab-645d-e703-000000000000}
			</Data>
			<Data Name="LogonId">
				0x3e7
			</Data>
			<Data Name="TerminalSessionId">
				0
			</Data>
			<Data Name="IntegrityLevel">
				System
			</Data>
			<Data Name="Hashes">
				SHA256=E63709209D09BC0247E785F075DDB28A98C348206109E2B8BA321AD958402728
			</Data>
			<Data Name="ParentProcessGuid">
				{00000000-0000-0000-0000-000000000000}
			</Data>
			<Data Name="ParentProcessId">
				1204
			</Data>
			<Data Name="ParentImage">
				-
			</Data>
			<Data Name="ParentCommandLine">
				-
			</Data>
			<Data Name="ParentUser">
				-
			</Data>
		</EventData>
	</Event>
	<Event xmlns="http://schemas.microsoft.com/win/2004/08/events/event">
		<System>
			<Provider Name="Microsoft-Windows-Sysmon" Guid="{5770385f-c22a-43e0-bf4c-06f5698ffbd9}" />
			<EventID>
				1
			</EventID>
			<Version>
				5
			</Version>
			<Level>
				4
			</Level>
			<Task>
				1
			</Task>
			<Opcode>
				0
			</Opcode>
			<Keywords>
				0x8000000000000000
			</Keywords>
			<TimeCreated SystemTime="2023-05-12T09:13:55.5352218Z" />
			<EventRecordID>
				1727
			</EventRecordID>
			<Correlation />
			<Execution ProcessID="2868" ThreadID="5544" />
			<Channel>
				Microsoft-Windows-Sysmon/Operational
			</Channel>
			<Computer>
				DESKTOP-0QN63TJ
			</Computer>
			<Security UserID="S-1-5-18" />
		</System>
		<EventData>
			<Data Name="RuleName">
				-
			</Data>
			<Data Name="UtcTime">
				2023-05-12 09:13:55.534
			</Data>
			<Data Name="ProcessGuid">
				{4158b3ab-0353-645e-de01-000000000900}
			</Data>
			<Data Name="ProcessId">
				6280
			</Data>
			<Data Name="Image">
				C:\Windows\System32\smartscreen.exe
			</Data>
			<Data Name="FileVersion">
				10.0.19041.2913 (WinBuild.160101.0800)
			</Data>
			<Data Name="Description">
				Windows Defender SmartScreen
			</Data>
			<Data Name="Product">
				Microsoft® Windows® Operating System
			</Data>
			<Data Name="Company">
				Microsoft Corporation
			</Data>
			<Data Name="OriginalFileName">
				smartscreen.exe
			</Data>
			<Data Name="CommandLine">
				C:\Windows\System32\smartscreen.exe -Embedding
			</Data>
			<Data Name="CurrentDirectory">
				C:\Windows\system32\
			</Data>
			<Data Name="User">
				DESKTOP-0QN63TJ\me
			</Data>
			<Data Name="LogonGuid">
				{4158b3ab-e9b0-645d-120f-020000000000}
			</Data>
			<Data Name="LogonId">
				0x20f12
			</Data>
			<Data Name="TerminalSessionId">
				1
			</Data>
			<Data Name="IntegrityLevel">
				Medium
			</Data>
			<Data Name="Hashes">
				SHA256=5402CEFB8E7351079FC73A247056AF66678560568486DE484374213B643B4FBE
			</Data>
			<Data Name="ParentProcessGuid">
				{00000000-0000-0000-0000-000000000000}
			</Data>
			<Data Name="ParentProcessId">
				772
			</Data>
			<Data Name="ParentImage">
				-
			</Data>
			<Data Name="ParentCommandLine">
				-
			</Data>
			<Data Name="ParentUser">
				-
			</Data>
		</EventData>
	</Event>
	<Event xmlns="http://schemas.microsoft.com/win/2004/08/events/event">
		<System>
			<Provider Name="Microsoft-Windows-Sysmon" Guid="{5770385f-c22a-43e0-bf4c-06f5698ffbd9}" />
			<EventID>
				5
			</EventID>
			<Version>
				3
			</Version>
			<Level>
				4
			</Level>
			<Task>
				5
			</Task>
			<Opcode>
				0
			</Opcode>
			<Keywords>
				0x8000000000000000
			</Keywords>
			<TimeCreated SystemTime="2023-05-12T09:13:28.0754509Z" />
			<EventRecordID>
				1726
			</EventRecordID>
			<Correlation />
			<Execution ProcessID="2868" ThreadID="5544" />
			<Channel>
				Microsoft-Windows-Sysmon/Operational
			</Channel>
			<Computer>
				DESKTOP-0QN63TJ
			</Computer>
			<Security UserID="S-1-5-18" />
		</System>
		<EventData>
			<Data Name="RuleName">
				-
			</Data>
			<Data Name="UtcTime">
				2023-05-12 09:13:28.064
			</Data>
			<Data Name="ProcessGuid">
				{4158b3ab-eaa8-645d-b100-000000000900}
			</Data>
			<Data Name="ProcessId">
				5428
			</Data>
			<Data Name="Image">
				C:\Windows\System32\svchost.exe
			</Data>
			<Data Name="User">
				NT AUTHORITY\SYSTEM
			</Data>
		</EventData>
	</Event>
	<Event xmlns="http://schemas.microsoft.com/win/2004/08/events/event">
		<System>
			<Provider Name="Microsoft-Windows-Sysmon" Guid="{5770385f-c22a-43e0-bf4c-06f5698ffbd9}" />
			<EventID>
				5
			</EventID>
			<Version>
				3
			</Version>
			<Level>
				4
			</Level>
			<Task>
				5
			</Task>
			<Opcode>
				0
			</Opcode>
			<Keywords>
				0x8000000000000000
			</Keywords>
			<TimeCreated SystemTime="2023-05-12T09:12:19.5548001Z" />
			<EventRecordID>
				1725
			</EventRecordID>
			<Correlation />
			<Execution ProcessID="2868" ThreadID="5544" />
			<Channel>
				Microsoft-Windows-Sysmon/Operational
			</Channel>
			<Computer>
				DESKTOP-0QN63TJ
			</Computer>
			<Security UserID="S-1-5-18" />
		</System>
		<EventData>
			<Data Name="RuleName">
				-
			</Data>
			<Data Name="UtcTime">
				2023-05-12 09:12:19.547
			</Data>
			<Data Name="ProcessGuid">
				{4158b3ab-f0bc-645d-a201-000000000900}
			</Data>
			<Data Name="ProcessId">
				3444
			</Data>
			<Data Name="Image">
				C:\Windows\System32\svchost.exe
			</Data>
			<Data Name="User">
				NT AUTHORITY\SYSTEM
			</Data>
		</EventData>
	</Event>
	<Event xmlns="http://schemas.microsoft.com/win/2004/08/events/event">
		<System>
			<Provider Name="Microsoft-Windows-Sysmon" Guid="{5770385f-c22a-43e0-bf4c-06f5698ffbd9}" />
			<EventID>
				5
			</EventID>
			<Version>
				3
			</Version>
			<Level>
				4
			</Level>
			<Task>
				5
			</Task>
			<Opcode>
				0
			</Opcode>
			<Keywords>
				0x8000000000000000
			</Keywords>
			<TimeCreated SystemTime="2023-05-12T09:12:02.7429071Z" />
			<EventRecordID>
				1724
			</EventRecordID>
			<Correlation />
			<Execution ProcessID="2868" ThreadID="5544" />
			<Channel>
				Microsoft-Windows-Sysmon/Operational
			</Channel>
			<Computer>
				DESKTOP-0QN63TJ
			</Computer>
			<Security UserID="S-1-5-18" />
		</System>
		<EventData>
			<Data Name="RuleName">
				-
			</Data>
			<Data Name="UtcTime">
				2023-05-12 09:12:02.735
			</Data>
			<Data Name="ProcessGuid">
				{4158b3ab-02c8-645e-da01-000000000900}
			</Data>
			<Data Name="ProcessId">
				364
			</Data>
			<Data Name="Image">
				C:\Windows\System32\conhost.exe
			</Data>
			<Data Name="User">
				DESKTOP-0QN63TJ\me
			</Data>
		</EventData>
	</Event>
	<Event xmlns="http://schemas.microsoft.com/win/2004/08/events/event">
		<System>
			<Provider Name="Microsoft-Windows-Sysmon" Guid="{5770385f-c22a-43e0-bf4c-06f5698ffbd9}" />
			<EventID>
				5
			</EventID>
			<Version>
				3
			</Version>
			<Level>
				4
			</Level>
			<Task>
				5
			</Task>
			<Opcode>
				0
			</Opcode>
			<Keywords>
				0x8000000000000000
			</Keywords>
			<TimeCreated SystemTime="2023-05-12T09:12:02.7394339Z" />
			<EventRecordID>
				1723
			</EventRecordID>
			<Correlation />
			<Execution ProcessID="2868" ThreadID="5544" />
			<Channel>
				Microsoft-Windows-Sysmon/Operational
			</Channel>
			<Computer>
				DESKTOP-0QN63TJ
			</Computer>
			<Security UserID="S-1-5-18" />
		</System>
		<EventData>
			<Data Name="RuleName">
				-
			</Data>
			<Data Name="UtcTime">
				2023-05-12 09:12:02.735
			</Data>
			<Data Name="ProcessGuid">
				{4158b3ab-02c8-645e-d901-000000000900}
			</Data>
			<Data Name="ProcessId">
				5044
			</Data>
			<Data Name="Image">
				C:\Program Files\Wireshark\dumpcap.exe
			</Data>
			<Data Name="User">
				DESKTOP-0QN63TJ\me
			</Data>
		</EventData>
	</Event>
	<Event xmlns="http://schemas.microsoft.com/win/2004/08/events/event">
		<System>
			<Provider Name="Microsoft-Windows-Sysmon" Guid="{5770385f-c22a-43e0-bf4c-06f5698ffbd9}" />
			<EventID>
				3
			</EventID>
			<Version>
				5
			</Version>
			<Level>
				4
			</Level>
			<Task>
				3
			</Task>
			<Opcode>
				0
			</Opcode>
			<Keywords>
				0x8000000000000000
			</Keywords>
			<TimeCreated SystemTime="2023-05-12T09:11:53.3135032Z" />
			<EventRecordID>
				1722
			</EventRecordID>
			<Correlation />
			<Execution ProcessID="2868" ThreadID="4544" />
			<Channel>
				Microsoft-Windows-Sysmon/Operational
			</Channel>
			<Computer>
				DESKTOP-0QN63TJ
			</Computer>
			<Security UserID="S-1-5-18" />
		</System>
		<EventData>
			<Data Name="RuleName">
				-
			</Data>
			<Data Name="UtcTime">
				2023-05-12 09:11:52.164
			</Data>
			<Data Name="ProcessGuid">
				{4158b3ab-02cd-645e-dc01-000000000900}
			</Data>
			<Data Name="ProcessId">
				5144
			</Data>
			<Data Name="Image">
				C:\Program Files (x86)\Internet Explorer\iexplore.exe
			</Data>
			<Data Name="User">
				DESKTOP-0QN63TJ\me
			</Data>
			<Data Name="Protocol">
				tcp
			</Data>
			<Data Name="Initiated">
				true
			</Data>
			<Data Name="SourceIsIpv6">
				false
			</Data>
			<Data Name="SourceIp">
				192.168.2.202
			</Data>
			<Data Name="SourceHostname">
				DESKTOP-0QN63TJ
			</Data>
			<Data Name="SourcePort">
				55700
			</Data>
			<Data Name="SourcePortName">
				-
			</Data>
			<Data Name="DestinationIsIpv6">
				false
			</Data>
			<Data Name="DestinationIp">
				204.79.197.200
			</Data>
			<Data Name="DestinationHostname">
				a-0001.a-msedge.net
			</Data>
			<Data Name="DestinationPort">
				443
			</Data>
			<Data Name="DestinationPortName">
				https
			</Data>
		</EventData>
	</Event>
	<Event xmlns="http://schemas.microsoft.com/win/2004/08/events/event">
		<System>
			<Provider Name="Microsoft-Windows-Sysmon" Guid="{5770385f-c22a-43e0-bf4c-06f5698ffbd9}" />
			<EventID>
				3
			</EventID>
			<Version>
				5
			</Version>
			<Level>
				4
			</Level>
			<Task>
				3
			</Task>
			<Opcode>
				0
			</Opcode>
			<Keywords>
				0x8000000000000000
			</Keywords>
			<TimeCreated SystemTime="2023-05-12T09:11:53.3134943Z" />
			<EventRecordID>
				1721
			</EventRecordID>
			<Correlation />
			<Execution ProcessID="2868" ThreadID="4544" />
			<Channel>
				Microsoft-Windows-Sysmon/Operational
			</Channel>
			<Computer>
				DESKTOP-0QN63TJ
			</Computer>
			<Security UserID="S-1-5-18" />
		</System>
		<EventData>
			<Data Name="RuleName">
				-
			</Data>
			<Data Name="UtcTime">
				2023-05-12 09:11:52.154
			</Data>
			<Data Name="ProcessGuid">
				{4158b3ab-02cd-645e-dc01-000000000900}
			</Data>
			<Data Name="ProcessId">
				5144
			</Data>
			<Data Name="Image">
				C:\Program Files (x86)\Internet Explorer\iexplore.exe
			</Data>
			<Data Name="User">
				DESKTOP-0QN63TJ\me
			</Data>
			<Data Name="Protocol">
				tcp
			</Data>
			<Data Name="Initiated">
				true
			</Data>
			<Data Name="SourceIsIpv6">
				false
			</Data>
			<Data Name="SourceIp">
				192.168.2.202
			</Data>
			<Data Name="SourceHostname">
				DESKTOP-0QN63TJ
			</Data>
			<Data Name="SourcePort">
				55699
			</Data>
			<Data Name="SourcePortName">
				-
			</Data>
			<Data Name="DestinationIsIpv6">
				false
			</Data>
			<Data Name="DestinationIp">
				204.79.197.200
			</Data>
			<Data Name="DestinationHostname">
				a-0001.a-msedge.net
			</Data>
			<Data Name="DestinationPort">
				443
			</Data>
			<Data Name="DestinationPortName">
				https
			</Data>
		</EventData>
	</Event>
	<Event xmlns="http://schemas.microsoft.com/win/2004/08/events/event">
		<System>
			<Provider Name="Microsoft-Windows-Sysmon" Guid="{5770385f-c22a-43e0-bf4c-06f5698ffbd9}" />
			<EventID>
				3
			</EventID>
			<Version>
				5
			</Version>
			<Level>
				4
			</Level>
			<Task>
				3
			</Task>
			<Opcode>
				0
			</Opcode>
			<Keywords>
				0x8000000000000000
			</Keywords>
			<TimeCreated SystemTime="2023-05-12T09:11:53.3134743Z" />
			<EventRecordID>
				1720
			</EventRecordID>
			<Correlation />
			<Execution ProcessID="2868" ThreadID="4544" />
			<Channel>
				Microsoft-Windows-Sysmon/Operational
			</Channel>
			<Computer>
				DESKTOP-0QN63TJ
			</Computer>
			<Security UserID="S-1-5-18" />
		</System>
		<EventData>
			<Data Name="RuleName">
				-
			</Data>
			<Data Name="UtcTime">
				2023-05-12 09:11:52.075
			</Data>
			<Data Name="ProcessGuid">
				{4158b3ab-e9ae-645d-3400-000000000900}
			</Data>
			<Data Name="ProcessId">
				2148
			</Data>
			<Data Name="Image">
				C:\Windows\System32\svchost.exe
			</Data>
			<Data Name="User">
				NT AUTHORITY\NETWORK SERVICE
			</Data>
			<Data Name="Protocol">
				udp
			</Data>
			<Data Name="Initiated">
				true
			</Data>
			<Data Name="SourceIsIpv6">
				false
			</Data>
			<Data Name="SourceIp">
				192.168.2.202
			</Data>
			<Data Name="SourceHostname">
				DESKTOP-0QN63TJ
			</Data>
			<Data Name="SourcePort">
				61061
			</Data>
			<Data Name="SourcePortName">
				-
			</Data>
			<Data Name="DestinationIsIpv6">
				false
			</Data>
			<Data Name="DestinationIp">
				192.168.2.1
			</Data>
			<Data Name="DestinationHostname">
				router.asus.com
			</Data>
			<Data Name="DestinationPort">
				53
			</Data>
			<Data Name="DestinationPortName">
				domain
			</Data>
		</EventData>
	</Event>
	<Event xmlns="http://schemas.microsoft.com/win/2004/08/events/event">
		<System>
			<Provider Name="Microsoft-Windows-Sysmon" Guid="{5770385f-c22a-43e0-bf4c-06f5698ffbd9}" />
			<EventID>
				3
			</EventID>
			<Version>
				5
			</Version>
			<Level>
				4
			</Level>
			<Task>
				3
			</Task>
			<Opcode>
				0
			</Opcode>
			<Keywords>
				0x8000000000000000
			</Keywords>
			<TimeCreated SystemTime="2023-05-12T09:11:51.5009877Z" />
			<EventRecordID>
				1719
			</EventRecordID>
			<Correlation />
			<Execution ProcessID="2868" ThreadID="4544" />
			<Channel>
				Microsoft-Windows-Sysmon/Operational
			</Channel>
			<Computer>
				DESKTOP-0QN63TJ
			</Computer>
			<Security UserID="S-1-5-18" />
		</System>
		<EventData>
			<Data Name="RuleName">
				-
			</Data>
			<Data Name="UtcTime">
				2023-05-12 09:11:50.314
			</Data>
			<Data Name="ProcessGuid">
				{4158b3ab-e9a8-645d-eb03-000000000000}
			</Data>
			<Data Name="ProcessId">
				4
			</Data>
			<Data Name="Image">
				System
			</Data>
			<Data Name="User">
				NT AUTHORITY\SYSTEM
			</Data>
			<Data Name="Protocol">
				udp
			</Data>
			<Data Name="Initiated">
				true
			</Data>
			<Data Name="SourceIsIpv6">
				false
			</Data>
			<Data Name="SourceIp">
				192.168.2.202
			</Data>
			<Data Name="SourceHostname">
				DESKTOP-0QN63TJ
			</Data>
			<Data Name="SourcePort">
				137
			</Data>
			<Data Name="SourcePortName">
				netbios-ns
			</Data>
			<Data Name="DestinationIsIpv6">
				false
			</Data>
			<Data Name="DestinationIp">
				20.190.160.12
			</Data>
			<Data Name="DestinationHostname">
				-
			</Data>
			<Data Name="DestinationPort">
				137
			</Data>
			<Data Name="DestinationPortName">
				netbios-ns
			</Data>
		</EventData>
	</Event>
	<Event xmlns="http://schemas.microsoft.com/win/2004/08/events/event">
		<System>
			<Provider Name="Microsoft-Windows-Sysmon" Guid="{5770385f-c22a-43e0-bf4c-06f5698ffbd9}" />
			<EventID>
				3
			</EventID>
			<Version>
				5
			</Version>
			<Level>
				4
			</Level>
			<Task>
				3
			</Task>
			<Opcode>
				0
			</Opcode>
			<Keywords>
				0x8000000000000000
			</Keywords>
			<TimeCreated SystemTime="2023-05-12T09:11:51.5009682Z" />
			<EventRecordID>
				1718
			</EventRecordID>
			<Correlation />
			<Execution ProcessID="2868" ThreadID="4544" />
			<Channel>
				Microsoft-Windows-Sysmon/Operational
			</Channel>
			<Computer>
				DESKTOP-0QN63TJ
			</Computer>
			<Security UserID="S-1-5-18" />
		</System>
		<EventData>
			<Data Name="RuleName">
				-
			</Data>
			<Data Name="UtcTime">
				2023-05-12 09:11:50.301
			</Data>
			<Data Name="ProcessGuid">
				{4158b3ab-e9ae-645d-3400-000000000900}
			</Data>
			<Data Name="ProcessId">
				2148
			</Data>
			<Data Name="Image">
				C:\Windows\System32\svchost.exe
			</Data>
			<Data Name="User">
				NT AUTHORITY\NETWORK SERVICE
			</Data>
			<Data Name="Protocol">
				udp
			</Data>
			<Data Name="Initiated">
				true
			</Data>
			<Data Name="SourceIsIpv6">
				false
			</Data>
			<Data Name="SourceIp">
				192.168.2.202
			</Data>
			<Data Name="SourceHostname">
				DESKTOP-0QN63TJ
			</Data>
			<Data Name="SourcePort">
				56275
			</Data>
			<Data Name="SourcePortName">
				-
			</Data>
			<Data Name="DestinationIsIpv6">
				false
			</Data>
			<Data Name="DestinationIp">
				192.168.2.1
			</Data>
			<Data Name="DestinationHostname">
				router.asus.com
			</Data>
			<Data Name="DestinationPort">
				53
			</Data>
			<Data Name="DestinationPortName">
				domain
			</Data>
		</EventData>
	</Event>
	<Event xmlns="http://schemas.microsoft.com/win/2004/08/events/event">
		<System>
			<Provider Name="Microsoft-Windows-Sysmon" Guid="{5770385f-c22a-43e0-bf4c-06f5698ffbd9}" />
			<EventID>
				3
			</EventID>
			<Version>
				5
			</Version>
			<Level>
				4
			</Level>
			<Task>
				3
			</Task>
			<Opcode>
				0
			</Opcode>
			<Keywords>
				0x8000000000000000
			</Keywords>
			<TimeCreated SystemTime="2023-05-12T09:11:50.4555388Z" />
			<EventRecordID>
				1717
			</EventRecordID>
			<Correlation />
			<Execution ProcessID="2868" ThreadID="4544" />
			<Channel>
				Microsoft-Windows-Sysmon/Operational
			</Channel>
			<Computer>
				DESKTOP-0QN63TJ
			</Computer>
			<Security UserID="S-1-5-18" />
		</System>
		<EventData>
			<Data Name="RuleName">
				-
			</Data>
			<Data Name="UtcTime">
				2023-05-12 09:11:49.335
			</Data>
			<Data Name="ProcessGuid">
				{4158b3ab-e9ae-645d-3400-000000000900}
			</Data>
			<Data Name="ProcessId">
				2148
			</Data>
			<Data Name="Image">
				C:\Windows\System32\svchost.exe
			</Data>
			<Data Name="User">
				NT AUTHORITY\NETWORK SERVICE
			</Data>
			<Data Name="Protocol">
				udp
			</Data>
			<Data Name="Initiated">
				true
			</Data>
			<Data Name="SourceIsIpv6">
				false
			</Data>
			<Data Name="SourceIp">
				192.168.2.202
			</Data>
			<Data Name="SourceHostname">
				DESKTOP-0QN63TJ
			</Data>
			<Data Name="SourcePort">
				64881
			</Data>
			<Data Name="SourcePortName">
				-
			</Data>
			<Data Name="DestinationIsIpv6">
				false
			</Data>
			<Data Name="DestinationIp">
				192.168.2.1
			</Data>
			<Data Name="DestinationHostname">
				router.asus.com
			</Data>
			<Data Name="DestinationPort">
				53
			</Data>
			<Data Name="DestinationPortName">
				domain
			</Data>
		</EventData>
	</Event>
	<Event xmlns="http://schemas.microsoft.com/win/2004/08/events/event">
		<System>
			<Provider Name="Microsoft-Windows-Sysmon" Guid="{5770385f-c22a-43e0-bf4c-06f5698ffbd9}" />
			<EventID>
				3
			</EventID>
			<Version>
				5
			</Version>
			<Level>
				4
			</Level>
			<Task>
				3
			</Task>
			<Opcode>
				0
			</Opcode>
			<Keywords>
				0x8000000000000000
			</Keywords>
			<TimeCreated SystemTime="2023-05-12T09:11:50.4555295Z" />
			<EventRecordID>
				1716
			</EventRecordID>
			<Correlation />
			<Execution ProcessID="2868" ThreadID="4544" />
			<Channel>
				Microsoft-Windows-Sysmon/Operational
			</Channel>
			<Computer>
				DESKTOP-0QN63TJ
			</Computer>
			<Security UserID="S-1-5-18" />
		</System>
		<EventData>
			<Data Name="RuleName">
				-
			</Data>
			<Data Name="UtcTime">
				2023-05-12 09:11:49.188
			</Data>
			<Data Name="ProcessGuid">
				{4158b3ab-02cd-645e-dc01-000000000900}
			</Data>
			<Data Name="ProcessId">
				5144
			</Data>
			<Data Name="Image">
				C:\Program Files (x86)\Internet Explorer\iexplore.exe
			</Data>
			<Data Name="User">
				DESKTOP-0QN63TJ\me
			</Data>
			<Data Name="Protocol">
				tcp
			</Data>
			<Data Name="Initiated">
				true
			</Data>
			<Data Name="SourceIsIpv6">
				false
			</Data>
			<Data Name="SourceIp">
				192.168.2.202
			</Data>
			<Data Name="SourceHostname">
				DESKTOP-0QN63TJ
			</Data>
			<Data Name="SourcePort">
				55698
			</Data>
			<Data Name="SourcePortName">
				-
			</Data>
			<Data Name="DestinationIsIpv6">
				false
			</Data>
			<Data Name="DestinationIp">
				20.190.160.12
			</Data>
			<Data Name="DestinationHostname">
				-
			</Data>
			<Data Name="DestinationPort">
				443
			</Data>
			<Data Name="DestinationPortName">
				https
			</Data>
		</EventData>
	</Event>
	<Event xmlns="http://schemas.microsoft.com/win/2004/08/events/event">
		<System>
			<Provider Name="Microsoft-Windows-Sysmon" Guid="{5770385f-c22a-43e0-bf4c-06f5698ffbd9}" />
			<EventID>
				3
			</EventID>
			<Version>
				5
			</Version>
			<Level>
				4
			</Level>
			<Task>
				3
			</Task>
			<Opcode>
				0
			</Opcode>
			<Keywords>
				0x8000000000000000
			</Keywords>
			<TimeCreated SystemTime="2023-05-12T09:11:50.4555157Z" />
			<EventRecordID>
				1715
			</EventRecordID>
			<Correlation />
			<Execution ProcessID="2868" ThreadID="4544" />
			<Channel>
				Microsoft-Windows-Sysmon/Operational
			</Channel>
			<Computer>
				DESKTOP-0QN63TJ
			</Computer>
			<Security UserID="S-1-5-18" />
		</System>
		<EventData>
			<Data Name="RuleName">
				-
			</Data>
			<Data Name="UtcTime">
				2023-05-12 09:11:49.182
			</Data>
			<Data Name="ProcessGuid">
				{4158b3ab-02cd-645e-dc01-000000000900}
			</Data>
			<Data Name="ProcessId">
				5144
			</Data>
			<Data Name="Image">
				C:\Program Files (x86)\Internet Explorer\iexplore.exe
			</Data>
			<Data Name="User">
				DESKTOP-0QN63TJ\me
			</Data>
			<Data Name="Protocol">
				tcp
			</Data>
			<Data Name="Initiated">
				true
			</Data>
			<Data Name="SourceIsIpv6">
				false
			</Data>
			<Data Name="SourceIp">
				192.168.2.202
			</Data>
			<Data Name="SourceHostname">
				DESKTOP-0QN63TJ
			</Data>
			<Data Name="SourcePort">
				55697
			</Data>
			<Data Name="SourcePortName">
				-
			</Data>
			<Data Name="DestinationIsIpv6">
				false
			</Data>
			<Data Name="DestinationIp">
				20.190.160.12
			</Data>
			<Data Name="DestinationHostname">
				-
			</Data>
			<Data Name="DestinationPort">
				443
			</Data>
			<Data Name="DestinationPortName">
				https
			</Data>
		</EventData>
	</Event>
	<Event xmlns="http://schemas.microsoft.com/win/2004/08/events/event">
		<System>
			<Provider Name="Microsoft-Windows-Sysmon" Guid="{5770385f-c22a-43e0-bf4c-06f5698ffbd9}" />
			<EventID>
				3
			</EventID>
			<Version>
				5
			</Version>
			<Level>
				4
			</Level>
			<Task>
				3
			</Task>
			<Opcode>
				0
			</Opcode>
			<Keywords>
				0x8000000000000000
			</Keywords>
			<TimeCreated SystemTime="2023-05-12T09:11:50.1909958Z" />
			<EventRecordID>
				1714
			</EventRecordID>
			<Correlation />
			<Execution ProcessID="2868" ThreadID="4544" />
			<Channel>
				Microsoft-Windows-Sysmon/Operational
			</Channel>
			<Computer>
				DESKTOP-0QN63TJ
			</Computer>
			<Security UserID="S-1-5-18" />
		</System>
		<EventData>
			<Data Name="RuleName">
				-
			</Data>
			<Data Name="UtcTime">
				2023-05-12 09:11:49.099
			</Data>
			<Data Name="ProcessGuid">
				{4158b3ab-e9ae-645d-3400-000000000900}
			</Data>
			<Data Name="ProcessId">
				2148
			</Data>
			<Data Name="Image">
				C:\Windows\System32\svchost.exe
			</Data>
			<Data Name="User">
				NT AUTHORITY\NETWORK SERVICE
			</Data>
			<Data Name="Protocol">
				udp
			</Data>
			<Data Name="Initiated">
				true
			</Data>
			<Data Name="SourceIsIpv6">
				false
			</Data>
			<Data Name="SourceIp">
				192.168.2.202
			</Data>
			<Data Name="SourceHostname">
				DESKTOP-0QN63TJ
			</Data>
			<Data Name="SourcePort">
				64698
			</Data>
			<Data Name="SourcePortName">
				-
			</Data>
			<Data Name="DestinationIsIpv6">
				false
			</Data>
			<Data Name="DestinationIp">
				192.168.2.1
			</Data>
			<Data Name="DestinationHostname">
				router.asus.com
			</Data>
			<Data Name="DestinationPort">
				53
			</Data>
			<Data Name="DestinationPortName">
				domain
			</Data>
		</EventData>
	</Event>
	<Event xmlns="http://schemas.microsoft.com/win/2004/08/events/event">
		<System>
			<Provider Name="Microsoft-Windows-Sysmon" Guid="{5770385f-c22a-43e0-bf4c-06f5698ffbd9}" />
			<EventID>
				3
			</EventID>
			<Version>
				5
			</Version>
			<Level>
				4
			</Level>
			<Task>
				3
			</Task>
			<Opcode>
				0
			</Opcode>
			<Keywords>
				0x8000000000000000
			</Keywords>
			<TimeCreated SystemTime="2023-05-12T09:11:50.1909837Z" />
			<EventRecordID>
				1713
			</EventRecordID>
			<Correlation />
			<Execution ProcessID="2868" ThreadID="4544" />
			<Channel>
				Microsoft-Windows-Sysmon/Operational
			</Channel>
			<Computer>
				DESKTOP-0QN63TJ
			</Computer>
			<Security UserID="S-1-5-18" />
		</System>
		<EventData>
			<Data Name="RuleName">
				-
			</Data>
			<Data Name="UtcTime">
				2023-05-12 09:11:48.812
			</Data>
			<Data Name="ProcessGuid">
				{4158b3ab-02cd-645e-dc01-000000000900}
			</Data>
			<Data Name="ProcessId">
				5144
			</Data>
			<Data Name="Image">
				C:\Program Files (x86)\Internet Explorer\iexplore.exe
			</Data>
			<Data Name="User">
				DESKTOP-0QN63TJ\me
			</Data>
			<Data Name="Protocol">
				tcp
			</Data>
			<Data Name="Initiated">
				true
			</Data>
			<Data Name="SourceIsIpv6">
				false
			</Data>
			<Data Name="SourceIp">
				192.168.2.202
			</Data>
			<Data Name="SourceHostname">
				DESKTOP-0QN63TJ
			</Data>
			<Data Name="SourcePort">
				55696
			</Data>
			<Data Name="SourcePortName">
				-
			</Data>
			<Data Name="DestinationIsIpv6">
				false
			</Data>
			<Data Name="DestinationIp">
				96.16.49.206
			</Data>
			<Data Name="DestinationHostname">
				a96-16-49-206.deploy.static.akamaitechnologies.com
			</Data>
			<Data Name="DestinationPort">
				443
			</Data>
			<Data Name="DestinationPortName">
				https
			</Data>
		</EventData>
	</Event>
	<Event xmlns="http://schemas.microsoft.com/win/2004/08/events/event">
		<System>
			<Provider Name="Microsoft-Windows-Sysmon" Guid="{5770385f-c22a-43e0-bf4c-06f5698ffbd9}" />
			<EventID>
				3
			</EventID>
			<Version>
				5
			</Version>
			<Level>
				4
			</Level>
			<Task>
				3
			</Task>
			<Opcode>
				0
			</Opcode>
			<Keywords>
				0x8000000000000000
			</Keywords>
			<TimeCreated SystemTime="2023-05-12T09:11:50.1909646Z" />
			<EventRecordID>
				1712
			</EventRecordID>
			<Correlation />
			<Execution ProcessID="2868" ThreadID="4544" />
			<Channel>
				Microsoft-Windows-Sysmon/Operational
			</Channel>
			<Computer>
				DESKTOP-0QN63TJ
			</Computer>
			<Security UserID="S-1-5-18" />
		</System>
		<EventData>
			<Data Name="RuleName">
				-
			</Data>
			<Data Name="UtcTime">
				2023-05-12 09:11:48.801
			</Data>
			<Data Name="ProcessGuid">
				{4158b3ab-02cd-645e-dc01-000000000900}
			</Data>
			<Data Name="ProcessId">
				5144
			</Data>
			<Data Name="Image">
				C:\Program Files (x86)\Internet Explorer\iexplore.exe
			</Data>
			<Data Name="User">
				DESKTOP-0QN63TJ\me
			</Data>
			<Data Name="Protocol">
				tcp
			</Data>
			<Data Name="Initiated">
				true
			</Data>
			<Data Name="SourceIsIpv6">
				false
			</Data>
			<Data Name="SourceIp">
				192.168.2.202
			</Data>
			<Data Name="SourceHostname">
				DESKTOP-0QN63TJ
			</Data>
			<Data Name="SourcePort">
				55695
			</Data>
			<Data Name="SourcePortName">
				-
			</Data>
			<Data Name="DestinationIsIpv6">
				false
			</Data>
			<Data Name="DestinationIp">
				96.16.49.206
			</Data>
			<Data Name="DestinationHostname">
				a96-16-49-206.deploy.static.akamaitechnologies.com
			</Data>
			<Data Name="DestinationPort">
				443
			</Data>
			<Data Name="DestinationPortName">
				https
			</Data>
		</EventData>
	</Event>
	<Event xmlns="http://schemas.microsoft.com/win/2004/08/events/event">
		<System>
			<Provider Name="Microsoft-Windows-Sysmon" Guid="{5770385f-c22a-43e0-bf4c-06f5698ffbd9}" />
			<EventID>
				3
			</EventID>
			<Version>
				5
			</Version>
			<Level>
				4
			</Level>
			<Task>
				3
			</Task>
			<Opcode>
				0
			</Opcode>
			<Keywords>
				0x8000000000000000
			</Keywords>
			<TimeCreated SystemTime="2023-05-12T09:11:49.5142561Z" />
			<EventRecordID>
				1711
			</EventRecordID>
			<Correlation />
			<Execution ProcessID="2868" ThreadID="4544" />
			<Channel>
				Microsoft-Windows-Sysmon/Operational
			</Channel>
			<Computer>
				DESKTOP-0QN63TJ
			</Computer>
			<Security UserID="S-1-5-18" />
		</System>
		<EventData>
			<Data Name="RuleName">
				-
			</Data>
			<Data Name="UtcTime">
				2023-05-12 09:11:48.255
			</Data>
			<Data Name="ProcessGuid">
				{4158b3ab-02cd-645e-dc01-000000000900}
			</Data>
			<Data Name="ProcessId">
				5144
			</Data>
			<Data Name="Image">
				C:\Program Files (x86)\Internet Explorer\iexplore.exe
			</Data>
			<Data Name="User">
				DESKTOP-0QN63TJ\me
			</Data>
			<Data Name="Protocol">
				tcp
			</Data>
			<Data Name="Initiated">
				true
			</Data>
			<Data Name="SourceIsIpv6">
				false
			</Data>
			<Data Name="SourceIp">
				192.168.2.202
			</Data>
			<Data Name="SourceHostname">
				DESKTOP-0QN63TJ
			</Data>
			<Data Name="SourcePort">
				55692
			</Data>
			<Data Name="SourcePortName">
				-
			</Data>
			<Data Name="DestinationIsIpv6">
				false
			</Data>
			<Data Name="DestinationIp">
				96.16.49.206
			</Data>
			<Data Name="DestinationHostname">
				a96-16-49-206.deploy.static.akamaitechnologies.com
			</Data>
			<Data Name="DestinationPort">
				443
			</Data>
			<Data Name="DestinationPortName">
				https
			</Data>
		</EventData>
	</Event>
	<Event xmlns="http://schemas.microsoft.com/win/2004/08/events/event">
		<System>
			<Provider Name="Microsoft-Windows-Sysmon" Guid="{5770385f-c22a-43e0-bf4c-06f5698ffbd9}" />
			<EventID>
				3
			</EventID>
			<Version>
				5
			</Version>
			<Level>
				4
			</Level>
			<Task>
				3
			</Task>
			<Opcode>
				0
			</Opcode>
			<Keywords>
				0x8000000000000000
			</Keywords>
			<TimeCreated SystemTime="2023-05-12T09:11:49.5142501Z" />
			<EventRecordID>
				1710
			</EventRecordID>
			<Correlation />
			<Execution ProcessID="2868" ThreadID="4544" />
			<Channel>
				Microsoft-Windows-Sysmon/Operational
			</Channel>
			<Computer>
				DESKTOP-0QN63TJ
			</Computer>
			<Security UserID="S-1-5-18" />
		</System>
		<EventData>
			<Data Name="RuleName">
				-
			</Data>
			<Data Name="UtcTime">
				2023-05-12 09:11:48.253
			</Data>
			<Data Name="ProcessGuid">
				{4158b3ab-02cd-645e-dc01-000000000900}
			</Data>
			<Data Name="ProcessId">
				5144
			</Data>
			<Data Name="Image">
				C:\Program Files (x86)\Internet Explorer\iexplore.exe
			</Data>
			<Data Name="User">
				DESKTOP-0QN63TJ\me
			</Data>
			<Data Name="Protocol">
				tcp
			</Data>
			<Data Name="Initiated">
				true
			</Data>
			<Data Name="SourceIsIpv6">
				false
			</Data>
			<Data Name="SourceIp">
				192.168.2.202
			</Data>
			<Data Name="SourceHostname">
				DESKTOP-0QN63TJ
			</Data>
			<Data Name="SourcePort">
				55694
			</Data>
			<Data Name="SourcePortName">
				-
			</Data>
			<Data Name="DestinationIsIpv6">
				false
			</Data>
			<Data Name="DestinationIp">
				96.16.49.206
			</Data>
			<Data Name="DestinationHostname">
				a96-16-49-206.deploy.static.akamaitechnologies.com
			</Data>
			<Data Name="DestinationPort">
				443
			</Data>
			<Data Name="DestinationPortName">
				https
			</Data>
		</EventData>
	</Event>
	<Event xmlns="http://schemas.microsoft.com/win/2004/08/events/event">
		<System>
			<Provider Name="Microsoft-Windows-Sysmon" Guid="{5770385f-c22a-43e0-bf4c-06f5698ffbd9}" />
			<EventID>
				3
			</EventID>
			<Version>
				5
			</Version>
			<Level>
				4
			</Level>
			<Task>
				3
			</Task>
			<Opcode>
				0
			</Opcode>
			<Keywords>
				0x8000000000000000
			</Keywords>
			<TimeCreated SystemTime="2023-05-12T09:11:49.5142451Z" />
			<EventRecordID>
				1709
			</EventRecordID>
			<Correlation />
			<Execution ProcessID="2868" ThreadID="4544" />
			<Channel>
				Microsoft-Windows-Sysmon/Operational
			</Channel>
			<Computer>
				DESKTOP-0QN63TJ
			</Computer>
			<Security UserID="S-1-5-18" />
		</System>
		<EventData>
			<Data Name="RuleName">
				-
			</Data>
			<Data Name="UtcTime">
				2023-05-12 09:11:48.249
			</Data>
			<Data Name="ProcessGuid">
				{4158b3ab-02cd-645e-dc01-000000000900}
			</Data>
			<Data Name="ProcessId">
				5144
			</Data>
			<Data Name="Image">
				C:\Program Files (x86)\Internet Explorer\iexplore.exe
			</Data>
			<Data Name="User">
				DESKTOP-0QN63TJ\me
			</Data>
			<Data Name="Protocol">
				tcp
			</Data>
			<Data Name="Initiated">
				true
			</Data>
			<Data Name="SourceIsIpv6">
				false
			</Data>
			<Data Name="SourceIp">
				192.168.2.202
			</Data>
			<Data Name="SourceHostname">
				DESKTOP-0QN63TJ
			</Data>
			<Data Name="SourcePort">
				55693
			</Data>
			<Data Name="SourcePortName">
				-
			</Data>
			<Data Name="DestinationIsIpv6">
				false
			</Data>
			<Data Name="DestinationIp">
				96.16.49.206
			</Data>
			<Data Name="DestinationHostname">
				a96-16-49-206.deploy.static.akamaitechnologies.com
			</Data>
			<Data Name="DestinationPort">
				443
			</Data>
			<Data Name="DestinationPortName">
				https
			</Data>
		</EventData>
	</Event>
	<Event xmlns="http://schemas.microsoft.com/win/2004/08/events/event">
		<System>
			<Provider Name="Microsoft-Windows-Sysmon" Guid="{5770385f-c22a-43e0-bf4c-06f5698ffbd9}" />
			<EventID>
				3
			</EventID>
			<Version>
				5
			</Version>
			<Level>
				4
			</Level>
			<Task>
				3
			</Task>
			<Opcode>
				0
			</Opcode>
			<Keywords>
				0x8000000000000000
			</Keywords>
			<TimeCreated SystemTime="2023-05-12T09:11:49.5142395Z" />
			<EventRecordID>
				1708
			</EventRecordID>
			<Correlation />
			<Execution ProcessID="2868" ThreadID="4544" />
			<Channel>
				Microsoft-Windows-Sysmon/Operational
			</Channel>
			<Computer>
				DESKTOP-0QN63TJ
			</Computer>
			<Security UserID="S-1-5-18" />
		</System>
		<EventData>
			<Data Name="RuleName">
				-
			</Data>
			<Data Name="UtcTime">
				2023-05-12 09:11:48.249
			</Data>
			<Data Name="ProcessGuid">
				{4158b3ab-02cd-645e-dc01-000000000900}
			</Data>
			<Data Name="ProcessId">
				5144
			</Data>
			<Data Name="Image">
				C:\Program Files (x86)\Internet Explorer\iexplore.exe
			</Data>
			<Data Name="User">
				DESKTOP-0QN63TJ\me
			</Data>
			<Data Name="Protocol">
				tcp
			</Data>
			<Data Name="Initiated">
				true
			</Data>
			<Data Name="SourceIsIpv6">
				false
			</Data>
			<Data Name="SourceIp">
				192.168.2.202
			</Data>
			<Data Name="SourceHostname">
				DESKTOP-0QN63TJ
			</Data>
			<Data Name="SourcePort">
				55689
			</Data>
			<Data Name="SourcePortName">
				-
			</Data>
			<Data Name="DestinationIsIpv6">
				false
			</Data>
			<Data Name="DestinationIp">
				96.16.49.206
			</Data>
			<Data Name="DestinationHostname">
				a96-16-49-206.deploy.static.akamaitechnologies.com
			</Data>
			<Data Name="DestinationPort">
				443
			</Data>
			<Data Name="DestinationPortName">
				https
			</Data>
		</EventData>
	</Event>
	<Event xmlns="http://schemas.microsoft.com/win/2004/08/events/event">
		<System>
			<Provider Name="Microsoft-Windows-Sysmon" Guid="{5770385f-c22a-43e0-bf4c-06f5698ffbd9}" />
			<EventID>
				3
			</EventID>
			<Version>
				5
			</Version>
			<Level>
				4
			</Level>
			<Task>
				3
			</Task>
			<Opcode>
				0
			</Opcode>
			<Keywords>
				0x8000000000000000
			</Keywords>
			<TimeCreated SystemTime="2023-05-12T09:11:49.5142336Z" />
			<EventRecordID>
				1707
			</EventRecordID>
			<Correlation />
			<Execution ProcessID="2868" ThreadID="4544" />
			<Channel>
				Microsoft-Windows-Sysmon/Operational
			</Channel>
			<Computer>
				DESKTOP-0QN63TJ
			</Computer>
			<Security UserID="S-1-5-18" />
		</System>
		<EventData>
			<Data Name="RuleName">
				-
			</Data>
			<Data Name="UtcTime">
				2023-05-12 09:11:48.240
			</Data>
			<Data Name="ProcessGuid">
				{4158b3ab-02cd-645e-dc01-000000000900}
			</Data>
			<Data Name="ProcessId">
				5144
			</Data>
			<Data Name="Image">
				C:\Program Files (x86)\Internet Explorer\iexplore.exe
			</Data>
			<Data Name="User">
				DESKTOP-0QN63TJ\me
			</Data>
			<Data Name="Protocol">
				tcp
			</Data>
			<Data Name="Initiated">
				true
			</Data>
			<Data Name="SourceIsIpv6">
				false
			</Data>
			<Data Name="SourceIp">
				192.168.2.202
			</Data>
			<Data Name="SourceHostname">
				DESKTOP-0QN63TJ
			</Data>
			<Data Name="SourcePort">
				55690
			</Data>
			<Data Name="SourcePortName">
				-
			</Data>
			<Data Name="DestinationIsIpv6">
				false
			</Data>
			<Data Name="DestinationIp">
				96.16.49.206
			</Data>
			<Data Name="DestinationHostname">
				a96-16-49-206.deploy.static.akamaitechnologies.com
			</Data>
			<Data Name="DestinationPort">
				443
			</Data>
			<Data Name="DestinationPortName">
				https
			</Data>
		</EventData>
	</Event>
	<Event xmlns="http://schemas.microsoft.com/win/2004/08/events/event">
		<System>
			<Provider Name="Microsoft-Windows-Sysmon" Guid="{5770385f-c22a-43e0-bf4c-06f5698ffbd9}" />
			<EventID>
				3
			</EventID>
			<Version>
				5
			</Version>
			<Level>
				4
			</Level>
			<Task>
				3
			</Task>
			<Opcode>
				0
			</Opcode>
			<Keywords>
				0x8000000000000000
			</Keywords>
			<TimeCreated SystemTime="2023-05-12T09:11:49.5142274Z" />
			<EventRecordID>
				1706
			</EventRecordID>
			<Correlation />
			<Execution ProcessID="2868" ThreadID="4544" />
			<Channel>
				Microsoft-Windows-Sysmon/Operational
			</Channel>
			<Computer>
				DESKTOP-0QN63TJ
			</Computer>
			<Security UserID="S-1-5-18" />
		</System>
		<EventData>
			<Data Name="RuleName">
				-
			</Data>
			<Data Name="UtcTime">
				2023-05-12 09:11:48.237
			</Data>
			<Data Name="ProcessGuid">
				{4158b3ab-02cd-645e-dc01-000000000900}
			</Data>
			<Data Name="ProcessId">
				5144
			</Data>
			<Data Name="Image">
				C:\Program Files (x86)\Internet Explorer\iexplore.exe
			</Data>
			<Data Name="User">
				DESKTOP-0QN63TJ\me
			</Data>
			<Data Name="Protocol">
				tcp
			</Data>
			<Data Name="Initiated">
				true
			</Data>
			<Data Name="SourceIsIpv6">
				false
			</Data>
			<Data Name="SourceIp">
				192.168.2.202
			</Data>
			<Data Name="SourceHostname">
				DESKTOP-0QN63TJ
			</Data>
			<Data Name="SourcePort">
				55691
			</Data>
			<Data Name="SourcePortName">
				-
			</Data>
			<Data Name="DestinationIsIpv6">
				false
			</Data>
			<Data Name="DestinationIp">
				96.16.49.206
			</Data>
			<Data Name="DestinationHostname">
				a96-16-49-206.deploy.static.akamaitechnologies.com
			</Data>
			<Data Name="DestinationPort">
				443
			</Data>
			<Data Name="DestinationPortName">
				https
			</Data>
		</EventData>
	</Event>
	<Event xmlns="http://schemas.microsoft.com/win/2004/08/events/event">
		<System>
			<Provider Name="Microsoft-Windows-Sysmon" Guid="{5770385f-c22a-43e0-bf4c-06f5698ffbd9}" />
			<EventID>
				3
			</EventID>
			<Version>
				5
			</Version>
			<Level>
				4
			</Level>
			<Task>
				3
			</Task>
			<Opcode>
				0
			</Opcode>
			<Keywords>
				0x8000000000000000
			</Keywords>
			<TimeCreated SystemTime="2023-05-12T09:11:49.5142187Z" />
			<EventRecordID>
				1705
			</EventRecordID>
			<Correlation />
			<Execution ProcessID="2868" ThreadID="4544" />
			<Channel>
				Microsoft-Windows-Sysmon/Operational
			</Channel>
			<Computer>
				DESKTOP-0QN63TJ
			</Computer>
			<Security UserID="S-1-5-18" />
		</System>
		<EventData>
			<Data Name="RuleName">
				-
			</Data>
			<Data Name="UtcTime">
				2023-05-12 09:11:47.960
			</Data>
			<Data Name="ProcessGuid">
				{4158b3ab-02cd-645e-db01-000000000900}
			</Data>
			<Data Name="ProcessId">
				2188
			</Data>
			<Data Name="Image">
				C:\Program Files\Internet Explorer\iexplore.exe
			</Data>
			<Data Name="User">
				DESKTOP-0QN63TJ\me
			</Data>
			<Data Name="Protocol">
				tcp
			</Data>
			<Data Name="Initiated">
				true
			</Data>
			<Data Name="SourceIsIpv6">
				false
			</Data>
			<Data Name="SourceIp">
				192.168.2.202
			</Data>
			<Data Name="SourceHostname">
				DESKTOP-0QN63TJ
			</Data>
			<Data Name="SourcePort">
				55688
			</Data>
			<Data Name="SourcePortName">
				-
			</Data>
			<Data Name="DestinationIsIpv6">
				false
			</Data>
			<Data Name="DestinationIp">
				96.16.49.209
			</Data>
			<Data Name="DestinationHostname">
				a96-16-49-209.deploy.static.akamaitechnologies.com
			</Data>
			<Data Name="DestinationPort">
				443
			</Data>
			<Data Name="DestinationPortName">
				https
			</Data>
		</EventData>
	</Event>
	<Event xmlns="http://schemas.microsoft.com/win/2004/08/events/event">
		<System>
			<Provider Name="Microsoft-Windows-Sysmon" Guid="{5770385f-c22a-43e0-bf4c-06f5698ffbd9}" />
			<EventID>
				3
			</EventID>
			<Version>
				5
			</Version>
			<Level>
				4
			</Level>
			<Task>
				3
			</Task>
			<Opcode>
				0
			</Opcode>
			<Keywords>
				0x8000000000000000
			</Keywords>
			<TimeCreated SystemTime="2023-05-12T09:11:49.5141632Z" />
			<EventRecordID>
				1704
			</EventRecordID>
			<Correlation />
			<Execution ProcessID="2868" ThreadID="4544" />
			<Channel>
				Microsoft-Windows-Sysmon/Operational
			</Channel>
			<Computer>
				DESKTOP-0QN63TJ
			</Computer>
			<Security UserID="S-1-5-18" />
		</System>
		<EventData>
			<Data Name="RuleName">
				-
			</Data>
			<Data Name="UtcTime">
				2023-05-12 09:11:47.954
			</Data>
			<Data Name="ProcessGuid">
				{4158b3ab-02cd-645e-db01-000000000900}
			</Data>
			<Data Name="ProcessId">
				2188
			</Data>
			<Data Name="Image">
				C:\Program Files\Internet Explorer\iexplore.exe
			</Data>
			<Data Name="User">
				DESKTOP-0QN63TJ\me
			</Data>
			<Data Name="Protocol">
				tcp
			</Data>
			<Data Name="Initiated">
				true
			</Data>
			<Data Name="SourceIsIpv6">
				false
			</Data>
			<Data Name="SourceIp">
				192.168.2.202
			</Data>
			<Data Name="SourceHostname">
				DESKTOP-0QN63TJ
			</Data>
			<Data Name="SourcePort">
				55687
			</Data>
			<Data Name="SourcePortName">
				-
			</Data>
			<Data Name="DestinationIsIpv6">
				false
			</Data>
			<Data Name="DestinationIp">
				96.16.49.209
			</Data>
			<Data Name="DestinationHostname">
				a96-16-49-209.deploy.static.akamaitechnologies.com
			</Data>
			<Data Name="DestinationPort">
				443
			</Data>
			<Data Name="DestinationPortName">
				https
			</Data>
		</EventData>
	</Event>
	<Event xmlns="http://schemas.microsoft.com/win/2004/08/events/event">
		<System>
			<Provider Name="Microsoft-Windows-Sysmon" Guid="{5770385f-c22a-43e0-bf4c-06f5698ffbd9}" />
			<EventID>
				3
			</EventID>
			<Version>
				5
			</Version>
			<Level>
				4
			</Level>
			<Task>
				3
			</Task>
			<Opcode>
				0
			</Opcode>
			<Keywords>
				0x8000000000000000
			</Keywords>
			<TimeCreated SystemTime="2023-05-12T09:11:48.6920356Z" />
			<EventRecordID>
				1703
			</EventRecordID>
			<Correlation />
			<Execution ProcessID="2868" ThreadID="4544" />
			<Channel>
				Microsoft-Windows-Sysmon/Operational
			</Channel>
			<Computer>
				DESKTOP-0QN63TJ
			</Computer>
			<Security UserID="S-1-5-18" />
		</System>
		<EventData>
			<Data Name="RuleName">
				-
			</Data>
			<Data Name="UtcTime">
				2023-05-12 09:11:47.426
			</Data>
			<Data Name="ProcessGuid">
				{4158b3ab-e9ae-645d-3400-000000000900}
			</Data>
			<Data Name="ProcessId">
				2148
			</Data>
			<Data Name="Image">
				C:\Windows\System32\svchost.exe
			</Data>
			<Data Name="User">
				NT AUTHORITY\NETWORK SERVICE
			</Data>
			<Data Name="Protocol">
				udp
			</Data>
			<Data Name="Initiated">
				true
			</Data>
			<Data Name="SourceIsIpv6">
				false
			</Data>
			<Data Name="SourceIp">
				192.168.2.202
			</Data>
			<Data Name="SourceHostname">
				DESKTOP-0QN63TJ
			</Data>
			<Data Name="SourcePort">
				49364
			</Data>
			<Data Name="SourcePortName">
				-
			</Data>
			<Data Name="DestinationIsIpv6">
				false
			</Data>
			<Data Name="DestinationIp">
				192.168.2.1
			</Data>
			<Data Name="DestinationHostname">
				router.asus.com
			</Data>
			<Data Name="DestinationPort">
				53
			</Data>
			<Data Name="DestinationPortName">
				domain
			</Data>
		</EventData>
	</Event>
	