<Event xmlns="http://schemas.microsoft.com/win/2004/08/events/event">
		<System>
			<Provider Name="Microsoft-Windows-Sysmon" Guid="{5770385f-c22a-43e0-bf4c-06f5698ffbd9}" />
			<EventID>
				5
			</EventID>
			<Version>
				3
			</Version>
			<Level>
				4
			</Level>
			<Task>
				5
			</Task>
			<Opcode>
				0
			</Opcode>
			<Keywords>
				0x8000000000000000
			</Keywords>
			<TimeCreated SystemTime="2023-05-12T07:35:32.2222285Z" />
			<EventRecordID>
				1072
			</EventRecordID>
			<Correlation />
			<Execution ProcessID="2868" ThreadID="5544" />
			<Channel>
				Microsoft-Windows-Sysmon/Operational
			</Channel>
			<Computer>
				DESKTOP-0QN63TJ
			</Computer>
			<Security UserID="S-1-5-18" />
		</System>
		<EventData>
			<Data Name="RuleName">
				-
			</Data>
			<Data Name="UtcTime">
				2023-05-12 07:35:32.213
			</Data>
			<Data Name="ProcessGuid">
				{4158b3ab-ec44-645d-3401-000000000900}
			</Data>
			<Data Name="ProcessId">
				1260
			</Data>
			<Data Name="Image">
				C:\Windows\Microsoft.NET\Framework64\v4.0.30319\mscorsvw.exe
			</Data>
			<Data Name="User">
				NT AUTHORITY\SYSTEM
			</Data>
		</EventData>
	</Event>
	<Event xmlns="http://schemas.microsoft.com/win/2004/08/events/event">
		<System>
			<Provider Name="Microsoft-Windows-Sysmon" Guid="{5770385f-c22a-43e0-bf4c-06f5698ffbd9}" />
			<EventID>
				1
			</EventID>
			<Version>
				5
			</Version>
			<Level>
				4
			</Level>
			<Task>
				1
			</Task>
			<Opcode>
				0
			</Opcode>
			<Keywords>
				0x8000000000000000
			</Keywords>
			<TimeCreated SystemTime="2023-05-12T07:35:32.2206227Z" />
			<EventRecordID>
				1071
			</EventRecordID>
			<Correlation />
			<Execution ProcessID="2868" ThreadID="5544" />
			<Channel>
				Microsoft-Windows-Sysmon/Operational
			</Channel>
			<Computer>
				DESKTOP-0QN63TJ
			</Computer>
			<Security UserID="S-1-5-18" />
		</System>
		<EventData>
			<Data Name="RuleName">
				-
			</Data>
			<Data Name="UtcTime">
				2023-05-12 07:35:32.213
			</Data>
			<Data Name="ProcessGuid">
				{4158b3ab-ec44-645d-3501-000000000900}
			</Data>
			<Data Name="ProcessId">
				2212
			</Data>
			<Data Name="Image">
				C:\Windows\Microsoft.NET\Framework64\v4.0.30319\mscorsvw.exe
			</Data>
			<Data Name="FileVersion">
				4.8.4320.0 built by: NET48REL1LAST_C
			</Data>
			<Data Name="Description">
				.NET Runtime Optimization Service
			</Data>
			<Data Name="Product">
				Microsoft® .NET Framework
			</Data>
			<Data Name="Company">
				Microsoft Corporation
			</Data>
			<Data Name="OriginalFileName">
				mscorsvw.exe
			</Data>
			<Data Name="CommandLine">
				C:\Windows\Microsoft.NET\Framework64\v4.0.30319\mscorsvw.exe -StartupEvent 31c -InterruptEvent 0 -NGENProcess 300 -Pipe 2ac -Comment "NGen Worker Process"
			</Data>
			<Data Name="CurrentDirectory">
				C:\Windows\system32\
			</Data>
			<Data Name="User">
				NT AUTHORITY\SYSTEM
			</Data>
			<Data Name="LogonGuid">
				{4158b3ab-e9ab-645d-e703-000000000000}
			</Data>
			<Data Name="LogonId">
				0x3e7
			</Data>
			<Data Name="TerminalSessionId">
				0
			</Data>
			<Data Name="IntegrityLevel">
				System
			</Data>
			<Data Name="Hashes">
				SHA256=DA1087BA2641EFD77D85E5838AEB6C333E80CAA9F24C889FD2DE2E0B58F8D1A5
			</Data>
			<Data Name="ParentProcessGuid">
				{4158b3ab-ec23-645d-ef00-000000000900}
			</Data>
			<Data Name="ParentProcessId">
				2500
			</Data>
			<Data Name="ParentImage">
				C:\Windows\Microsoft.NET\Framework64\v4.0.30319\ngen.exe
			</Data>
			<Data Name="ParentCommandLine">
				"C:\Windows\Microsoft.NET\Framework64\v4.0.30319\ngen.exe" ExecuteQueuedItems /LegacyServiceBehavior
			</Data>
			<Data Name="ParentUser">
				NT AUTHORITY\SYSTEM
			</Data>
		</EventData>
	</Event>
	<Event xmlns="http://schemas.microsoft.com/win/2004/08/events/event">
		<System>
			<Provider Name="Microsoft-Windows-Sysmon" Guid="{5770385f-c22a-43e0-bf4c-06f5698ffbd9}" />
			<EventID>
				5
			</EventID>
			<Version>
				3
			</Version>
			<Level>
				4
			</Level>
			<Task>
				5
			</Task>
			<Opcode>
				0
			</Opcode>
			<Keywords>
				0x8000000000000000
			</Keywords>
			<TimeCreated SystemTime="2023-05-12T07:35:32.1294606Z" />
			<EventRecordID>
				1070
			</EventRecordID>
			<Correlation />
			<Execution ProcessID="2868" ThreadID="5544" />
			<Channel>
				Microsoft-Windows-Sysmon/Operational
			</Channel>
			<Computer>
				DESKTOP-0QN63TJ
			</Computer>
			<Security UserID="S-1-5-18" />
		</System>
		<EventData>
			<Data Name="RuleName">
				-
			</Data>
			<Data Name="UtcTime">
				2023-05-12 07:35:32.119
			</Data>
			<Data Name="ProcessGuid">
				{4158b3ab-ec43-645d-3301-000000000900}
			</Data>
			<Data Name="ProcessId">
				3472
			</Data>
			<Data Name="Image">
				C:\Windows\Microsoft.NET\Framework64\v4.0.30319\mscorsvw.exe
			</Data>
			<Data Name="User">
				NT AUTHORITY\SYSTEM
			</Data>
		</EventData>
	</Event>
	<Event xmlns="http://schemas.microsoft.com/win/2004/08/events/event">
		<System>
			<Provider Name="Microsoft-Windows-Sysmon" Guid="{5770385f-c22a-43e0-bf4c-06f5698ffbd9}" />
			<EventID>
				1
			</EventID>
			<Version>
				5
			</Version>
			<Level>
				4
			</Level>
			<Task>
				1
			</Task>
			<Opcode>
				0
			</Opcode>
			<Keywords>
				0x8000000000000000
			</Keywords>
			<TimeCreated SystemTime="2023-05-12T07:35:32.1276377Z" />
			<EventRecordID>
				1069
			</EventRecordID>
			<Correlation />
			<Execution ProcessID="2868" ThreadID="5544" />
			<Channel>
				Microsoft-Windows-Sysmon/Operational
			</Channel>
			<Computer>
				DESKTOP-0QN63TJ
			</Computer>
			<Security UserID="S-1-5-18" />
		</System>
		<EventData>
			<Data Name="RuleName">
				-
			</Data>
			<Data Name="UtcTime">
				2023-05-12 07:35:32.121
			</Data>
			<Data Name="ProcessGuid">
				{4158b3ab-ec44-645d-3401-000000000900}
			</Data>
			<Data Name="ProcessId">
				1260
			</Data>
			<Data Name="Image">
				C:\Windows\Microsoft.NET\Framework64\v4.0.30319\mscorsvw.exe
			</Data>
			<Data Name="FileVersion">
				4.8.4320.0 built by: NET48REL1LAST_C
			</Data>
			<Data Name="Description">
				.NET Runtime Optimization Service
			</Data>
			<Data Name="Product">
				Microsoft® .NET Framework
			</Data>
			<Data Name="Company">
				Microsoft Corporation
			</Data>
			<Data Name="OriginalFileName">
				mscorsvw.exe
			</Data>
			<Data Name="CommandLine">
				C:\Windows\Microsoft.NET\Framework64\v4.0.30319\mscorsvw.exe -StartupEvent 314 -InterruptEvent 0 -NGENProcess 354 -Pipe 2cc -Comment "NGen Worker Process"
			</Data>
			<Data Name="CurrentDirectory">
				C:\Windows\system32\
			</Data>
			<Data Name="User">
				NT AUTHORITY\SYSTEM
			</Data>
			<Data Name="LogonGuid">
				{4158b3ab-e9ab-645d-e703-000000000000}
			</Data>
			<Data Name="LogonId">
				0x3e7
			</Data>
			<Data Name="TerminalSessionId">
				0
			</Data>
			<Data Name="IntegrityLevel">
				System
			</Data>
			<Data Name="Hashes">
				SHA256=DA1087BA2641EFD77D85E5838AEB6C333E80CAA9F24C889FD2DE2E0B58F8D1A5
			</Data>
			<Data Name="ParentProcessGuid">
				{4158b3ab-ec23-645d-ef00-000000000900}
			</Data>
			<Data Name="ParentProcessId">
				2500
			</Data>
			<Data Name="ParentImage">
				C:\Windows\Microsoft.NET\Framework64\v4.0.30319\ngen.exe
			</Data>
			<Data Name="ParentCommandLine">
				"C:\Windows\Microsoft.NET\Framework64\v4.0.30319\ngen.exe" ExecuteQueuedItems /LegacyServiceBehavior
			</Data>
			<Data Name="ParentUser">
				NT AUTHORITY\SYSTEM
			</Data>
		</EventData>
	</Event>
	<Event xmlns="http://schemas.microsoft.com/win/2004/08/events/event">
		<System>
			<Provider Name="Microsoft-Windows-Sysmon" Guid="{5770385f-c22a-43e0-bf4c-06f5698ffbd9}" />
			<EventID>
				5
			</EventID>
			<Version>
				3
			</Version>
			<Level>
				4
			</Level>
			<Task>
				5
			</Task>
			<Opcode>
				0
			</Opcode>
			<Keywords>
				0x8000000000000000
			</Keywords>
			<TimeCreated SystemTime="2023-05-12T07:35:31.5677204Z" />
			<EventRecordID>
				1068
			</EventRecordID>
			<Correlation />
			<Execution ProcessID="2868" ThreadID="5544" />
			<Channel>
				Microsoft-Windows-Sysmon/Operational
			</Channel>
			<Computer>
				DESKTOP-0QN63TJ
			</Computer>
			<Security UserID="S-1-5-18" />
		</System>
		<EventData>
			<Data Name="RuleName">
				-
			</Data>
			<Data Name="UtcTime">
				2023-05-12 07:35:31.556
			</Data>
			<Data Name="ProcessGuid">
				{4158b3ab-ec43-645d-3201-000000000900}
			</Data>
			<Data Name="ProcessId">
				3288
			</Data>
			<Data Name="Image">
				C:\Windows\Microsoft.NET\Framework64\v4.0.30319\mscorsvw.exe
			</Data>
			<Data Name="User">
				NT AUTHORITY\SYSTEM
			</Data>
		</EventData>
	</Event>
	<Event xmlns="http://schemas.microsoft.com/win/2004/08/events/event">
		<System>
			<Provider Name="Microsoft-Windows-Sysmon" Guid="{5770385f-c22a-43e0-bf4c-06f5698ffbd9}" />
			<EventID>
				1
			</EventID>
			<Version>
				5
			</Version>
			<Level>
				4
			</Level>
			<Task>
				1
			</Task>
			<Opcode>
				0
			</Opcode>
			<Keywords>
				0x8000000000000000
			</Keywords>
			<TimeCreated SystemTime="2023-05-12T07:35:31.5662732Z" />
			<EventRecordID>
				1067
			</EventRecordID>
			<Correlation />
			<Execution ProcessID="2868" ThreadID="5544" />
			<Channel>
				Microsoft-Windows-Sysmon/Operational
			</Channel>
			<Computer>
				DESKTOP-0QN63TJ
			</Computer>
			<Security UserID="S-1-5-18" />
		</System>
		<EventData>
			<Data Name="RuleName">
				-
			</Data>
			<Data Name="UtcTime">
				2023-05-12 07:35:31.559
			</Data>
			<Data Name="ProcessGuid">
				{4158b3ab-ec43-645d-3301-000000000900}
			</Data>
			<Data Name="ProcessId">
				3472
			</Data>
			<Data Name="Image">
				C:\Windows\Microsoft.NET\Framework64\v4.0.30319\mscorsvw.exe
			</Data>
			<Data Name="FileVersion">
				4.8.4320.0 built by: NET48REL1LAST_C
			</Data>
			<Data Name="Description">
				.NET Runtime Optimization Service
			</Data>
			<Data Name="Product">
				Microsoft® .NET Framework
			</Data>
			<Data Name="Company">
				Microsoft Corporation
			</Data>
			<Data Name="OriginalFileName">
				mscorsvw.exe
			</Data>
			<Data Name="CommandLine">
				C:\Windows\Microsoft.NET\Framework64\v4.0.30319\mscorsvw.exe -StartupEvent 36c -InterruptEvent 0 -NGENProcess 32c -Pipe 364 -Comment "NGen Worker Process"
			</Data>
			<Data Name="CurrentDirectory">
				C:\Windows\system32\
			</Data>
			<Data Name="User">
				NT AUTHORITY\SYSTEM
			</Data>
			<Data Name="LogonGuid">
				{4158b3ab-e9ab-645d-e703-000000000000}
			</Data>
			<Data Name="LogonId">
				0x3e7
			</Data>
			<Data Name="TerminalSessionId">
				0
			</Data>
			<Data Name="IntegrityLevel">
				System
			</Data>
			<Data Name="Hashes">
				SHA256=DA1087BA2641EFD77D85E5838AEB6C333E80CAA9F24C889FD2DE2E0B58F8D1A5
			</Data>
			<Data Name="ParentProcessGuid">
				{4158b3ab-ec23-645d-ef00-000000000900}
			</Data>
			<Data Name="ParentProcessId">
				2500
			</Data>
			<Data Name="ParentImage">
				C:\Windows\Microsoft.NET\Framework64\v4.0.30319\ngen.exe
			</Data>
			<Data Name="ParentCommandLine">
				"C:\Windows\Microsoft.NET\Framework64\v4.0.30319\ngen.exe" ExecuteQueuedItems /LegacyServiceBehavior
			</Data>
			<Data Name="ParentUser">
				NT AUTHORITY\SYSTEM
			</Data>
		</EventData>
	</Event>
	<Event xmlns="http://schemas.microsoft.com/win/2004/08/events/event">
		<System>
			<Provider Name="Microsoft-Windows-Sysmon" Guid="{5770385f-c22a-43e0-bf4c-06f5698ffbd9}" />
			<EventID>
				5
			</EventID>
			<Version>
				3
			</Version>
			<Level>
				4
			</Level>
			<Task>
				5
			</Task>
			<Opcode>
				0
			</Opcode>
			<Keywords>
				0x8000000000000000
			</Keywords>
			<TimeCreated SystemTime="2023-05-12T07:35:31.4637378Z" />
			<EventRecordID>
				1066
			</EventRecordID>
			<Correlation />
			<Execution ProcessID="2868" ThreadID="5544" />
			<Channel>
				Microsoft-Windows-Sysmon/Operational
			</Channel>
			<Computer>
				DESKTOP-0QN63TJ
			</Computer>
			<Security UserID="S-1-5-18" />
		</System>
		<EventData>
			<Data Name="RuleName">
				-
			</Data>
			<Data Name="UtcTime">
				2023-05-12 07:35:31.463
			</Data>
			<Data Name="ProcessGuid">
				{4158b3ab-ec41-645d-3101-000000000900}
			</Data>
			<Data Name="ProcessId">
				2532
			</Data>
			<Data Name="Image">
				C:\Windows\Microsoft.NET\Framework64\v4.0.30319\mscorsvw.exe
			</Data>
			<Data Name="User">
				NT AUTHORITY\SYSTEM
			</Data>
		</EventData>
	</Event>
	<Event xmlns="http://schemas.microsoft.com/win/2004/08/events/event">
		<System>
			<Provider Name="Microsoft-Windows-Sysmon" Guid="{5770385f-c22a-43e0-bf4c-06f5698ffbd9}" />
			<EventID>
				1
			</EventID>
			<Version>
				5
			</Version>
			<Level>
				4
			</Level>
			<Task>
				1
			</Task>
			<Opcode>
				0
			</Opcode>
			<Keywords>
				0x8000000000000000
			</Keywords>
			<TimeCreated SystemTime="2023-05-12T07:35:31.4612524Z" />
			<EventRecordID>
				1065
			</EventRecordID>
			<Correlation />
			<Execution ProcessID="2868" ThreadID="5544" />
			<Channel>
				Microsoft-Windows-Sysmon/Operational
			</Channel>
			<Computer>
				DESKTOP-0QN63TJ
			</Computer>
			<Security UserID="S-1-5-18" />
		</System>
		<EventData>
			<Data Name="RuleName">
				-
			</Data>
			<Data Name="UtcTime">
				2023-05-12 07:35:31.453
			</Data>
			<Data Name="ProcessGuid">
				{4158b3ab-ec43-645d-3201-000000000900}
			</Data>
			<Data Name="ProcessId">
				3288
			</Data>
			<Data Name="Image">
				C:\Windows\Microsoft.NET\Framework64\v4.0.30319\mscorsvw.exe
			</Data>
			<Data Name="FileVersion">
				4.8.4320.0 built by: NET48REL1LAST_C
			</Data>
			<Data Name="Description">
				.NET Runtime Optimization Service
			</Data>
			<Data Name="Product">
				Microsoft® .NET Framework
			</Data>
			<Data Name="Company">
				Microsoft Corporation
			</Data>
			<Data Name="OriginalFileName">
				mscorsvw.exe
			</Data>
			<Data Name="CommandLine">
				C:\Windows\Microsoft.NET\Framework64\v4.0.30319\mscorsvw.exe -StartupEvent 2e8 -InterruptEvent 0 -NGENProcess 2ec -Pipe 33c -Comment "NGen Worker Process"
			</Data>
			<Data Name="CurrentDirectory">
				C:\Windows\system32\
			</Data>
			<Data Name="User">
				NT AUTHORITY\SYSTEM
			</Data>
			<Data Name="LogonGuid">
				{4158b3ab-e9ab-645d-e703-000000000000}
			</Data>
			<Data Name="LogonId">
				0x3e7
			</Data>
			<Data Name="TerminalSessionId">
				0
			</Data>
			<Data Name="IntegrityLevel">
				System
			</Data>
			<Data Name="Hashes">
				SHA256=DA1087BA2641EFD77D85E5838AEB6C333E80CAA9F24C889FD2DE2E0B58F8D1A5
			</Data>
			<Data Name="ParentProcessGuid">
				{4158b3ab-ec23-645d-ef00-000000000900}
			</Data>
			<Data Name="ParentProcessId">
				2500
			</Data>
			<Data Name="ParentImage">
				C:\Windows\Microsoft.NET\Framework64\v4.0.30319\ngen.exe
			</Data>
			<Data Name="ParentCommandLine">
				"C:\Windows\Microsoft.NET\Framework64\v4.0.30319\ngen.exe" ExecuteQueuedItems /LegacyServiceBehavior
			</Data>
			<Data Name="ParentUser">
				NT AUTHORITY\SYSTEM
			</Data>
		</EventData>
	</Event>
	<Event xmlns="http://schemas.microsoft.com/win/2004/08/events/event">
		<System>
			<Provider Name="Microsoft-Windows-Sysmon" Guid="{5770385f-c22a-43e0-bf4c-06f5698ffbd9}" />
			<EventID>
				5
			</EventID>
			<Version>
				3
			</Version>
			<Level>
				4
			</Level>
			<Task>
				5
			</Task>
			<Opcode>
				0
			</Opcode>
			<Keywords>
				0x8000000000000000
			</Keywords>
			<TimeCreated SystemTime="2023-05-12T07:35:29.6097553Z" />
			<EventRecordID>
				1064
			</EventRecordID>
			<Correlation />
			<Execution ProcessID="2868" ThreadID="5544" />
			<Channel>
				Microsoft-Windows-Sysmon/Operational
			</Channel>
			<Computer>
				DESKTOP-0QN63TJ
			</Computer>
			<Security UserID="S-1-5-18" />
		</System>
		<EventData>
			<Data Name="RuleName">
				-
			</Data>
			<Data Name="UtcTime">
				2023-05-12 07:35:29.603
			</Data>
			<Data Name="ProcessGuid">
				{4158b3ab-ec41-645d-3001-000000000900}
			</Data>
			<Data Name="ProcessId">
				5532
			</Data>
			<Data Name="Image">
				C:\Windows\Microsoft.NET\Framework64\v4.0.30319\mscorsvw.exe
			</Data>
			<Data Name="User">
				NT AUTHORITY\SYSTEM
			</Data>
		</EventData>
	</Event>
	<Event xmlns="http://schemas.microsoft.com/win/2004/08/events/event">
		<System>
			<Provider Name="Microsoft-Windows-Sysmon" Guid="{5770385f-c22a-43e0-bf4c-06f5698ffbd9}" />
			<EventID>
				1
			</EventID>
			<Version>
				5
			</Version>
			<Level>
				4
			</Level>
			<Task>
				1
			</Task>
			<Opcode>
				0
			</Opcode>
			<Keywords>
				0x8000000000000000
			</Keywords>
			<TimeCreated SystemTime="2023-05-12T07:35:29.6056382Z" />
			<EventRecordID>
				1063
			</EventRecordID>
			<Correlation />
			<Execution ProcessID="2868" ThreadID="5544" />
			<Channel>
				Microsoft-Windows-Sysmon/Operational
			</Channel>
			<Computer>
				DESKTOP-0QN63TJ
			</Computer>
			<Security UserID="S-1-5-18" />
		</System>
		<EventData>
			<Data Name="RuleName">
				-
			</Data>
			<Data Name="UtcTime">
				2023-05-12 07:35:29.599
			</Data>
			<Data Name="ProcessGuid">
				{4158b3ab-ec41-645d-3101-000000000900}
			</Data>
			<Data Name="ProcessId">
				2532
			</Data>
			<Data Name="Image">
				C:\Windows\Microsoft.NET\Framework64\v4.0.30319\mscorsvw.exe
			</Data>
			<Data Name="FileVersion">
				4.8.4320.0 built by: NET48REL1LAST_C
			</Data>
			<Data Name="Description">
				.NET Runtime Optimization Service
			</Data>
			<Data Name="Product">
				Microsoft® .NET Framework
			</Data>
			<Data Name="Company">
				Microsoft Corporation
			</Data>
			<Data Name="OriginalFileName">
				mscorsvw.exe
			</Data>
			<Data Name="CommandLine">
				C:\Windows\Microsoft.NET\Framework64\v4.0.30319\mscorsvw.exe -StartupEvent 36c -InterruptEvent 0 -NGENProcess 3cc -Pipe 330 -Comment "NGen Worker Process"
			</Data>
			<Data Name="CurrentDirectory">
				C:\Windows\system32\
			</Data>
			<Data Name="User">
				NT AUTHORITY\SYSTEM
			</Data>
			<Data Name="LogonGuid">
				{4158b3ab-e9ab-645d-e703-000000000000}
			</Data>
			<Data Name="LogonId">
				0x3e7
			</Data>
			<Data Name="TerminalSessionId">
				0
			</Data>
			<Data Name="IntegrityLevel">
				System
			</Data>
			<Data Name="Hashes">
				SHA256=DA1087BA2641EFD77D85E5838AEB6C333E80CAA9F24C889FD2DE2E0B58F8D1A5
			</Data>
			<Data Name="ParentProcessGuid">
				{4158b3ab-ec23-645d-ef00-000000000900}
			</Data>
			<Data Name="ParentProcessId">
				2500
			</Data>
			<Data Name="ParentImage">
				C:\Windows\Microsoft.NET\Framework64\v4.0.30319\ngen.exe
			</Data>
			<Data Name="ParentCommandLine">
				"C:\Windows\Microsoft.NET\Framework64\v4.0.30319\ngen.exe" ExecuteQueuedItems /LegacyServiceBehavior
			</Data>
			<Data Name="ParentUser">
				NT AUTHORITY\SYSTEM
			</Data>
		</EventData>
	</Event>
	<Event xmlns="http://schemas.microsoft.com/win/2004/08/events/event">
		<System>
			<Provider Name="Microsoft-Windows-Sysmon" Guid="{5770385f-c22a-43e0-bf4c-06f5698ffbd9}" />
			<EventID>
				5
			</EventID>
			<Version>
				3
			</Version>
			<Level>
				4
			</Level>
			<Task>
				5
			</Task>
			<Opcode>
				0
			</Opcode>
			<Keywords>
				0x8000000000000000
			</Keywords>
			<TimeCreated SystemTime="2023-05-12T07:35:29.5016298Z" />
			<EventRecordID>
				1062
			</EventRecordID>
			<Correlation />
			<Execution ProcessID="2868" ThreadID="5544" />
			<Channel>
				Microsoft-Windows-Sysmon/Operational
			</Channel>
			<Computer>
				DESKTOP-0QN63TJ
			</Computer>
			<Security UserID="S-1-5-18" />
		</System>
		<EventData>
			<Data Name="RuleName">
				-
			</Data>
			<Data Name="UtcTime">
				2023-05-12 07:35:29.494
			</Data>
			<Data Name="ProcessGuid">
				{4158b3ab-ec41-645d-2f01-000000000900}
			</Data>
			<Data Name="ProcessId">
				6596
			</Data>
			<Data Name="Image">
				C:\Windows\Microsoft.NET\Framework64\v4.0.30319\mscorsvw.exe
			</Data>
			<Data Name="User">
				NT AUTHORITY\SYSTEM
			</Data>
		</EventData>
	</Event>
	<Event xmlns="http://schemas.microsoft.com/win/2004/08/events/event">
		<System>
			<Provider Name="Microsoft-Windows-Sysmon" Guid="{5770385f-c22a-43e0-bf4c-06f5698ffbd9}" />
			<EventID>
				1
			</EventID>
			<Version>
				5
			</Version>
			<Level>
				4
			</Level>
			<Task>
				1
			</Task>
			<Opcode>
				0
			</Opcode>
			<Keywords>
				0x8000000000000000
			</Keywords>
			<TimeCreated SystemTime="2023-05-12T07:35:29.5005188Z" />
			<EventRecordID>
				1061
			</EventRecordID>
			<Correlation />
			<Execution ProcessID="2868" ThreadID="5544" />
			<Channel>
				Microsoft-Windows-Sysmon/Operational
			</Channel>
			<Computer>
				DESKTOP-0QN63TJ
			</Computer>
			<Security UserID="S-1-5-18" />
		</System>
		<EventData>
			<Data Name="RuleName">
				-
			</Data>
			<Data Name="UtcTime">
				2023-05-12 07:35:29.493
			</Data>
			<Data Name="ProcessGuid">
				{4158b3ab-ec41-645d-3001-000000000900}
			</Data>
			<Data Name="ProcessId">
				5532
			</Data>
			<Data Name="Image">
				C:\Windows\Microsoft.NET\Framework64\v4.0.30319\mscorsvw.exe
			</Data>
			<Data Name="FileVersion">
				4.8.4320.0 built by: NET48REL1LAST_C
			</Data>
			<Data Name="Description">
				.NET Runtime Optimization Service
			</Data>
			<Data Name="Product">
				Microsoft® .NET Framework
			</Data>
			<Data Name="Company">
				Microsoft Corporation
			</Data>
			<Data Name="OriginalFileName">
				mscorsvw.exe
			</Data>
			<Data Name="CommandLine">
				C:\Windows\Microsoft.NET\Framework64\v4.0.30319\mscorsvw.exe -StartupEvent 36c -InterruptEvent 0 -NGENProcess 354 -Pipe 35c -Comment "NGen Worker Process"
			</Data>
			<Data Name="CurrentDirectory">
				C:\Windows\system32\
			</Data>
			<Data Name="User">
				NT AUTHORITY\SYSTEM
			</Data>
			<Data Name="LogonGuid">
				{4158b3ab-e9ab-645d-e703-000000000000}
			</Data>
			<Data Name="LogonId">
				0x3e7
			</Data>
			<Data Name="TerminalSessionId">
				0
			</Data>
			<Data Name="IntegrityLevel">
				System
			</Data>
			<Data Name="Hashes">
				SHA256=DA1087BA2641EFD77D85E5838AEB6C333E80CAA9F24C889FD2DE2E0B58F8D1A5
			</Data>
			<Data Name="ParentProcessGuid">
				{4158b3ab-ec23-645d-ef00-000000000900}
			</Data>
			<Data Name="ParentProcessId">
				2500
			</Data>
			<Data Name="ParentImage">
				C:\Windows\Microsoft.NET\Framework64\v4.0.30319\ngen.exe
			</Data>
			<Data Name="ParentCommandLine">
				"C:\Windows\Microsoft.NET\Framework64\v4.0.30319\ngen.exe" ExecuteQueuedItems /LegacyServiceBehavior
			</Data>
			<Data Name="ParentUser">
				NT AUTHORITY\SYSTEM
			</Data>
		</EventData>
	</Event>
	<Event xmlns="http://schemas.microsoft.com/win/2004/08/events/event">
		<System>
			<Provider Name="Microsoft-Windows-Sysmon" Guid="{5770385f-c22a-43e0-bf4c-06f5698ffbd9}" />
			<EventID>
				5
			</EventID>
			<Version>
				3
			</Version>
			<Level>
				4
			</Level>
			<Task>
				5
			</Task>
			<Opcode>
				0
			</Opcode>
			<Keywords>
				0x8000000000000000
			</Keywords>
			<TimeCreated SystemTime="2023-05-12T07:35:29.3858996Z" />
			<EventRecordID>
				1060
			</EventRecordID>
			<Correlation />
			<Execution ProcessID="2868" ThreadID="5544" />
			<Channel>
				Microsoft-Windows-Sysmon/Operational
			</Channel>
			<Computer>
				DESKTOP-0QN63TJ
			</Computer>
			<Security UserID="S-1-5-18" />
		</System>
		<EventData>
			<Data Name="RuleName">
				-
			</Data>
			<Data Name="UtcTime">
				2023-05-12 07:35:29.385
			</Data>
			<Data Name="ProcessGuid">
				{4158b3ab-ec41-645d-2e01-000000000900}
			</Data>
			<Data Name="ProcessId">
				4184
			</Data>
			<Data Name="Image">
				C:\Windows\Microsoft.NET\Framework64\v4.0.30319\mscorsvw.exe
			</Data>
			<Data Name="User">
				NT AUTHORITY\SYSTEM
			</Data>
		</EventData>
	</Event>
	<Event xmlns="http://schemas.microsoft.com/win/2004/08/events/event">
		<System>
			<Provider Name="Microsoft-Windows-Sysmon" Guid="{5770385f-c22a-43e0-bf4c-06f5698ffbd9}" />
			<EventID>
				1
			</EventID>
			<Version>
				5
			</Version>
			<Level>
				4
			</Level>
			<Task>
				1
			</Task>
			<Opcode>
				0
			</Opcode>
			<Keywords>
				0x8000000000000000
			</Keywords>
			<TimeCreated SystemTime="2023-05-12T07:35:29.3778716Z" />
			<EventRecordID>
				1059
			</EventRecordID>
			<Correlation />
			<Execution ProcessID="2868" ThreadID="5544" />
			<Channel>
				Microsoft-Windows-Sysmon/Operational
			</Channel>
			<Computer>
				DESKTOP-0QN63TJ
			</Computer>
			<Security UserID="S-1-5-18" />
		</System>
		<EventData>
			<Data Name="RuleName">
				-
			</Data>
			<Data Name="UtcTime">
				2023-05-12 07:35:29.376
			</Data>
			<Data Name="ProcessGuid">
				{4158b3ab-ec41-645d-2f01-000000000900}
			</Data>
			<Data Name="ProcessId">
				6596
			</Data>
			<Data Name="Image">
				C:\Windows\Microsoft.NET\Framework64\v4.0.30319\mscorsvw.exe
			</Data>
			<Data Name="FileVersion">
				4.8.4320.0 built by: NET48REL1LAST_C
			</Data>
			<Data Name="Description">
				.NET Runtime Optimization Service
			</Data>
			<Data Name="Product">
				Microsoft® .NET Framework
			</Data>
			<Data Name="Company">
				Microsoft Corporation
			</Data>
			<Data Name="OriginalFileName">
				mscorsvw.exe
			</Data>
			<Data Name="CommandLine">
				C:\Windows\Microsoft.NET\Framework64\v4.0.30319\mscorsvw.exe -StartupEvent 2e8 -InterruptEvent 0 -NGENProcess 300 -Pipe 3d8 -Comment "NGen Worker Process"
			</Data>
			<Data Name="CurrentDirectory">
				C:\Windows\system32\
			</Data>
			<Data Name="User">
				NT AUTHORITY\SYSTEM
			</Data>
			<Data Name="LogonGuid">
				{4158b3ab-e9ab-645d-e703-000000000000}
			</Data>
			<Data Name="LogonId">
				0x3e7
			</Data>
			<Data Name="TerminalSessionId">
				0
			</Data>
			<Data Name="IntegrityLevel">
				System
			</Data>
			<Data Name="Hashes">
				SHA256=DA1087BA2641EFD77D85E5838AEB6C333E80CAA9F24C889FD2DE2E0B58F8D1A5
			</Data>
			<Data Name="ParentProcessGuid">
				{4158b3ab-ec23-645d-ef00-000000000900}
			</Data>
			<Data Name="ParentProcessId">
				2500
			</Data>
			<Data Name="ParentImage">
				C:\Windows\Microsoft.NET\Framework64\v4.0.30319\ngen.exe
			</Data>
			<Data Name="ParentCommandLine">
				"C:\Windows\Microsoft.NET\Framework64\v4.0.30319\ngen.exe" ExecuteQueuedItems /LegacyServiceBehavior
			</Data>
			<Data Name="ParentUser">
				NT AUTHORITY\SYSTEM
			</Data>
		</EventData>
	</Event>
	<Event xmlns="http://schemas.microsoft.com/win/2004/08/events/event">
		<System>
			<Provider Name="Microsoft-Windows-Sysmon" Guid="{5770385f-c22a-43e0-bf4c-06f5698ffbd9}" />
			<EventID>
				5
			</EventID>
			<Version>
				3
			</Version>
			<Level>
				4
			</Level>
			<Task>
				5
			</Task>
			<Opcode>
				0
			</Opcode>
			<Keywords>
				0x8000000000000000
			</Keywords>
			<TimeCreated SystemTime="2023-05-12T07:35:29.2994812Z" />
			<EventRecordID>
				1058
			</EventRecordID>
			<Correlation />
			<Execution ProcessID="2868" ThreadID="5544" />
			<Channel>
				Microsoft-Windows-Sysmon/Operational
			</Channel>
			<Computer>
				DESKTOP-0QN63TJ
			</Computer>
			<Security UserID="S-1-5-18" />
		</System>
		<EventData>
			<Data Name="RuleName">
				-
			</Data>
			<Data Name="UtcTime">
				2023-05-12 07:35:29.291
			</Data>
			<Data Name="ProcessGuid">
				{4158b3ab-ec40-645d-2d01-000000000900}
			</Data>
			<Data Name="ProcessId">
				1936
			</Data>
			<Data Name="Image">
				C:\Windows\Microsoft.NET\Framework64\v4.0.30319\mscorsvw.exe
			</Data>
			<Data Name="User">
				NT AUTHORITY\SYSTEM
			</Data>
		</EventData>
	</Event>
	<Event xmlns="http://schemas.microsoft.com/win/2004/08/events/event">
		<System>
			<Provider Name="Microsoft-Windows-Sysmon" Guid="{5770385f-c22a-43e0-bf4c-06f5698ffbd9}" />
			<EventID>
				1
			</EventID>
			<Version>
				5
			</Version>
			<Level>
				4
			</Level>
			<Task>
				1
			</Task>
			<Opcode>
				0
			</Opcode>
			<Keywords>
				0x8000000000000000
			</Keywords>
			<TimeCreated SystemTime="2023-05-12T07:35:29.2977565Z" />
			<EventRecordID>
				1057
			</EventRecordID>
			<Correlation />
			<Execution ProcessID="2868" ThreadID="5544" />
			<Channel>
				Microsoft-Windows-Sysmon/Operational
			</Channel>
			<Computer>
				DESKTOP-0QN63TJ
			</Computer>
			<Security UserID="S-1-5-18" />
		</System>
		<EventData>
			<Data Name="RuleName">
				-
			</Data>
			<Data Name="UtcTime">
				2023-05-12 07:35:29.289
			</Data>
			<Data Name="ProcessGuid">
				{4158b3ab-ec41-645d-2e01-000000000900}
			</Data>
			<Data Name="ProcessId">
				4184
			</Data>
			<Data Name="Image">
				C:\Windows\Microsoft.NET\Framework64\v4.0.30319\mscorsvw.exe
			</Data>
			<Data Name="FileVersion">
				4.8.4320.0 built by: NET48REL1LAST_C
			</Data>
			<Data Name="Description">
				.NET Runtime Optimization Service
			</Data>
			<Data Name="Product">
				Microsoft® .NET Framework
			</Data>
			<Data Name="Company">
				Microsoft Corporation
			</Data>
			<Data Name="OriginalFileName">
				mscorsvw.exe
			</Data>
			<Data Name="CommandLine">
				C:\Windows\Microsoft.NET\Framework64\v4.0.30319\mscorsvw.exe -StartupEvent 3e4 -InterruptEvent 0 -NGENProcess 31c -Pipe 3c4 -Comment "NGen Worker Process"
			</Data>
			<Data Name="CurrentDirectory">
				C:\Windows\system32\
			</Data>
			<Data Name="User">
				NT AUTHORITY\SYSTEM
			</Data>
			<Data Name="LogonGuid">
				{4158b3ab-e9ab-645d-e703-000000000000}
			</Data>
			<Data Name="LogonId">
				0x3e7
			</Data>
			<Data Name="TerminalSessionId">
				0
			</Data>
			<Data Name="IntegrityLevel">
				System
			</Data>
			<Data Name="Hashes">
				SHA256=DA1087BA2641EFD77D85E5838AEB6C333E80CAA9F24C889FD2DE2E0B58F8D1A5
			</Data>
			<Data Name="ParentProcessGuid">
				{4158b3ab-ec23-645d-ef00-000000000900}
			</Data>
			<Data Name="ParentProcessId">
				2500
			</Data>
			<Data Name="ParentImage">
				C:\Windows\Microsoft.NET\Framework64\v4.0.30319\ngen.exe
			</Data>
			<Data Name="ParentCommandLine">
				"C:\Windows\Microsoft.NET\Framework64\v4.0.30319\ngen.exe" ExecuteQueuedItems /LegacyServiceBehavior
			</Data>
			<Data Name="ParentUser">
				NT AUTHORITY\SYSTEM
			</Data>
		</EventData>
	</Event>
	<Event xmlns="http://schemas.microsoft.com/win/2004/08/events/event">
		<System>
			<Provider Name="Microsoft-Windows-Sysmon" Guid="{5770385f-c22a-43e0-bf4c-06f5698ffbd9}" />
			<EventID>
				5
			</EventID>
			<Version>
				3
			</Version>
			<Level>
				4
			</Level>
			<Task>
				5
			</Task>
			<Opcode>
				0
			</Opcode>
			<Keywords>
				0x8000000000000000
			</Keywords>
			<TimeCreated SystemTime="2023-05-12T07:35:28.4247607Z" />
			<EventRecordID>
				1056
			</EventRecordID>
			<Correlation />
			<Execution ProcessID="2868" ThreadID="5544" />
			<Channel>
				Microsoft-Windows-Sysmon/Operational
			</Channel>
			<Computer>
				DESKTOP-0QN63TJ
			</Computer>
			<Security UserID="S-1-5-18" />
		</System>
		<EventData>
			<Data Name="RuleName">
				-
			</Data>
			<Data Name="UtcTime">
				2023-05-12 07:35:28.416
			</Data>
			<Data Name="ProcessGuid">
				{4158b3ab-ec40-645d-2c01-000000000900}
			</Data>
			<Data Name="ProcessId">
				628
			</Data>
			<Data Name="Image">
				C:\Windows\Microsoft.NET\Framework64\v4.0.30319\mscorsvw.exe
			</Data>
			<Data Name="User">
				NT AUTHORITY\SYSTEM
			</Data>
		</EventData>
	</Event>
	<Event xmlns="http://schemas.microsoft.com/win/2004/08/events/event">
		<System>
			<Provider Name="Microsoft-Windows-Sysmon" Guid="{5770385f-c22a-43e0-bf4c-06f5698ffbd9}" />
			<EventID>
				1
			</EventID>
			<Version>
				5
			</Version>
			<Level>
				4
			</Level>
			<Task>
				1
			</Task>
			<Opcode>
				0
			</Opcode>
			<Keywords>
				0x8000000000000000
			</Keywords>
			<TimeCreated SystemTime="2023-05-12T07:35:28.4226989Z" />
			<EventRecordID>
				1055
			</EventRecordID>
			<Correlation />
			<Execution ProcessID="2868" ThreadID="5544" />
			<Channel>
				Microsoft-Windows-Sysmon/Operational
			</Channel>
			<Computer>
				DESKTOP-0QN63TJ
			</Computer>
			<Security UserID="S-1-5-18" />
		</System>
		<EventData>
			<Data Name="RuleName">
				-
			</Data>
			<Data Name="UtcTime">
				2023-05-12 07:35:28.416
			</Data>
			<Data Name="ProcessGuid">
				{4158b3ab-ec40-645d-2d01-000000000900}
			</Data>
			<Data Name="ProcessId">
				1936
			</Data>
			<Data Name="Image">
				C:\Windows\Microsoft.NET\Framework64\v4.0.30319\mscorsvw.exe
			</Data>
			<Data Name="FileVersion">
				4.8.4320.0 built by: NET48REL1LAST_C
			</Data>
			<Data Name="Description">
				.NET Runtime Optimization Service
			</Data>
			<Data Name="Product">
				Microsoft® .NET Framework
			</Data>
			<Data Name="Company">
				Microsoft Corporation
			</Data>
			<Data Name="OriginalFileName">
				mscorsvw.exe
			</Data>
			<Data Name="CommandLine">
				C:\Windows\Microsoft.NET\Framework64\v4.0.30319\mscorsvw.exe -StartupEvent 3e4 -InterruptEvent 0 -NGENProcess 3d8 -Pipe 3d4 -Comment "NGen Worker Process"
			</Data>
			<Data Name="CurrentDirectory">
				C:\Windows\system32\
			</Data>
			<Data Name="User">
				NT AUTHORITY\SYSTEM
			</Data>
			<Data Name="LogonGuid">
				{4158b3ab-e9ab-645d-e703-000000000000}
			</Data>
			<Data Name="LogonId">
				0x3e7
			</Data>
			<Data Name="TerminalSessionId">
				0
			</Data>
			<Data Name="IntegrityLevel">
				System
			</Data>
			<Data Name="Hashes">
				SHA256=DA1087BA2641EFD77D85E5838AEB6C333E80CAA9F24C889FD2DE2E0B58F8D1A5
			</Data>
			<Data Name="ParentProcessGuid">
				{4158b3ab-ec23-645d-ef00-000000000900}
			</Data>
			<Data Name="ParentProcessId">
				2500
			</Data>
			<Data Name="ParentImage">
				C:\Windows\Microsoft.NET\Framework64\v4.0.30319\ngen.exe
			</Data>
			<Data Name="ParentCommandLine">
				"C:\Windows\Microsoft.NET\Framework64\v4.0.30319\ngen.exe" ExecuteQueuedItems /LegacyServiceBehavior
			</Data>
			<Data Name="ParentUser">
				NT AUTHORITY\SYSTEM
			</Data>
		</EventData>
	</Event>
	<Event xmlns="http://schemas.microsoft.com/win/2004/08/events/event">
		<System>
			<Provider Name="Microsoft-Windows-Sysmon" Guid="{5770385f-c22a-43e0-bf4c-06f5698ffbd9}" />
			<EventID>
				5
			</EventID>
			<Version>
				3
			</Version>
			<Level>
				4
			</Level>
			<Task>
				5
			</Task>
			<Opcode>
				0
			</Opcode>
			<Keywords>
				0x8000000000000000
			</Keywords>
			<TimeCreated SystemTime="2023-05-12T07:35:28.3165580Z" />
			<EventRecordID>
				1054
			</EventRecordID>
			<Correlation />
			<Execution ProcessID="2868" ThreadID="5544" />
			<Channel>
				Microsoft-Windows-Sysmon/Operational
			</Channel>
			<Computer>
				DESKTOP-0QN63TJ
			</Computer>
			<Security UserID="S-1-5-18" />
		</System>
		<EventData>
			<Data Name="RuleName">
				-
			</Data>
			<Data Name="UtcTime">
				2023-05-12 07:35:28.307
			</Data>
			<Data Name="ProcessGuid">
				{4158b3ab-ec3e-645d-2a01-000000000900}
			</Data>
			<Data Name="ProcessId">
				1280
			</Data>
			<Data Name="Image">
				C:\Windows\Microsoft.NET\Framework64\v4.0.30319\mscorsvw.exe
			</Data>
			<Data Name="User">
				NT AUTHORITY\SYSTEM
			</Data>
		</EventData>
	</Event>
	<Event xmlns="http://schemas.microsoft.com/win/2004/08/events/event">
		<System>
			<Provider Name="Microsoft-Windows-Sysmon" Guid="{5770385f-c22a-43e0-bf4c-06f5698ffbd9}" />
			<EventID>
				1
			</EventID>
			<Version>
				5
			</Version>
			<Level>
				4
			</Level>
			<Task>
				1
			</Task>
			<Opcode>
				0
			</Opcode>
			<Keywords>
				0x8000000000000000
			</Keywords>
			<TimeCreated SystemTime="2023-05-12T07:35:28.3092839Z" />
			<EventRecordID>
				1053
			</EventRecordID>
			<Correlation />
			<Execution ProcessID="2868" ThreadID="5544" />
			<Channel>
				Microsoft-Windows-Sysmon/Operational
			</Channel>
			<Computer>
				DESKTOP-0QN63TJ
			</Computer>
			<Security UserID="S-1-5-18" />
		</System>
		<EventData>
			<Data Name="RuleName">
				-
			</Data>
			<Data Name="UtcTime">
				2023-05-12 07:35:28.307
			</Data>
			<Data Name="ProcessGuid">
				{4158b3ab-ec40-645d-2c01-000000000900}
			</Data>
			<Data Name="ProcessId">
				628
			</Data>
			<Data Name="Image">
				C:\Windows\Microsoft.NET\Framework64\v4.0.30319\mscorsvw.exe
			</Data>
			<Data Name="FileVersion">
				4.8.4320.0 built by: NET48REL1LAST_C
			</Data>
			<Data Name="Description">
				.NET Runtime Optimization Service
			</Data>
			<Data Name="Product">
				Microsoft® .NET Framework
			</Data>
			<Data Name="Company">
				Microsoft Corporation
			</Data>
			<Data Name="OriginalFileName">
				mscorsvw.exe
			</Data>
			<Data Name="CommandLine">
				C:\Windows\Microsoft.NET\Framework64\v4.0.30319\mscorsvw.exe -StartupEvent 3c4 -InterruptEvent 0 -NGENProcess 2e8 -Pipe 2bc -Comment "NGen Worker Process"
			</Data>
			<Data Name="CurrentDirectory">
				C:\Windows\system32\
			</Data>
			<Data Name="User">
				NT AUTHORITY\SYSTEM
			</Data>
			<Data Name="LogonGuid">
				{4158b3ab-e9ab-645d-e703-000000000000}
			</Data>
			<Data Name="LogonId">
				0x3e7
			</Data>
			<Data Name="TerminalSessionId">
				0
			</Data>
			<Data Name="IntegrityLevel">
				System
			</Data>
			<Data Name="Hashes">
				SHA256=DA1087BA2641EFD77D85E5838AEB6C333E80CAA9F24C889FD2DE2E0B58F8D1A5
			</Data>
			<Data Name="ParentProcessGuid">
				{4158b3ab-ec23-645d-ef00-000000000900}
			</Data>
			<Data Name="ParentProcessId">
				2500
			</Data>
			<Data Name="ParentImage">
				C:\Windows\Microsoft.NET\Framework64\v4.0.30319\ngen.exe
			</Data>
			<Data Name="ParentCommandLine">
				"C:\Windows\Microsoft.NET\Framework64\v4.0.30319\ngen.exe" ExecuteQueuedItems /LegacyServiceBehavior
			</Data>
			<Data Name="ParentUser">
				NT AUTHORITY\SYSTEM
			</Data>
		</EventData>
	</Event>
	<Event xmlns="http://schemas.microsoft.com/win/2004/08/events/event">
		<System>
			<Provider Name="Microsoft-Windows-Sysmon" Guid="{5770385f-c22a-43e0-bf4c-06f5698ffbd9}" />
			<EventID>
				1
			</EventID>
			<Version>
				5
			</Version>
			<Level>
				4
			</Level>
			<Task>
				1
			</Task>
			<Opcode>
				0
			</Opcode>
			<Keywords>
				0x8000000000000000
			</Keywords>
			<TimeCreated SystemTime="2023-05-12T07:35:27.5646682Z" />
			<EventRecordID>
				1052
			</EventRecordID>
			<Correlation />
			<Execution ProcessID="2868" ThreadID="5544" />
			<Channel>
				Microsoft-Windows-Sysmon/Operational
			</Channel>
			<Computer>
				DESKTOP-0QN63TJ
			</Computer>
			<Security UserID="S-1-5-18" />
		</System>
		<EventData>
			<Data Name="RuleName">
				-
			</Data>
			<Data Name="UtcTime">
				2023-05-12 07:35:27.561
			</Data>
			<Data Name="ProcessGuid">
				{4158b3ab-ec3f-645d-2b01-000000000900}
			</Data>
			<Data Name="ProcessId">
				1692
			</Data>
			<Data Name="Image">
				C:\Windows\System32\svchost.exe
			</Data>
			<Data Name="FileVersion">
				10.0.19041.1806 (WinBuild.160101.0800)
			</Data>
			<Data Name="Description">
				Host Process for Windows Services
			</Data>
			<Data Name="Product">
				Microsoft® Windows® Operating System
			</Data>
			<Data Name="Company">
				Microsoft Corporation
			</Data>
			<Data Name="OriginalFileName">
				svchost.exe
			</Data>
			<Data Name="CommandLine">
				C:\Windows\system32\svchost.exe -k LocalSystemNetworkRestricted -s WPDBusEnum
			</Data>
			<Data Name="CurrentDirectory">
				C:\Windows\system32\
			</Data>
			<Data Name="User">
				NT AUTHORITY\SYSTEM
			</Data>
			<Data Name="LogonGuid">
				{4158b3ab-e9ab-645d-e703-000000000000}
			</Data>
			<Data Name="LogonId">
				0x3e7
			</Data>
			<Data Name="TerminalSessionId">
				0
			</Data>
			<Data Name="IntegrityLevel">
				System
			</Data>
			<Data Name="Hashes">
				SHA256=ADD683A6910ABBBF0E28B557FAD0BA998166394932AE2ACA069D9AA19EA8FE88
			</Data>
			<Data Name="ParentProcessGuid">
				{00000000-0000-0000-0000-000000000000}
			</Data>
			<Data Name="ParentProcessId">
				644
			</Data>
			<Data Name="ParentImage">
				-
			</Data>
			<Data Name="ParentCommandLine">
				-
			</Data>
			<Data Name="ParentUser">
				-
			</Data>
		</EventData>
	</Event>
	<Event xmlns="http://schemas.microsoft.com/win/2004/08/events/event">
		<System>
			<Provider Name="Microsoft-Windows-Sysmon" Guid="{5770385f-c22a-43e0-bf4c-06f5698ffbd9}" />
			<EventID>
				5
			</EventID>
			<Version>
				3
			</Version>
			<Level>
				4
			</Level>
			<Task>
				5
			</Task>
			<Opcode>
				0
			</Opcode>
			<Keywords>
				0x8000000000000000
			</Keywords>
			<TimeCreated SystemTime="2023-05-12T07:35:26.0452504Z" />
			<EventRecordID>
				1051
			</EventRecordID>
			<Correlation />
			<Execution ProcessID="2868" ThreadID="5544" />
			<Channel>
				Microsoft-Windows-Sysmon/Operational
			</Channel>
			<Computer>
				DESKTOP-0QN63TJ
			</Computer>
			<Security UserID="S-1-5-18" />
		</System>
		<EventData>
			<Data Name="RuleName">
				-
			</Data>
			<Data Name="UtcTime">
				2023-05-12 07:35:26.041
			</Data>
			<Data Name="ProcessGuid">
				{4158b3ab-ec3d-645d-2901-000000000900}
			</Data>
			<Data Name="ProcessId">
				1084
			</Data>
			<Data Name="Image">
				C:\Windows\Microsoft.NET\Framework64\v4.0.30319\mscorsvw.exe
			</Data>
			<Data Name="User">
				NT AUTHORITY\SYSTEM
			</Data>
		</EventData>
	</Event>
	<Event xmlns="http://schemas.microsoft.com/win/2004/08/events/event">
		<System>
			<Provider Name="Microsoft-Windows-Sysmon" Guid="{5770385f-c22a-43e0-bf4c-06f5698ffbd9}" />
			<EventID>
				1
			</EventID>
			<Version>
				5
			</Version>
			<Level>
				4
			</Level>
			<Task>
				1
			</Task>
			<Opcode>
				0
			</Opcode>
			<Keywords>
				0x8000000000000000
			</Keywords>
			<TimeCreated SystemTime="2023-05-12T07:35:26.0442832Z" />
			<EventRecordID>
				1050
			</EventRecordID>
			<Correlation />
			<Execution ProcessID="2868" ThreadID="5544" />
			<Channel>
				Microsoft-Windows-Sysmon/Operational
			</Channel>
			<Computer>
				DESKTOP-0QN63TJ
			</Computer>
			<Security UserID="S-1-5-18" />
		</System>
		<EventData>
			<Data Name="RuleName">
				-
			</Data>
			<Data Name="UtcTime">
				2023-05-12 07:35:26.042
			</Data>
			<Data Name="ProcessGuid">
				{4158b3ab-ec3e-645d-2a01-000000000900}
			</Data>
			<Data Name="ProcessId">
				1280
			</Data>
			<Data Name="Image">
				C:\Windows\Microsoft.NET\Framework64\v4.0.30319\mscorsvw.exe
			</Data>
			<Data Name="FileVersion">
				4.8.4320.0 built by: NET48REL1LAST_C
			</Data>
			<Data Name="Description">
				.NET Runtime Optimization Service
			</Data>
			<Data Name="Product">
				Microsoft® .NET Framework
			</Data>
			<Data Name="Company">
				Microsoft Corporation
			</Data>
			<Data Name="OriginalFileName">
				mscorsvw.exe
			</Data>
			<Data Name="CommandLine">
				C:\Windows\Microsoft.NET\Framework64\v4.0.30319\mscorsvw.exe -StartupEvent 33c -InterruptEvent 0 -NGENProcess 3d4 -Pipe 3a4 -Comment "NGen Worker Process"
			</Data>
			<Data Name="CurrentDirectory">
				C:\Windows\system32\
			</Data>
			<Data Name="User">
				NT AUTHORITY\SYSTEM
			</Data>
			<Data Name="LogonGuid">
				{4158b3ab-e9ab-645d-e703-000000000000}
			</Data>
			<Data Name="LogonId">
				0x3e7
			</Data>
			<Data Name="TerminalSessionId">
				0
			</Data>
			<Data Name="IntegrityLevel">
				System
			</Data>
			<Data Name="Hashes">
				SHA256=DA1087BA2641EFD77D85E5838AEB6C333E80CAA9F24C889FD2DE2E0B58F8D1A5
			</Data>
			<Data Name="ParentProcessGuid">
				{4158b3ab-ec23-645d-ef00-000000000900}
			</Data>
			<Data Name="ParentProcessId">
				2500
			</Data>
			<Data Name="ParentImage">
				C:\Windows\Microsoft.NET\Framework64\v4.0.30319\ngen.exe
			</Data>
			<Data Name="ParentCommandLine">
				"C:\Windows\Microsoft.NET\Framework64\v4.0.30319\ngen.exe" ExecuteQueuedItems /LegacyServiceBehavior
			</Data>
			<Data Name="ParentUser">
				NT AUTHORITY\SYSTEM
			</Data>
		</EventData>
	</Event>
	<Event xmlns="http://schemas.microsoft.com/win/2004/08/events/event">
		<System>
			<Provider Name="Microsoft-Windows-Sysmon" Guid="{5770385f-c22a-43e0-bf4c-06f5698ffbd9}" />
			<EventID>
				5
			</EventID>
			<Version>
				3
			</Version>
			<Level>
				4
			</Level>
			<Task>
				5
			</Task>
			<Opcode>
				0
			</Opcode>
			<Keywords>
				0x8000000000000000
			</Keywords>
			<TimeCreated SystemTime="2023-05-12T07:35:25.8978264Z" />
			<EventRecordID>
				1049
			</EventRecordID>
			<Correlation />
			<Execution ProcessID="2868" ThreadID="5544" />
			<Channel>
				Microsoft-Windows-Sysmon/Operational
			</Channel>
			<Computer>
				DESKTOP-0QN63TJ
			</Computer>
			<Security UserID="S-1-5-18" />
		</System>
		<EventData>
			<Data Name="RuleName">
				-
			</Data>
			<Data Name="UtcTime">
				2023-05-12 07:35:25.884
			</Data>
			<Data Name="ProcessGuid">
				{4158b3ab-ec39-645d-2801-000000000900}
			</Data>
			<Data Name="ProcessId">
				3084
			</Data>
			<Data Name="Image">
				C:\Windows\Microsoft.NET\Framework64\v4.0.30319\mscorsvw.exe
			</Data>
			<Data Name="User">
				NT AUTHORITY\SYSTEM
			</Data>
		</EventData>
	</Event>
	<Event xmlns="http://schemas.microsoft.com/win/2004/08/events/event">
		<System>
			<Provider Name="Microsoft-Windows-Sysmon" Guid="{5770385f-c22a-43e0-bf4c-06f5698ffbd9}" />
			<EventID>
				1
			</EventID>
			<Version>
				5
			</Version>
			<Level>
				4
			</Level>
			<Task>
				1
			</Task>
			<Opcode>
				0
			</Opcode>
			<Keywords>
				0x8000000000000000
			</Keywords>
			<TimeCreated SystemTime="2023-05-12T07:35:25.8967233Z" />
			<EventRecordID>
				1048
			</EventRecordID>
			<Correlation />
			<Execution ProcessID="2868" ThreadID="5544" />
			<Channel>
				Microsoft-Windows-Sysmon/Operational
			</Channel>
			<Computer>
				DESKTOP-0QN63TJ
			</Computer>
			<Security UserID="S-1-5-18" />
		</System>
		<EventData>
			<Data Name="RuleName">
				-
			</Data>
			<Data Name="UtcTime">
				2023-05-12 07:35:25.893
			</Data>
			<Data Name="ProcessGuid">
				{4158b3ab-ec3d-645d-2901-000000000900}
			</Data>
			<Data Name="ProcessId">
				1084
			</Data>
			<Data Name="Image">
				C:\Windows\Microsoft.NET\Framework64\v4.0.30319\mscorsvw.exe
			</Data>
			<Data Name="FileVersion">
				4.8.4320.0 built by: NET48REL1LAST_C
			</Data>
			<Data Name="Description">
				.NET Runtime Optimization Service
			</Data>
			<Data Name="Product">
				Microsoft® .NET Framework
			</Data>
			<Data Name="Company">
				Microsoft Corporation
			</Data>
			<Data Name="OriginalFileName">
				mscorsvw.exe
			</Data>
			<Data Name="CommandLine">
				C:\Windows\Microsoft.NET\Framework64\v4.0.30319\mscorsvw.exe -StartupEvent 36c -InterruptEvent 0 -NGENProcess 3d8 -Pipe 34c -Comment "NGen Worker Process"
			</Data>
			<Data Name="CurrentDirectory">
				C:\Windows\system32\
			</Data>
			<Data Name="User">
				NT AUTHORITY\SYSTEM
			</Data>
			<Data Name="LogonGuid">
				{4158b3ab-e9ab-645d-e703-000000000000}
			</Data>
			<Data Name="LogonId">
				0x3e7
			</Data>
			<Data Name="TerminalSessionId">
				0
			</Data>
			<Data Name="IntegrityLevel">
				System
			</Data>
			<Data Name="Hashes">
				SHA256=DA1087BA2641EFD77D85E5838AEB6C333E80CAA9F24C889FD2DE2E0B58F8D1A5
			</Data>
			<Data Name="ParentProcessGuid">
				{4158b3ab-ec23-645d-ef00-000000000900}
			</Data>
			<Data Name="ParentProcessId">
				2500
			</Data>
			<Data Name="ParentImage">
				C:\Windows\Microsoft.NET\Framework64\v4.0.30319\ngen.exe
			</Data>
			<Data Name="ParentCommandLine">
				"C:\Windows\Microsoft.NET\Framework64\v4.0.30319\ngen.exe" ExecuteQueuedItems /LegacyServiceBehavior
			</Data>
			<Data Name="ParentUser">
				NT AUTHORITY\SYSTEM
			</Data>
		</EventData>
	</Event>
	