<Event xmlns="http://schemas.microsoft.com/win/2004/08/events/event">
		<System>
			<Provider Name="Microsoft-Windows-Sysmon" Guid="{5770385f-c22a-43e0-bf4c-06f5698ffbd9}" />
			<EventID>
				5
			</EventID>
			<Version>
				3
			</Version>
			<Level>
				4
			</Level>
			<Task>
				5
			</Task>
			<Opcode>
				0
			</Opcode>
			<Keywords>
				0x8000000000000000
			</Keywords>
			<TimeCreated SystemTime="2023-05-12T09:23:07.4945943Z" />
			<EventRecordID>
				1808
			</EventRecordID>
			<Correlation />
			<Execution ProcessID="2868" ThreadID="5544" />
			<Channel>
				Microsoft-Windows-Sysmon/Operational
			</Channel>
			<Computer>
				DESKTOP-0QN63TJ
			</Computer>
			<Security UserID="S-1-5-18" />
		</System>
		<EventData>
			<Data Name="RuleName">
				-
			</Data>
			<Data Name="UtcTime">
				2023-05-12 09:23:07.485
			</Data>
			<Data Name="ProcessGuid">
				{4158b3ab-0578-645e-f501-000000000900}
			</Data>
			<Data Name="ProcessId">
				1088
			</Data>
			<Data Name="Image">
				C:\Windows\System32\mmc.exe
			</Data>
			<Data Name="User">
				DESKTOP-0QN63TJ\me
			</Data>
		</EventData>
	</Event>
	<Event xmlns="http://schemas.microsoft.com/win/2004/08/events/event">
		<System>
			<Provider Name="Microsoft-Windows-Sysmon" Guid="{5770385f-c22a-43e0-bf4c-06f5698ffbd9}" />
			<EventID>
				1
			</EventID>
			<Version>
				5
			</Version>
			<Level>
				4
			</Level>
			<Task>
				1
			</Task>
			<Opcode>
				0
			</Opcode>
			<Keywords>
				0x8000000000000000
			</Keywords>
			<TimeCreated SystemTime="2023-05-12T09:23:04.3097562Z" />
			<EventRecordID>
				1807
			</EventRecordID>
			<Correlation />
			<Execution ProcessID="2868" ThreadID="5544" />
			<Channel>
				Microsoft-Windows-Sysmon/Operational
			</Channel>
			<Computer>
				DESKTOP-0QN63TJ
			</Computer>
			<Security UserID="S-1-5-18" />
		</System>
		<EventData>
			<Data Name="RuleName">
				-
			</Data>
			<Data Name="UtcTime">
				2023-05-12 09:23:04.308
			</Data>
			<Data Name="ProcessGuid">
				{4158b3ab-0578-645e-f501-000000000900}
			</Data>
			<Data Name="ProcessId">
				1088
			</Data>
			<Data Name="Image">
				C:\Windows\System32\mmc.exe
			</Data>
			<Data Name="FileVersion">
				10.0.19041.2913 (WinBuild.160101.0800)
			</Data>
			<Data Name="Description">
				Microsoft Management Console
			</Data>
			<Data Name="Product">
				Microsoft® Windows® Operating System
			</Data>
			<Data Name="Company">
				Microsoft Corporation
			</Data>
			<Data Name="OriginalFileName">
				mmc.exe
			</Data>
			<Data Name="CommandLine">
				"C:\Windows\system32\mmc.exe" "C:\Windows\system32\services.msc"
			</Data>
			<Data Name="CurrentDirectory">
				C:\Windows\system32\
			</Data>
			<Data Name="User">
				DESKTOP-0QN63TJ\me
			</Data>
			<Data Name="LogonGuid">
				{4158b3ab-e9b0-645d-a70e-020000000000}
			</Data>
			<Data Name="LogonId">
				0x20ea7
			</Data>
			<Data Name="TerminalSessionId">
				1
			</Data>
			<Data Name="IntegrityLevel">
				High
			</Data>
			<Data Name="Hashes">
				SHA256=A552E94E2D51C616004FBD165559EA23DA9410AC6CDBF4E70645B5F4D5988C65
			</Data>
			<Data Name="ParentProcessGuid">
				{4158b3ab-0554-645e-ec01-000000000900}
			</Data>
			<Data Name="ParentProcessId">
				3336
			</Data>
			<Data Name="ParentImage">
				C:\Windows\explorer.exe
			</Data>
			<Data Name="ParentCommandLine">
				C:\Windows\explorer.exe /factory,{5BD95610-9434-43C2-886C-57852CC8A120} -Embedding
			</Data>
			<Data Name="ParentUser">
				DESKTOP-0QN63TJ\me
			</Data>
		</EventData>
	</Event>
	<Event xmlns="http://schemas.microsoft.com/win/2004/08/events/event">
		<System>
			<Provider Name="Microsoft-Windows-Sysmon" Guid="{5770385f-c22a-43e0-bf4c-06f5698ffbd9}" />
			<EventID>
				5
			</EventID>
			<Version>
				3
			</Version>
			<Level>
				4
			</Level>
			<Task>
				5
			</Task>
			<Opcode>
				0
			</Opcode>
			<Keywords>
				0x8000000000000000
			</Keywords>
			<TimeCreated SystemTime="2023-05-12T09:23:04.3003917Z" />
			<EventRecordID>
				1806
			</EventRecordID>
			<Correlation />
			<Execution ProcessID="2868" ThreadID="5544" />
			<Channel>
				Microsoft-Windows-Sysmon/Operational
			</Channel>
			<Computer>
				DESKTOP-0QN63TJ
			</Computer>
			<Security UserID="S-1-5-18" />
		</System>
		<EventData>
			<Data Name="RuleName">
				-
			</Data>
			<Data Name="UtcTime">
				2023-05-12 09:23:04.297
			</Data>
			<Data Name="ProcessGuid">
				{4158b3ab-0578-645e-f401-000000000900}
			</Data>
			<Data Name="ProcessId">
				6808
			</Data>
			<Data Name="Image">
				C:\Windows\System32\consent.exe
			</Data>
			<Data Name="User">
				NT AUTHORITY\SYSTEM
			</Data>
		</EventData>
	</Event>
	<Event xmlns="http://schemas.microsoft.com/win/2004/08/events/event">
		<System>
			<Provider Name="Microsoft-Windows-Sysmon" Guid="{5770385f-c22a-43e0-bf4c-06f5698ffbd9}" />
			<EventID>
				1
			</EventID>
			<Version>
				5
			</Version>
			<Level>
				4
			</Level>
			<Task>
				1
			</Task>
			<Opcode>
				0
			</Opcode>
			<Keywords>
				0x8000000000000000
			</Keywords>
			<TimeCreated SystemTime="2023-05-12T09:23:04.2121732Z" />
			<EventRecordID>
				1805
			</EventRecordID>
			<Correlation />
			<Execution ProcessID="2868" ThreadID="5544" />
			<Channel>
				Microsoft-Windows-Sysmon/Operational
			</Channel>
			<Computer>
				DESKTOP-0QN63TJ
			</Computer>
			<Security UserID="S-1-5-18" />
		</System>
		<EventData>
			<Data Name="RuleName">
				-
			</Data>
			<Data Name="UtcTime">
				2023-05-12 09:23:04.211
			</Data>
			<Data Name="ProcessGuid">
				{4158b3ab-0578-645e-f401-000000000900}
			</Data>
			<Data Name="ProcessId">
				6808
			</Data>
			<Data Name="Image">
				C:\Windows\System32\consent.exe
			</Data>
			<Data Name="FileVersion">
				10.0.19041.1865 (WinBuild.160101.0800)
			</Data>
			<Data Name="Description">
				Consent UI for administrative applications
			</Data>
			<Data Name="Product">
				Microsoft® Windows® Operating System
			</Data>
			<Data Name="Company">
				Microsoft Corporation
			</Data>
			<Data Name="OriginalFileName">
				consent.exe
			</Data>
			<Data Name="CommandLine">
				consent.exe 4428 422 00000181636B01D0
			</Data>
			<Data Name="CurrentDirectory">
				C:\Windows\system32\
			</Data>
			<Data Name="User">
				NT AUTHORITY\SYSTEM
			</Data>
			<Data Name="LogonGuid">
				{4158b3ab-e9ab-645d-e703-000000000000}
			</Data>
			<Data Name="LogonId">
				0x3e7
			</Data>
			<Data Name="TerminalSessionId">
				1
			</Data>
			<Data Name="IntegrityLevel">
				System
			</Data>
			<Data Name="Hashes">
				SHA256=7FF00DE6D57E83E0A3D566935C7557F11F9B12270529582987FF14EE65502EA6
			</Data>
			<Data Name="ParentProcessGuid">
				{4158b3ab-ec2e-645d-1701-000000000900}
			</Data>
			<Data Name="ParentProcessId">
				4428
			</Data>
			<Data Name="ParentImage">
				C:\Windows\System32\svchost.exe
			</Data>
			<Data Name="ParentCommandLine">
				C:\Windows\system32\svchost.exe -k netsvcs -p -s Appinfo
			</Data>
			<Data Name="ParentUser">
				NT AUTHORITY\SYSTEM
			</Data>
		</EventData>
	</Event>
	<Event xmlns="http://schemas.microsoft.com/win/2004/08/events/event">
		<System>
			<Provider Name="Microsoft-Windows-Sysmon" Guid="{5770385f-c22a-43e0-bf4c-06f5698ffbd9}" />
			<EventID>
				5
			</EventID>
			<Version>
				3
			</Version>
			<Level>
				4
			</Level>
			<Task>
				5
			</Task>
			<Opcode>
				0
			</Opcode>
			<Keywords>
				0x8000000000000000
			</Keywords>
			<TimeCreated SystemTime="2023-05-12T09:23:04.1570878Z" />
			<EventRecordID>
				1804
			</EventRecordID>
			<Correlation />
			<Execution ProcessID="2868" ThreadID="5544" />
			<Channel>
				Microsoft-Windows-Sysmon/Operational
			</Channel>
			<Computer>
				DESKTOP-0QN63TJ
			</Computer>
			<Security UserID="S-1-5-18" />
		</System>
		<EventData>
			<Data Name="RuleName">
				-
			</Data>
			<Data Name="UtcTime">
				2023-05-12 09:23:04.141
			</Data>
			<Data Name="ProcessGuid">
				{4158b3ab-0578-645e-f301-000000000900}
			</Data>
			<Data Name="ProcessId">
				5360
			</Data>
			<Data Name="Image">
				&lt;unknown process&gt;
			</Data>
			<Data Name="User">
				DESKTOP-0QN63TJ\me
			</Data>
		</EventData>
	</Event>
	<Event xmlns="http://schemas.microsoft.com/win/2004/08/events/event">
		<System>
			<Provider Name="Microsoft-Windows-Sysmon" Guid="{5770385f-c22a-43e0-bf4c-06f5698ffbd9}" />
			<EventID>
				1
			</EventID>
			<Version>
				5
			</Version>
			<Level>
				4
			</Level>
			<Task>
				1
			</Task>
			<Opcode>
				0
			</Opcode>
			<Keywords>
				0x8000000000000000
			</Keywords>
			<TimeCreated SystemTime="2023-05-12T09:23:04.1544758Z" />
			<EventRecordID>
				1803
			</EventRecordID>
			<Correlation />
			<Execution ProcessID="2868" ThreadID="5544" />
			<Channel>
				Microsoft-Windows-Sysmon/Operational
			</Channel>
			<Computer>
				DESKTOP-0QN63TJ
			</Computer>
			<Security UserID="S-1-5-18" />
		</System>
		<EventData>
			<Data Name="RuleName">
				-
			</Data>
			<Data Name="UtcTime">
				2023-05-12 09:23:04.144
			</Data>
			<Data Name="ProcessGuid">
				{4158b3ab-0578-645e-f301-000000000900}
			</Data>
			<Data Name="ProcessId">
				5360
			</Data>
			<Data Name="Image">
				C:\Windows\System32\mmc.exe
			</Data>
			<Data Name="FileVersion">
				10.0.19041.2913 (WinBuild.160101.0800)
			</Data>
			<Data Name="Description">
				Microsoft Management Console
			</Data>
			<Data Name="Product">
				Microsoft® Windows® Operating System
			</Data>
			<Data Name="Company">
				Microsoft Corporation
			</Data>
			<Data Name="OriginalFileName">
				mmc.exe
			</Data>
			<Data Name="CommandLine">
				"C:\Windows\system32\mmc.exe" "C:\Windows\system32\services.msc"
			</Data>
			<Data Name="CurrentDirectory">
				C:\Users\me\
			</Data>
			<Data Name="User">
				DESKTOP-0QN63TJ\me
			</Data>
			<Data Name="LogonGuid">
				{4158b3ab-e9b0-645d-120f-020000000000}
			</Data>
			<Data Name="LogonId">
				0x20f12
			</Data>
			<Data Name="TerminalSessionId">
				1
			</Data>
			<Data Name="IntegrityLevel">
				Medium
			</Data>
			<Data Name="Hashes">
				SHA256=A552E94E2D51C616004FBD165559EA23DA9410AC6CDBF4E70645B5F4D5988C65
			</Data>
			<Data Name="ParentProcessGuid">
				{4158b3ab-0554-645e-ec01-000000000900}
			</Data>
			<Data Name="ParentProcessId">
				3336
			</Data>
			<Data Name="ParentImage">
				C:\Windows\explorer.exe
			</Data>
			<Data Name="ParentCommandLine">
				C:\Windows\explorer.exe /factory,{5BD95610-9434-43C2-886C-57852CC8A120} -Embedding
			</Data>
			<Data Name="ParentUser">
				DESKTOP-0QN63TJ\me
			</Data>
		</EventData>
	</Event>
	<Event xmlns="http://schemas.microsoft.com/win/2004/08/events/event">
		<System>
			<Provider Name="Microsoft-Windows-Sysmon" Guid="{5770385f-c22a-43e0-bf4c-06f5698ffbd9}" />
			<EventID>
				5
			</EventID>
			<Version>
				3
			</Version>
			<Level>
				4
			</Level>
			<Task>
				5
			</Task>
			<Opcode>
				0
			</Opcode>
			<Keywords>
				0x8000000000000000
			</Keywords>
			<TimeCreated SystemTime="2023-05-12T09:22:53.4730374Z" />
			<EventRecordID>
				1802
			</EventRecordID>
			<Correlation />
			<Execution ProcessID="2868" ThreadID="5544" />
			<Channel>
				Microsoft-Windows-Sysmon/Operational
			</Channel>
			<Computer>
				DESKTOP-0QN63TJ
			</Computer>
			<Security UserID="S-1-5-18" />
		</System>
		<EventData>
			<Data Name="RuleName">
				-
			</Data>
			<Data Name="UtcTime">
				2023-05-12 09:22:53.469
			</Data>
			<Data Name="ProcessGuid">
				{4158b3ab-056b-645e-f101-000000000900}
			</Data>
			<Data Name="ProcessId">
				4912
			</Data>
			<Data Name="Image">
				C:\Windows\System32\msinfo32.exe
			</Data>
			<Data Name="User">
				DESKTOP-0QN63TJ\me
			</Data>
		</EventData>
	</Event>
	<Event xmlns="http://schemas.microsoft.com/win/2004/08/events/event">
		<System>
			<Provider Name="Microsoft-Windows-Sysmon" Guid="{5770385f-c22a-43e0-bf4c-06f5698ffbd9}" />
			<EventID>
				1
			</EventID>
			<Version>
				5
			</Version>
			<Level>
				4
			</Level>
			<Task>
				1
			</Task>
			<Opcode>
				0
			</Opcode>
			<Keywords>
				0x8000000000000000
			</Keywords>
			<TimeCreated SystemTime="2023-05-12T09:22:51.5110448Z" />
			<EventRecordID>
				1801
			</EventRecordID>
			<Correlation />
			<Execution ProcessID="2868" ThreadID="5544" />
			<Channel>
				Microsoft-Windows-Sysmon/Operational
			</Channel>
			<Computer>
				DESKTOP-0QN63TJ
			</Computer>
			<Security UserID="S-1-5-18" />
		</System>
		<EventData>
			<Data Name="RuleName">
				-
			</Data>
			<Data Name="UtcTime">
				2023-05-12 09:22:51.509
			</Data>
			<Data Name="ProcessGuid">
				{4158b3ab-056b-645e-f201-000000000900}
			</Data>
			<Data Name="ProcessId">
				416
			</Data>
			<Data Name="Image">
				C:\Windows\System32\wbem\WmiPrvSE.exe
			</Data>
			<Data Name="FileVersion">
				10.0.19041.546 (WinBuild.160101.0800)
			</Data>
			<Data Name="Description">
				WMI Provider Host
			</Data>
			<Data Name="Product">
				Microsoft® Windows® Operating System
			</Data>
			<Data Name="Company">
				Microsoft Corporation
			</Data>
			<Data Name="OriginalFileName">
				Wmiprvse.exe
			</Data>
			<Data Name="CommandLine">
				C:\Windows\system32\wbem\wmiprvse.exe -Embedding
			</Data>
			<Data Name="CurrentDirectory">
				C:\Windows\system32\
			</Data>
			<Data Name="User">
				NT AUTHORITY\SYSTEM
			</Data>
			<Data Name="LogonGuid">
				{4158b3ab-e9ab-645d-e703-000000000000}
			</Data>
			<Data Name="LogonId">
				0x3e7
			</Data>
			<Data Name="TerminalSessionId">
				0
			</Data>
			<Data Name="IntegrityLevel">
				System
			</Data>
			<Data Name="Hashes">
				SHA256=2198A7B58BCCB758036B969DDAE6CC2ECE07565E2659A7C541A313A0492231A3
			</Data>
			<Data Name="ParentProcessGuid">
				{00000000-0000-0000-0000-000000000000}
			</Data>
			<Data Name="ParentProcessId">
				772
			</Data>
			<Data Name="ParentImage">
				-
			</Data>
			<Data Name="ParentCommandLine">
				-
			</Data>
			<Data Name="ParentUser">
				-
			</Data>
		</EventData>
	</Event>
	<Event xmlns="http://schemas.microsoft.com/win/2004/08/events/event">
		<System>
			<Provider Name="Microsoft-Windows-Sysmon" Guid="{5770385f-c22a-43e0-bf4c-06f5698ffbd9}" />
			<EventID>
				1
			</EventID>
			<Version>
				5
			</Version>
			<Level>
				4
			</Level>
			<Task>
				1
			</Task>
			<Opcode>
				0
			</Opcode>
			<Keywords>
				0x8000000000000000
			</Keywords>
			<TimeCreated SystemTime="2023-05-12T09:22:51.2348360Z" />
			<EventRecordID>
				1800
			</EventRecordID>
			<Correlation />
			<Execution ProcessID="2868" ThreadID="5544" />
			<Channel>
				Microsoft-Windows-Sysmon/Operational
			</Channel>
			<Computer>
				DESKTOP-0QN63TJ
			</Computer>
			<Security UserID="S-1-5-18" />
		</System>
		<EventData>
			<Data Name="RuleName">
				-
			</Data>
			<Data Name="UtcTime">
				2023-05-12 09:22:51.229
			</Data>
			<Data Name="ProcessGuid">
				{4158b3ab-056b-645e-f101-000000000900}
			</Data>
			<Data Name="ProcessId">
				4912
			</Data>
			<Data Name="Image">
				C:\Windows\System32\msinfo32.exe
			</Data>
			<Data Name="FileVersion">
				10.0.19041.1110 (WinBuild.160101.0800)
			</Data>
			<Data Name="Description">
				System Information
			</Data>
			<Data Name="Product">
				Microsoft® Windows® Operating System
			</Data>
			<Data Name="Company">
				Microsoft Corporation
			</Data>
			<Data Name="OriginalFileName">
				msinfo.dll
			</Data>
			<Data Name="CommandLine">
				"C:\Windows\system32\msinfo32.exe"
			</Data>
			<Data Name="CurrentDirectory">
				C:\ProgramData\Microsoft\Windows\Start Menu\Programs\Administrative Tools\
			</Data>
			<Data Name="User">
				DESKTOP-0QN63TJ\me
			</Data>
			<Data Name="LogonGuid">
				{4158b3ab-e9b0-645d-120f-020000000000}
			</Data>
			<Data Name="LogonId">
				0x20f12
			</Data>
			<Data Name="TerminalSessionId">
				1
			</Data>
			<Data Name="IntegrityLevel">
				Medium
			</Data>
			<Data Name="Hashes">
				SHA256=5CF1604D2473661266E08FC0E4E144EA98F99B7584C43585EB2B01551130FD14
			</Data>
			<Data Name="ParentProcessGuid">
				{4158b3ab-0554-645e-ec01-000000000900}
			</Data>
			<Data Name="ParentProcessId">
				3336
			</Data>
			<Data Name="ParentImage">
				C:\Windows\explorer.exe
			</Data>
			<Data Name="ParentCommandLine">
				C:\Windows\explorer.exe /factory,{5BD95610-9434-43C2-886C-57852CC8A120} -Embedding
			</Data>
			<Data Name="ParentUser">
				DESKTOP-0QN63TJ\me
			</Data>
		</EventData>
	</Event>
	<Event xmlns="http://schemas.microsoft.com/win/2004/08/events/event">
		<System>
			<Provider Name="Microsoft-Windows-Sysmon" Guid="{5770385f-c22a-43e0-bf4c-06f5698ffbd9}" />
			<EventID>
				5
			</EventID>
			<Version>
				3
			</Version>
			<Level>
				4
			</Level>
			<Task>
				5
			</Task>
			<Opcode>
				0
			</Opcode>
			<Keywords>
				0x8000000000000000
			</Keywords>
			<TimeCreated SystemTime="2023-05-12T09:22:49.2003186Z" />
			<EventRecordID>
				1799
			</EventRecordID>
			<Correlation />
			<Execution ProcessID="2868" ThreadID="5544" />
			<Channel>
				Microsoft-Windows-Sysmon/Operational
			</Channel>
			<Computer>
				DESKTOP-0QN63TJ
			</Computer>
			<Security UserID="S-1-5-18" />
		</System>
		<EventData>
			<Data Name="RuleName">
				-
			</Data>
			<Data Name="UtcTime">
				2023-05-12 09:22:49.188
			</Data>
			<Data Name="ProcessGuid">
				{4158b3ab-0567-645e-f001-000000000900}
			</Data>
			<Data Name="ProcessId">
				5128
			</Data>
			<Data Name="Image">
				C:\Windows\System32\perfmon.exe
			</Data>
			<Data Name="User">
				DESKTOP-0QN63TJ\me
			</Data>
		</EventData>
	</Event>
	<Event xmlns="http://schemas.microsoft.com/win/2004/08/events/event">
		<System>
			<Provider Name="Microsoft-Windows-Sysmon" Guid="{5770385f-c22a-43e0-bf4c-06f5698ffbd9}" />
			<EventID>
				1
			</EventID>
			<Version>
				5
			</Version>
			<Level>
				4
			</Level>
			<Task>
				1
			</Task>
			<Opcode>
				0
			</Opcode>
			<Keywords>
				0x8000000000000000
			</Keywords>
			<TimeCreated SystemTime="2023-05-12T09:22:47.0115955Z" />
			<EventRecordID>
				1798
			</EventRecordID>
			<Correlation />
			<Execution ProcessID="2868" ThreadID="5544" />
			<Channel>
				Microsoft-Windows-Sysmon/Operational
			</Channel>
			<Computer>
				DESKTOP-0QN63TJ
			</Computer>
			<Security UserID="S-1-5-18" />
		</System>
		<EventData>
			<Data Name="RuleName">
				-
			</Data>
			<Data Name="UtcTime">
				2023-05-12 09:22:47.010
			</Data>
			<Data Name="ProcessGuid">
				{4158b3ab-0567-645e-f001-000000000900}
			</Data>
			<Data Name="ProcessId">
				5128
			</Data>
			<Data Name="Image">
				C:\Windows\System32\perfmon.exe
			</Data>
			<Data Name="FileVersion">
				10.00
			</Data>
			<Data Name="Description">
				Resource and Performance Monitor
			</Data>
			<Data Name="Product">
				Microsoft® Windows® Operating System
			</Data>
			<Data Name="Company">
				Microsoft Corporation
			</Data>
			<Data Name="OriginalFileName">
				perfmon.exe
			</Data>
			<Data Name="CommandLine">
				"C:\Windows\system32\perfmon.exe" /res
			</Data>
			<Data Name="CurrentDirectory">
				C:\Windows\system32\
			</Data>
			<Data Name="User">
				DESKTOP-0QN63TJ\me
			</Data>
			<Data Name="LogonGuid">
				{4158b3ab-e9b0-645d-a70e-020000000000}
			</Data>
			<Data Name="LogonId">
				0x20ea7
			</Data>
			<Data Name="TerminalSessionId">
				1
			</Data>
			<Data Name="IntegrityLevel">
				High
			</Data>
			<Data Name="Hashes">
				SHA256=5F041CFF346FB37E5C5C9DAB3C1272C76F8B5F579205170E97D2248D04A4EA0C
			</Data>
			<Data Name="ParentProcessGuid">
				{4158b3ab-0554-645e-ec01-000000000900}
			</Data>
			<Data Name="ParentProcessId">
				3336
			</Data>
			<Data Name="ParentImage">
				C:\Windows\explorer.exe
			</Data>
			<Data Name="ParentCommandLine">
				C:\Windows\explorer.exe /factory,{5BD95610-9434-43C2-886C-57852CC8A120} -Embedding
			</Data>
			<Data Name="ParentUser">
				DESKTOP-0QN63TJ\me
			</Data>
		</EventData>
	</Event>
	<Event xmlns="http://schemas.microsoft.com/win/2004/08/events/event">
		<System>
			<Provider Name="Microsoft-Windows-Sysmon" Guid="{5770385f-c22a-43e0-bf4c-06f5698ffbd9}" />
			<EventID>
				5
			</EventID>
			<Version>
				3
			</Version>
			<Level>
				4
			</Level>
			<Task>
				5
			</Task>
			<Opcode>
				0
			</Opcode>
			<Keywords>
				0x8000000000000000
			</Keywords>
			<TimeCreated SystemTime="2023-05-12T09:22:47.0022715Z" />
			<EventRecordID>
				1797
			</EventRecordID>
			<Correlation />
			<Execution ProcessID="2868" ThreadID="5544" />
			<Channel>
				Microsoft-Windows-Sysmon/Operational
			</Channel>
			<Computer>
				DESKTOP-0QN63TJ
			</Computer>
			<Security UserID="S-1-5-18" />
		</System>
		<EventData>
			<Data Name="RuleName">
				-
			</Data>
			<Data Name="UtcTime">
				2023-05-12 09:22:47.001
			</Data>
			<Data Name="ProcessGuid">
				{4158b3ab-0566-645e-ef01-000000000900}
			</Data>
			<Data Name="ProcessId">
				5212
			</Data>
			<Data Name="Image">
				C:\Windows\System32\consent.exe
			</Data>
			<Data Name="User">
				NT AUTHORITY\SYSTEM
			</Data>
		</EventData>
	</Event>
	<Event xmlns="http://schemas.microsoft.com/win/2004/08/events/event">
		<System>
			<Provider Name="Microsoft-Windows-Sysmon" Guid="{5770385f-c22a-43e0-bf4c-06f5698ffbd9}" />
			<EventID>
				1
			</EventID>
			<Version>
				5
			</Version>
			<Level>
				4
			</Level>
			<Task>
				1
			</Task>
			<Opcode>
				0
			</Opcode>
			<Keywords>
				0x8000000000000000
			</Keywords>
			<TimeCreated SystemTime="2023-05-12T09:22:46.9190251Z" />
			<EventRecordID>
				1796
			</EventRecordID>
			<Correlation />
			<Execution ProcessID="2868" ThreadID="5544" />
			<Channel>
				Microsoft-Windows-Sysmon/Operational
			</Channel>
			<Computer>
				DESKTOP-0QN63TJ
			</Computer>
			<Security UserID="S-1-5-18" />
		</System>
		<EventData>
			<Data Name="RuleName">
				-
			</Data>
			<Data Name="UtcTime">
				2023-05-12 09:22:46.917
			</Data>
			<Data Name="ProcessGuid">
				{4158b3ab-0566-645e-ef01-000000000900}
			</Data>
			<Data Name="ProcessId">
				5212
			</Data>
			<Data Name="Image">
				C:\Windows\System32\consent.exe
			</Data>
			<Data Name="FileVersion">
				10.0.19041.1865 (WinBuild.160101.0800)
			</Data>
			<Data Name="Description">
				Consent UI for administrative applications
			</Data>
			<Data Name="Product">
				Microsoft® Windows® Operating System
			</Data>
			<Data Name="Company">
				Microsoft Corporation
			</Data>
			<Data Name="OriginalFileName">
				consent.exe
			</Data>
			<Data Name="CommandLine">
				consent.exe 4428 320 0000018163630750
			</Data>
			<Data Name="CurrentDirectory">
				C:\Windows\system32\
			</Data>
			<Data Name="User">
				NT AUTHORITY\SYSTEM
			</Data>
			<Data Name="LogonGuid">
				{4158b3ab-e9ab-645d-e703-000000000000}
			</Data>
			<Data Name="LogonId">
				0x3e7
			</Data>
			<Data Name="TerminalSessionId">
				1
			</Data>
			<Data Name="IntegrityLevel">
				System
			</Data>
			<Data Name="Hashes">
				SHA256=7FF00DE6D57E83E0A3D566935C7557F11F9B12270529582987FF14EE65502EA6
			</Data>
			<Data Name="ParentProcessGuid">
				{4158b3ab-ec2e-645d-1701-000000000900}
			</Data>
			<Data Name="ParentProcessId">
				4428
			</Data>
			<Data Name="ParentImage">
				C:\Windows\System32\svchost.exe
			</Data>
			<Data Name="ParentCommandLine">
				C:\Windows\system32\svchost.exe -k netsvcs -p -s Appinfo
			</Data>
			<Data Name="ParentUser">
				NT AUTHORITY\SYSTEM
			</Data>
		</EventData>
	</Event>
	<Event xmlns="http://schemas.microsoft.com/win/2004/08/events/event">
		<System>
			<Provider Name="Microsoft-Windows-Sysmon" Guid="{5770385f-c22a-43e0-bf4c-06f5698ffbd9}" />
			<EventID>
				5
			</EventID>
			<Version>
				3
			</Version>
			<Level>
				4
			</Level>
			<Task>
				5
			</Task>
			<Opcode>
				0
			</Opcode>
			<Keywords>
				0x8000000000000000
			</Keywords>
			<TimeCreated SystemTime="2023-05-12T09:22:46.9077191Z" />
			<EventRecordID>
				1795
			</EventRecordID>
			<Correlation />
			<Execution ProcessID="2868" ThreadID="5544" />
			<Channel>
				Microsoft-Windows-Sysmon/Operational
			</Channel>
			<Computer>
				DESKTOP-0QN63TJ
			</Computer>
			<Security UserID="S-1-5-18" />
		</System>
		<EventData>
			<Data Name="RuleName">
				-
			</Data>
			<Data Name="UtcTime">
				2023-05-12 09:22:46.907
			</Data>
			<Data Name="ProcessGuid">
				{4158b3ab-0566-645e-ee01-000000000900}
			</Data>
			<Data Name="ProcessId">
				7044
			</Data>
			<Data Name="Image">
				C:\Windows\System32\perfmon.exe
			</Data>
			<Data Name="User">
				DESKTOP-0QN63TJ\me
			</Data>
		</EventData>
	</Event>
	<Event xmlns="http://schemas.microsoft.com/win/2004/08/events/event">
		<System>
			<Provider Name="Microsoft-Windows-Sysmon" Guid="{5770385f-c22a-43e0-bf4c-06f5698ffbd9}" />
			<EventID>
				1
			</EventID>
			<Version>
				5
			</Version>
			<Level>
				4
			</Level>
			<Task>
				1
			</Task>
			<Opcode>
				0
			</Opcode>
			<Keywords>
				0x8000000000000000
			</Keywords>
			<TimeCreated SystemTime="2023-05-12T09:22:46.9066446Z" />
			<EventRecordID>
				1794
			</EventRecordID>
			<Correlation />
			<Execution ProcessID="2868" ThreadID="5544" />
			<Channel>
				Microsoft-Windows-Sysmon/Operational
			</Channel>
			<Computer>
				DESKTOP-0QN63TJ
			</Computer>
			<Security UserID="S-1-5-18" />
		</System>
		<EventData>
			<Data Name="RuleName">
				-
			</Data>
			<Data Name="UtcTime">
				2023-05-12 09:22:46.903
			</Data>
			<Data Name="ProcessGuid">
				{4158b3ab-0566-645e-ee01-000000000900}
			</Data>
			<Data Name="ProcessId">
				7044
			</Data>
			<Data Name="Image">
				C:\Windows\System32\perfmon.exe
			</Data>
			<Data Name="FileVersion">
				10.00
			</Data>
			<Data Name="Description">
				Resource and Performance Monitor
			</Data>
			<Data Name="Product">
				Microsoft® Windows® Operating System
			</Data>
			<Data Name="Company">
				Microsoft Corporation
			</Data>
			<Data Name="OriginalFileName">
				perfmon.exe
			</Data>
			<Data Name="CommandLine">
				"C:\Windows\system32\perfmon.exe" /res
			</Data>
			<Data Name="CurrentDirectory">
				C:\ProgramData\Microsoft\Windows\Start Menu\Programs\Administrative Tools\
			</Data>
			<Data Name="User">
				DESKTOP-0QN63TJ\me
			</Data>
			<Data Name="LogonGuid">
				{4158b3ab-e9b0-645d-120f-020000000000}
			</Data>
			<Data Name="LogonId">
				0x20f12
			</Data>
			<Data Name="TerminalSessionId">
				1
			</Data>
			<Data Name="IntegrityLevel">
				Medium
			</Data>
			<Data Name="Hashes">
				SHA256=5F041CFF346FB37E5C5C9DAB3C1272C76F8B5F579205170E97D2248D04A4EA0C
			</Data>
			<Data Name="ParentProcessGuid">
				{4158b3ab-0554-645e-ec01-000000000900}
			</Data>
			<Data Name="ParentProcessId">
				3336
			</Data>
			<Data Name="ParentImage">
				C:\Windows\explorer.exe
			</Data>
			<Data Name="ParentCommandLine">
				C:\Windows\explorer.exe /factory,{5BD95610-9434-43C2-886C-57852CC8A120} -Embedding
			</Data>
			<Data Name="ParentUser">
				DESKTOP-0QN63TJ\me
			</Data>
		</EventData>
	</Event>
	<Event xmlns="http://schemas.microsoft.com/win/2004/08/events/event">
		<System>
			<Provider Name="Microsoft-Windows-Sysmon" Guid="{5770385f-c22a-43e0-bf4c-06f5698ffbd9}" />
			<EventID>
				5
			</EventID>
			<Version>
				3
			</Version>
			<Level>
				4
			</Level>
			<Task>
				5
			</Task>
			<Opcode>
				0
			</Opcode>
			<Keywords>
				0x8000000000000000
			</Keywords>
			<TimeCreated SystemTime="2023-05-12T09:22:34.0676633Z" />
			<EventRecordID>
				1793
			</EventRecordID>
			<Correlation />
			<Execution ProcessID="2868" ThreadID="5544" />
			<Channel>
				Microsoft-Windows-Sysmon/Operational
			</Channel>
			<Computer>
				DESKTOP-0QN63TJ
			</Computer>
			<Security UserID="S-1-5-18" />
		</System>
		<EventData>
			<Data Name="RuleName">
				-
			</Data>
			<Data Name="UtcTime">
				2023-05-12 09:22:34.063
			</Data>
			<Data Name="ProcessGuid">
				{4158b3ab-0554-645e-ed01-000000000900}
			</Data>
			<Data Name="ProcessId">
				3624
			</Data>
			<Data Name="Image">
				C:\Windows\SysWOW64\dllhost.exe
			</Data>
			<Data Name="User">
				DESKTOP-0QN63TJ\me
			</Data>
		</EventData>
	</Event>
	<Event xmlns="http://schemas.microsoft.com/win/2004/08/events/event">
		<System>
			<Provider Name="Microsoft-Windows-Sysmon" Guid="{5770385f-c22a-43e0-bf4c-06f5698ffbd9}" />
			<EventID>
				1
			</EventID>
			<Version>
				5
			</Version>
			<Level>
				4
			</Level>
			<Task>
				1
			</Task>
			<Opcode>
				0
			</Opcode>
			<Keywords>
				0x8000000000000000
			</Keywords>
			<TimeCreated SystemTime="2023-05-12T09:22:28.9653857Z" />
			<EventRecordID>
				1792
			</EventRecordID>
			<Correlation />
			<Execution ProcessID="2868" ThreadID="5544" />
			<Channel>
				Microsoft-Windows-Sysmon/Operational
			</Channel>
			<Computer>
				DESKTOP-0QN63TJ
			</Computer>
			<Security UserID="S-1-5-18" />
		</System>
		<EventData>
			<Data Name="RuleName">
				-
			</Data>
			<Data Name="UtcTime">
				2023-05-12 09:22:28.961
			</Data>
			<Data Name="ProcessGuid">
				{4158b3ab-0554-645e-ed01-000000000900}
			</Data>
			<Data Name="ProcessId">
				3624
			</Data>
			<Data Name="Image">
				C:\Windows\SysWOW64\dllhost.exe
			</Data>
			<Data Name="FileVersion">
				10.0.19041.546 (WinBuild.160101.0800)
			</Data>
			<Data Name="Description">
				COM Surrogate
			</Data>
			<Data Name="Product">
				Microsoft® Windows® Operating System
			</Data>
			<Data Name="Company">
				Microsoft Corporation
			</Data>
			<Data Name="OriginalFileName">
				dllhost.exe
			</Data>
			<Data Name="CommandLine">
				C:\Windows\SysWOW64\DllHost.exe /Processid:{06622D85-6856-4460-8DE1-A81921B41C4B}
			</Data>
			<Data Name="CurrentDirectory">
				C:\Windows\system32\
			</Data>
			<Data Name="User">
				DESKTOP-0QN63TJ\me
			</Data>
			<Data Name="LogonGuid">
				{4158b3ab-e9b0-645d-120f-020000000000}
			</Data>
			<Data Name="LogonId">
				0x20f12
			</Data>
			<Data Name="TerminalSessionId">
				1
			</Data>
			<Data Name="IntegrityLevel">
				Medium
			</Data>
			<Data Name="Hashes">
				SHA256=3ED69CAAB035258E008EFBCF40DB305891B40BA02CA2737E20DEFA7C2D4AFAF7
			</Data>
			<Data Name="ParentProcessGuid">
				{00000000-0000-0000-0000-000000000000}
			</Data>
			<Data Name="ParentProcessId">
				772
			</Data>
			<Data Name="ParentImage">
				-
			</Data>
			<Data Name="ParentCommandLine">
				-
			</Data>
			<Data Name="ParentUser">
				-
			</Data>
		</EventData>
	</Event>
	<Event xmlns="http://schemas.microsoft.com/win/2004/08/events/event">
		<System>
			<Provider Name="Microsoft-Windows-Sysmon" Guid="{5770385f-c22a-43e0-bf4c-06f5698ffbd9}" />
			<EventID>
				1
			</EventID>
			<Version>
				5
			</Version>
			<Level>
				4
			</Level>
			<Task>
				1
			</Task>
			<Opcode>
				0
			</Opcode>
			<Keywords>
				0x8000000000000000
			</Keywords>
			<TimeCreated SystemTime="2023-05-12T09:22:28.1678827Z" />
			<EventRecordID>
				1791
			</EventRecordID>
			<Correlation />
			<Execution ProcessID="2868" ThreadID="5544" />
			<Channel>
				Microsoft-Windows-Sysmon/Operational
			</Channel>
			<Computer>
				DESKTOP-0QN63TJ
			</Computer>
			<Security UserID="S-1-5-18" />
		</System>
		<EventData>
			<Data Name="RuleName">
				-
			</Data>
			<Data Name="UtcTime">
				2023-05-12 09:22:28.166
			</Data>
			<Data Name="ProcessGuid">
				{4158b3ab-0554-645e-ec01-000000000900}
			</Data>
			<Data Name="ProcessId">
				3336
			</Data>
			<Data Name="Image">
				C:\Windows\explorer.exe
			</Data>
			<Data Name="FileVersion">
				10.0.19041.2913 (WinBuild.160101.0800)
			</Data>
			<Data Name="Description">
				Windows Explorer
			</Data>
			<Data Name="Product">
				Microsoft® Windows® Operating System
			</Data>
			<Data Name="Company">
				Microsoft Corporation
			</Data>
			<Data Name="OriginalFileName">
				EXPLORER.EXE
			</Data>
			<Data Name="CommandLine">
				C:\Windows\explorer.exe /factory,{5BD95610-9434-43C2-886C-57852CC8A120} -Embedding
			</Data>
			<Data Name="CurrentDirectory">
				C:\Windows\system32\
			</Data>
			<Data Name="User">
				DESKTOP-0QN63TJ\me
			</Data>
			<Data Name="LogonGuid">
				{4158b3ab-e9b0-645d-120f-020000000000}
			</Data>
			<Data Name="LogonId">
				0x20f12
			</Data>
			<Data Name="TerminalSessionId">
				1
			</Data>
			<Data Name="IntegrityLevel">
				Medium
			</Data>
			<Data Name="Hashes">
				SHA256=385DBAD0269CAE83598D6706229324EB3CBDEF00E21A0682161477D762AAF2C1
			</Data>
			<Data Name="ParentProcessGuid">
				{00000000-0000-0000-0000-000000000000}
			</Data>
			<Data Name="ParentProcessId">
				772
			</Data>
			<Data Name="ParentImage">
				-
			</Data>
			<Data Name="ParentCommandLine">
				-
			</Data>
			<Data Name="ParentUser">
				-
			</Data>
		</EventData>
	</Event>
	<Event xmlns="http://schemas.microsoft.com/win/2004/08/events/event">
		<System>
			<Provider Name="Microsoft-Windows-Sysmon" Guid="{5770385f-c22a-43e0-bf4c-06f5698ffbd9}" />
			<EventID>
				3
			</EventID>
			<Version>
				5
			</Version>
			<Level>
				4
			</Level>
			<Task>
				3
			</Task>
			<Opcode>
				0
			</Opcode>
			<Keywords>
				0x8000000000000000
			</Keywords>
			<TimeCreated SystemTime="2023-05-12T09:22:24.1266837Z" />
			<EventRecordID>
				1790
			</EventRecordID>
			<Correlation />
			<Execution ProcessID="2868" ThreadID="4544" />
			<Channel>
				Microsoft-Windows-Sysmon/Operational
			</Channel>
			<Computer>
				DESKTOP-0QN63TJ
			</Computer>
			<Security UserID="S-1-5-18" />
		</System>
		<EventData>
			<Data Name="RuleName">
				-
			</Data>
			<Data Name="UtcTime">
				2023-05-12 09:22:22.072
			</Data>
			<Data Name="ProcessGuid">
				{4158b3ab-e9ae-645d-3400-000000000900}
			</Data>
			<Data Name="ProcessId">
				2148
			</Data>
			<Data Name="Image">
				C:\Windows\System32\svchost.exe
			</Data>
			<Data Name="User">
				NT AUTHORITY\NETWORK SERVICE
			</Data>
			<Data Name="Protocol">
				udp
			</Data>
			<Data Name="Initiated">
				false
			</Data>
			<Data Name="SourceIsIpv6">
				false
			</Data>
			<Data Name="SourceIp">
				224.0.0.251
			</Data>
			<Data Name="SourceHostname">
				-
			</Data>
			<Data Name="SourcePort">
				5353
			</Data>
			<Data Name="SourcePortName">
				-
			</Data>
			<Data Name="DestinationIsIpv6">
				false
			</Data>
			<Data Name="DestinationIp">
				192.168.2.140
			</Data>
			<Data Name="DestinationHostname">
				OnePlus-6
			</Data>
			<Data Name="DestinationPort">
				5353
			</Data>
			<Data Name="DestinationPortName">
				-
			</Data>
		</EventData>
	</Event>
	<Event xmlns="http://schemas.microsoft.com/win/2004/08/events/event">
		<System>
			<Provider Name="Microsoft-Windows-Sysmon" Guid="{5770385f-c22a-43e0-bf4c-06f5698ffbd9}" />
			<EventID>
				5
			</EventID>
			<Version>
				3
			</Version>
			<Level>
				4
			</Level>
			<Task>
				5
			</Task>
			<Opcode>
				0
			</Opcode>
			<Keywords>
				0x8000000000000000
			</Keywords>
			<TimeCreated SystemTime="2023-05-12T09:21:35.0790475Z" />
			<EventRecordID>
				1789
			</EventRecordID>
			<Correlation />
			<Execution ProcessID="2868" ThreadID="5544" />
			<Channel>
				Microsoft-Windows-Sysmon/Operational
			</Channel>
			<Computer>
				DESKTOP-0QN63TJ
			</Computer>
			<Security UserID="S-1-5-18" />
		</System>
		<EventData>
			<Data Name="RuleName">
				-
			</Data>
			<Data Name="UtcTime">
				2023-05-12 09:21:35.063
			</Data>
			<Data Name="ProcessGuid">
				{4158b3ab-04d4-645e-ea01-000000000900}
			</Data>
			<Data Name="ProcessId">
				2484
			</Data>
			<Data Name="Image">
				C:\Windows\System32\SearchFilterHost.exe
			</Data>
			<Data Name="User">
				NT AUTHORITY\SYSTEM
			</Data>
		</EventData>
	</Event>
	<Event xmlns="http://schemas.microsoft.com/win/2004/08/events/event">
		<System>
			<Provider Name="Microsoft-Windows-Sysmon" Guid="{5770385f-c22a-43e0-bf4c-06f5698ffbd9}" />
			<EventID>
				5
			</EventID>
			<Version>
				3
			</Version>
			<Level>
				4
			</Level>
			<Task>
				5
			</Task>
			<Opcode>
				0
			</Opcode>
			<Keywords>
				0x8000000000000000
			</Keywords>
			<TimeCreated SystemTime="2023-05-12T09:21:35.0741421Z" />
			<EventRecordID>
				1788
			</EventRecordID>
			<Correlation />
			<Execution ProcessID="2868" ThreadID="5544" />
			<Channel>
				Microsoft-Windows-Sysmon/Operational
			</Channel>
			<Computer>
				DESKTOP-0QN63TJ
			</Computer>
			<Security UserID="S-1-5-18" />
		</System>
		<EventData>
			<Data Name="RuleName">
				-
			</Data>
			<Data Name="UtcTime">
				2023-05-12 09:21:35.063
			</Data>
			<Data Name="ProcessGuid">
				{4158b3ab-04d4-645e-e901-000000000900}
			</Data>
			<Data Name="ProcessId">
				6468
			</Data>
			<Data Name="Image">
				C:\Windows\System32\SearchProtocolHost.exe
			</Data>
			<Data Name="User">
				DESKTOP-0QN63TJ\me
			</Data>
		</EventData>
	</Event>
	<Event xmlns="http://schemas.microsoft.com/win/2004/08/events/event">
		<System>
			<Provider Name="Microsoft-Windows-Sysmon" Guid="{5770385f-c22a-43e0-bf4c-06f5698ffbd9}" />
			<EventID>
				3
			</EventID>
			<Version>
				5
			</Version>
			<Level>
				4
			</Level>
			<Task>
				3
			</Task>
			<Opcode>
				0
			</Opcode>
			<Keywords>
				0x8000000000000000
			</Keywords>
			<TimeCreated SystemTime="2023-05-12T09:21:15.6730685Z" />
			<EventRecordID>
				1787
			</EventRecordID>
			<Correlation />
			<Execution ProcessID="2868" ThreadID="4544" />
			<Channel>
				Microsoft-Windows-Sysmon/Operational
			</Channel>
			<Computer>
				DESKTOP-0QN63TJ
			</Computer>
			<Security UserID="S-1-5-18" />
		</System>
		<EventData>
			<Data Name="RuleName">
				-
			</Data>
			<Data Name="UtcTime">
				2023-05-12 09:21:14.652
			</Data>
			<Data Name="ProcessGuid">
				{4158b3ab-e9ae-645d-3400-000000000900}
			</Data>
			<Data Name="ProcessId">
				2148
			</Data>
			<Data Name="Image">
				C:\Windows\System32\svchost.exe
			</Data>
			<Data Name="User">
				NT AUTHORITY\NETWORK SERVICE
			</Data>
			<Data Name="Protocol">
				udp
			</Data>
			<Data Name="Initiated">
				true
			</Data>
			<Data Name="SourceIsIpv6">
				false
			</Data>
			<Data Name="SourceIp">
				192.168.2.202
			</Data>
			<Data Name="SourceHostname">
				DESKTOP-0QN63TJ
			</Data>
			<Data Name="SourcePort">
				53620
			</Data>
			<Data Name="SourcePortName">
				-
			</Data>
			<Data Name="DestinationIsIpv6">
				false
			</Data>
			<Data Name="DestinationIp">
				192.168.2.1
			</Data>
			<Data Name="DestinationHostname">
				router.asus.com
			</Data>
			<Data Name="DestinationPort">
				53
			</Data>
			<Data Name="DestinationPortName">
				domain
			</Data>
		</EventData>
	</Event>
	<Event xmlns="http://schemas.microsoft.com/win/2004/08/events/event">
		<System>
			<Provider Name="Microsoft-Windows-Sysmon" Guid="{5770385f-c22a-43e0-bf4c-06f5698ffbd9}" />
			<EventID>
				3
			</EventID>
			<Version>
				5
			</Version>
			<Level>
				4
			</Level>
			<Task>
				3
			</Task>
			<Opcode>
				0
			</Opcode>
			<Keywords>
				0x8000000000000000
			</Keywords>
			<TimeCreated SystemTime="2023-05-12T09:21:14.8928931Z" />
			<EventRecordID>
				1786
			</EventRecordID>
			<Correlation />
			<Execution ProcessID="2868" ThreadID="4544" />
			<Channel>
				Microsoft-Windows-Sysmon/Operational
			</Channel>
			<Computer>
				DESKTOP-0QN63TJ
			</Computer>
			<Security UserID="S-1-5-18" />
		</System>
		<EventData>
			<Data Name="RuleName">
				-
			</Data>
			<Data Name="UtcTime">
				2023-05-12 09:21:12.642
			</Data>
			<Data Name="ProcessGuid">
				{4158b3ab-e9ae-645d-3400-000000000900}
			</Data>
			<Data Name="ProcessId">
				2148
			</Data>
			<Data Name="Image">
				C:\Windows\System32\svchost.exe
			</Data>
			<Data Name="User">
				NT AUTHORITY\NETWORK SERVICE
			</Data>
			<Data Name="Protocol">
				udp
			</Data>
			<Data Name="Initiated">
				false
			</Data>
			<Data Name="SourceIsIpv6">
				false
			</Data>
			<Data Name="SourceIp">
				224.0.0.251
			</Data>
			<Data Name="SourceHostname">
				-
			</Data>
			<Data Name="SourcePort">
				5353
			</Data>
			<Data Name="SourcePortName">
				-
			</Data>
			<Data Name="DestinationIsIpv6">
				false
			</Data>
			<Data Name="DestinationIp">
				192.168.2.164
			</Data>
			<Data Name="DestinationHostname">
				BRW0080928360BF
			</Data>
			<Data Name="DestinationPort">
				5353
			</Data>
			<Data Name="DestinationPortName">
				-
			</Data>
		</EventData>
	</Event>
	<Event xmlns="http://schemas.microsoft.com/win/2004/08/events/event">
		<System>
			<Provider Name="Microsoft-Windows-Sysmon" Guid="{5770385f-c22a-43e0-bf4c-06f5698ffbd9}" />
			<EventID>
				5
			</EventID>
			<Version>
				3
			</Version>
			<Level>
				4
			</Level>
			<Task>
				5
			</Task>
			<Opcode>
				0
			</Opcode>
			<Keywords>
				0x8000000000000000
			</Keywords>
			<TimeCreated SystemTime="2023-05-12T09:20:30.6364421Z" />
			<EventRecordID>
				1785
			</EventRecordID>
			<Correlation />
			<Execution ProcessID="2868" ThreadID="5544" />
			<Channel>
				Microsoft-Windows-Sysmon/Operational
			</Channel>
			<Computer>
				DESKTOP-0QN63TJ
			</Computer>
			<Security UserID="S-1-5-18" />
		</System>
		<EventData>
			<Data Name="RuleName">
				-
			</Data>
			<Data Name="UtcTime">
				2023-05-12 09:20:30.625
			</Data>
			<Data Name="ProcessGuid">
				{4158b3ab-04cd-645e-e801-000000000900}
			</Data>
			<Data Name="ProcessId">
				2240
			</Data>
			<Data Name="Image">
				C:\Windows\System32\conhost.exe
			</Data>
			<Data Name="User">
				DESKTOP-0QN63TJ\me
			</Data>
		</EventData>
	</Event>
	<Event xmlns="http://schemas.microsoft.com/win/2004/08/events/event">
		<System>
			<Provider Name="Microsoft-Windows-Sysmon" Guid="{5770385f-c22a-43e0-bf4c-06f5698ffbd9}" />
			<EventID>
				5
			</EventID>
			<Version>
				3
			</Version>
			<Level>
				4
			</Level>
			<Task>
				5
			</Task>
			<Opcode>
				0
			</Opcode>
			<Keywords>
				0x8000000000000000
			</Keywords>
			<TimeCreated SystemTime="2023-05-12T09:20:30.6313232Z" />
			<EventRecordID>
				1784
			</EventRecordID>
			<Correlation />
			<Execution ProcessID="2868" ThreadID="5544" />
			<Channel>
				Microsoft-Windows-Sysmon/Operational
			</Channel>
			<Computer>
				DESKTOP-0QN63TJ
			</Computer>
			<Security UserID="S-1-5-18" />
		</System>
		<EventData>
			<Data Name="RuleName">
				-
			</Data>
			<Data Name="UtcTime">
				2023-05-12 09:20:30.625
			</Data>
			<Data Name="ProcessGuid">
				{4158b3ab-04cd-645e-e701-000000000900}
			</Data>
			<Data Name="ProcessId">
				5840
			</Data>
			<Data Name="Image">
				C:\Program Files\Wireshark\dumpcap.exe
			</Data>
			<Data Name="User">
				DESKTOP-0QN63TJ\me
			</Data>
		</EventData>
	</Event>
	<Event xmlns="http://schemas.microsoft.com/win/2004/08/events/event">
		<System>
			<Provider Name="Microsoft-Windows-Sysmon" Guid="{5770385f-c22a-43e0-bf4c-06f5698ffbd9}" />
			<EventID>
				3
			</EventID>
			<Version>
				5
			</Version>
			<Level>
				4
			</Level>
			<Task>
				3
			</Task>
			<Opcode>
				0
			</Opcode>
			<Keywords>
				0x8000000000000000
			</Keywords>
			<TimeCreated SystemTime="2023-05-12T09:20:25.3447264Z" />
			<EventRecordID>
				1783
			</EventRecordID>
			<Correlation />
			<Execution ProcessID="2868" ThreadID="4544" />
			<Channel>
				Microsoft-Windows-Sysmon/Operational
			</Channel>
			<Computer>
				DESKTOP-0QN63TJ
			</Computer>
			<Security UserID="S-1-5-18" />
		</System>
		<EventData>
			<Data Name="RuleName">
				-
			</Data>
			<Data Name="UtcTime">
				2023-05-12 09:20:24.229
			</Data>
			<Data Name="ProcessGuid">
				{4158b3ab-e9ae-645d-3400-000000000900}
			</Data>
			<Data Name="ProcessId">
				2148
			</Data>
			<Data Name="Image">
				C:\Windows\System32\svchost.exe
			</Data>
			<Data Name="User">
				NT AUTHORITY\NETWORK SERVICE
			</Data>
			<Data Name="Protocol">
				udp
			</Data>
			<Data Name="Initiated">
				true
			</Data>
			<Data Name="SourceIsIpv6">
				false
			</Data>
			<Data Name="SourceIp">
				192.168.2.202
			</Data>
			<Data Name="SourceHostname">
				DESKTOP-0QN63TJ
			</Data>
			<Data Name="SourcePort">
				58258
			</Data>
			<Data Name="SourcePortName">
				-
			</Data>
			<Data Name="DestinationIsIpv6">
				false
			</Data>
			<Data Name="DestinationIp">
				192.168.2.1
			</Data>
			<Data Name="DestinationHostname">
				router.asus.com
			</Data>
			<Data Name="DestinationPort">
				53
			</Data>
			<Data Name="DestinationPortName">
				domain
			</Data>
		</EventData>
	</Event>
	<Event xmlns="http://schemas.microsoft.com/win/2004/08/events/event">
		<System>
			<Provider Name="Microsoft-Windows-Sysmon" Guid="{5770385f-c22a-43e0-bf4c-06f5698ffbd9}" />
			<EventID>
				3
			</EventID>
			<Version>
				5
			</Version>
			<Level>
				4
			</Level>
			<Task>
				3
			</Task>
			<Opcode>
				0
			</Opcode>
			<Keywords>
				0x8000000000000000
			</Keywords>
			<TimeCreated SystemTime="2023-05-12T09:20:24.2825653Z" />
			<EventRecordID>
				1782
			</EventRecordID>
			<Correlation />
			<Execution ProcessID="2868" ThreadID="4544" />
			<Channel>
				Microsoft-Windows-Sysmon/Operational
			</Channel>
			<Computer>
				DESKTOP-0QN63TJ
			</Computer>
			<Security UserID="S-1-5-18" />
		</System>
		<EventData>
			<Data Name="RuleName">
				-
			</Data>
			<Data Name="UtcTime">
				2023-05-12 09:20:23.229
			</Data>
			<Data Name="ProcessGuid">
				{4158b3ab-e9ae-645d-3400-000000000900}
			</Data>
			<Data Name="ProcessId">
				2148
			</Data>
			<Data Name="Image">
				C:\Windows\System32\svchost.exe
			</Data>
			<Data Name="User">
				NT AUTHORITY\NETWORK SERVICE
			</Data>
			<Data Name="Protocol">
				udp
			</Data>
			<Data Name="Initiated">
				true
			</Data>
			<Data Name="SourceIsIpv6">
				false
			</Data>
			<Data Name="SourceIp">
				192.168.2.202
			</Data>
			<Data Name="SourceHostname">
				DESKTOP-0QN63TJ
			</Data>
			<Data Name="SourcePort">
				64618
			</Data>
			<Data Name="SourcePortName">
				-
			</Data>
			<Data Name="DestinationIsIpv6">
				false
			</Data>
			<Data Name="DestinationIp">
				192.168.2.1
			</Data>
			<Data Name="DestinationHostname">
				router.asus.com
			</Data>
			<Data Name="DestinationPort">
				53
			</Data>
			<Data Name="DestinationPortName">
				domain
			</Data>
		</EventData>
	</Event>
	