<Event xmlns="http://schemas.microsoft.com/win/2004/08/events/event">
		<System>
			<Provider Name="Microsoft-Windows-Sysmon" Guid="{5770385f-c22a-43e0-bf4c-06f5698ffbd9}" />
			<EventID>
				3
			</EventID>
			<Version>
				5
			</Version>
			<Level>
				4
			</Level>
			<Task>
				3
			</Task>
			<Opcode>
				0
			</Opcode>
			<Keywords>
				0x8000000000000000
			</Keywords>
			<TimeCreated SystemTime="2023-05-12T09:20:18.3764733Z" />
			<EventRecordID>
				1755
			</EventRecordID>
			<Correlation />
			<Execution ProcessID="2868" ThreadID="4544" />
			<Channel>
				Microsoft-Windows-Sysmon/Operational
			</Channel>
			<Computer>
				DESKTOP-0QN63TJ
			</Computer>
			<Security UserID="S-1-5-18" />
		</System>
		<EventData>
			<Data Name="RuleName">
				-
			</Data>
			<Data Name="UtcTime">
				2023-05-12 09:20:16.893
			</Data>
			<Data Name="ProcessGuid">
				{4158b3ab-02cd-645e-dc01-000000000900}
			</Data>
			<Data Name="ProcessId">
				5144
			</Data>
			<Data Name="Image">
				C:\Program Files (x86)\Internet Explorer\iexplore.exe
			</Data>
			<Data Name="User">
				DESKTOP-0QN63TJ\me
			</Data>
			<Data Name="Protocol">
				tcp
			</Data>
			<Data Name="Initiated">
				true
			</Data>
			<Data Name="SourceIsIpv6">
				false
			</Data>
			<Data Name="SourceIp">
				192.168.2.202
			</Data>
			<Data Name="SourceHostname">
				DESKTOP-0QN63TJ
			</Data>
			<Data Name="SourcePort">
				55705
			</Data>
			<Data Name="SourcePortName">
				-
			</Data>
			<Data Name="DestinationIsIpv6">
				false
			</Data>
			<Data Name="DestinationIp">
				13.107.5.80
			</Data>
			<Data Name="DestinationHostname">
				-
			</Data>
			<Data Name="DestinationPort">
				443
			</Data>
			<Data Name="DestinationPortName">
				https
			</Data>
		</EventData>
	</Event>
	<Event xmlns="http://schemas.microsoft.com/win/2004/08/events/event">
		<System>
			<Provider Name="Microsoft-Windows-Sysmon" Guid="{5770385f-c22a-43e0-bf4c-06f5698ffbd9}" />
			<EventID>
				3
			</EventID>
			<Version>
				5
			</Version>
			<Level>
				4
			</Level>
			<Task>
				3
			</Task>
			<Opcode>
				0
			</Opcode>
			<Keywords>
				0x8000000000000000
			</Keywords>
			<TimeCreated SystemTime="2023-05-12T09:20:17.3141485Z" />
			<EventRecordID>
				1754
			</EventRecordID>
			<Correlation />
			<Execution ProcessID="2868" ThreadID="4544" />
			<Channel>
				Microsoft-Windows-Sysmon/Operational
			</Channel>
			<Computer>
				DESKTOP-0QN63TJ
			</Computer>
			<Security UserID="S-1-5-18" />
		</System>
		<EventData>
			<Data Name="RuleName">
				-
			</Data>
			<Data Name="UtcTime">
				2023-05-12 09:20:15.806
			</Data>
			<Data Name="ProcessGuid">
				{4158b3ab-e9ae-645d-3400-000000000900}
			</Data>
			<Data Name="ProcessId">
				2148
			</Data>
			<Data Name="Image">
				C:\Windows\System32\svchost.exe
			</Data>
			<Data Name="User">
				NT AUTHORITY\NETWORK SERVICE
			</Data>
			<Data Name="Protocol">
				udp
			</Data>
			<Data Name="Initiated">
				true
			</Data>
			<Data Name="SourceIsIpv6">
				false
			</Data>
			<Data Name="SourceIp">
				192.168.2.202
			</Data>
			<Data Name="SourceHostname">
				DESKTOP-0QN63TJ
			</Data>
			<Data Name="SourcePort">
				62603
			</Data>
			<Data Name="SourcePortName">
				-
			</Data>
			<Data Name="DestinationIsIpv6">
				false
			</Data>
			<Data Name="DestinationIp">
				192.168.2.1
			</Data>
			<Data Name="DestinationHostname">
				router.asus.com
			</Data>
			<Data Name="DestinationPort">
				53
			</Data>
			<Data Name="DestinationPortName">
				domain
			</Data>
		</EventData>
	</Event>
	<Event xmlns="http://schemas.microsoft.com/win/2004/08/events/event">
		<System>
			<Provider Name="Microsoft-Windows-Sysmon" Guid="{5770385f-c22a-43e0-bf4c-06f5698ffbd9}" />
			<EventID>
				3
			</EventID>
			<Version>
				5
			</Version>
			<Level>
				4
			</Level>
			<Task>
				3
			</Task>
			<Opcode>
				0
			</Opcode>
			<Keywords>
				0x8000000000000000
			</Keywords>
			<TimeCreated SystemTime="2023-05-12T09:20:17.3141273Z" />
			<EventRecordID>
				1753
			</EventRecordID>
			<Correlation />
			<Execution ProcessID="2868" ThreadID="4544" />
			<Channel>
				Microsoft-Windows-Sysmon/Operational
			</Channel>
			<Computer>
				DESKTOP-0QN63TJ
			</Computer>
			<Security UserID="S-1-5-18" />
		</System>
		<EventData>
			<Data Name="RuleName">
				-
			</Data>
			<Data Name="UtcTime">
				2023-05-12 09:20:15.804
			</Data>
			<Data Name="ProcessGuid">
				{4158b3ab-e9ae-645d-3400-000000000900}
			</Data>
			<Data Name="ProcessId">
				2148
			</Data>
			<Data Name="Image">
				C:\Windows\System32\svchost.exe
			</Data>
			<Data Name="User">
				NT AUTHORITY\NETWORK SERVICE
			</Data>
			<Data Name="Protocol">
				udp
			</Data>
			<Data Name="Initiated">
				true
			</Data>
			<Data Name="SourceIsIpv6">
				false
			</Data>
			<Data Name="SourceIp">
				192.168.2.202
			</Data>
			<Data Name="SourceHostname">
				DESKTOP-0QN63TJ
			</Data>
			<Data Name="SourcePort">
				50092
			</Data>
			<Data Name="SourcePortName">
				-
			</Data>
			<Data Name="DestinationIsIpv6">
				false
			</Data>
			<Data Name="DestinationIp">
				192.168.2.1
			</Data>
			<Data Name="DestinationHostname">
				router.asus.com
			</Data>
			<Data Name="DestinationPort">
				53
			</Data>
			<Data Name="DestinationPortName">
				domain
			</Data>
		</EventData>
	</Event>
	<Event xmlns="http://schemas.microsoft.com/win/2004/08/events/event">
		<System>
			<Provider Name="Microsoft-Windows-Sysmon" Guid="{5770385f-c22a-43e0-bf4c-06f5698ffbd9}" />
			<EventID>
				1
			</EventID>
			<Version>
				5
			</Version>
			<Level>
				4
			</Level>
			<Task>
				1
			</Task>
			<Opcode>
				0
			</Opcode>
			<Keywords>
				0x8000000000000000
			</Keywords>
			<TimeCreated SystemTime="2023-05-12T09:20:13.6459747Z" />
			<EventRecordID>
				1752
			</EventRecordID>
			<Correlation />
			<Execution ProcessID="2868" ThreadID="5544" />
			<Channel>
				Microsoft-Windows-Sysmon/Operational
			</Channel>
			<Computer>
				DESKTOP-0QN63TJ
			</Computer>
			<Security UserID="S-1-5-18" />
		</System>
		<EventData>
			<Data Name="RuleName">
				-
			</Data>
			<Data Name="UtcTime">
				2023-05-12 09:20:13.641
			</Data>
			<Data Name="ProcessGuid">
				{4158b3ab-04cd-645e-e801-000000000900}
			</Data>
			<Data Name="ProcessId">
				2240
			</Data>
			<Data Name="Image">
				C:\Windows\System32\conhost.exe
			</Data>
			<Data Name="FileVersion">
				10.0.19041.2546 (WinBuild.160101.0800)
			</Data>
			<Data Name="Description">
				Console Window Host
			</Data>
			<Data Name="Product">
				Microsoft® Windows® Operating System
			</Data>
			<Data Name="Company">
				Microsoft Corporation
			</Data>
			<Data Name="OriginalFileName">
				CONHOST.EXE
			</Data>
			<Data Name="CommandLine">
				\??\C:\Windows\system32\conhost.exe 0xffffffff -ForceV1
			</Data>
			<Data Name="CurrentDirectory">
				C:\Windows
			</Data>
			<Data Name="User">
				DESKTOP-0QN63TJ\me
			</Data>
			<Data Name="LogonGuid">
				{4158b3ab-e9b0-645d-120f-020000000000}
			</Data>
			<Data Name="LogonId">
				0x20f12
			</Data>
			<Data Name="TerminalSessionId">
				1
			</Data>
			<Data Name="IntegrityLevel">
				Medium
			</Data>
			<Data Name="Hashes">
				SHA256=A26A1FFB81A61281FFA55CB7778CC3FB0FF981704DE49F75F51F18B283FBA7A2
			</Data>
			<Data Name="ParentProcessGuid">
				{4158b3ab-04cd-645e-e701-000000000900}
			</Data>
			<Data Name="ParentProcessId">
				5840
			</Data>
			<Data Name="ParentImage">
				C:\Program Files\Wireshark\dumpcap.exe
			</Data>
			<Data Name="ParentCommandLine">
				"C:\Program Files\Wireshark\dumpcap.exe" -n -i \Device\NPF_{654FF91B-52FF-4748-BADA-976006BA3A6B} -y EN10MB -Z 3180
			</Data>
			<Data Name="ParentUser">
				DESKTOP-0QN63TJ\me
			</Data>
		</EventData>
	</Event>
	<Event xmlns="http://schemas.microsoft.com/win/2004/08/events/event">
		<System>
			<Provider Name="Microsoft-Windows-Sysmon" Guid="{5770385f-c22a-43e0-bf4c-06f5698ffbd9}" />
			<EventID>
				1
			</EventID>
			<Version>
				5
			</Version>
			<Level>
				4
			</Level>
			<Task>
				1
			</Task>
			<Opcode>
				0
			</Opcode>
			<Keywords>
				0x8000000000000000
			</Keywords>
			<TimeCreated SystemTime="2023-05-12T09:20:13.6381224Z" />
			<EventRecordID>
				1751
			</EventRecordID>
			<Correlation />
			<Execution ProcessID="2868" ThreadID="5544" />
			<Channel>
				Microsoft-Windows-Sysmon/Operational
			</Channel>
			<Computer>
				DESKTOP-0QN63TJ
			</Computer>
			<Security UserID="S-1-5-18" />
		</System>
		<EventData>
			<Data Name="RuleName">
				-
			</Data>
			<Data Name="UtcTime">
				2023-05-12 09:20:13.637
			</Data>
			<Data Name="ProcessGuid">
				{4158b3ab-04cd-645e-e701-000000000900}
			</Data>
			<Data Name="ProcessId">
				5840
			</Data>
			<Data Name="Image">
				C:\Program Files\Wireshark\dumpcap.exe
			</Data>
			<Data Name="FileVersion">
				4.0.5
			</Data>
			<Data Name="Description">
				Dumpcap
			</Data>
			<Data Name="Product">
				Dumpcap
			</Data>
			<Data Name="Company">
				The Wireshark developer community
			</Data>
			<Data Name="OriginalFileName">
				Dumpcap.exe
			</Data>
			<Data Name="CommandLine">
				"C:\Program Files\Wireshark\dumpcap.exe" -n -i \Device\NPF_{654FF91B-52FF-4748-BADA-976006BA3A6B} -y EN10MB -Z 3180
			</Data>
			<Data Name="CurrentDirectory">
				C:\Program Files\Wireshark\
			</Data>
			<Data Name="User">
				DESKTOP-0QN63TJ\me
			</Data>
			<Data Name="LogonGuid">
				{4158b3ab-e9b0-645d-120f-020000000000}
			</Data>
			<Data Name="LogonId">
				0x20f12
			</Data>
			<Data Name="TerminalSessionId">
				1
			</Data>
			<Data Name="IntegrityLevel">
				Medium
			</Data>
			<Data Name="Hashes">
				SHA256=73567A6F914E737CE264EC3C60770DA60057A463CFA61D388424897337C7FF4B
			</Data>
			<Data Name="ParentProcessGuid">
				{4158b3ab-01b7-645e-c201-000000000900}
			</Data>
			<Data Name="ParentProcessId">
				3180
			</Data>
			<Data Name="ParentImage">
				C:\Program Files\Wireshark\Wireshark.exe
			</Data>
			<Data Name="ParentCommandLine">
				"C:\Program Files\Wireshark\Wireshark.exe"
			</Data>
			<Data Name="ParentUser">
				DESKTOP-0QN63TJ\me
			</Data>
		</EventData>
	</Event>
	<Event xmlns="http://schemas.microsoft.com/win/2004/08/events/event">
		<System>
			<Provider Name="Microsoft-Windows-Sysmon" Guid="{5770385f-c22a-43e0-bf4c-06f5698ffbd9}" />
			<EventID>
				3
			</EventID>
			<Version>
				5
			</Version>
			<Level>
				4
			</Level>
			<Task>
				3
			</Task>
			<Opcode>
				0
			</Opcode>
			<Keywords>
				0x8000000000000000
			</Keywords>
			<TimeCreated SystemTime="2023-05-12T09:20:12.1266069Z" />
			<EventRecordID>
				1750
			</EventRecordID>
			<Correlation />
			<Execution ProcessID="2868" ThreadID="4544" />
			<Channel>
				Microsoft-Windows-Sysmon/Operational
			</Channel>
			<Computer>
				DESKTOP-0QN63TJ
			</Computer>
			<Security UserID="S-1-5-18" />
		</System>
		<EventData>
			<Data Name="RuleName">
				-
			</Data>
			<Data Name="UtcTime">
				2023-05-12 09:20:10.823
			</Data>
			<Data Name="ProcessGuid">
				{4158b3ab-02cd-645e-dc01-000000000900}
			</Data>
			<Data Name="ProcessId">
				5144
			</Data>
			<Data Name="Image">
				C:\Program Files (x86)\Internet Explorer\iexplore.exe
			</Data>
			<Data Name="User">
				DESKTOP-0QN63TJ\me
			</Data>
			<Data Name="Protocol">
				tcp
			</Data>
			<Data Name="Initiated">
				true
			</Data>
			<Data Name="SourceIsIpv6">
				false
			</Data>
			<Data Name="SourceIp">
				192.168.2.202
			</Data>
			<Data Name="SourceHostname">
				DESKTOP-0QN63TJ
			</Data>
			<Data Name="SourcePort">
				55702
			</Data>
			<Data Name="SourcePortName">
				-
			</Data>
			<Data Name="DestinationIsIpv6">
				false
			</Data>
			<Data Name="DestinationIp">
				96.16.49.209
			</Data>
			<Data Name="DestinationHostname">
				a96-16-49-209.deploy.static.akamaitechnologies.com
			</Data>
			<Data Name="DestinationPort">
				443
			</Data>
			<Data Name="DestinationPortName">
				https
			</Data>
		</EventData>
	</Event>
	<Event xmlns="http://schemas.microsoft.com/win/2004/08/events/event">
		<System>
			<Provider Name="Microsoft-Windows-Sysmon" Guid="{5770385f-c22a-43e0-bf4c-06f5698ffbd9}" />
			<EventID>
				3
			</EventID>
			<Version>
				5
			</Version>
			<Level>
				4
			</Level>
			<Task>
				3
			</Task>
			<Opcode>
				0
			</Opcode>
			<Keywords>
				0x8000000000000000
			</Keywords>
			<TimeCreated SystemTime="2023-05-12T09:20:12.1265917Z" />
			<EventRecordID>
				1749
			</EventRecordID>
			<Correlation />
			<Execution ProcessID="2868" ThreadID="4544" />
			<Channel>
				Microsoft-Windows-Sysmon/Operational
			</Channel>
			<Computer>
				DESKTOP-0QN63TJ
			</Computer>
			<Security UserID="S-1-5-18" />
		</System>
		<EventData>
			<Data Name="RuleName">
				-
			</Data>
			<Data Name="UtcTime">
				2023-05-12 09:20:10.808
			</Data>
			<Data Name="ProcessGuid">
				{4158b3ab-02cd-645e-dc01-000000000900}
			</Data>
			<Data Name="ProcessId">
				5144
			</Data>
			<Data Name="Image">
				C:\Program Files (x86)\Internet Explorer\iexplore.exe
			</Data>
			<Data Name="User">
				DESKTOP-0QN63TJ\me
			</Data>
			<Data Name="Protocol">
				tcp
			</Data>
			<Data Name="Initiated">
				true
			</Data>
			<Data Name="SourceIsIpv6">
				false
			</Data>
			<Data Name="SourceIp">
				192.168.2.202
			</Data>
			<Data Name="SourceHostname">
				DESKTOP-0QN63TJ
			</Data>
			<Data Name="SourcePort">
				55703
			</Data>
			<Data Name="SourcePortName">
				-
			</Data>
			<Data Name="DestinationIsIpv6">
				false
			</Data>
			<Data Name="DestinationIp">
				96.16.49.209
			</Data>
			<Data Name="DestinationHostname">
				a96-16-49-209.deploy.static.akamaitechnologies.com
			</Data>
			<Data Name="DestinationPort">
				443
			</Data>
			<Data Name="DestinationPortName">
				https
			</Data>
		</EventData>
	</Event>
	<Event xmlns="http://schemas.microsoft.com/win/2004/08/events/event">
		<System>
			<Provider Name="Microsoft-Windows-Sysmon" Guid="{5770385f-c22a-43e0-bf4c-06f5698ffbd9}" />
			<EventID>
				3
			</EventID>
			<Version>
				5
			</Version>
			<Level>
				4
			</Level>
			<Task>
				3
			</Task>
			<Opcode>
				0
			</Opcode>
			<Keywords>
				0x8000000000000000
			</Keywords>
			<TimeCreated SystemTime="2023-05-12T09:19:56.1117560Z" />
			<EventRecordID>
				1748
			</EventRecordID>
			<Correlation />
			<Execution ProcessID="2868" ThreadID="4544" />
			<Channel>
				Microsoft-Windows-Sysmon/Operational
			</Channel>
			<Computer>
				DESKTOP-0QN63TJ
			</Computer>
			<Security UserID="S-1-5-18" />
		</System>
		<EventData>
			<Data Name="RuleName">
				-
			</Data>
			<Data Name="UtcTime">
				2023-05-12 09:19:53.996
			</Data>
			<Data Name="ProcessGuid">
				{4158b3ab-e9ae-645d-3400-000000000900}
			</Data>
			<Data Name="ProcessId">
				2148
			</Data>
			<Data Name="Image">
				C:\Windows\System32\svchost.exe
			</Data>
			<Data Name="User">
				NT AUTHORITY\NETWORK SERVICE
			</Data>
			<Data Name="Protocol">
				udp
			</Data>
			<Data Name="Initiated">
				false
			</Data>
			<Data Name="SourceIsIpv6">
				true
			</Data>
			<Data Name="SourceIp">
				ff02:0:0:0:0:0:0:fb
			</Data>
			<Data Name="SourceHostname">
				-
			</Data>
			<Data Name="SourcePort">
				5353
			</Data>
			<Data Name="SourcePortName">
				-
			</Data>
			<Data Name="DestinationIsIpv6">
				true
			</Data>
			<Data Name="DestinationIp">
				fe80:0:0:0:1c74:2f70:171f:12c
			</Data>
			<Data Name="DestinationHostname">
				-
			</Data>
			<Data Name="DestinationPort">
				5353
			</Data>
			<Data Name="DestinationPortName">
				-
			</Data>
		</EventData>
	</Event>
	<Event xmlns="http://schemas.microsoft.com/win/2004/08/events/event">
		<System>
			<Provider Name="Microsoft-Windows-Sysmon" Guid="{5770385f-c22a-43e0-bf4c-06f5698ffbd9}" />
			<EventID>
				3
			</EventID>
			<Version>
				5
			</Version>
			<Level>
				4
			</Level>
			<Task>
				3
			</Task>
			<Opcode>
				0
			</Opcode>
			<Keywords>
				0x8000000000000000
			</Keywords>
			<TimeCreated SystemTime="2023-05-12T09:19:56.1115172Z" />
			<EventRecordID>
				1747
			</EventRecordID>
			<Correlation />
			<Execution ProcessID="2868" ThreadID="4544" />
			<Channel>
				Microsoft-Windows-Sysmon/Operational
			</Channel>
			<Computer>
				DESKTOP-0QN63TJ
			</Computer>
			<Security UserID="S-1-5-18" />
		</System>
		<EventData>
			<Data Name="RuleName">
				-
			</Data>
			<Data Name="UtcTime">
				2023-05-12 09:19:53.995
			</Data>
			<Data Name="ProcessGuid">
				{4158b3ab-e9ae-645d-3400-000000000900}
			</Data>
			<Data Name="ProcessId">
				2148
			</Data>
			<Data Name="Image">
				C:\Windows\System32\svchost.exe
			</Data>
			<Data Name="User">
				NT AUTHORITY\NETWORK SERVICE
			</Data>
			<Data Name="Protocol">
				udp
			</Data>
			<Data Name="Initiated">
				false
			</Data>
			<Data Name="SourceIsIpv6">
				false
			</Data>
			<Data Name="SourceIp">
				224.0.0.251
			</Data>
			<Data Name="SourceHostname">
				-
			</Data>
			<Data Name="SourcePort">
				5353
			</Data>
			<Data Name="SourcePortName">
				-
			</Data>
			<Data Name="DestinationIsIpv6">
				false
			</Data>
			<Data Name="DestinationIp">
				192.168.2.151
			</Data>
			<Data Name="DestinationHostname">
				-
			</Data>
			<Data Name="DestinationPort">
				5353
			</Data>
			<Data Name="DestinationPortName">
				-
			</Data>
		</EventData>
	</Event>
	<Event xmlns="http://schemas.microsoft.com/win/2004/08/events/event">
		<System>
			<Provider Name="Microsoft-Windows-Sysmon" Guid="{5770385f-c22a-43e0-bf4c-06f5698ffbd9}" />
			<EventID>
				5
			</EventID>
			<Version>
				3
			</Version>
			<Level>
				4
			</Level>
			<Task>
				5
			</Task>
			<Opcode>
				0
			</Opcode>
			<Keywords>
				0x8000000000000000
			</Keywords>
			<TimeCreated SystemTime="2023-05-12T09:19:49.4353022Z" />
			<EventRecordID>
				1746
			</EventRecordID>
			<Correlation />
			<Execution ProcessID="2868" ThreadID="5544" />
			<Channel>
				Microsoft-Windows-Sysmon/Operational
			</Channel>
			<Computer>
				DESKTOP-0QN63TJ
			</Computer>
			<Security UserID="S-1-5-18" />
		</System>
		<EventData>
			<Data Name="RuleName">
				-
			</Data>
			<Data Name="UtcTime">
				2023-05-12 09:19:49.422
			</Data>
			<Data Name="ProcessGuid">
				{4158b3ab-0496-645e-e401-000000000900}
			</Data>
			<Data Name="ProcessId">
				2804
			</Data>
			<Data Name="Image">
				C:\Windows\System32\sppsvc.exe
			</Data>
			<Data Name="User">
				NT AUTHORITY\NETWORK SERVICE
			</Data>
		</EventData>
	</Event>
	<Event xmlns="http://schemas.microsoft.com/win/2004/08/events/event">
		<System>
			<Provider Name="Microsoft-Windows-Sysmon" Guid="{5770385f-c22a-43e0-bf4c-06f5698ffbd9}" />
			<EventID>
				3
			</EventID>
			<Version>
				5
			</Version>
			<Level>
				4
			</Level>
			<Task>
				3
			</Task>
			<Opcode>
				0
			</Opcode>
			<Keywords>
				0x8000000000000000
			</Keywords>
			<TimeCreated SystemTime="2023-05-12T09:19:20.1108862Z" />
			<EventRecordID>
				1745
			</EventRecordID>
			<Correlation />
			<Execution ProcessID="2868" ThreadID="4544" />
			<Channel>
				Microsoft-Windows-Sysmon/Operational
			</Channel>
			<Computer>
				DESKTOP-0QN63TJ
			</Computer>
			<Security UserID="S-1-5-18" />
		</System>
		<EventData>
			<Data Name="RuleName">
				-
			</Data>
			<Data Name="UtcTime">
				2023-05-12 09:19:19.089
			</Data>
			<Data Name="ProcessGuid">
				{4158b3ab-e9a8-645d-eb03-000000000000}
			</Data>
			<Data Name="ProcessId">
				4
			</Data>
			<Data Name="Image">
				System
			</Data>
			<Data Name="User">
				NT AUTHORITY\SYSTEM
			</Data>
			<Data Name="Protocol">
				udp
			</Data>
			<Data Name="Initiated">
				false
			</Data>
			<Data Name="SourceIsIpv6">
				false
			</Data>
			<Data Name="SourceIp">
				192.168.2.255
			</Data>
			<Data Name="SourceHostname">
				-
			</Data>
			<Data Name="SourcePort">
				137
			</Data>
			<Data Name="SourcePortName">
				netbios-ns
			</Data>
			<Data Name="DestinationIsIpv6">
				false
			</Data>
			<Data Name="DestinationIp">
				192.168.2.202
			</Data>
			<Data Name="DestinationHostname">
				DESKTOP-0QN63TJ
			</Data>
			<Data Name="DestinationPort">
				137
			</Data>
			<Data Name="DestinationPortName">
				netbios-ns
			</Data>
		</EventData>
	</Event>
	<Event xmlns="http://schemas.microsoft.com/win/2004/08/events/event">
		<System>
			<Provider Name="Microsoft-Windows-Sysmon" Guid="{5770385f-c22a-43e0-bf4c-06f5698ffbd9}" />
			<EventID>
				3
			</EventID>
			<Version>
				5
			</Version>
			<Level>
				4
			</Level>
			<Task>
				3
			</Task>
			<Opcode>
				0
			</Opcode>
			<Keywords>
				0x8000000000000000
			</Keywords>
			<TimeCreated SystemTime="2023-05-12T09:19:20.1108621Z" />
			<EventRecordID>
				1744
			</EventRecordID>
			<Correlation />
			<Execution ProcessID="2868" ThreadID="4544" />
			<Channel>
				Microsoft-Windows-Sysmon/Operational
			</Channel>
			<Computer>
				DESKTOP-0QN63TJ
			</Computer>
			<Security UserID="S-1-5-18" />
		</System>
		<EventData>
			<Data Name="RuleName">
				-
			</Data>
			<Data Name="UtcTime">
				2023-05-12 09:19:19.088
			</Data>
			<Data Name="ProcessGuid">
				{4158b3ab-e9a8-645d-eb03-000000000000}
			</Data>
			<Data Name="ProcessId">
				4
			</Data>
			<Data Name="Image">
				System
			</Data>
			<Data Name="User">
				NT AUTHORITY\SYSTEM
			</Data>
			<Data Name="Protocol">
				udp
			</Data>
			<Data Name="Initiated">
				true
			</Data>
			<Data Name="SourceIsIpv6">
				false
			</Data>
			<Data Name="SourceIp">
				192.168.2.202
			</Data>
			<Data Name="SourceHostname">
				DESKTOP-0QN63TJ
			</Data>
			<Data Name="SourcePort">
				137
			</Data>
			<Data Name="SourcePortName">
				netbios-ns
			</Data>
			<Data Name="DestinationIsIpv6">
				false
			</Data>
			<Data Name="DestinationIp">
				192.168.2.255
			</Data>
			<Data Name="DestinationHostname">
				-
			</Data>
			<Data Name="DestinationPort">
				137
			</Data>
			<Data Name="DestinationPortName">
				netbios-ns
			</Data>
		</EventData>
	</Event>
	<Event xmlns="http://schemas.microsoft.com/win/2004/08/events/event">
		<System>
			<Provider Name="Microsoft-Windows-Sysmon" Guid="{5770385f-c22a-43e0-bf4c-06f5698ffbd9}" />
			<EventID>
				1
			</EventID>
			<Version>
				5
			</Version>
			<Level>
				4
			</Level>
			<Task>
				1
			</Task>
			<Opcode>
				0
			</Opcode>
			<Keywords>
				0x8000000000000000
			</Keywords>
			<TimeCreated SystemTime="2023-05-12T09:19:19.4366260Z" />
			<EventRecordID>
				1743
			</EventRecordID>
			<Correlation />
			<Execution ProcessID="2868" ThreadID="5544" />
			<Channel>
				Microsoft-Windows-Sysmon/Operational
			</Channel>
			<Computer>
				DESKTOP-0QN63TJ
			</Computer>
			<Security UserID="S-1-5-18" />
		</System>
		<EventData>
			<Data Name="RuleName">
				-
			</Data>
			<Data Name="UtcTime">
				2023-05-12 09:19:19.435
			</Data>
			<Data Name="ProcessGuid">
				{4158b3ab-0497-645e-e601-000000000900}
			</Data>
			<Data Name="ProcessId">
				6332
			</Data>
			<Data Name="Image">
				C:\Windows\System32\svchost.exe
			</Data>
			<Data Name="FileVersion">
				10.0.19041.1806 (WinBuild.160101.0800)
			</Data>
			<Data Name="Description">
				Host Process for Windows Services
			</Data>
			<Data Name="Product">
				Microsoft® Windows® Operating System
			</Data>
			<Data Name="Company">
				Microsoft Corporation
			</Data>
			<Data Name="OriginalFileName">
				svchost.exe
			</Data>
			<Data Name="CommandLine">
				C:\Windows\system32\svchost.exe -k wusvcs -p -s WaaSMedicSvc
			</Data>
			<Data Name="CurrentDirectory">
				C:\Windows\system32\
			</Data>
			<Data Name="User">
				NT AUTHORITY\SYSTEM
			</Data>
			<Data Name="LogonGuid">
				{4158b3ab-e9ab-645d-e703-000000000000}
			</Data>
			<Data Name="LogonId">
				0x3e7
			</Data>
			<Data Name="TerminalSessionId">
				0
			</Data>
			<Data Name="IntegrityLevel">
				System
			</Data>
			<Data Name="Hashes">
				SHA256=ADD683A6910ABBBF0E28B557FAD0BA998166394932AE2ACA069D9AA19EA8FE88
			</Data>
			<Data Name="ParentProcessGuid">
				{00000000-0000-0000-0000-000000000000}
			</Data>
			<Data Name="ParentProcessId">
				644
			</Data>
			<Data Name="ParentImage">
				-
			</Data>
			<Data Name="ParentCommandLine">
				-
			</Data>
			<Data Name="ParentUser">
				-
			</Data>
		</EventData>
	</Event>
	<Event xmlns="http://schemas.microsoft.com/win/2004/08/events/event">
		<System>
			<Provider Name="Microsoft-Windows-Sysmon" Guid="{5770385f-c22a-43e0-bf4c-06f5698ffbd9}" />
			<EventID>
				1
			</EventID>
			<Version>
				5
			</Version>
			<Level>
				4
			</Level>
			<Task>
				1
			</Task>
			<Opcode>
				0
			</Opcode>
			<Keywords>
				0x8000000000000000
			</Keywords>
			<TimeCreated SystemTime="2023-05-12T09:19:18.9173490Z" />
			<EventRecordID>
				1742
			</EventRecordID>
			<Correlation />
			<Execution ProcessID="2868" ThreadID="5544" />
			<Channel>
				Microsoft-Windows-Sysmon/Operational
			</Channel>
			<Computer>
				DESKTOP-0QN63TJ
			</Computer>
			<Security UserID="S-1-5-18" />
		</System>
		<EventData>
			<Data Name="RuleName">
				-
			</Data>
			<Data Name="UtcTime">
				2023-05-12 09:19:18.914
			</Data>
			<Data Name="ProcessGuid">
				{4158b3ab-0496-645e-e501-000000000900}
			</Data>
			<Data Name="ProcessId">
				5836
			</Data>
			<Data Name="Image">
				C:\Windows\System32\svchost.exe
			</Data>
			<Data Name="FileVersion">
				10.0.19041.1806 (WinBuild.160101.0800)
			</Data>
			<Data Name="Description">
				Host Process for Windows Services
			</Data>
			<Data Name="Product">
				Microsoft® Windows® Operating System
			</Data>
			<Data Name="Company">
				Microsoft Corporation
			</Data>
			<Data Name="OriginalFileName">
				svchost.exe
			</Data>
			<Data Name="CommandLine">
				C:\Windows\system32\svchost.exe -k appmodel -p -s camsvc
			</Data>
			<Data Name="CurrentDirectory">
				C:\Windows\system32\
			</Data>
			<Data Name="User">
				NT AUTHORITY\SYSTEM
			</Data>
			<Data Name="LogonGuid">
				{4158b3ab-e9ab-645d-e703-000000000000}
			</Data>
			<Data Name="LogonId">
				0x3e7
			</Data>
			<Data Name="TerminalSessionId">
				0
			</Data>
			<Data Name="IntegrityLevel">
				System
			</Data>
			<Data Name="Hashes">
				SHA256=ADD683A6910ABBBF0E28B557FAD0BA998166394932AE2ACA069D9AA19EA8FE88
			</Data>
			<Data Name="ParentProcessGuid">
				{00000000-0000-0000-0000-000000000000}
			</Data>
			<Data Name="ParentProcessId">
				644
			</Data>
			<Data Name="ParentImage">
				-
			</Data>
			<Data Name="ParentCommandLine">
				-
			</Data>
			<Data Name="ParentUser">
				-
			</Data>
		</EventData>
	</Event>
	<Event xmlns="http://schemas.microsoft.com/win/2004/08/events/event">
		<System>
			<Provider Name="Microsoft-Windows-Sysmon" Guid="{5770385f-c22a-43e0-bf4c-06f5698ffbd9}" />
			<EventID>
				1
			</EventID>
			<Version>
				5
			</Version>
			<Level>
				4
			</Level>
			<Task>
				1
			</Task>
			<Opcode>
				0
			</Opcode>
			<Keywords>
				0x8000000000000000
			</Keywords>
			<TimeCreated SystemTime="2023-05-12T09:19:18.8039642Z" />
			<EventRecordID>
				1741
			</EventRecordID>
			<Correlation />
			<Execution ProcessID="2868" ThreadID="5544" />
			<Channel>
				Microsoft-Windows-Sysmon/Operational
			</Channel>
			<Computer>
				DESKTOP-0QN63TJ
			</Computer>
			<Security UserID="S-1-5-18" />
		</System>
		<EventData>
			<Data Name="RuleName">
				-
			</Data>
			<Data Name="UtcTime">
				2023-05-12 09:19:18.802
			</Data>
			<Data Name="ProcessGuid">
				{4158b3ab-0496-645e-e401-000000000900}
			</Data>
			<Data Name="ProcessId">
				2804
			</Data>
			<Data Name="Image">
				C:\Windows\System32\sppsvc.exe
			</Data>
			<Data Name="FileVersion">
				10.0.19041.2913 (WinBuild.160101.0800)
			</Data>
			<Data Name="Description">
				Microsoft Software Protection Platform Service
			</Data>
			<Data Name="Product">
				Microsoft® Windows® Operating System
			</Data>
			<Data Name="Company">
				Microsoft Corporation
			</Data>
			<Data Name="OriginalFileName">
				sppsvc.exe
			</Data>
			<Data Name="CommandLine">
				C:\Windows\system32\sppsvc.exe
			</Data>
			<Data Name="CurrentDirectory">
				C:\Windows
			</Data>
			<Data Name="User">
				NT AUTHORITY\NETWORK SERVICE
			</Data>
			<Data Name="LogonGuid">
				{4158b3ab-e9ac-645d-e403-000000000000}
			</Data>
			<Data Name="LogonId">
				0x3e4
			</Data>
			<Data Name="TerminalSessionId">
				0
			</Data>
			<Data Name="IntegrityLevel">
				System
			</Data>
			<Data Name="Hashes">
				SHA256=B96ACA78C82F9F94736F6230999D0DB0676DC907E0C16FDCA552E994B714D989
			</Data>
			<Data Name="ParentProcessGuid">
				{00000000-0000-0000-0000-000000000000}
			</Data>
			<Data Name="ParentProcessId">
				644
			</Data>
			<Data Name="ParentImage">
				-
			</Data>
			<Data Name="ParentCommandLine">
				-
			</Data>
			<Data Name="ParentUser">
				-
			</Data>
		</EventData>
	</Event>
	<Event xmlns="http://schemas.microsoft.com/win/2004/08/events/event">
		<System>
			<Provider Name="Microsoft-Windows-Sysmon" Guid="{5770385f-c22a-43e0-bf4c-06f5698ffbd9}" />
			<EventID>
				1
			</EventID>
			<Version>
				5
			</Version>
			<Level>
				4
			</Level>
			<Task>
				1
			</Task>
			<Opcode>
				0
			</Opcode>
			<Keywords>
				0x8000000000000000
			</Keywords>
			<TimeCreated SystemTime="2023-05-12T09:19:18.6477704Z" />
			<EventRecordID>
				1740
			</EventRecordID>
			<Correlation />
			<Execution ProcessID="2868" ThreadID="5544" />
			<Channel>
				Microsoft-Windows-Sysmon/Operational
			</Channel>
			<Computer>
				DESKTOP-0QN63TJ
			</Computer>
			<Security UserID="S-1-5-18" />
		</System>
		<EventData>
			<Data Name="RuleName">
				-
			</Data>
			<Data Name="UtcTime">
				2023-05-12 09:19:18.646
			</Data>
			<Data Name="ProcessGuid">
				{4158b3ab-0496-645e-e301-000000000900}
			</Data>
			<Data Name="ProcessId">
				6224
			</Data>
			<Data Name="Image">
				C:\Windows\System32\MoUsoCoreWorker.exe
			</Data>
			<Data Name="FileVersion">
				10.0.19041.2788 (WinBuild.160101.0800)
			</Data>
			<Data Name="Description">
				MoUSO Core Worker Process
			</Data>
			<Data Name="Product">
				Microsoft® Windows® Operating System
			</Data>
			<Data Name="Company">
				Microsoft Corporation
			</Data>
			<Data Name="OriginalFileName">
				MoUSOCoreWorker.exe
			</Data>
			<Data Name="CommandLine">
				C:\Windows\System32\mousocoreworker.exe -Embedding
			</Data>
			<Data Name="CurrentDirectory">
				C:\Windows\system32\
			</Data>
			<Data Name="User">
				NT AUTHORITY\SYSTEM
			</Data>
			<Data Name="LogonGuid">
				{4158b3ab-e9ab-645d-e703-000000000000}
			</Data>
			<Data Name="LogonId">
				0x3e7
			</Data>
			<Data Name="TerminalSessionId">
				0
			</Data>
			<Data Name="IntegrityLevel">
				System
			</Data>
			<Data Name="Hashes">
				SHA256=EB76B56B6F4FAC87353961645DFAE2F842C0C8CED6B86C2EB48DE0F144D2DC05
			</Data>
			<Data Name="ParentProcessGuid">
				{00000000-0000-0000-0000-000000000000}
			</Data>
			<Data Name="ParentProcessId">
				772
			</Data>
			<Data Name="ParentImage">
				-
			</Data>
			<Data Name="ParentCommandLine">
				-
			</Data>
			<Data Name="ParentUser">
				-
			</Data>
		</EventData>
	</Event>
	<Event xmlns="http://schemas.microsoft.com/win/2004/08/events/event">
		<System>
			<Provider Name="Microsoft-Windows-Sysmon" Guid="{5770385f-c22a-43e0-bf4c-06f5698ffbd9}" />
			<EventID>
				1
			</EventID>
			<Version>
				5
			</Version>
			<Level>
				4
			</Level>
			<Task>
				1
			</Task>
			<Opcode>
				0
			</Opcode>
			<Keywords>
				0x8000000000000000
			</Keywords>
			<TimeCreated SystemTime="2023-05-12T09:19:18.5835195Z" />
			<EventRecordID>
				1739
			</EventRecordID>
			<Correlation />
			<Execution ProcessID="2868" ThreadID="5544" />
			<Channel>
				Microsoft-Windows-Sysmon/Operational
			</Channel>
			<Computer>
				DESKTOP-0QN63TJ
			</Computer>
			<Security UserID="S-1-5-18" />
		</System>
		<EventData>
			<Data Name="RuleName">
				-
			</Data>
			<Data Name="UtcTime">
				2023-05-12 09:19:18.582
			</Data>
			<Data Name="ProcessGuid">
				{4158b3ab-0496-645e-e201-000000000900}
			</Data>
			<Data Name="ProcessId">
				1164
			</Data>
			<Data Name="Image">
				C:\Windows\System32\oobe\UserOOBEBroker.exe
			</Data>
			<Data Name="FileVersion">
				10.0.19041.2486 (WinBuild.160101.0800)
			</Data>
			<Data Name="Description">
				User OOBE Broker
			</Data>
			<Data Name="Product">
				Microsoft® Windows® Operating System
			</Data>
			<Data Name="Company">
				Microsoft Corporation
			</Data>
			<Data Name="OriginalFileName">
				UserOOBEBroker.exe
			</Data>
			<Data Name="CommandLine">
				C:\Windows\System32\oobe\UserOOBEBroker.exe -Embedding
			</Data>
			<Data Name="CurrentDirectory">
				C:\Windows\system32\
			</Data>
			<Data Name="User">
				DESKTOP-0QN63TJ\me
			</Data>
			<Data Name="LogonGuid">
				{4158b3ab-e9b0-645d-120f-020000000000}
			</Data>
			<Data Name="LogonId">
				0x20f12
			</Data>
			<Data Name="TerminalSessionId">
				1
			</Data>
			<Data Name="IntegrityLevel">
				Medium
			</Data>
			<Data Name="Hashes">
				SHA256=B35EEA5032D1AEFE0251AC50C078C9FD04ED8CE645035F261EE2C0141D30615C
			</Data>
			<Data Name="ParentProcessGuid">
				{00000000-0000-0000-0000-000000000000}
			</Data>
			<Data Name="ParentProcessId">
				772
			</Data>
			<Data Name="ParentImage">
				-
			</Data>
			<Data Name="ParentCommandLine">
				-
			</Data>
			<Data Name="ParentUser">
				-
			</Data>
		</EventData>
	</Event>
	<Event xmlns="http://schemas.microsoft.com/win/2004/08/events/event">
		<System>
			<Provider Name="Microsoft-Windows-Sysmon" Guid="{5770385f-c22a-43e0-bf4c-06f5698ffbd9}" />
			<EventID>
				1
			</EventID>
			<Version>
				5
			</Version>
			<Level>
				4
			</Level>
			<Task>
				1
			</Task>
			<Opcode>
				0
			</Opcode>
			<Keywords>
				0x8000000000000000
			</Keywords>
			<TimeCreated SystemTime="2023-05-12T09:19:18.1972666Z" />
			<EventRecordID>
				1738
			</EventRecordID>
			<Correlation />
			<Execution ProcessID="2868" ThreadID="5544" />
			<Channel>
				Microsoft-Windows-Sysmon/Operational
			</Channel>
			<Computer>
				DESKTOP-0QN63TJ
			</Computer>
			<Security UserID="S-1-5-18" />
		</System>
		<EventData>
			<Data Name="RuleName">
				-
			</Data>
			<Data Name="UtcTime">
				2023-05-12 09:19:18.121
			</Data>
			<Data Name="ProcessGuid">
				{4158b3ab-0496-645e-e101-000000000900}
			</Data>
			<Data Name="ProcessId">
				5016
			</Data>
			<Data Name="Image">
				C:\Windows\ImmersiveControlPanel\SystemSettings.exe
			</Data>
			<Data Name="FileVersion">
				10.0.19041.2788 (WinBuild.160101.0800)
			</Data>
			<Data Name="Description">
				Settings
			</Data>
			<Data Name="Product">
				Microsoft® Windows® Operating System
			</Data>
			<Data Name="Company">
				Microsoft Corporation
			</Data>
			<Data Name="OriginalFileName">
				SystemSettings.exe
			</Data>
			<Data Name="CommandLine">
				"C:\Windows\ImmersiveControlPanel\SystemSettings.exe" -ServerName:microsoft.windows.immersivecontrolpanel
			</Data>
			<Data Name="CurrentDirectory">
				C:\Windows\ImmersiveControlPanel\
			</Data>
			<Data Name="User">
				DESKTOP-0QN63TJ\me
			</Data>
			<Data Name="LogonGuid">
				{4158b3ab-e9b0-645d-120f-020000000000}
			</Data>
			<Data Name="LogonId">
				0x20f12
			</Data>
			<Data Name="TerminalSessionId">
				1
			</Data>
			<Data Name="IntegrityLevel">
				Medium
			</Data>
			<Data Name="Hashes">
				SHA256=4B38710E9A1C8F4865B2E7C14B06C0593D1425D6D88DB459447839A0B6993942
			</Data>
			<Data Name="ParentProcessGuid">
				{00000000-0000-0000-0000-000000000000}
			</Data>
			<Data Name="ParentProcessId">
				772
			</Data>
			<Data Name="ParentImage">
				-
			</Data>
			<Data Name="ParentCommandLine">
				-
			</Data>
			<Data Name="ParentUser">
				-
			</Data>
		</EventData>
	</Event>
	<Event xmlns="http://schemas.microsoft.com/win/2004/08/events/event">
		<System>
			<Provider Name="Microsoft-Windows-Sysmon" Guid="{5770385f-c22a-43e0-bf4c-06f5698ffbd9}" />
			<EventID>
				5
			</EventID>
			<Version>
				3
			</Version>
			<Level>
				4
			</Level>
			<Task>
				5
			</Task>
			<Opcode>
				0
			</Opcode>
			<Keywords>
				0x8000000000000000
			</Keywords>
			<TimeCreated SystemTime="2023-05-12T09:19:04.3019252Z" />
			<EventRecordID>
				1737
			</EventRecordID>
			<Correlation />
			<Execution ProcessID="2868" ThreadID="5544" />
			<Channel>
				Microsoft-Windows-Sysmon/Operational
			</Channel>
			<Computer>
				DESKTOP-0QN63TJ
			</Computer>
			<Security UserID="S-1-5-18" />
		</System>
		<EventData>
			<Data Name="RuleName">
				-
			</Data>
			<Data Name="UtcTime">
				2023-05-12 09:19:04.298
			</Data>
			<Data Name="ProcessGuid">
				{4158b3ab-035c-645e-e001-000000000900}
			</Data>
			<Data Name="ProcessId">
				2600
			</Data>
			<Data Name="Image">
				C:\Windows\System32\svchost.exe
			</Data>
			<Data Name="User">
				NT AUTHORITY\SYSTEM
			</Data>
		</EventData>
	</Event>
	<Event xmlns="http://schemas.microsoft.com/win/2004/08/events/event">
		<System>
			<Provider Name="Microsoft-Windows-Sysmon" Guid="{5770385f-c22a-43e0-bf4c-06f5698ffbd9}" />
			<EventID>
				5
			</EventID>
			<Version>
				3
			</Version>
			<Level>
				4
			</Level>
			<Task>
				5
			</Task>
			<Opcode>
				0
			</Opcode>
			<Keywords>
				0x8000000000000000
			</Keywords>
			<TimeCreated SystemTime="2023-05-12T09:18:55.5829884Z" />
			<EventRecordID>
				1736
			</EventRecordID>
			<Correlation />
			<Execution ProcessID="2868" ThreadID="5544" />
			<Channel>
				Microsoft-Windows-Sysmon/Operational
			</Channel>
			<Computer>
				DESKTOP-0QN63TJ
			</Computer>
			<Security UserID="S-1-5-18" />
		</System>
		<EventData>
			<Data Name="RuleName">
				-
			</Data>
			<Data Name="UtcTime">
				2023-05-12 09:18:55.579
			</Data>
			<Data Name="ProcessGuid">
				{4158b3ab-0353-645e-de01-000000000900}
			</Data>
			<Data Name="ProcessId">
				6280
			</Data>
			<Data Name="Image">
				C:\Windows\System32\smartscreen.exe
			</Data>
			<Data Name="User">
				DESKTOP-0QN63TJ\me
			</Data>
		</EventData>
	</Event>
	<Event xmlns="http://schemas.microsoft.com/win/2004/08/events/event">
		<System>
			<Provider Name="Microsoft-Windows-Sysmon" Guid="{5770385f-c22a-43e0-bf4c-06f5698ffbd9}" />
			<EventID>
				3
			</EventID>
			<Version>
				5
			</Version>
			<Level>
				4
			</Level>
			<Task>
				3
			</Task>
			<Opcode>
				0
			</Opcode>
			<Keywords>
				0x8000000000000000
			</Keywords>
			<TimeCreated SystemTime="2023-05-12T09:18:23.5482818Z" />
			<EventRecordID>
				1735
			</EventRecordID>
			<Correlation />
			<Execution ProcessID="2868" ThreadID="4544" />
			<Channel>
				Microsoft-Windows-Sysmon/Operational
			</Channel>
			<Computer>
				DESKTOP-0QN63TJ
			</Computer>
			<Security UserID="S-1-5-18" />
		</System>
		<EventData>
			<Data Name="RuleName">
				-
			</Data>
			<Data Name="UtcTime">
				2023-05-12 09:18:21.422
			</Data>
			<Data Name="ProcessGuid">
				{4158b3ab-e9ae-645d-3400-000000000900}
			</Data>
			<Data Name="ProcessId">
				2148
			</Data>
			<Data Name="Image">
				C:\Windows\System32\svchost.exe
			</Data>
			<Data Name="User">
				NT AUTHORITY\NETWORK SERVICE
			</Data>
			<Data Name="Protocol">
				udp
			</Data>
			<Data Name="Initiated">
				false
			</Data>
			<Data Name="SourceIsIpv6">
				true
			</Data>
			<Data Name="SourceIp">
				ff02:0:0:0:0:0:0:fb
			</Data>
			<Data Name="SourceHostname">
				-
			</Data>
			<Data Name="SourcePort">
				5353
			</Data>
			<Data Name="SourcePortName">
				-
			</Data>
			<Data Name="DestinationIsIpv6">
				true
			</Data>
			<Data Name="DestinationIp">
				fe80:0:0:0:97:e57d:9adc:f388
			</Data>
			<Data Name="DestinationHostname">
				-
			</Data>
			<Data Name="DestinationPort">
				5353
			</Data>
			<Data Name="DestinationPortName">
				-
			</Data>
		</EventData>
	</Event>
	<Event xmlns="http://schemas.microsoft.com/win/2004/08/events/event">
		<System>
			<Provider Name="Microsoft-Windows-Sysmon" Guid="{5770385f-c22a-43e0-bf4c-06f5698ffbd9}" />
			<EventID>
				3
			</EventID>
			<Version>
				5
			</Version>
			<Level>
				4
			</Level>
			<Task>
				3
			</Task>
			<Opcode>
				0
			</Opcode>
			<Keywords>
				0x8000000000000000
			</Keywords>
			<TimeCreated SystemTime="2023-05-12T09:18:23.5482473Z" />
			<EventRecordID>
				1734
			</EventRecordID>
			<Correlation />
			<Execution ProcessID="2868" ThreadID="4544" />
			<Channel>
				Microsoft-Windows-Sysmon/Operational
			</Channel>
			<Computer>
				DESKTOP-0QN63TJ
			</Computer>
			<Security UserID="S-1-5-18" />
		</System>
		<EventData>
			<Data Name="RuleName">
				-
			</Data>
			<Data Name="UtcTime">
				2023-05-12 09:18:21.422
			</Data>
			<Data Name="ProcessGuid">
				{4158b3ab-e9ae-645d-3400-000000000900}
			</Data>
			<Data Name="ProcessId">
				2148
			</Data>
			<Data Name="Image">
				C:\Windows\System32\svchost.exe
			</Data>
			<Data Name="User">
				NT AUTHORITY\NETWORK SERVICE
			</Data>
			<Data Name="Protocol">
				udp
			</Data>
			<Data Name="Initiated">
				false
			</Data>
			<Data Name="SourceIsIpv6">
				false
			</Data>
			<Data Name="SourceIp">
				224.0.0.251
			</Data>
			<Data Name="SourceHostname">
				-
			</Data>
			<Data Name="SourcePort">
				5353
			</Data>
			<Data Name="SourcePortName">
				-
			</Data>
			<Data Name="DestinationIsIpv6">
				false
			</Data>
			<Data Name="DestinationIp">
				192.168.2.218
			</Data>
			<Data Name="DestinationHostname">
				iPad-Admin
			</Data>
			<Data Name="DestinationPort">
				5353
			</Data>
			<Data Name="DestinationPortName">
				-
			</Data>
		</EventData>
	</Event>
	<Event xmlns="http://schemas.microsoft.com/win/2004/08/events/event">
		<System>
			<Provider Name="Microsoft-Windows-Sysmon" Guid="{5770385f-c22a-43e0-bf4c-06f5698ffbd9}" />
			<EventID>
				5
			</EventID>
			<Version>
				3
			</Version>
			<Level>
				4
			</Level>
			<Task>
				5
			</Task>
			<Opcode>
				0
			</Opcode>
			<Keywords>
				0x8000000000000000
			</Keywords>
			<TimeCreated SystemTime="2023-05-12T09:14:45.8056048Z" />
			<EventRecordID>
				1733
			</EventRecordID>
			<Correlation />
			<Execution ProcessID="2868" ThreadID="5544" />
			<Channel>
				Microsoft-Windows-Sysmon/Operational
			</Channel>
			<Computer>
				DESKTOP-0QN63TJ
			</Computer>
			<Security UserID="S-1-5-18" />
		</System>
		<EventData>
			<Data Name="RuleName">
				-
			</Data>
			<Data Name="UtcTime">
				2023-05-12 09:14:45.798
			</Data>
			<Data Name="ProcessGuid">
				{4158b3ab-02d0-645e-dd01-000000000900}
			</Data>
			<Data Name="ProcessId">
				6404
			</Data>
			<Data Name="Image">
				C:\Windows\System32\svchost.exe
			</Data>
			<Data Name="User">
				NT AUTHORITY\SYSTEM
			</Data>
		</EventData>
	</Event>
	<Event xmlns="http://schemas.microsoft.com/win/2004/08/events/event">
		<System>
			<Provider Name="Microsoft-Windows-Sysmon" Guid="{5770385f-c22a-43e0-bf4c-06f5698ffbd9}" />
			<EventID>
				3
			</EventID>
			<Version>
				5
			</Version>
			<Level>
				4
			</Level>
			<Task>
				3
			</Task>
			<Opcode>
				0
			</Opcode>
			<Keywords>
				0x8000000000000000
			</Keywords>
			<TimeCreated SystemTime="2023-05-12T09:14:06.5797523Z" />
			<EventRecordID>
				1732
			</EventRecordID>
			<Correlation />
			<Execution ProcessID="2868" ThreadID="4544" />
			<Channel>
				Microsoft-Windows-Sysmon/Operational
			</Channel>
			<Computer>
				DESKTOP-0QN63TJ
			</Computer>
			<Security UserID="S-1-5-18" />
		</System>
		<EventData>
			<Data Name="RuleName">
				-
			</Data>
			<Data Name="UtcTime">
				2023-05-12 09:14:04.369
			</Data>
			<Data Name="ProcessGuid">
				{4158b3ab-e9b0-645d-4200-000000000900}
			</Data>
			<Data Name="ProcessId">
				2904
			</Data>
			<Data Name="Image">
				C:\Windows\System32\svchost.exe
			</Data>
			<Data Name="User">
				DESKTOP-0QN63TJ\me
			</Data>
			<Data Name="Protocol">
				tcp
			</Data>
			<Data Name="Initiated">
				true
			</Data>
			<Data Name="SourceIsIpv6">
				false
			</Data>
			<Data Name="SourceIp">
				192.168.2.202
			</Data>
			<Data Name="SourceHostname">
				DESKTOP-0QN63TJ
			</Data>
			<Data Name="SourcePort">
				55701
			</Data>
			<Data Name="SourcePortName">
				-
			</Data>
			<Data Name="DestinationIsIpv6">
				false
			</Data>
			<Data Name="DestinationIp">
				23.46.122.108
			</Data>
			<Data Name="DestinationHostname">
				tile-service.weather.microsoft.com
			</Data>
			<Data Name="DestinationPort">
				80
			</Data>
			<Data Name="DestinationPortName">
				http
			</Data>
		</EventData>
	</Event>
	<Event xmlns="http://schemas.microsoft.com/win/2004/08/events/event">
		<System>
			<Provider Name="Microsoft-Windows-Sysmon" Guid="{5770385f-c22a-43e0-bf4c-06f5698ffbd9}" />
			<EventID>
				3
			</EventID>
			<Version>
				5
			</Version>
			<Level>
				4
			</Level>
			<Task>
				3
			</Task>
			<Opcode>
				0
			</Opcode>
			<Keywords>
				0x8000000000000000
			</Keywords>
			<TimeCreated SystemTime="2023-05-12T09:14:05.5482560Z" />
			<EventRecordID>
				1731
			</EventRecordID>
			<Correlation />
			<Execution ProcessID="2868" ThreadID="4544" />
			<Channel>
				Microsoft-Windows-Sysmon/Operational
			</Channel>
			<Computer>
				DESKTOP-0QN63TJ
			</Computer>
			<Security UserID="S-1-5-18" />
		</System>
		<EventData>
			<Data Name="RuleName">
				-
			</Data>
			<Data Name="UtcTime">
				2023-05-12 09:14:04.300
			</Data>
			<Data Name="ProcessGuid">
				{4158b3ab-e9ae-645d-3400-000000000900}
			</Data>
			<Data Name="ProcessId">
				2148
			</Data>
			<Data Name="Image">
				C:\Windows\System32\svchost.exe
			</Data>
			<Data Name="User">
				NT AUTHORITY\NETWORK SERVICE
			</Data>
			<Data Name="Protocol">
				udp
			</Data>
			<Data Name="Initiated">
				true
			</Data>
			<Data Name="SourceIsIpv6">
				false
			</Data>
			<Data Name="SourceIp">
				192.168.2.202
			</Data>
			<Data Name="SourceHostname">
				DESKTOP-0QN63TJ
			</Data>
			<Data Name="SourcePort">
				60391
			</Data>
			<Data Name="SourcePortName">
				-
			</Data>
			<Data Name="DestinationIsIpv6">
				false
			</Data>
			<Data Name="DestinationIp">
				192.168.2.1
			</Data>
			<Data Name="DestinationHostname">
				router.asus.com
			</Data>
			<Data Name="DestinationPort">
				53
			</Data>
			<Data Name="DestinationPortName">
				domain
			</Data>
		</EventData>
	</Event>
	<Event xmlns="http://schemas.microsoft.com/win/2004/08/events/event">
		<System>
			<Provider Name="Microsoft-Windows-Sysmon" Guid="{5770385f-c22a-43e0-bf4c-06f5698ffbd9}" />
			<EventID>
				5
			</EventID>
			<Version>
				3
			</Version>
			<Level>
				4
			</Level>
			<Task>
				5
			</Task>
			<Opcode>
				0
			</Opcode>
			<Keywords>
				0x8000000000000000
			</Keywords>
			<TimeCreated SystemTime="2023-05-12T09:14:04.2619675Z" />
			<EventRecordID>
				1730
			</EventRecordID>
			<Correlation />
			<Execution ProcessID="2868" ThreadID="5544" />
			<Channel>
				Microsoft-Windows-Sysmon/Operational
			</Channel>
			<Computer>
				DESKTOP-0QN63TJ
			</Computer>
			<Security UserID="S-1-5-18" />
		</System>
		<EventData>
			<Data Name="RuleName">
				-
			</Data>
			<Data Name="UtcTime">
				2023-05-12 09:14:04.251
			</Data>
			<Data Name="ProcessGuid">
				{4158b3ab-035c-645e-df01-000000000900}
			</Data>
			<Data Name="ProcessId">
				2564
			</Data>
			<Data Name="Image">
				C:\Windows\System32\taskhostw.exe
			</Data>
			<Data Name="User">
				NT AUTHORITY\SYSTEM
			</Data>
		</EventData>
	</Event>
	