<Event xmlns="http://schemas.microsoft.com/win/2004/08/events/event">
		<System>
			<Provider Name="Microsoft-Windows-Sysmon" Guid="{5770385f-c22a-43e0-bf4c-06f5698ffbd9}" />
			<EventID>
				5
			</EventID>
			<Version>
				3
			</Version>
			<Level>
				4
			</Level>
			<Task>
				5
			</Task>
			<Opcode>
				0
			</Opcode>
			<Keywords>
				0x8000000000000000
			</Keywords>
			<TimeCreated SystemTime="2023-05-12T09:03:59.1627262Z" />
			<EventRecordID>
				1387
			</EventRecordID>
			<Correlation />
			<Execution ProcessID="2868" ThreadID="5544" />
			<Channel>
				Microsoft-Windows-Sysmon/Operational
			</Channel>
			<Computer>
				DESKTOP-0QN63TJ
			</Computer>
			<Security UserID="S-1-5-18" />
		</System>
		<EventData>
			<Data Name="RuleName">
				-
			</Data>
			<Data Name="UtcTime">
				2023-05-12 09:03:59.139
			</Data>
			<Data Name="ProcessGuid">
				{4158b3ab-00fc-645e-ac01-000000000900}
			</Data>
			<Data Name="ProcessId">
				7084
			</Data>
			<Data Name="Image">
				C:\Windows\System32\conhost.exe
			</Data>
			<Data Name="User">
				NT AUTHORITY\SYSTEM
			</Data>
		</EventData>
	</Event>
	<Event xmlns="http://schemas.microsoft.com/win/2004/08/events/event">
		<System>
			<Provider Name="Microsoft-Windows-Sysmon" Guid="{5770385f-c22a-43e0-bf4c-06f5698ffbd9}" />
			<EventID>
				5
			</EventID>
			<Version>
				3
			</Version>
			<Level>
				4
			</Level>
			<Task>
				5
			</Task>
			<Opcode>
				0
			</Opcode>
			<Keywords>
				0x8000000000000000
			</Keywords>
			<TimeCreated SystemTime="2023-05-12T09:03:59.1406131Z" />
			<EventRecordID>
				1386
			</EventRecordID>
			<Correlation />
			<Execution ProcessID="2868" ThreadID="5544" />
			<Channel>
				Microsoft-Windows-Sysmon/Operational
			</Channel>
			<Computer>
				DESKTOP-0QN63TJ
			</Computer>
			<Security UserID="S-1-5-18" />
		</System>
		<EventData>
			<Data Name="RuleName">
				-
			</Data>
			<Data Name="UtcTime">
				2023-05-12 09:03:59.123
			</Data>
			<Data Name="ProcessGuid">
				{4158b3ab-00fa-645e-a901-000000000900}
			</Data>
			<Data Name="ProcessId">
				6152
			</Data>
			<Data Name="Image">
				C:\Windows\System32\cmd.exe
			</Data>
			<Data Name="User">
				NT AUTHORITY\SYSTEM
			</Data>
		</EventData>
	</Event>
	<Event xmlns="http://schemas.microsoft.com/win/2004/08/events/event">
		<System>
			<Provider Name="Microsoft-Windows-Sysmon" Guid="{5770385f-c22a-43e0-bf4c-06f5698ffbd9}" />
			<EventID>
				3
			</EventID>
			<Version>
				5
			</Version>
			<Level>
				4
			</Level>
			<Task>
				3
			</Task>
			<Opcode>
				0
			</Opcode>
			<Keywords>
				0x8000000000000000
			</Keywords>
			<TimeCreated SystemTime="2023-05-12T09:03:59.0203148Z" />
			<EventRecordID>
				1385
			</EventRecordID>
			<Correlation />
			<Execution ProcessID="2868" ThreadID="4544" />
			<Channel>
				Microsoft-Windows-Sysmon/Operational
			</Channel>
			<Computer>
				DESKTOP-0QN63TJ
			</Computer>
			<Security UserID="S-1-5-18" />
		</System>
		<EventData>
			<Data Name="RuleName">
				-
			</Data>
			<Data Name="UtcTime">
				2023-05-12 09:03:58.002
			</Data>
			<Data Name="ProcessGuid">
				{4158b3ab-e9ae-645d-3400-000000000900}
			</Data>
			<Data Name="ProcessId">
				2148
			</Data>
			<Data Name="Image">
				C:\Windows\System32\svchost.exe
			</Data>
			<Data Name="User">
				NT AUTHORITY\NETWORK SERVICE
			</Data>
			<Data Name="Protocol">
				udp
			</Data>
			<Data Name="Initiated">
				true
			</Data>
			<Data Name="SourceIsIpv6">
				true
			</Data>
			<Data Name="SourceIp">
				fe80:0:0:0:e5d3:b00:cb2b:1a7a
			</Data>
			<Data Name="SourceHostname">
				DESKTOP-0QN63TJ
			</Data>
			<Data Name="SourcePort">
				53813
			</Data>
			<Data Name="SourcePortName">
				-
			</Data>
			<Data Name="DestinationIsIpv6">
				true
			</Data>
			<Data Name="DestinationIp">
				ff02:0:0:0:0:0:1:3
			</Data>
			<Data Name="DestinationHostname">
				-
			</Data>
			<Data Name="DestinationPort">
				5355
			</Data>
			<Data Name="DestinationPortName">
				llmnr
			</Data>
		</EventData>
	</Event>
	<Event xmlns="http://schemas.microsoft.com/win/2004/08/events/event">
		<System>
			<Provider Name="Microsoft-Windows-Sysmon" Guid="{5770385f-c22a-43e0-bf4c-06f5698ffbd9}" />
			<EventID>
				5
			</EventID>
			<Version>
				3
			</Version>
			<Level>
				4
			</Level>
			<Task>
				5
			</Task>
			<Opcode>
				0
			</Opcode>
			<Keywords>
				0x8000000000000000
			</Keywords>
			<TimeCreated SystemTime="2023-05-12T09:03:58.9978279Z" />
			<EventRecordID>
				1384
			</EventRecordID>
			<Correlation />
			<Execution ProcessID="2868" ThreadID="5544" />
			<Channel>
				Microsoft-Windows-Sysmon/Operational
			</Channel>
			<Computer>
				DESKTOP-0QN63TJ
			</Computer>
			<Security UserID="S-1-5-18" />
		</System>
		<EventData>
			<Data Name="RuleName">
				-
			</Data>
			<Data Name="UtcTime">
				2023-05-12 09:03:58.982
			</Data>
			<Data Name="ProcessGuid">
				{4158b3ab-00fe-645e-b001-000000000900}
			</Data>
			<Data Name="ProcessId">
				4548
			</Data>
			<Data Name="Image">
				C:\Windows\System32\ipconfig.exe
			</Data>
			<Data Name="User">
				NT AUTHORITY\SYSTEM
			</Data>
		</EventData>
	</Event>
	<Event xmlns="http://schemas.microsoft.com/win/2004/08/events/event">
		<System>
			<Provider Name="Microsoft-Windows-Sysmon" Guid="{5770385f-c22a-43e0-bf4c-06f5698ffbd9}" />
			<EventID>
				3
			</EventID>
			<Version>
				5
			</Version>
			<Level>
				4
			</Level>
			<Task>
				3
			</Task>
			<Opcode>
				0
			</Opcode>
			<Keywords>
				0x8000000000000000
			</Keywords>
			<TimeCreated SystemTime="2023-05-12T09:03:58.7500748Z" />
			<EventRecordID>
				1383
			</EventRecordID>
			<Correlation />
			<Execution ProcessID="2868" ThreadID="4544" />
			<Channel>
				Microsoft-Windows-Sysmon/Operational
			</Channel>
			<Computer>
				DESKTOP-0QN63TJ
			</Computer>
			<Security UserID="S-1-5-18" />
		</System>
		<EventData>
			<Data Name="RuleName">
				-
			</Data>
			<Data Name="UtcTime">
				2023-05-12 09:03:57.735
			</Data>
			<Data Name="ProcessGuid">
				{4158b3ab-e9ae-645d-2e00-000000000900}
			</Data>
			<Data Name="ProcessId">
				1968
			</Data>
			<Data Name="Image">
				C:\Windows\System32\svchost.exe
			</Data>
			<Data Name="User">
				NT AUTHORITY\NETWORK SERVICE
			</Data>
			<Data Name="Protocol">
				tcp
			</Data>
			<Data Name="Initiated">
				true
			</Data>
			<Data Name="SourceIsIpv6">
				false
			</Data>
			<Data Name="SourceIp">
				192.168.2.202
			</Data>
			<Data Name="SourceHostname">
				DESKTOP-0QN63TJ
			</Data>
			<Data Name="SourcePort">
				49837
			</Data>
			<Data Name="SourcePortName">
				-
			</Data>
			<Data Name="DestinationIsIpv6">
				false
			</Data>
			<Data Name="DestinationIp">
				13.107.4.52
			</Data>
			<Data Name="DestinationHostname">
				-
			</Data>
			<Data Name="DestinationPort">
				80
			</Data>
			<Data Name="DestinationPortName">
				http
			</Data>
		</EventData>
	</Event>
	<Event xmlns="http://schemas.microsoft.com/win/2004/08/events/event">
		<System>
			<Provider Name="Microsoft-Windows-Sysmon" Guid="{5770385f-c22a-43e0-bf4c-06f5698ffbd9}" />
			<EventID>
				3
			</EventID>
			<Version>
				5
			</Version>
			<Level>
				4
			</Level>
			<Task>
				3
			</Task>
			<Opcode>
				0
			</Opcode>
			<Keywords>
				0x8000000000000000
			</Keywords>
			<TimeCreated SystemTime="2023-05-12T09:03:58.7496627Z" />
			<EventRecordID>
				1382
			</EventRecordID>
			<Correlation />
			<Execution ProcessID="2868" ThreadID="4544" />
			<Channel>
				Microsoft-Windows-Sysmon/Operational
			</Channel>
			<Computer>
				DESKTOP-0QN63TJ
			</Computer>
			<Security UserID="S-1-5-18" />
		</System>
		<EventData>
			<Data Name="RuleName">
				-
			</Data>
			<Data Name="UtcTime">
				2023-05-12 09:03:57.617
			</Data>
			<Data Name="ProcessGuid">
				{4158b3ab-e9ae-645d-3400-000000000900}
			</Data>
			<Data Name="ProcessId">
				2148
			</Data>
			<Data Name="Image">
				C:\Windows\System32\svchost.exe
			</Data>
			<Data Name="User">
				NT AUTHORITY\NETWORK SERVICE
			</Data>
			<Data Name="Protocol">
				udp
			</Data>
			<Data Name="Initiated">
				true
			</Data>
			<Data Name="SourceIsIpv6">
				false
			</Data>
			<Data Name="SourceIp">
				192.168.2.202
			</Data>
			<Data Name="SourceHostname">
				DESKTOP-0QN63TJ
			</Data>
			<Data Name="SourcePort">
				51869
			</Data>
			<Data Name="SourcePortName">
				-
			</Data>
			<Data Name="DestinationIsIpv6">
				false
			</Data>
			<Data Name="DestinationIp">
				192.168.2.1
			</Data>
			<Data Name="DestinationHostname">
				router.asus.com
			</Data>
			<Data Name="DestinationPort">
				53
			</Data>
			<Data Name="DestinationPortName">
				domain
			</Data>
		</EventData>
	</Event>
	<Event xmlns="http://schemas.microsoft.com/win/2004/08/events/event">
		<System>
			<Provider Name="Microsoft-Windows-Sysmon" Guid="{5770385f-c22a-43e0-bf4c-06f5698ffbd9}" />
			<EventID>
				3
			</EventID>
			<Version>
				5
			</Version>
			<Level>
				4
			</Level>
			<Task>
				3
			</Task>
			<Opcode>
				0
			</Opcode>
			<Keywords>
				0x8000000000000000
			</Keywords>
			<TimeCreated SystemTime="2023-05-12T09:03:58.4935478Z" />
			<EventRecordID>
				1381
			</EventRecordID>
			<Correlation />
			<Execution ProcessID="2868" ThreadID="4544" />
			<Channel>
				Microsoft-Windows-Sysmon/Operational
			</Channel>
			<Computer>
				DESKTOP-0QN63TJ
			</Computer>
			<Security UserID="S-1-5-18" />
		</System>
		<EventData>
			<Data Name="RuleName">
				-
			</Data>
			<Data Name="UtcTime">
				2023-05-12 09:03:57.453
			</Data>
			<Data Name="ProcessGuid">
				{4158b3ab-e9ae-645d-3400-000000000900}
			</Data>
			<Data Name="ProcessId">
				2148
			</Data>
			<Data Name="Image">
				C:\Windows\System32\svchost.exe
			</Data>
			<Data Name="User">
				NT AUTHORITY\NETWORK SERVICE
			</Data>
			<Data Name="Protocol">
				udp
			</Data>
			<Data Name="Initiated">
				true
			</Data>
			<Data Name="SourceIsIpv6">
				false
			</Data>
			<Data Name="SourceIp">
				192.168.2.202
			</Data>
			<Data Name="SourceHostname">
				DESKTOP-0QN63TJ
			</Data>
			<Data Name="SourcePort">
				65218
			</Data>
			<Data Name="SourcePortName">
				-
			</Data>
			<Data Name="DestinationIsIpv6">
				false
			</Data>
			<Data Name="DestinationIp">
				224.0.0.252
			</Data>
			<Data Name="DestinationHostname">
				-
			</Data>
			<Data Name="DestinationPort">
				5355
			</Data>
			<Data Name="DestinationPortName">
				llmnr
			</Data>
		</EventData>
	</Event>
	<Event xmlns="http://schemas.microsoft.com/win/2004/08/events/event">
		<System>
			<Provider Name="Microsoft-Windows-Sysmon" Guid="{5770385f-c22a-43e0-bf4c-06f5698ffbd9}" />
			<EventID>
				3
			</EventID>
			<Version>
				5
			</Version>
			<Level>
				4
			</Level>
			<Task>
				3
			</Task>
			<Opcode>
				0
			</Opcode>
			<Keywords>
				0x8000000000000000
			</Keywords>
			<TimeCreated SystemTime="2023-05-12T09:03:58.4935410Z" />
			<EventRecordID>
				1380
			</EventRecordID>
			<Correlation />
			<Execution ProcessID="2868" ThreadID="4544" />
			<Channel>
				Microsoft-Windows-Sysmon/Operational
			</Channel>
			<Computer>
				DESKTOP-0QN63TJ
			</Computer>
			<Security UserID="S-1-5-18" />
		</System>
		<EventData>
			<Data Name="RuleName">
				-
			</Data>
			<Data Name="UtcTime">
				2023-05-12 09:03:57.452
			</Data>
			<Data Name="ProcessGuid">
				{4158b3ab-e9ae-645d-3400-000000000900}
			</Data>
			<Data Name="ProcessId">
				2148
			</Data>
			<Data Name="Image">
				C:\Windows\System32\svchost.exe
			</Data>
			<Data Name="User">
				NT AUTHORITY\NETWORK SERVICE
			</Data>
			<Data Name="Protocol">
				udp
			</Data>
			<Data Name="Initiated">
				true
			</Data>
			<Data Name="SourceIsIpv6">
				true
			</Data>
			<Data Name="SourceIp">
				fe80:0:0:0:e5d3:b00:cb2b:1a7a
			</Data>
			<Data Name="SourceHostname">
				DESKTOP-0QN63TJ
			</Data>
			<Data Name="SourcePort">
				65218
			</Data>
			<Data Name="SourcePortName">
				-
			</Data>
			<Data Name="DestinationIsIpv6">
				true
			</Data>
			<Data Name="DestinationIp">
				ff02:0:0:0:0:0:1:3
			</Data>
			<Data Name="DestinationHostname">
				-
			</Data>
			<Data Name="DestinationPort">
				5355
			</Data>
			<Data Name="DestinationPortName">
				llmnr
			</Data>
		</EventData>
	</Event>
	<Event xmlns="http://schemas.microsoft.com/win/2004/08/events/event">
		<System>
			<Provider Name="Microsoft-Windows-Sysmon" Guid="{5770385f-c22a-43e0-bf4c-06f5698ffbd9}" />
			<EventID>
				3
			</EventID>
			<Version>
				5
			</Version>
			<Level>
				4
			</Level>
			<Task>
				3
			</Task>
			<Opcode>
				0
			</Opcode>
			<Keywords>
				0x8000000000000000
			</Keywords>
			<TimeCreated SystemTime="2023-05-12T09:03:58.4935317Z" />
			<EventRecordID>
				1379
			</EventRecordID>
			<Correlation />
			<Execution ProcessID="2868" ThreadID="4544" />
			<Channel>
				Microsoft-Windows-Sysmon/Operational
			</Channel>
			<Computer>
				DESKTOP-0QN63TJ
			</Computer>
			<Security UserID="S-1-5-18" />
		</System>
		<EventData>
			<Data Name="RuleName">
				-
			</Data>
			<Data Name="UtcTime">
				2023-05-12 09:03:57.255
			</Data>
			<Data Name="ProcessGuid">
				{4158b3ab-ea2a-645d-9e00-000000000900}
			</Data>
			<Data Name="ProcessId">
				7088
			</Data>
			<Data Name="Image">
				C:\Windows\System32\svchost.exe
			</Data>
			<Data Name="User">
				NT AUTHORITY\NETWORK SERVICE
			</Data>
			<Data Name="Protocol">
				tcp
			</Data>
			<Data Name="Initiated">
				true
			</Data>
			<Data Name="SourceIsIpv6">
				false
			</Data>
			<Data Name="SourceIp">
				192.168.2.202
			</Data>
			<Data Name="SourceHostname">
				DESKTOP-0QN63TJ
			</Data>
			<Data Name="SourcePort">
				49836
			</Data>
			<Data Name="SourcePortName">
				-
			</Data>
			<Data Name="DestinationIsIpv6">
				false
			</Data>
			<Data Name="DestinationIp">
				52.137.110.235
			</Data>
			<Data Name="DestinationHostname">
				geo.prod.do.dsp.mp.microsoft.com
			</Data>
			<Data Name="DestinationPort">
				443
			</Data>
			<Data Name="DestinationPortName">
				https
			</Data>
		</EventData>
	</Event>
	<Event xmlns="http://schemas.microsoft.com/win/2004/08/events/event">
		<System>
			<Provider Name="Microsoft-Windows-Sysmon" Guid="{5770385f-c22a-43e0-bf4c-06f5698ffbd9}" />
			<EventID>
				3
			</EventID>
			<Version>
				5
			</Version>
			<Level>
				4
			</Level>
			<Task>
				3
			</Task>
			<Opcode>
				0
			</Opcode>
			<Keywords>
				0x8000000000000000
			</Keywords>
			<TimeCreated SystemTime="2023-05-12T09:03:58.4935175Z" />
			<EventRecordID>
				1378
			</EventRecordID>
			<Correlation />
			<Execution ProcessID="2868" ThreadID="4544" />
			<Channel>
				Microsoft-Windows-Sysmon/Operational
			</Channel>
			<Computer>
				DESKTOP-0QN63TJ
			</Computer>
			<Security UserID="S-1-5-18" />
		</System>
		<EventData>
			<Data Name="RuleName">
				-
			</Data>
			<Data Name="UtcTime">
				2023-05-12 09:03:57.230
			</Data>
			<Data Name="ProcessGuid">
				{4158b3ab-e9ae-645d-3400-000000000900}
			</Data>
			<Data Name="ProcessId">
				2148
			</Data>
			<Data Name="Image">
				C:\Windows\System32\svchost.exe
			</Data>
			<Data Name="User">
				NT AUTHORITY\NETWORK SERVICE
			</Data>
			<Data Name="Protocol">
				udp
			</Data>
			<Data Name="Initiated">
				true
			</Data>
			<Data Name="SourceIsIpv6">
				false
			</Data>
			<Data Name="SourceIp">
				192.168.2.202
			</Data>
			<Data Name="SourceHostname">
				DESKTOP-0QN63TJ
			</Data>
			<Data Name="SourcePort">
				51855
			</Data>
			<Data Name="SourcePortName">
				-
			</Data>
			<Data Name="DestinationIsIpv6">
				false
			</Data>
			<Data Name="DestinationIp">
				192.168.2.1
			</Data>
			<Data Name="DestinationHostname">
				router.asus.com
			</Data>
			<Data Name="DestinationPort">
				53
			</Data>
			<Data Name="DestinationPortName">
				domain
			</Data>
		</EventData>
	</Event>
	<Event xmlns="http://schemas.microsoft.com/win/2004/08/events/event">
		<System>
			<Provider Name="Microsoft-Windows-Sysmon" Guid="{5770385f-c22a-43e0-bf4c-06f5698ffbd9}" />
			<EventID>
				1
			</EventID>
			<Version>
				5
			</Version>
			<Level>
				4
			</Level>
			<Task>
				1
			</Task>
			<Opcode>
				0
			</Opcode>
			<Keywords>
				0x8000000000000000
			</Keywords>
			<TimeCreated SystemTime="2023-05-12T09:03:58.3498863Z" />
			<EventRecordID>
				1377
			</EventRecordID>
			<Correlation />
			<Execution ProcessID="2868" ThreadID="5544" />
			<Channel>
				Microsoft-Windows-Sysmon/Operational
			</Channel>
			<Computer>
				DESKTOP-0QN63TJ
			</Computer>
			<Security UserID="S-1-5-18" />
		</System>
		<EventData>
			<Data Name="RuleName">
				-
			</Data>
			<Data Name="UtcTime">
				2023-05-12 09:03:58.335
			</Data>
			<Data Name="ProcessGuid">
				{4158b3ab-00fe-645e-b001-000000000900}
			</Data>
			<Data Name="ProcessId">
				4548
			</Data>
			<Data Name="Image">
				C:\Windows\System32\ipconfig.exe
			</Data>
			<Data Name="FileVersion">
				10.0.19041.1 (WinBuild.160101.0800)
			</Data>
			<Data Name="Description">
				IP Configuration Utility
			</Data>
			<Data Name="Product">
				Microsoft® Windows® Operating System
			</Data>
			<Data Name="Company">
				Microsoft Corporation
			</Data>
			<Data Name="OriginalFileName">
				ipconfig.exe
			</Data>
			<Data Name="CommandLine">
				C:\Windows\system32\ipconfig  /renew
			</Data>
			<Data Name="CurrentDirectory">
				C:\Windows\system32\
			</Data>
			<Data Name="User">
				NT AUTHORITY\SYSTEM
			</Data>
			<Data Name="LogonGuid">
				{4158b3ab-e9ab-645d-e703-000000000000}
			</Data>
			<Data Name="LogonId">
				0x3e7
			</Data>
			<Data Name="TerminalSessionId">
				0
			</Data>
			<Data Name="IntegrityLevel">
				System
			</Data>
			<Data Name="Hashes">
				SHA256=53E000F5AA9B3A00934319DB8080BB99CB323BF48FC628A64F75D7847C265606
			</Data>
			<Data Name="ParentProcessGuid">
				{4158b3ab-00fa-645e-a901-000000000900}
			</Data>
			<Data Name="ParentProcessId">
				6152
			</Data>
			<Data Name="ParentImage">
				C:\Windows\System32\cmd.exe
			</Data>
			<Data Name="ParentCommandLine">
				C:\Windows\system32\cmd.exe /c ""C:\Program Files\VMware\VMware Tools\resume-vm-default.bat""
			</Data>
			<Data Name="ParentUser">
				NT AUTHORITY\SYSTEM
			</Data>
		</EventData>
	</Event>
	<Event xmlns="http://schemas.microsoft.com/win/2004/08/events/event">
		<System>
			<Provider Name="Microsoft-Windows-Sysmon" Guid="{5770385f-c22a-43e0-bf4c-06f5698ffbd9}" />
			<EventID>
				3
			</EventID>
			<Version>
				5
			</Version>
			<Level>
				4
			</Level>
			<Task>
				3
			</Task>
			<Opcode>
				0
			</Opcode>
			<Keywords>
				0x8000000000000000
			</Keywords>
			<TimeCreated SystemTime="2023-05-12T09:03:58.2197321Z" />
			<EventRecordID>
				1376
			</EventRecordID>
			<Correlation />
			<Execution ProcessID="2868" ThreadID="4544" />
			<Channel>
				Microsoft-Windows-Sysmon/Operational
			</Channel>
			<Computer>
				DESKTOP-0QN63TJ
			</Computer>
			<Security UserID="S-1-5-18" />
		</System>
		<EventData>
			<Data Name="RuleName">
				-
			</Data>
			<Data Name="UtcTime">
				2023-05-12 09:03:57.191
			</Data>
			<Data Name="ProcessGuid">
				{4158b3ab-e9ae-645d-3400-000000000900}
			</Data>
			<Data Name="ProcessId">
				2148
			</Data>
			<Data Name="Image">
				C:\Windows\System32\svchost.exe
			</Data>
			<Data Name="User">
				NT AUTHORITY\NETWORK SERVICE
			</Data>
			<Data Name="Protocol">
				udp
			</Data>
			<Data Name="Initiated">
				true
			</Data>
			<Data Name="SourceIsIpv6">
				false
			</Data>
			<Data Name="SourceIp">
				192.168.2.202
			</Data>
			<Data Name="SourceHostname">
				DESKTOP-0QN63TJ
			</Data>
			<Data Name="SourcePort">
				55119
			</Data>
			<Data Name="SourcePortName">
				-
			</Data>
			<Data Name="DestinationIsIpv6">
				false
			</Data>
			<Data Name="DestinationIp">
				192.168.2.1
			</Data>
			<Data Name="DestinationHostname">
				router.asus.com
			</Data>
			<Data Name="DestinationPort">
				53
			</Data>
			<Data Name="DestinationPortName">
				domain
			</Data>
		</EventData>
	</Event>
	<Event xmlns="http://schemas.microsoft.com/win/2004/08/events/event">
		<System>
			<Provider Name="Microsoft-Windows-Sysmon" Guid="{5770385f-c22a-43e0-bf4c-06f5698ffbd9}" />
			<EventID>
				3
			</EventID>
			<Version>
				5
			</Version>
			<Level>
				4
			</Level>
			<Task>
				3
			</Task>
			<Opcode>
				0
			</Opcode>
			<Keywords>
				0x8000000000000000
			</Keywords>
			<TimeCreated SystemTime="2023-05-12T09:03:58.2197270Z" />
			<EventRecordID>
				1375
			</EventRecordID>
			<Correlation />
			<Execution ProcessID="2868" ThreadID="4544" />
			<Channel>
				Microsoft-Windows-Sysmon/Operational
			</Channel>
			<Computer>
				DESKTOP-0QN63TJ
			</Computer>
			<Security UserID="S-1-5-18" />
		</System>
		<EventData>
			<Data Name="RuleName">
				-
			</Data>
			<Data Name="UtcTime">
				2023-05-12 09:03:57.191
			</Data>
			<Data Name="ProcessGuid">
				{4158b3ab-e9ae-645d-3400-000000000900}
			</Data>
			<Data Name="ProcessId">
				2148
			</Data>
			<Data Name="Image">
				C:\Windows\System32\svchost.exe
			</Data>
			<Data Name="User">
				NT AUTHORITY\NETWORK SERVICE
			</Data>
			<Data Name="Protocol">
				udp
			</Data>
			<Data Name="Initiated">
				true
			</Data>
			<Data Name="SourceIsIpv6">
				false
			</Data>
			<Data Name="SourceIp">
				192.168.2.202
			</Data>
			<Data Name="SourceHostname">
				DESKTOP-0QN63TJ
			</Data>
			<Data Name="SourcePort">
				64694
			</Data>
			<Data Name="SourcePortName">
				-
			</Data>
			<Data Name="DestinationIsIpv6">
				false
			</Data>
			<Data Name="DestinationIp">
				192.168.2.1
			</Data>
			<Data Name="DestinationHostname">
				router.asus.com
			</Data>
			<Data Name="DestinationPort">
				53
			</Data>
			<Data Name="DestinationPortName">
				domain
			</Data>
		</EventData>
	</Event>
	<Event xmlns="http://schemas.microsoft.com/win/2004/08/events/event">
		<System>
			<Provider Name="Microsoft-Windows-Sysmon" Guid="{5770385f-c22a-43e0-bf4c-06f5698ffbd9}" />
			<EventID>
				3
			</EventID>
			<Version>
				5
			</Version>
			<Level>
				4
			</Level>
			<Task>
				3
			</Task>
			<Opcode>
				0
			</Opcode>
			<Keywords>
				0x8000000000000000
			</Keywords>
			<TimeCreated SystemTime="2023-05-12T09:03:58.2197214Z" />
			<EventRecordID>
				1374
			</EventRecordID>
			<Correlation />
			<Execution ProcessID="2868" ThreadID="4544" />
			<Channel>
				Microsoft-Windows-Sysmon/Operational
			</Channel>
			<Computer>
				DESKTOP-0QN63TJ
			</Computer>
			<Security UserID="S-1-5-18" />
		</System>
		<EventData>
			<Data Name="RuleName">
				-
			</Data>
			<Data Name="UtcTime">
				2023-05-12 09:03:57.132
			</Data>
			<Data Name="ProcessGuid">
				{4158b3ab-e9c7-645d-8e00-000000000900}
			</Data>
			<Data Name="ProcessId">
				5932
			</Data>
			<Data Name="Image">
				C:\Windows\System32\svchost.exe
			</Data>
			<Data Name="User">
				NT AUTHORITY\LOCAL SERVICE
			</Data>
			<Data Name="Protocol">
				udp
			</Data>
			<Data Name="Initiated">
				true
			</Data>
			<Data Name="SourceIsIpv6">
				true
			</Data>
			<Data Name="SourceIp">
				0:0:0:0:0:0:0:1
			</Data>
			<Data Name="SourceHostname">
				DESKTOP-0QN63TJ
			</Data>
			<Data Name="SourcePort">
				51836
			</Data>
			<Data Name="SourcePortName">
				-
			</Data>
			<Data Name="DestinationIsIpv6">
				true
			</Data>
			<Data Name="DestinationIp">
				0:0:0:0:0:0:0:1
			</Data>
			<Data Name="DestinationHostname">
				DESKTOP-0QN63TJ
			</Data>
			<Data Name="DestinationPort">
				51836
			</Data>
			<Data Name="DestinationPortName">
				-
			</Data>
		</EventData>
	</Event>
	<Event xmlns="http://schemas.microsoft.com/win/2004/08/events/event">
		<System>
			<Provider Name="Microsoft-Windows-Sysmon" Guid="{5770385f-c22a-43e0-bf4c-06f5698ffbd9}" />
			<EventID>
				3
			</EventID>
			<Version>
				5
			</Version>
			<Level>
				4
			</Level>
			<Task>
				3
			</Task>
			<Opcode>
				0
			</Opcode>
			<Keywords>
				0x8000000000000000
			</Keywords>
			<TimeCreated SystemTime="2023-05-12T09:03:58.2197156Z" />
			<EventRecordID>
				1373
			</EventRecordID>
			<Correlation />
			<Execution ProcessID="2868" ThreadID="4544" />
			<Channel>
				Microsoft-Windows-Sysmon/Operational
			</Channel>
			<Computer>
				DESKTOP-0QN63TJ
			</Computer>
			<Security UserID="S-1-5-18" />
		</System>
		<EventData>
			<Data Name="RuleName">
				-
			</Data>
			<Data Name="UtcTime">
				2023-05-12 09:03:57.132
			</Data>
			<Data Name="ProcessGuid">
				{4158b3ab-e9c7-645d-8e00-000000000900}
			</Data>
			<Data Name="ProcessId">
				5932
			</Data>
			<Data Name="Image">
				C:\Windows\System32\svchost.exe
			</Data>
			<Data Name="User">
				NT AUTHORITY\LOCAL SERVICE
			</Data>
			<Data Name="Protocol">
				udp
			</Data>
			<Data Name="Initiated">
				true
			</Data>
			<Data Name="SourceIsIpv6">
				true
			</Data>
			<Data Name="SourceIp">
				0:0:0:0:0:0:0:1
			</Data>
			<Data Name="SourceHostname">
				DESKTOP-0QN63TJ
			</Data>
			<Data Name="SourcePort">
				53671
			</Data>
			<Data Name="SourcePortName">
				-
			</Data>
			<Data Name="DestinationIsIpv6">
				true
			</Data>
			<Data Name="DestinationIp">
				0:0:0:0:0:0:0:1
			</Data>
			<Data Name="DestinationHostname">
				DESKTOP-0QN63TJ
			</Data>
			<Data Name="DestinationPort">
				53671
			</Data>
			<Data Name="DestinationPortName">
				-
			</Data>
		</EventData>
	</Event>
	<Event xmlns="http://schemas.microsoft.com/win/2004/08/events/event">
		<System>
			<Provider Name="Microsoft-Windows-Sysmon" Guid="{5770385f-c22a-43e0-bf4c-06f5698ffbd9}" />
			<EventID>
				3
			</EventID>
			<Version>
				5
			</Version>
			<Level>
				4
			</Level>
			<Task>
				3
			</Task>
			<Opcode>
				0
			</Opcode>
			<Keywords>
				0x8000000000000000
			</Keywords>
			<TimeCreated SystemTime="2023-05-12T09:03:58.2197076Z" />
			<EventRecordID>
				1372
			</EventRecordID>
			<Correlation />
			<Execution ProcessID="2868" ThreadID="4544" />
			<Channel>
				Microsoft-Windows-Sysmon/Operational
			</Channel>
			<Computer>
				DESKTOP-0QN63TJ
			</Computer>
			<Security UserID="S-1-5-18" />
		</System>
		<EventData>
			<Data Name="RuleName">
				-
			</Data>
			<Data Name="UtcTime">
				2023-05-12 09:03:57.034
			</Data>
			<Data Name="ProcessGuid">
				{4158b3ab-e9ae-645d-3400-000000000900}
			</Data>
			<Data Name="ProcessId">
				2148
			</Data>
			<Data Name="Image">
				C:\Windows\System32\svchost.exe
			</Data>
			<Data Name="User">
				NT AUTHORITY\NETWORK SERVICE
			</Data>
			<Data Name="Protocol">
				udp
			</Data>
			<Data Name="Initiated">
				true
			</Data>
			<Data Name="SourceIsIpv6">
				false
			</Data>
			<Data Name="SourceIp">
				192.168.2.202
			</Data>
			<Data Name="SourceHostname">
				DESKTOP-0QN63TJ
			</Data>
			<Data Name="SourcePort">
				53669
			</Data>
			<Data Name="SourcePortName">
				-
			</Data>
			<Data Name="DestinationIsIpv6">
				false
			</Data>
			<Data Name="DestinationIp">
				224.0.0.252
			</Data>
			<Data Name="DestinationHostname">
				-
			</Data>
			<Data Name="DestinationPort">
				5355
			</Data>
			<Data Name="DestinationPortName">
				llmnr
			</Data>
		</EventData>
	</Event>
	<Event xmlns="http://schemas.microsoft.com/win/2004/08/events/event">
		<System>
			<Provider Name="Microsoft-Windows-Sysmon" Guid="{5770385f-c22a-43e0-bf4c-06f5698ffbd9}" />
			<EventID>
				3
			</EventID>
			<Version>
				5
			</Version>
			<Level>
				4
			</Level>
			<Task>
				3
			</Task>
			<Opcode>
				0
			</Opcode>
			<Keywords>
				0x8000000000000000
			</Keywords>
			<TimeCreated SystemTime="2023-05-12T09:03:58.2197007Z" />
			<EventRecordID>
				1371
			</EventRecordID>
			<Correlation />
			<Execution ProcessID="2868" ThreadID="4544" />
			<Channel>
				Microsoft-Windows-Sysmon/Operational
			</Channel>
			<Computer>
				DESKTOP-0QN63TJ
			</Computer>
			<Security UserID="S-1-5-18" />
		</System>
		<EventData>
			<Data Name="RuleName">
				-
			</Data>
			<Data Name="UtcTime">
				2023-05-12 09:03:57.033
			</Data>
			<Data Name="ProcessGuid">
				{4158b3ab-e9ae-645d-3400-000000000900}
			</Data>
			<Data Name="ProcessId">
				2148
			</Data>
			<Data Name="Image">
				C:\Windows\System32\svchost.exe
			</Data>
			<Data Name="User">
				NT AUTHORITY\NETWORK SERVICE
			</Data>
			<Data Name="Protocol">
				udp
			</Data>
			<Data Name="Initiated">
				true
			</Data>
			<Data Name="SourceIsIpv6">
				true
			</Data>
			<Data Name="SourceIp">
				fe80:0:0:0:e5d3:b00:cb2b:1a7a
			</Data>
			<Data Name="SourceHostname">
				DESKTOP-0QN63TJ
			</Data>
			<Data Name="SourcePort">
				53669
			</Data>
			<Data Name="SourcePortName">
				-
			</Data>
			<Data Name="DestinationIsIpv6">
				true
			</Data>
			<Data Name="DestinationIp">
				ff02:0:0:0:0:0:1:3
			</Data>
			<Data Name="DestinationHostname">
				-
			</Data>
			<Data Name="DestinationPort">
				5355
			</Data>
			<Data Name="DestinationPortName">
				llmnr
			</Data>
		</EventData>
	</Event>
	<Event xmlns="http://schemas.microsoft.com/win/2004/08/events/event">
		<System>
			<Provider Name="Microsoft-Windows-Sysmon" Guid="{5770385f-c22a-43e0-bf4c-06f5698ffbd9}" />
			<EventID>
				3
			</EventID>
			<Version>
				5
			</Version>
			<Level>
				4
			</Level>
			<Task>
				3
			</Task>
			<Opcode>
				0
			</Opcode>
			<Keywords>
				0x8000000000000000
			</Keywords>
			<TimeCreated SystemTime="2023-05-12T09:03:58.2196922Z" />
			<EventRecordID>
				1370
			</EventRecordID>
			<Correlation />
			<Execution ProcessID="2868" ThreadID="4544" />
			<Channel>
				Microsoft-Windows-Sysmon/Operational
			</Channel>
			<Computer>
				DESKTOP-0QN63TJ
			</Computer>
			<Security UserID="S-1-5-18" />
		</System>
		<EventData>
			<Data Name="RuleName">
				-
			</Data>
			<Data Name="UtcTime">
				2023-05-12 09:03:57.009
			</Data>
			<Data Name="ProcessGuid">
				{4158b3ab-ea2a-645d-9e00-000000000900}
			</Data>
			<Data Name="ProcessId">
				7088
			</Data>
			<Data Name="Image">
				C:\Windows\System32\svchost.exe
			</Data>
			<Data Name="User">
				NT AUTHORITY\NETWORK SERVICE
			</Data>
			<Data Name="Protocol">
				tcp
			</Data>
			<Data Name="Initiated">
				true
			</Data>
			<Data Name="SourceIsIpv6">
				false
			</Data>
			<Data Name="SourceIp">
				192.168.2.202
			</Data>
			<Data Name="SourceHostname">
				DESKTOP-0QN63TJ
			</Data>
			<Data Name="SourcePort">
				49835
			</Data>
			<Data Name="SourcePortName">
				-
			</Data>
			<Data Name="DestinationIsIpv6">
				false
			</Data>
			<Data Name="DestinationIp">
				52.137.110.235
			</Data>
			<Data Name="DestinationHostname">
				geo.prod.do.dsp.mp.microsoft.com
			</Data>
			<Data Name="DestinationPort">
				443
			</Data>
			<Data Name="DestinationPortName">
				https
			</Data>
		</EventData>
	</Event>
	<Event xmlns="http://schemas.microsoft.com/win/2004/08/events/event">
		<System>
			<Provider Name="Microsoft-Windows-Sysmon" Guid="{5770385f-c22a-43e0-bf4c-06f5698ffbd9}" />
			<EventID>
				3
			</EventID>
			<Version>
				5
			</Version>
			<Level>
				4
			</Level>
			<Task>
				3
			</Task>
			<Opcode>
				0
			</Opcode>
			<Keywords>
				0x8000000000000000
			</Keywords>
			<TimeCreated SystemTime="2023-05-12T09:03:58.2196818Z" />
			<EventRecordID>
				1369
			</EventRecordID>
			<Correlation />
			<Execution ProcessID="2868" ThreadID="4544" />
			<Channel>
				Microsoft-Windows-Sysmon/Operational
			</Channel>
			<Computer>
				DESKTOP-0QN63TJ
			</Computer>
			<Security UserID="S-1-5-18" />
		</System>
		<EventData>
			<Data Name="RuleName">
				-
			</Data>
			<Data Name="UtcTime">
				2023-05-12 09:03:56.347
			</Data>
			<Data Name="ProcessGuid">
				{4158b3ab-e9ad-645d-2600-000000000900}
			</Data>
			<Data Name="ProcessId">
				1672
			</Data>
			<Data Name="Image">
				C:\Windows\System32\svchost.exe
			</Data>
			<Data Name="User">
				NT AUTHORITY\LOCAL SERVICE
			</Data>
			<Data Name="Protocol">
				udp
			</Data>
			<Data Name="Initiated">
				true
			</Data>
			<Data Name="SourceIsIpv6">
				true
			</Data>
			<Data Name="SourceIp">
				fe80:0:0:0:e5d3:b00:cb2b:1a7a
			</Data>
			<Data Name="SourceHostname">
				DESKTOP-0QN63TJ
			</Data>
			<Data Name="SourcePort">
				546
			</Data>
			<Data Name="SourcePortName">
				dhcpv6-client
			</Data>
			<Data Name="DestinationIsIpv6">
				true
			</Data>
			<Data Name="DestinationIp">
				ff02:0:0:0:0:0:1:2
			</Data>
			<Data Name="DestinationHostname">
				-
			</Data>
			<Data Name="DestinationPort">
				547
			</Data>
			<Data Name="DestinationPortName">
				dhcpv6-server
			</Data>
		</EventData>
	</Event>
	<Event xmlns="http://schemas.microsoft.com/win/2004/08/events/event">
		<System>
			<Provider Name="Microsoft-Windows-Sysmon" Guid="{5770385f-c22a-43e0-bf4c-06f5698ffbd9}" />
			<EventID>
				3
			</EventID>
			<Version>
				5
			</Version>
			<Level>
				4
			</Level>
			<Task>
				3
			</Task>
			<Opcode>
				0
			</Opcode>
			<Keywords>
				0x8000000000000000
			</Keywords>
			<TimeCreated SystemTime="2023-05-12T09:03:58.2196521Z" />
			<EventRecordID>
				1368
			</EventRecordID>
			<Correlation />
			<Execution ProcessID="2868" ThreadID="4544" />
			<Channel>
				Microsoft-Windows-Sysmon/Operational
			</Channel>
			<Computer>
				DESKTOP-0QN63TJ
			</Computer>
			<Security UserID="S-1-5-18" />
		</System>
		<EventData>
			<Data Name="RuleName">
				-
			</Data>
			<Data Name="UtcTime">
				2023-05-12 09:03:56.212
			</Data>
			<Data Name="ProcessGuid">
				{4158b3ab-e9ad-645d-2600-000000000900}
			</Data>
			<Data Name="ProcessId">
				1672
			</Data>
			<Data Name="Image">
				C:\Windows\System32\svchost.exe
			</Data>
			<Data Name="User">
				NT AUTHORITY\LOCAL SERVICE
			</Data>
			<Data Name="Protocol">
				udp
			</Data>
			<Data Name="Initiated">
				false
			</Data>
			<Data Name="SourceIsIpv6">
				false
			</Data>
			<Data Name="SourceIp">
				255.255.255.255
			</Data>
			<Data Name="SourceHostname">
				-
			</Data>
			<Data Name="SourcePort">
				68
			</Data>
			<Data Name="SourcePortName">
				bootpc
			</Data>
			<Data Name="DestinationIsIpv6">
				false
			</Data>
			<Data Name="DestinationIp">
				192.168.2.1
			</Data>
			<Data Name="DestinationHostname">
				router.asus.com
			</Data>
			<Data Name="DestinationPort">
				67
			</Data>
			<Data Name="DestinationPortName">
				bootps
			</Data>
		</EventData>
	</Event>
	<Event xmlns="http://schemas.microsoft.com/win/2004/08/events/event">
		<System>
			<Provider Name="Microsoft-Windows-Sysmon" Guid="{5770385f-c22a-43e0-bf4c-06f5698ffbd9}" />
			<EventID>
				3
			</EventID>
			<Version>
				5
			</Version>
			<Level>
				4
			</Level>
			<Task>
				3
			</Task>
			<Opcode>
				0
			</Opcode>
			<Keywords>
				0x8000000000000000
			</Keywords>
			<TimeCreated SystemTime="2023-05-12T09:03:57.9500557Z" />
			<EventRecordID>
				1367
			</EventRecordID>
			<Correlation />
			<Execution ProcessID="2868" ThreadID="4544" />
			<Channel>
				Microsoft-Windows-Sysmon/Operational
			</Channel>
			<Computer>
				DESKTOP-0QN63TJ
			</Computer>
			<Security UserID="S-1-5-18" />
		</System>
		<EventData>
			<Data Name="RuleName">
				-
			</Data>
			<Data Name="UtcTime">
				2023-05-12 09:03:56.846
			</Data>
			<Data Name="ProcessGuid">
				{4158b3ab-e9ae-645d-3400-000000000900}
			</Data>
			<Data Name="ProcessId">
				2148
			</Data>
			<Data Name="Image">
				C:\Windows\System32\svchost.exe
			</Data>
			<Data Name="User">
				NT AUTHORITY\NETWORK SERVICE
			</Data>
			<Data Name="Protocol">
				udp
			</Data>
			<Data Name="Initiated">
				true
			</Data>
			<Data Name="SourceIsIpv6">
				false
			</Data>
			<Data Name="SourceIp">
				192.168.2.202
			</Data>
			<Data Name="SourceHostname">
				DESKTOP-0QN63TJ
			</Data>
			<Data Name="SourcePort">
				50425
			</Data>
			<Data Name="SourcePortName">
				-
			</Data>
			<Data Name="DestinationIsIpv6">
				false
			</Data>
			<Data Name="DestinationIp">
				224.0.0.252
			</Data>
			<Data Name="DestinationHostname">
				-
			</Data>
			<Data Name="DestinationPort">
				5355
			</Data>
			<Data Name="DestinationPortName">
				llmnr
			</Data>
		</EventData>
	</Event>
	<Event xmlns="http://schemas.microsoft.com/win/2004/08/events/event">
		<System>
			<Provider Name="Microsoft-Windows-Sysmon" Guid="{5770385f-c22a-43e0-bf4c-06f5698ffbd9}" />
			<EventID>
				3
			</EventID>
			<Version>
				5
			</Version>
			<Level>
				4
			</Level>
			<Task>
				3
			</Task>
			<Opcode>
				0
			</Opcode>
			<Keywords>
				0x8000000000000000
			</Keywords>
			<TimeCreated SystemTime="2023-05-12T09:03:57.9500496Z" />
			<EventRecordID>
				1366
			</EventRecordID>
			<Correlation />
			<Execution ProcessID="2868" ThreadID="4544" />
			<Channel>
				Microsoft-Windows-Sysmon/Operational
			</Channel>
			<Computer>
				DESKTOP-0QN63TJ
			</Computer>
			<Security UserID="S-1-5-18" />
		</System>
		<EventData>
			<Data Name="RuleName">
				-
			</Data>
			<Data Name="UtcTime">
				2023-05-12 09:03:56.846
			</Data>
			<Data Name="ProcessGuid">
				{4158b3ab-e9ae-645d-3400-000000000900}
			</Data>
			<Data Name="ProcessId">
				2148
			</Data>
			<Data Name="Image">
				C:\Windows\System32\svchost.exe
			</Data>
			<Data Name="User">
				NT AUTHORITY\NETWORK SERVICE
			</Data>
			<Data Name="Protocol">
				udp
			</Data>
			<Data Name="Initiated">
				true
			</Data>
			<Data Name="SourceIsIpv6">
				true
			</Data>
			<Data Name="SourceIp">
				fe80:0:0:0:e5d3:b00:cb2b:1a7a
			</Data>
			<Data Name="SourceHostname">
				DESKTOP-0QN63TJ
			</Data>
			<Data Name="SourcePort">
				50425
			</Data>
			<Data Name="SourcePortName">
				-
			</Data>
			<Data Name="DestinationIsIpv6">
				true
			</Data>
			<Data Name="DestinationIp">
				ff02:0:0:0:0:0:1:3
			</Data>
			<Data Name="DestinationHostname">
				-
			</Data>
			<Data Name="DestinationPort">
				5355
			</Data>
			<Data Name="DestinationPortName">
				llmnr
			</Data>
		</EventData>
	</Event>
	<Event xmlns="http://schemas.microsoft.com/win/2004/08/events/event">
		<System>
			<Provider Name="Microsoft-Windows-Sysmon" Guid="{5770385f-c22a-43e0-bf4c-06f5698ffbd9}" />
			<EventID>
				3
			</EventID>
			<Version>
				5
			</Version>
			<Level>
				4
			</Level>
			<Task>
				3
			</Task>
			<Opcode>
				0
			</Opcode>
			<Keywords>
				0x8000000000000000
			</Keywords>
			<TimeCreated SystemTime="2023-05-12T09:03:57.9500431Z" />
			<EventRecordID>
				1365
			</EventRecordID>
			<Correlation />
			<Execution ProcessID="2868" ThreadID="4544" />
			<Channel>
				Microsoft-Windows-Sysmon/Operational
			</Channel>
			<Computer>
				DESKTOP-0QN63TJ
			</Computer>
			<Security UserID="S-1-5-18" />
		</System>
		<EventData>
			<Data Name="RuleName">
				-
			</Data>
			<Data Name="UtcTime">
				2023-05-12 09:03:56.845
			</Data>
			<Data Name="ProcessGuid">
				{4158b3ab-e9ae-645d-3400-000000000900}
			</Data>
			<Data Name="ProcessId">
				2148
			</Data>
			<Data Name="Image">
				C:\Windows\System32\svchost.exe
			</Data>
			<Data Name="User">
				NT AUTHORITY\NETWORK SERVICE
			</Data>
			<Data Name="Protocol">
				udp
			</Data>
			<Data Name="Initiated">
				false
			</Data>
			<Data Name="SourceIsIpv6">
				true
			</Data>
			<Data Name="SourceIp">
				ff02:0:0:0:0:0:0:fb
			</Data>
			<Data Name="SourceHostname">
				-
			</Data>
			<Data Name="SourcePort">
				5353
			</Data>
			<Data Name="SourcePortName">
				-
			</Data>
			<Data Name="DestinationIsIpv6">
				true
			</Data>
			<Data Name="DestinationIp">
				fe80:0:0:0:e5d3:b00:cb2b:1a7a
			</Data>
			<Data Name="DestinationHostname">
				DESKTOP-0QN63TJ
			</Data>
			<Data Name="DestinationPort">
				5353
			</Data>
			<Data Name="DestinationPortName">
				-
			</Data>
		</EventData>
	</Event>
	<Event xmlns="http://schemas.microsoft.com/win/2004/08/events/event">
		<System>
			<Provider Name="Microsoft-Windows-Sysmon" Guid="{5770385f-c22a-43e0-bf4c-06f5698ffbd9}" />
			<EventID>
				3
			</EventID>
			<Version>
				5
			</Version>
			<Level>
				4
			</Level>
			<Task>
				3
			</Task>
			<Opcode>
				0
			</Opcode>
			<Keywords>
				0x8000000000000000
			</Keywords>
			<TimeCreated SystemTime="2023-05-12T09:03:57.9500364Z" />
			<EventRecordID>
				1364
			</EventRecordID>
			<Correlation />
			<Execution ProcessID="2868" ThreadID="4544" />
			<Channel>
				Microsoft-Windows-Sysmon/Operational
			</Channel>
			<Computer>
				DESKTOP-0QN63TJ
			</Computer>
			<Security UserID="S-1-5-18" />
		</System>
		<EventData>
			<Data Name="RuleName">
				-
			</Data>
			<Data Name="UtcTime">
				2023-05-12 09:03:56.844
			</Data>
			<Data Name="ProcessGuid">
				{4158b3ab-e9ae-645d-3400-000000000900}
			</Data>
			<Data Name="ProcessId">
				2148
			</Data>
			<Data Name="Image">
				C:\Windows\System32\svchost.exe
			</Data>
			<Data Name="User">
				NT AUTHORITY\NETWORK SERVICE
			</Data>
			<Data Name="Protocol">
				udp
			</Data>
			<Data Name="Initiated">
				true
			</Data>
			<Data Name="SourceIsIpv6">
				true
			</Data>
			<Data Name="SourceIp">
				fe80:0:0:0:e5d3:b00:cb2b:1a7a
			</Data>
			<Data Name="SourceHostname">
				DESKTOP-0QN63TJ
			</Data>
			<Data Name="SourcePort">
				5353
			</Data>
			<Data Name="SourcePortName">
				-
			</Data>
			<Data Name="DestinationIsIpv6">
				true
			</Data>
			<Data Name="DestinationIp">
				ff02:0:0:0:0:0:0:fb
			</Data>
			<Data Name="DestinationHostname">
				-
			</Data>
			<Data Name="DestinationPort">
				5353
			</Data>
			<Data Name="DestinationPortName">
				-
			</Data>
		</EventData>
	</Event>
	<Event xmlns="http://schemas.microsoft.com/win/2004/08/events/event">
		<System>
			<Provider Name="Microsoft-Windows-Sysmon" Guid="{5770385f-c22a-43e0-bf4c-06f5698ffbd9}" />
			<EventID>
				3
			</EventID>
			<Version>
				5
			</Version>
			<Level>
				4
			</Level>
			<Task>
				3
			</Task>
			<Opcode>
				0
			</Opcode>
			<Keywords>
				0x8000000000000000
			</Keywords>
			<TimeCreated SystemTime="2023-05-12T09:03:57.9500276Z" />
			<EventRecordID>
				1363
			</EventRecordID>
			<Correlation />
			<Execution ProcessID="2868" ThreadID="4544" />
			<Channel>
				Microsoft-Windows-Sysmon/Operational
			</Channel>
			<Computer>
				DESKTOP-0QN63TJ
			</Computer>
			<Security UserID="S-1-5-18" />
		</System>
		<EventData>
			<Data Name="RuleName">
				-
			</Data>
			<Data Name="UtcTime">
				2023-05-12 09:03:56.844
			</Data>
			<Data Name="ProcessGuid">
				{4158b3ab-e9ae-645d-3400-000000000900}
			</Data>
			<Data Name="ProcessId">
				2148
			</Data>
			<Data Name="Image">
				C:\Windows\System32\svchost.exe
			</Data>
			<Data Name="User">
				NT AUTHORITY\NETWORK SERVICE
			</Data>
			<Data Name="Protocol">
				udp
			</Data>
			<Data Name="Initiated">
				false
			</Data>
			<Data Name="SourceIsIpv6">
				false
			</Data>
			<Data Name="SourceIp">
				224.0.0.251
			</Data>
			<Data Name="SourceHostname">
				-
			</Data>
			<Data Name="SourcePort">
				5353
			</Data>
			<Data Name="SourcePortName">
				-
			</Data>
			<Data Name="DestinationIsIpv6">
				false
			</Data>
			<Data Name="DestinationIp">
				192.168.2.202
			</Data>
			<Data Name="DestinationHostname">
				DESKTOP-0QN63TJ
			</Data>
			<Data Name="DestinationPort">
				5353
			</Data>
			<Data Name="DestinationPortName">
				-
			</Data>
		</EventData>
	</Event>
	<Event xmlns="http://schemas.microsoft.com/win/2004/08/events/event">
		<System>
			<Provider Name="Microsoft-Windows-Sysmon" Guid="{5770385f-c22a-43e0-bf4c-06f5698ffbd9}" />
			<EventID>
				3
			</EventID>
			<Version>
				5
			</Version>
			<Level>
				4
			</Level>
			<Task>
				3
			</Task>
			<Opcode>
				0
			</Opcode>
			<Keywords>
				0x8000000000000000
			</Keywords>
			<TimeCreated SystemTime="2023-05-12T09:03:57.9500162Z" />
			<EventRecordID>
				1362
			</EventRecordID>
			<Correlation />
			<Execution ProcessID="2868" ThreadID="4544" />
			<Channel>
				Microsoft-Windows-Sysmon/Operational
			</Channel>
			<Computer>
				DESKTOP-0QN63TJ
			</Computer>
			<Security UserID="S-1-5-18" />
		</System>
		<EventData>
			<Data Name="RuleName">
				-
			</Data>
			<Data Name="UtcTime">
				2023-05-12 09:03:56.844
			</Data>
			<Data Name="ProcessGuid">
				{4158b3ab-e9ae-645d-3400-000000000900}
			</Data>
			<Data Name="ProcessId">
				2148
			</Data>
			<Data Name="Image">
				C:\Windows\System32\svchost.exe
			</Data>
			<Data Name="User">
				NT AUTHORITY\NETWORK SERVICE
			</Data>
			<Data Name="Protocol">
				udp
			</Data>
			<Data Name="Initiated">
				true
			</Data>
			<Data Name="SourceIsIpv6">
				false
			</Data>
			<Data Name="SourceIp">
				192.168.2.202
			</Data>
			<Data Name="SourceHostname">
				DESKTOP-0QN63TJ
			</Data>
			<Data Name="SourcePort">
				5353
			</Data>
			<Data Name="SourcePortName">
				-
			</Data>
			<Data Name="DestinationIsIpv6">
				false
			</Data>
			<Data Name="DestinationIp">
				224.0.0.251
			</Data>
			<Data Name="DestinationHostname">
				-
			</Data>
			<Data Name="DestinationPort">
				5353
			</Data>
			<Data Name="DestinationPortName">
				-
			</Data>
		</EventData>
	</Event>
	<Event xmlns="http://schemas.microsoft.com/win/2004/08/events/event">
		<System>
			<Provider Name="Microsoft-Windows-Sysmon" Guid="{5770385f-c22a-43e0-bf4c-06f5698ffbd9}" />
			<EventID>
				3
			</EventID>
			<Version>
				5
			</Version>
			<Level>
				4
			</Level>
			<Task>
				3
			</Task>
			<Opcode>
				0
			</Opcode>
			<Keywords>
				0x8000000000000000
			</Keywords>
			<TimeCreated SystemTime="2023-05-12T09:03:57.6988974Z" />
			<EventRecordID>
				1361
			</EventRecordID>
			<Correlation />
			<Execution ProcessID="2868" ThreadID="4544" />
			<Channel>
				Microsoft-Windows-Sysmon/Operational
			</Channel>
			<Computer>
				DESKTOP-0QN63TJ
			</Computer>
			<Security UserID="S-1-5-18" />
		</System>
		<EventData>
			<Data Name="RuleName">
				-
			</Data>
			<Data Name="UtcTime">
				2023-05-12 09:03:56.679
			</Data>
			<Data Name="ProcessGuid">
				{4158b3ab-ea2a-645d-9e00-000000000900}
			</Data>
			<Data Name="ProcessId">
				7088
			</Data>
			<Data Name="Image">
				C:\Windows\System32\svchost.exe
			</Data>
			<Data Name="User">
				NT AUTHORITY\NETWORK SERVICE
			</Data>
			<Data Name="Protocol">
				tcp
			</Data>
			<Data Name="Initiated">
				true
			</Data>
			<Data Name="SourceIsIpv6">
				false
			</Data>
			<Data Name="SourceIp">
				192.168.2.202
			</Data>
			<Data Name="SourceHostname">
				DESKTOP-0QN63TJ
			</Data>
			<Data Name="SourcePort">
				49834
			</Data>
			<Data Name="SourcePortName">
				-
			</Data>
			<Data Name="DestinationIsIpv6">
				false
			</Data>
			<Data Name="DestinationIp">
				52.137.103.96
			</Data>
			<Data Name="DestinationHostname">
				array803.prod.do.dsp.mp.microsoft.com
			</Data>
			<Data Name="DestinationPort">
				443
			</Data>
			<Data Name="DestinationPortName">
				https
			</Data>
		</EventData>
	</Event>
	