<Event xmlns="http://schemas.microsoft.com/win/2004/08/events/event">
		<System>
			<Provider Name="Microsoft-Windows-Sysmon" Guid="{5770385f-c22a-43e0-bf4c-06f5698ffbd9}" />
			<EventID>
				5
			</EventID>
			<Version>
				3
			</Version>
			<Level>
				4
			</Level>
			<Task>
				5
			</Task>
			<Opcode>
				0
			</Opcode>
			<Keywords>
				0x8000000000000000
			</Keywords>
			<TimeCreated SystemTime="2023-05-12T07:35:45.4533192Z" />
			<EventRecordID>
				1172
			</EventRecordID>
			<Correlation />
			<Execution ProcessID="2868" ThreadID="5544" />
			<Channel>
				Microsoft-Windows-Sysmon/Operational
			</Channel>
			<Computer>
				DESKTOP-0QN63TJ
			</Computer>
			<Security UserID="S-1-5-18" />
		</System>
		<EventData>
			<Data Name="RuleName">
				-
			</Data>
			<Data Name="UtcTime">
				2023-05-12 07:35:45.447
			</Data>
			<Data Name="ProcessGuid">
				{4158b3ab-ec51-645d-6601-000000000900}
			</Data>
			<Data Name="ProcessId">
				744
			</Data>
			<Data Name="Image">
				C:\Windows\Microsoft.NET\Framework64\v4.0.30319\mscorsvw.exe
			</Data>
			<Data Name="User">
				NT AUTHORITY\SYSTEM
			</Data>
		</EventData>
	</Event>
	<Event xmlns="http://schemas.microsoft.com/win/2004/08/events/event">
		<System>
			<Provider Name="Microsoft-Windows-Sysmon" Guid="{5770385f-c22a-43e0-bf4c-06f5698ffbd9}" />
			<EventID>
				1
			</EventID>
			<Version>
				5
			</Version>
			<Level>
				4
			</Level>
			<Task>
				1
			</Task>
			<Opcode>
				0
			</Opcode>
			<Keywords>
				0x8000000000000000
			</Keywords>
			<TimeCreated SystemTime="2023-05-12T07:35:45.4503781Z" />
			<EventRecordID>
				1171
			</EventRecordID>
			<Correlation />
			<Execution ProcessID="2868" ThreadID="5544" />
			<Channel>
				Microsoft-Windows-Sysmon/Operational
			</Channel>
			<Computer>
				DESKTOP-0QN63TJ
			</Computer>
			<Security UserID="S-1-5-18" />
		</System>
		<EventData>
			<Data Name="RuleName">
				-
			</Data>
			<Data Name="UtcTime">
				2023-05-12 07:35:45.443
			</Data>
			<Data Name="ProcessGuid">
				{4158b3ab-ec51-645d-6701-000000000900}
			</Data>
			<Data Name="ProcessId">
				6984
			</Data>
			<Data Name="Image">
				C:\Windows\Microsoft.NET\Framework64\v4.0.30319\mscorsvw.exe
			</Data>
			<Data Name="FileVersion">
				4.8.4320.0 built by: NET48REL1LAST_C
			</Data>
			<Data Name="Description">
				.NET Runtime Optimization Service
			</Data>
			<Data Name="Product">
				Microsoft® .NET Framework
			</Data>
			<Data Name="Company">
				Microsoft Corporation
			</Data>
			<Data Name="OriginalFileName">
				mscorsvw.exe
			</Data>
			<Data Name="CommandLine">
				C:\Windows\Microsoft.NET\Framework64\v4.0.30319\mscorsvw.exe -StartupEvent 4dc -InterruptEvent 0 -NGENProcess 4e4 -Pipe 4ec -Comment "NGen Worker Process"
			</Data>
			<Data Name="CurrentDirectory">
				C:\Windows\system32\
			</Data>
			<Data Name="User">
				NT AUTHORITY\SYSTEM
			</Data>
			<Data Name="LogonGuid">
				{4158b3ab-e9ab-645d-e703-000000000000}
			</Data>
			<Data Name="LogonId">
				0x3e7
			</Data>
			<Data Name="TerminalSessionId">
				0
			</Data>
			<Data Name="IntegrityLevel">
				System
			</Data>
			<Data Name="Hashes">
				SHA256=DA1087BA2641EFD77D85E5838AEB6C333E80CAA9F24C889FD2DE2E0B58F8D1A5
			</Data>
			<Data Name="ParentProcessGuid">
				{4158b3ab-ec23-645d-ef00-000000000900}
			</Data>
			<Data Name="ParentProcessId">
				2500
			</Data>
			<Data Name="ParentImage">
				C:\Windows\Microsoft.NET\Framework64\v4.0.30319\ngen.exe
			</Data>
			<Data Name="ParentCommandLine">
				"C:\Windows\Microsoft.NET\Framework64\v4.0.30319\ngen.exe" ExecuteQueuedItems /LegacyServiceBehavior
			</Data>
			<Data Name="ParentUser">
				NT AUTHORITY\SYSTEM
			</Data>
		</EventData>
	</Event>
	<Event xmlns="http://schemas.microsoft.com/win/2004/08/events/event">
		<System>
			<Provider Name="Microsoft-Windows-Sysmon" Guid="{5770385f-c22a-43e0-bf4c-06f5698ffbd9}" />
			<EventID>
				5
			</EventID>
			<Version>
				3
			</Version>
			<Level>
				4
			</Level>
			<Task>
				5
			</Task>
			<Opcode>
				0
			</Opcode>
			<Keywords>
				0x8000000000000000
			</Keywords>
			<TimeCreated SystemTime="2023-05-12T07:35:45.3563202Z" />
			<EventRecordID>
				1170
			</EventRecordID>
			<Correlation />
			<Execution ProcessID="2868" ThreadID="5544" />
			<Channel>
				Microsoft-Windows-Sysmon/Operational
			</Channel>
			<Computer>
				DESKTOP-0QN63TJ
			</Computer>
			<Security UserID="S-1-5-18" />
		</System>
		<EventData>
			<Data Name="RuleName">
				-
			</Data>
			<Data Name="UtcTime">
				2023-05-12 07:35:45.353
			</Data>
			<Data Name="ProcessGuid">
				{4158b3ab-ec50-645d-6501-000000000900}
			</Data>
			<Data Name="ProcessId">
				4668
			</Data>
			<Data Name="Image">
				C:\Windows\Microsoft.NET\Framework64\v4.0.30319\mscorsvw.exe
			</Data>
			<Data Name="User">
				NT AUTHORITY\SYSTEM
			</Data>
		</EventData>
	</Event>
	<Event xmlns="http://schemas.microsoft.com/win/2004/08/events/event">
		<System>
			<Provider Name="Microsoft-Windows-Sysmon" Guid="{5770385f-c22a-43e0-bf4c-06f5698ffbd9}" />
			<EventID>
				1
			</EventID>
			<Version>
				5
			</Version>
			<Level>
				4
			</Level>
			<Task>
				1
			</Task>
			<Opcode>
				0
			</Opcode>
			<Keywords>
				0x8000000000000000
			</Keywords>
			<TimeCreated SystemTime="2023-05-12T07:35:45.3546080Z" />
			<EventRecordID>
				1169
			</EventRecordID>
			<Correlation />
			<Execution ProcessID="2868" ThreadID="5544" />
			<Channel>
				Microsoft-Windows-Sysmon/Operational
			</Channel>
			<Computer>
				DESKTOP-0QN63TJ
			</Computer>
			<Security UserID="S-1-5-18" />
		</System>
		<EventData>
			<Data Name="RuleName">
				-
			</Data>
			<Data Name="UtcTime">
				2023-05-12 07:35:45.350
			</Data>
			<Data Name="ProcessGuid">
				{4158b3ab-ec51-645d-6601-000000000900}
			</Data>
			<Data Name="ProcessId">
				744
			</Data>
			<Data Name="Image">
				C:\Windows\Microsoft.NET\Framework64\v4.0.30319\mscorsvw.exe
			</Data>
			<Data Name="FileVersion">
				4.8.4320.0 built by: NET48REL1LAST_C
			</Data>
			<Data Name="Description">
				.NET Runtime Optimization Service
			</Data>
			<Data Name="Product">
				Microsoft® .NET Framework
			</Data>
			<Data Name="Company">
				Microsoft Corporation
			</Data>
			<Data Name="OriginalFileName">
				mscorsvw.exe
			</Data>
			<Data Name="CommandLine">
				C:\Windows\Microsoft.NET\Framework64\v4.0.30319\mscorsvw.exe -StartupEvent 4c4 -InterruptEvent 0 -NGENProcess 50c -Pipe 4d4 -Comment "NGen Worker Process"
			</Data>
			<Data Name="CurrentDirectory">
				C:\Windows\system32\
			</Data>
			<Data Name="User">
				NT AUTHORITY\SYSTEM
			</Data>
			<Data Name="LogonGuid">
				{4158b3ab-e9ab-645d-e703-000000000000}
			</Data>
			<Data Name="LogonId">
				0x3e7
			</Data>
			<Data Name="TerminalSessionId">
				0
			</Data>
			<Data Name="IntegrityLevel">
				System
			</Data>
			<Data Name="Hashes">
				SHA256=DA1087BA2641EFD77D85E5838AEB6C333E80CAA9F24C889FD2DE2E0B58F8D1A5
			</Data>
			<Data Name="ParentProcessGuid">
				{4158b3ab-ec23-645d-ef00-000000000900}
			</Data>
			<Data Name="ParentProcessId">
				2500
			</Data>
			<Data Name="ParentImage">
				C:\Windows\Microsoft.NET\Framework64\v4.0.30319\ngen.exe
			</Data>
			<Data Name="ParentCommandLine">
				"C:\Windows\Microsoft.NET\Framework64\v4.0.30319\ngen.exe" ExecuteQueuedItems /LegacyServiceBehavior
			</Data>
			<Data Name="ParentUser">
				NT AUTHORITY\SYSTEM
			</Data>
		</EventData>
	</Event>
	<Event xmlns="http://schemas.microsoft.com/win/2004/08/events/event">
		<System>
			<Provider Name="Microsoft-Windows-Sysmon" Guid="{5770385f-c22a-43e0-bf4c-06f5698ffbd9}" />
			<EventID>
				1
			</EventID>
			<Version>
				5
			</Version>
			<Level>
				4
			</Level>
			<Task>
				1
			</Task>
			<Opcode>
				0
			</Opcode>
			<Keywords>
				0x8000000000000000
			</Keywords>
			<TimeCreated SystemTime="2023-05-12T07:35:44.7136048Z" />
			<EventRecordID>
				1168
			</EventRecordID>
			<Correlation />
			<Execution ProcessID="2868" ThreadID="5544" />
			<Channel>
				Microsoft-Windows-Sysmon/Operational
			</Channel>
			<Computer>
				DESKTOP-0QN63TJ
			</Computer>
			<Security UserID="S-1-5-18" />
		</System>
		<EventData>
			<Data Name="RuleName">
				-
			</Data>
			<Data Name="UtcTime">
				2023-05-12 07:35:44.705
			</Data>
			<Data Name="ProcessGuid">
				{4158b3ab-ec50-645d-6501-000000000900}
			</Data>
			<Data Name="ProcessId">
				4668
			</Data>
			<Data Name="Image">
				C:\Windows\Microsoft.NET\Framework64\v4.0.30319\mscorsvw.exe
			</Data>
			<Data Name="FileVersion">
				4.8.4320.0 built by: NET48REL1LAST_C
			</Data>
			<Data Name="Description">
				.NET Runtime Optimization Service
			</Data>
			<Data Name="Product">
				Microsoft® .NET Framework
			</Data>
			<Data Name="Company">
				Microsoft Corporation
			</Data>
			<Data Name="OriginalFileName">
				mscorsvw.exe
			</Data>
			<Data Name="CommandLine">
				C:\Windows\Microsoft.NET\Framework64\v4.0.30319\mscorsvw.exe -StartupEvent 4fc -InterruptEvent 0 -NGENProcess 508 -Pipe 4f4 -Comment "NGen Worker Process"
			</Data>
			<Data Name="CurrentDirectory">
				C:\Windows\system32\
			</Data>
			<Data Name="User">
				NT AUTHORITY\SYSTEM
			</Data>
			<Data Name="LogonGuid">
				{4158b3ab-e9ab-645d-e703-000000000000}
			</Data>
			<Data Name="LogonId">
				0x3e7
			</Data>
			<Data Name="TerminalSessionId">
				0
			</Data>
			<Data Name="IntegrityLevel">
				System
			</Data>
			<Data Name="Hashes">
				SHA256=DA1087BA2641EFD77D85E5838AEB6C333E80CAA9F24C889FD2DE2E0B58F8D1A5
			</Data>
			<Data Name="ParentProcessGuid">
				{4158b3ab-ec23-645d-ef00-000000000900}
			</Data>
			<Data Name="ParentProcessId">
				2500
			</Data>
			<Data Name="ParentImage">
				C:\Windows\Microsoft.NET\Framework64\v4.0.30319\ngen.exe
			</Data>
			<Data Name="ParentCommandLine">
				"C:\Windows\Microsoft.NET\Framework64\v4.0.30319\ngen.exe" ExecuteQueuedItems /LegacyServiceBehavior
			</Data>
			<Data Name="ParentUser">
				NT AUTHORITY\SYSTEM
			</Data>
		</EventData>
	</Event>
	<Event xmlns="http://schemas.microsoft.com/win/2004/08/events/event">
		<System>
			<Provider Name="Microsoft-Windows-Sysmon" Guid="{5770385f-c22a-43e0-bf4c-06f5698ffbd9}" />
			<EventID>
				5
			</EventID>
			<Version>
				3
			</Version>
			<Level>
				4
			</Level>
			<Task>
				5
			</Task>
			<Opcode>
				0
			</Opcode>
			<Keywords>
				0x8000000000000000
			</Keywords>
			<TimeCreated SystemTime="2023-05-12T07:35:44.7111078Z" />
			<EventRecordID>
				1167
			</EventRecordID>
			<Correlation />
			<Execution ProcessID="2868" ThreadID="5544" />
			<Channel>
				Microsoft-Windows-Sysmon/Operational
			</Channel>
			<Computer>
				DESKTOP-0QN63TJ
			</Computer>
			<Security UserID="S-1-5-18" />
		</System>
		<EventData>
			<Data Name="RuleName">
				-
			</Data>
			<Data Name="UtcTime">
				2023-05-12 07:35:44.697
			</Data>
			<Data Name="ProcessGuid">
				{4158b3ab-ec50-645d-6401-000000000900}
			</Data>
			<Data Name="ProcessId">
				5448
			</Data>
			<Data Name="Image">
				C:\Windows\Microsoft.NET\Framework64\v4.0.30319\mscorsvw.exe
			</Data>
			<Data Name="User">
				NT AUTHORITY\SYSTEM
			</Data>
		</EventData>
	</Event>
	<Event xmlns="http://schemas.microsoft.com/win/2004/08/events/event">
		<System>
			<Provider Name="Microsoft-Windows-Sysmon" Guid="{5770385f-c22a-43e0-bf4c-06f5698ffbd9}" />
			<EventID>
				5
			</EventID>
			<Version>
				3
			</Version>
			<Level>
				4
			</Level>
			<Task>
				5
			</Task>
			<Opcode>
				0
			</Opcode>
			<Keywords>
				0x8000000000000000
			</Keywords>
			<TimeCreated SystemTime="2023-05-12T07:35:44.5884978Z" />
			<EventRecordID>
				1166
			</EventRecordID>
			<Correlation />
			<Execution ProcessID="2868" ThreadID="5544" />
			<Channel>
				Microsoft-Windows-Sysmon/Operational
			</Channel>
			<Computer>
				DESKTOP-0QN63TJ
			</Computer>
			<Security UserID="S-1-5-18" />
		</System>
		<EventData>
			<Data Name="RuleName">
				-
			</Data>
			<Data Name="UtcTime">
				2023-05-12 07:35:44.572
			</Data>
			<Data Name="ProcessGuid">
				{4158b3ab-ec50-645d-6301-000000000900}
			</Data>
			<Data Name="ProcessId">
				1756
			</Data>
			<Data Name="Image">
				C:\Windows\Microsoft.NET\Framework64\v4.0.30319\mscorsvw.exe
			</Data>
			<Data Name="User">
				NT AUTHORITY\SYSTEM
			</Data>
		</EventData>
	</Event>
	<Event xmlns="http://schemas.microsoft.com/win/2004/08/events/event">
		<System>
			<Provider Name="Microsoft-Windows-Sysmon" Guid="{5770385f-c22a-43e0-bf4c-06f5698ffbd9}" />
			<EventID>
				1
			</EventID>
			<Version>
				5
			</Version>
			<Level>
				4
			</Level>
			<Task>
				1
			</Task>
			<Opcode>
				0
			</Opcode>
			<Keywords>
				0x8000000000000000
			</Keywords>
			<TimeCreated SystemTime="2023-05-12T07:35:44.5843102Z" />
			<EventRecordID>
				1165
			</EventRecordID>
			<Correlation />
			<Execution ProcessID="2868" ThreadID="5544" />
			<Channel>
				Microsoft-Windows-Sysmon/Operational
			</Channel>
			<Computer>
				DESKTOP-0QN63TJ
			</Computer>
			<Security UserID="S-1-5-18" />
		</System>
		<EventData>
			<Data Name="RuleName">
				-
			</Data>
			<Data Name="UtcTime">
				2023-05-12 07:35:44.581
			</Data>
			<Data Name="ProcessGuid">
				{4158b3ab-ec50-645d-6401-000000000900}
			</Data>
			<Data Name="ProcessId">
				5448
			</Data>
			<Data Name="Image">
				C:\Windows\Microsoft.NET\Framework64\v4.0.30319\mscorsvw.exe
			</Data>
			<Data Name="FileVersion">
				4.8.4320.0 built by: NET48REL1LAST_C
			</Data>
			<Data Name="Description">
				.NET Runtime Optimization Service
			</Data>
			<Data Name="Product">
				Microsoft® .NET Framework
			</Data>
			<Data Name="Company">
				Microsoft Corporation
			</Data>
			<Data Name="OriginalFileName">
				mscorsvw.exe
			</Data>
			<Data Name="CommandLine">
				C:\Windows\Microsoft.NET\Framework64\v4.0.30319\mscorsvw.exe -StartupEvent 4d4 -InterruptEvent 0 -NGENProcess 4c4 -Pipe 4cc -Comment "NGen Worker Process"
			</Data>
			<Data Name="CurrentDirectory">
				C:\Windows\system32\
			</Data>
			<Data Name="User">
				NT AUTHORITY\SYSTEM
			</Data>
			<Data Name="LogonGuid">
				{4158b3ab-e9ab-645d-e703-000000000000}
			</Data>
			<Data Name="LogonId">
				0x3e7
			</Data>
			<Data Name="TerminalSessionId">
				0
			</Data>
			<Data Name="IntegrityLevel">
				System
			</Data>
			<Data Name="Hashes">
				SHA256=DA1087BA2641EFD77D85E5838AEB6C333E80CAA9F24C889FD2DE2E0B58F8D1A5
			</Data>
			<Data Name="ParentProcessGuid">
				{4158b3ab-ec23-645d-ef00-000000000900}
			</Data>
			<Data Name="ParentProcessId">
				2500
			</Data>
			<Data Name="ParentImage">
				C:\Windows\Microsoft.NET\Framework64\v4.0.30319\ngen.exe
			</Data>
			<Data Name="ParentCommandLine">
				"C:\Windows\Microsoft.NET\Framework64\v4.0.30319\ngen.exe" ExecuteQueuedItems /LegacyServiceBehavior
			</Data>
			<Data Name="ParentUser">
				NT AUTHORITY\SYSTEM
			</Data>
		</EventData>
	</Event>
	<Event xmlns="http://schemas.microsoft.com/win/2004/08/events/event">
		<System>
			<Provider Name="Microsoft-Windows-Sysmon" Guid="{5770385f-c22a-43e0-bf4c-06f5698ffbd9}" />
			<EventID>
				5
			</EventID>
			<Version>
				3
			</Version>
			<Level>
				4
			</Level>
			<Task>
				5
			</Task>
			<Opcode>
				0
			</Opcode>
			<Keywords>
				0x8000000000000000
			</Keywords>
			<TimeCreated SystemTime="2023-05-12T07:35:44.1920501Z" />
			<EventRecordID>
				1164
			</EventRecordID>
			<Correlation />
			<Execution ProcessID="2868" ThreadID="5544" />
			<Channel>
				Microsoft-Windows-Sysmon/Operational
			</Channel>
			<Computer>
				DESKTOP-0QN63TJ
			</Computer>
			<Security UserID="S-1-5-18" />
		</System>
		<EventData>
			<Data Name="RuleName">
				-
			</Data>
			<Data Name="UtcTime">
				2023-05-12 07:35:44.181
			</Data>
			<Data Name="ProcessGuid">
				{4158b3ab-ec50-645d-6201-000000000900}
			</Data>
			<Data Name="ProcessId">
				4120
			</Data>
			<Data Name="Image">
				C:\Windows\Microsoft.NET\Framework64\v4.0.30319\mscorsvw.exe
			</Data>
			<Data Name="User">
				NT AUTHORITY\SYSTEM
			</Data>
		</EventData>
	</Event>
	<Event xmlns="http://schemas.microsoft.com/win/2004/08/events/event">
		<System>
			<Provider Name="Microsoft-Windows-Sysmon" Guid="{5770385f-c22a-43e0-bf4c-06f5698ffbd9}" />
			<EventID>
				1
			</EventID>
			<Version>
				5
			</Version>
			<Level>
				4
			</Level>
			<Task>
				1
			</Task>
			<Opcode>
				0
			</Opcode>
			<Keywords>
				0x8000000000000000
			</Keywords>
			<TimeCreated SystemTime="2023-05-12T07:35:44.1912280Z" />
			<EventRecordID>
				1163
			</EventRecordID>
			<Correlation />
			<Execution ProcessID="2868" ThreadID="5544" />
			<Channel>
				Microsoft-Windows-Sysmon/Operational
			</Channel>
			<Computer>
				DESKTOP-0QN63TJ
			</Computer>
			<Security UserID="S-1-5-18" />
		</System>
		<EventData>
			<Data Name="RuleName">
				-
			</Data>
			<Data Name="UtcTime">
				2023-05-12 07:35:44.188
			</Data>
			<Data Name="ProcessGuid">
				{4158b3ab-ec50-645d-6301-000000000900}
			</Data>
			<Data Name="ProcessId">
				1756
			</Data>
			<Data Name="Image">
				C:\Windows\Microsoft.NET\Framework64\v4.0.30319\mscorsvw.exe
			</Data>
			<Data Name="FileVersion">
				4.8.4320.0 built by: NET48REL1LAST_C
			</Data>
			<Data Name="Description">
				.NET Runtime Optimization Service
			</Data>
			<Data Name="Product">
				Microsoft® .NET Framework
			</Data>
			<Data Name="Company">
				Microsoft Corporation
			</Data>
			<Data Name="OriginalFileName">
				mscorsvw.exe
			</Data>
			<Data Name="CommandLine">
				C:\Windows\Microsoft.NET\Framework64\v4.0.30319\mscorsvw.exe -StartupEvent 4a8 -InterruptEvent 0 -NGENProcess 4b4 -Pipe 4c0 -Comment "NGen Worker Process"
			</Data>
			<Data Name="CurrentDirectory">
				C:\Windows\system32\
			</Data>
			<Data Name="User">
				NT AUTHORITY\SYSTEM
			</Data>
			<Data Name="LogonGuid">
				{4158b3ab-e9ab-645d-e703-000000000000}
			</Data>
			<Data Name="LogonId">
				0x3e7
			</Data>
			<Data Name="TerminalSessionId">
				0
			</Data>
			<Data Name="IntegrityLevel">
				System
			</Data>
			<Data Name="Hashes">
				SHA256=DA1087BA2641EFD77D85E5838AEB6C333E80CAA9F24C889FD2DE2E0B58F8D1A5
			</Data>
			<Data Name="ParentProcessGuid">
				{4158b3ab-ec23-645d-ef00-000000000900}
			</Data>
			<Data Name="ParentProcessId">
				2500
			</Data>
			<Data Name="ParentImage">
				C:\Windows\Microsoft.NET\Framework64\v4.0.30319\ngen.exe
			</Data>
			<Data Name="ParentCommandLine">
				"C:\Windows\Microsoft.NET\Framework64\v4.0.30319\ngen.exe" ExecuteQueuedItems /LegacyServiceBehavior
			</Data>
			<Data Name="ParentUser">
				NT AUTHORITY\SYSTEM
			</Data>
		</EventData>
	</Event>
	<Event xmlns="http://schemas.microsoft.com/win/2004/08/events/event">
		<System>
			<Provider Name="Microsoft-Windows-Sysmon" Guid="{5770385f-c22a-43e0-bf4c-06f5698ffbd9}" />
			<EventID>
				1
			</EventID>
			<Version>
				5
			</Version>
			<Level>
				4
			</Level>
			<Task>
				1
			</Task>
			<Opcode>
				0
			</Opcode>
			<Keywords>
				0x8000000000000000
			</Keywords>
			<TimeCreated SystemTime="2023-05-12T07:35:44.0775116Z" />
			<EventRecordID>
				1162
			</EventRecordID>
			<Correlation />
			<Execution ProcessID="2868" ThreadID="5544" />
			<Channel>
				Microsoft-Windows-Sysmon/Operational
			</Channel>
			<Computer>
				DESKTOP-0QN63TJ
			</Computer>
			<Security UserID="S-1-5-18" />
		</System>
		<EventData>
			<Data Name="RuleName">
				-
			</Data>
			<Data Name="UtcTime">
				2023-05-12 07:35:44.068
			</Data>
			<Data Name="ProcessGuid">
				{4158b3ab-ec50-645d-6201-000000000900}
			</Data>
			<Data Name="ProcessId">
				4120
			</Data>
			<Data Name="Image">
				C:\Windows\Microsoft.NET\Framework64\v4.0.30319\mscorsvw.exe
			</Data>
			<Data Name="FileVersion">
				4.8.4320.0 built by: NET48REL1LAST_C
			</Data>
			<Data Name="Description">
				.NET Runtime Optimization Service
			</Data>
			<Data Name="Product">
				Microsoft® .NET Framework
			</Data>
			<Data Name="Company">
				Microsoft Corporation
			</Data>
			<Data Name="OriginalFileName">
				mscorsvw.exe
			</Data>
			<Data Name="CommandLine">
				C:\Windows\Microsoft.NET\Framework64\v4.0.30319\mscorsvw.exe -StartupEvent 4cc -InterruptEvent 0 -NGENProcess 4c0 -Pipe 4c8 -Comment "NGen Worker Process"
			</Data>
			<Data Name="CurrentDirectory">
				C:\Windows\system32\
			</Data>
			<Data Name="User">
				NT AUTHORITY\SYSTEM
			</Data>
			<Data Name="LogonGuid">
				{4158b3ab-e9ab-645d-e703-000000000000}
			</Data>
			<Data Name="LogonId">
				0x3e7
			</Data>
			<Data Name="TerminalSessionId">
				0
			</Data>
			<Data Name="IntegrityLevel">
				System
			</Data>
			<Data Name="Hashes">
				SHA256=DA1087BA2641EFD77D85E5838AEB6C333E80CAA9F24C889FD2DE2E0B58F8D1A5
			</Data>
			<Data Name="ParentProcessGuid">
				{4158b3ab-ec23-645d-ef00-000000000900}
			</Data>
			<Data Name="ParentProcessId">
				2500
			</Data>
			<Data Name="ParentImage">
				C:\Windows\Microsoft.NET\Framework64\v4.0.30319\ngen.exe
			</Data>
			<Data Name="ParentCommandLine">
				"C:\Windows\Microsoft.NET\Framework64\v4.0.30319\ngen.exe" ExecuteQueuedItems /LegacyServiceBehavior
			</Data>
			<Data Name="ParentUser">
				NT AUTHORITY\SYSTEM
			</Data>
		</EventData>
	</Event>
	<Event xmlns="http://schemas.microsoft.com/win/2004/08/events/event">
		<System>
			<Provider Name="Microsoft-Windows-Sysmon" Guid="{5770385f-c22a-43e0-bf4c-06f5698ffbd9}" />
			<EventID>
				5
			</EventID>
			<Version>
				3
			</Version>
			<Level>
				4
			</Level>
			<Task>
				5
			</Task>
			<Opcode>
				0
			</Opcode>
			<Keywords>
				0x8000000000000000
			</Keywords>
			<TimeCreated SystemTime="2023-05-12T07:35:44.0750638Z" />
			<EventRecordID>
				1161
			</EventRecordID>
			<Correlation />
			<Execution ProcessID="2868" ThreadID="5544" />
			<Channel>
				Microsoft-Windows-Sysmon/Operational
			</Channel>
			<Computer>
				DESKTOP-0QN63TJ
			</Computer>
			<Security UserID="S-1-5-18" />
		</System>
		<EventData>
			<Data Name="RuleName">
				-
			</Data>
			<Data Name="UtcTime">
				2023-05-12 07:35:44.072
			</Data>
			<Data Name="ProcessGuid">
				{4158b3ab-ec4f-645d-6101-000000000900}
			</Data>
			<Data Name="ProcessId">
				1444
			</Data>
			<Data Name="Image">
				C:\Windows\Microsoft.NET\Framework64\v4.0.30319\mscorsvw.exe
			</Data>
			<Data Name="User">
				NT AUTHORITY\SYSTEM
			</Data>
		</EventData>
	</Event>
	<Event xmlns="http://schemas.microsoft.com/win/2004/08/events/event">
		<System>
			<Provider Name="Microsoft-Windows-Sysmon" Guid="{5770385f-c22a-43e0-bf4c-06f5698ffbd9}" />
			<EventID>
				5
			</EventID>
			<Version>
				3
			</Version>
			<Level>
				4
			</Level>
			<Task>
				5
			</Task>
			<Opcode>
				0
			</Opcode>
			<Keywords>
				0x8000000000000000
			</Keywords>
			<TimeCreated SystemTime="2023-05-12T07:35:43.9384220Z" />
			<EventRecordID>
				1160
			</EventRecordID>
			<Correlation />
			<Execution ProcessID="2868" ThreadID="5544" />
			<Channel>
				Microsoft-Windows-Sysmon/Operational
			</Channel>
			<Computer>
				DESKTOP-0QN63TJ
			</Computer>
			<Security UserID="S-1-5-18" />
		</System>
		<EventData>
			<Data Name="RuleName">
				-
			</Data>
			<Data Name="UtcTime">
				2023-05-12 07:35:43.931
			</Data>
			<Data Name="ProcessGuid">
				{4158b3ab-ec4f-645d-6001-000000000900}
			</Data>
			<Data Name="ProcessId">
				1100
			</Data>
			<Data Name="Image">
				C:\Windows\Microsoft.NET\Framework64\v4.0.30319\mscorsvw.exe
			</Data>
			<Data Name="User">
				NT AUTHORITY\SYSTEM
			</Data>
		</EventData>
	</Event>
	<Event xmlns="http://schemas.microsoft.com/win/2004/08/events/event">
		<System>
			<Provider Name="Microsoft-Windows-Sysmon" Guid="{5770385f-c22a-43e0-bf4c-06f5698ffbd9}" />
			<EventID>
				1
			</EventID>
			<Version>
				5
			</Version>
			<Level>
				4
			</Level>
			<Task>
				1
			</Task>
			<Opcode>
				0
			</Opcode>
			<Keywords>
				0x8000000000000000
			</Keywords>
			<TimeCreated SystemTime="2023-05-12T07:35:43.9353715Z" />
			<EventRecordID>
				1159
			</EventRecordID>
			<Correlation />
			<Execution ProcessID="2868" ThreadID="5544" />
			<Channel>
				Microsoft-Windows-Sysmon/Operational
			</Channel>
			<Computer>
				DESKTOP-0QN63TJ
			</Computer>
			<Security UserID="S-1-5-18" />
		</System>
		<EventData>
			<Data Name="RuleName">
				-
			</Data>
			<Data Name="UtcTime">
				2023-05-12 07:35:43.930
			</Data>
			<Data Name="ProcessGuid">
				{4158b3ab-ec4f-645d-6101-000000000900}
			</Data>
			<Data Name="ProcessId">
				1444
			</Data>
			<Data Name="Image">
				C:\Windows\Microsoft.NET\Framework64\v4.0.30319\mscorsvw.exe
			</Data>
			<Data Name="FileVersion">
				4.8.4320.0 built by: NET48REL1LAST_C
			</Data>
			<Data Name="Description">
				.NET Runtime Optimization Service
			</Data>
			<Data Name="Product">
				Microsoft® .NET Framework
			</Data>
			<Data Name="Company">
				Microsoft Corporation
			</Data>
			<Data Name="OriginalFileName">
				mscorsvw.exe
			</Data>
			<Data Name="CommandLine">
				C:\Windows\Microsoft.NET\Framework64\v4.0.30319\mscorsvw.exe -StartupEvent 47c -InterruptEvent 0 -NGENProcess 4a4 -Pipe 498 -Comment "NGen Worker Process"
			</Data>
			<Data Name="CurrentDirectory">
				C:\Windows\system32\
			</Data>
			<Data Name="User">
				NT AUTHORITY\SYSTEM
			</Data>
			<Data Name="LogonGuid">
				{4158b3ab-e9ab-645d-e703-000000000000}
			</Data>
			<Data Name="LogonId">
				0x3e7
			</Data>
			<Data Name="TerminalSessionId">
				0
			</Data>
			<Data Name="IntegrityLevel">
				System
			</Data>
			<Data Name="Hashes">
				SHA256=DA1087BA2641EFD77D85E5838AEB6C333E80CAA9F24C889FD2DE2E0B58F8D1A5
			</Data>
			<Data Name="ParentProcessGuid">
				{4158b3ab-ec23-645d-ef00-000000000900}
			</Data>
			<Data Name="ParentProcessId">
				2500
			</Data>
			<Data Name="ParentImage">
				C:\Windows\Microsoft.NET\Framework64\v4.0.30319\ngen.exe
			</Data>
			<Data Name="ParentCommandLine">
				"C:\Windows\Microsoft.NET\Framework64\v4.0.30319\ngen.exe" ExecuteQueuedItems /LegacyServiceBehavior
			</Data>
			<Data Name="ParentUser">
				NT AUTHORITY\SYSTEM
			</Data>
		</EventData>
	</Event>
	<Event xmlns="http://schemas.microsoft.com/win/2004/08/events/event">
		<System>
			<Provider Name="Microsoft-Windows-Sysmon" Guid="{5770385f-c22a-43e0-bf4c-06f5698ffbd9}" />
			<EventID>
				5
			</EventID>
			<Version>
				3
			</Version>
			<Level>
				4
			</Level>
			<Task>
				5
			</Task>
			<Opcode>
				0
			</Opcode>
			<Keywords>
				0x8000000000000000
			</Keywords>
			<TimeCreated SystemTime="2023-05-12T07:35:43.8395470Z" />
			<EventRecordID>
				1158
			</EventRecordID>
			<Correlation />
			<Execution ProcessID="2868" ThreadID="5544" />
			<Channel>
				Microsoft-Windows-Sysmon/Operational
			</Channel>
			<Computer>
				DESKTOP-0QN63TJ
			</Computer>
			<Security UserID="S-1-5-18" />
		</System>
		<EventData>
			<Data Name="RuleName">
				-
			</Data>
			<Data Name="UtcTime">
				2023-05-12 07:35:43.838
			</Data>
			<Data Name="ProcessGuid">
				{4158b3ab-ec4f-645d-5f01-000000000900}
			</Data>
			<Data Name="ProcessId">
				5244
			</Data>
			<Data Name="Image">
				C:\Windows\Microsoft.NET\Framework64\v4.0.30319\mscorsvw.exe
			</Data>
			<Data Name="User">
				NT AUTHORITY\SYSTEM
			</Data>
		</EventData>
	</Event>
	<Event xmlns="http://schemas.microsoft.com/win/2004/08/events/event">
		<System>
			<Provider Name="Microsoft-Windows-Sysmon" Guid="{5770385f-c22a-43e0-bf4c-06f5698ffbd9}" />
			<EventID>
				1
			</EventID>
			<Version>
				5
			</Version>
			<Level>
				4
			</Level>
			<Task>
				1
			</Task>
			<Opcode>
				0
			</Opcode>
			<Keywords>
				0x8000000000000000
			</Keywords>
			<TimeCreated SystemTime="2023-05-12T07:35:43.8394950Z" />
			<EventRecordID>
				1157
			</EventRecordID>
			<Correlation />
			<Execution ProcessID="2868" ThreadID="5544" />
			<Channel>
				Microsoft-Windows-Sysmon/Operational
			</Channel>
			<Computer>
				DESKTOP-0QN63TJ
			</Computer>
			<Security UserID="S-1-5-18" />
		</System>
		<EventData>
			<Data Name="RuleName">
				-
			</Data>
			<Data Name="UtcTime">
				2023-05-12 07:35:43.833
			</Data>
			<Data Name="ProcessGuid">
				{4158b3ab-ec4f-645d-6001-000000000900}
			</Data>
			<Data Name="ProcessId">
				1100
			</Data>
			<Data Name="Image">
				C:\Windows\Microsoft.NET\Framework64\v4.0.30319\mscorsvw.exe
			</Data>
			<Data Name="FileVersion">
				4.8.4320.0 built by: NET48REL1LAST_C
			</Data>
			<Data Name="Description">
				.NET Runtime Optimization Service
			</Data>
			<Data Name="Product">
				Microsoft® .NET Framework
			</Data>
			<Data Name="Company">
				Microsoft Corporation
			</Data>
			<Data Name="OriginalFileName">
				mscorsvw.exe
			</Data>
			<Data Name="CommandLine">
				C:\Windows\Microsoft.NET\Framework64\v4.0.30319\mscorsvw.exe -StartupEvent 478 -InterruptEvent 0 -NGENProcess 488 -Pipe 474 -Comment "NGen Worker Process"
			</Data>
			<Data Name="CurrentDirectory">
				C:\Windows\system32\
			</Data>
			<Data Name="User">
				NT AUTHORITY\SYSTEM
			</Data>
			<Data Name="LogonGuid">
				{4158b3ab-e9ab-645d-e703-000000000000}
			</Data>
			<Data Name="LogonId">
				0x3e7
			</Data>
			<Data Name="TerminalSessionId">
				0
			</Data>
			<Data Name="IntegrityLevel">
				System
			</Data>
			<Data Name="Hashes">
				SHA256=DA1087BA2641EFD77D85E5838AEB6C333E80CAA9F24C889FD2DE2E0B58F8D1A5
			</Data>
			<Data Name="ParentProcessGuid">
				{4158b3ab-ec23-645d-ef00-000000000900}
			</Data>
			<Data Name="ParentProcessId">
				2500
			</Data>
			<Data Name="ParentImage">
				C:\Windows\Microsoft.NET\Framework64\v4.0.30319\ngen.exe
			</Data>
			<Data Name="ParentCommandLine">
				"C:\Windows\Microsoft.NET\Framework64\v4.0.30319\ngen.exe" ExecuteQueuedItems /LegacyServiceBehavior
			</Data>
			<Data Name="ParentUser">
				NT AUTHORITY\SYSTEM
			</Data>
		</EventData>
	</Event>
	<Event xmlns="http://schemas.microsoft.com/win/2004/08/events/event">
		<System>
			<Provider Name="Microsoft-Windows-Sysmon" Guid="{5770385f-c22a-43e0-bf4c-06f5698ffbd9}" />
			<EventID>
				1
			</EventID>
			<Version>
				5
			</Version>
			<Level>
				4
			</Level>
			<Task>
				1
			</Task>
			<Opcode>
				0
			</Opcode>
			<Keywords>
				0x8000000000000000
			</Keywords>
			<TimeCreated SystemTime="2023-05-12T07:35:43.6441142Z" />
			<EventRecordID>
				1156
			</EventRecordID>
			<Correlation />
			<Execution ProcessID="2868" ThreadID="5544" />
			<Channel>
				Microsoft-Windows-Sysmon/Operational
			</Channel>
			<Computer>
				DESKTOP-0QN63TJ
			</Computer>
			<Security UserID="S-1-5-18" />
		</System>
		<EventData>
			<Data Name="RuleName">
				-
			</Data>
			<Data Name="UtcTime">
				2023-05-12 07:35:43.638
			</Data>
			<Data Name="ProcessGuid">
				{4158b3ab-ec4f-645d-5f01-000000000900}
			</Data>
			<Data Name="ProcessId">
				5244
			</Data>
			<Data Name="Image">
				C:\Windows\Microsoft.NET\Framework64\v4.0.30319\mscorsvw.exe
			</Data>
			<Data Name="FileVersion">
				4.8.4320.0 built by: NET48REL1LAST_C
			</Data>
			<Data Name="Description">
				.NET Runtime Optimization Service
			</Data>
			<Data Name="Product">
				Microsoft® .NET Framework
			</Data>
			<Data Name="Company">
				Microsoft Corporation
			</Data>
			<Data Name="OriginalFileName">
				mscorsvw.exe
			</Data>
			<Data Name="CommandLine">
				C:\Windows\Microsoft.NET\Framework64\v4.0.30319\mscorsvw.exe -StartupEvent 44c -InterruptEvent 0 -NGENProcess 43c -Pipe 430 -Comment "NGen Worker Process"
			</Data>
			<Data Name="CurrentDirectory">
				C:\Windows\system32\
			</Data>
			<Data Name="User">
				NT AUTHORITY\SYSTEM
			</Data>
			<Data Name="LogonGuid">
				{4158b3ab-e9ab-645d-e703-000000000000}
			</Data>
			<Data Name="LogonId">
				0x3e7
			</Data>
			<Data Name="TerminalSessionId">
				0
			</Data>
			<Data Name="IntegrityLevel">
				System
			</Data>
			<Data Name="Hashes">
				SHA256=DA1087BA2641EFD77D85E5838AEB6C333E80CAA9F24C889FD2DE2E0B58F8D1A5
			</Data>
			<Data Name="ParentProcessGuid">
				{4158b3ab-ec23-645d-ef00-000000000900}
			</Data>
			<Data Name="ParentProcessId">
				2500
			</Data>
			<Data Name="ParentImage">
				C:\Windows\Microsoft.NET\Framework64\v4.0.30319\ngen.exe
			</Data>
			<Data Name="ParentCommandLine">
				"C:\Windows\Microsoft.NET\Framework64\v4.0.30319\ngen.exe" ExecuteQueuedItems /LegacyServiceBehavior
			</Data>
			<Data Name="ParentUser">
				NT AUTHORITY\SYSTEM
			</Data>
		</EventData>
	</Event>
	<Event xmlns="http://schemas.microsoft.com/win/2004/08/events/event">
		<System>
			<Provider Name="Microsoft-Windows-Sysmon" Guid="{5770385f-c22a-43e0-bf4c-06f5698ffbd9}" />
			<EventID>
				5
			</EventID>
			<Version>
				3
			</Version>
			<Level>
				4
			</Level>
			<Task>
				5
			</Task>
			<Opcode>
				0
			</Opcode>
			<Keywords>
				0x8000000000000000
			</Keywords>
			<TimeCreated SystemTime="2023-05-12T07:35:43.6424006Z" />
			<EventRecordID>
				1155
			</EventRecordID>
			<Correlation />
			<Execution ProcessID="2868" ThreadID="5544" />
			<Channel>
				Microsoft-Windows-Sysmon/Operational
			</Channel>
			<Computer>
				DESKTOP-0QN63TJ
			</Computer>
			<Security UserID="S-1-5-18" />
		</System>
		<EventData>
			<Data Name="RuleName">
				-
			</Data>
			<Data Name="UtcTime">
				2023-05-12 07:35:43.634
			</Data>
			<Data Name="ProcessGuid">
				{4158b3ab-ec4f-645d-5e01-000000000900}
			</Data>
			<Data Name="ProcessId">
				2132
			</Data>
			<Data Name="Image">
				C:\Windows\Microsoft.NET\Framework64\v4.0.30319\mscorsvw.exe
			</Data>
			<Data Name="User">
				NT AUTHORITY\SYSTEM
			</Data>
		</EventData>
	</Event>
	<Event xmlns="http://schemas.microsoft.com/win/2004/08/events/event">
		<System>
			<Provider Name="Microsoft-Windows-Sysmon" Guid="{5770385f-c22a-43e0-bf4c-06f5698ffbd9}" />
			<EventID>
				5
			</EventID>
			<Version>
				3
			</Version>
			<Level>
				4
			</Level>
			<Task>
				5
			</Task>
			<Opcode>
				0
			</Opcode>
			<Keywords>
				0x8000000000000000
			</Keywords>
			<TimeCreated SystemTime="2023-05-12T07:35:43.5377310Z" />
			<EventRecordID>
				1154
			</EventRecordID>
			<Correlation />
			<Execution ProcessID="2868" ThreadID="5544" />
			<Channel>
				Microsoft-Windows-Sysmon/Operational
			</Channel>
			<Computer>
				DESKTOP-0QN63TJ
			</Computer>
			<Security UserID="S-1-5-18" />
		</System>
		<EventData>
			<Data Name="RuleName">
				-
			</Data>
			<Data Name="UtcTime">
				2023-05-12 07:35:43.525
			</Data>
			<Data Name="ProcessGuid">
				{4158b3ab-ec4e-645d-5d01-000000000900}
			</Data>
			<Data Name="ProcessId">
				6844
			</Data>
			<Data Name="Image">
				C:\Windows\Microsoft.NET\Framework64\v4.0.30319\mscorsvw.exe
			</Data>
			<Data Name="User">
				NT AUTHORITY\SYSTEM
			</Data>
		</EventData>
	</Event>
	<Event xmlns="http://schemas.microsoft.com/win/2004/08/events/event">
		<System>
			<Provider Name="Microsoft-Windows-Sysmon" Guid="{5770385f-c22a-43e0-bf4c-06f5698ffbd9}" />
			<EventID>
				1
			</EventID>
			<Version>
				5
			</Version>
			<Level>
				4
			</Level>
			<Task>
				1
			</Task>
			<Opcode>
				0
			</Opcode>
			<Keywords>
				0x8000000000000000
			</Keywords>
			<TimeCreated SystemTime="2023-05-12T07:35:43.5275991Z" />
			<EventRecordID>
				1153
			</EventRecordID>
			<Correlation />
			<Execution ProcessID="2868" ThreadID="5544" />
			<Channel>
				Microsoft-Windows-Sysmon/Operational
			</Channel>
			<Computer>
				DESKTOP-0QN63TJ
			</Computer>
			<Security UserID="S-1-5-18" />
		</System>
		<EventData>
			<Data Name="RuleName">
				-
			</Data>
			<Data Name="UtcTime">
				2023-05-12 07:35:43.523
			</Data>
			<Data Name="ProcessGuid">
				{4158b3ab-ec4f-645d-5e01-000000000900}
			</Data>
			<Data Name="ProcessId">
				2132
			</Data>
			<Data Name="Image">
				C:\Windows\Microsoft.NET\Framework64\v4.0.30319\mscorsvw.exe
			</Data>
			<Data Name="FileVersion">
				4.8.4320.0 built by: NET48REL1LAST_C
			</Data>
			<Data Name="Description">
				.NET Runtime Optimization Service
			</Data>
			<Data Name="Product">
				Microsoft® .NET Framework
			</Data>
			<Data Name="Company">
				Microsoft Corporation
			</Data>
			<Data Name="OriginalFileName">
				mscorsvw.exe
			</Data>
			<Data Name="CommandLine">
				C:\Windows\Microsoft.NET\Framework64\v4.0.30319\mscorsvw.exe -StartupEvent 460 -InterruptEvent 0 -NGENProcess 470 -Pipe 3f4 -Comment "NGen Worker Process"
			</Data>
			<Data Name="CurrentDirectory">
				C:\Windows\system32\
			</Data>
			<Data Name="User">
				NT AUTHORITY\SYSTEM
			</Data>
			<Data Name="LogonGuid">
				{4158b3ab-e9ab-645d-e703-000000000000}
			</Data>
			<Data Name="LogonId">
				0x3e7
			</Data>
			<Data Name="TerminalSessionId">
				0
			</Data>
			<Data Name="IntegrityLevel">
				System
			</Data>
			<Data Name="Hashes">
				SHA256=DA1087BA2641EFD77D85E5838AEB6C333E80CAA9F24C889FD2DE2E0B58F8D1A5
			</Data>
			<Data Name="ParentProcessGuid">
				{4158b3ab-ec23-645d-ef00-000000000900}
			</Data>
			<Data Name="ParentProcessId">
				2500
			</Data>
			<Data Name="ParentImage">
				C:\Windows\Microsoft.NET\Framework64\v4.0.30319\ngen.exe
			</Data>
			<Data Name="ParentCommandLine">
				"C:\Windows\Microsoft.NET\Framework64\v4.0.30319\ngen.exe" ExecuteQueuedItems /LegacyServiceBehavior
			</Data>
			<Data Name="ParentUser">
				NT AUTHORITY\SYSTEM
			</Data>
		</EventData>
	</Event>
	<Event xmlns="http://schemas.microsoft.com/win/2004/08/events/event">
		<System>
			<Provider Name="Microsoft-Windows-Sysmon" Guid="{5770385f-c22a-43e0-bf4c-06f5698ffbd9}" />
			<EventID>
				5
			</EventID>
			<Version>
				3
			</Version>
			<Level>
				4
			</Level>
			<Task>
				5
			</Task>
			<Opcode>
				0
			</Opcode>
			<Keywords>
				0x8000000000000000
			</Keywords>
			<TimeCreated SystemTime="2023-05-12T07:35:42.1958976Z" />
			<EventRecordID>
				1152
			</EventRecordID>
			<Correlation />
			<Execution ProcessID="2868" ThreadID="5544" />
			<Channel>
				Microsoft-Windows-Sysmon/Operational
			</Channel>
			<Computer>
				DESKTOP-0QN63TJ
			</Computer>
			<Security UserID="S-1-5-18" />
		</System>
		<EventData>
			<Data Name="RuleName">
				-
			</Data>
			<Data Name="UtcTime">
				2023-05-12 07:35:42.181
			</Data>
			<Data Name="ProcessGuid">
				{4158b3ab-ec4e-645d-5c01-000000000900}
			</Data>
			<Data Name="ProcessId">
				3980
			</Data>
			<Data Name="Image">
				C:\Windows\Microsoft.NET\Framework64\v4.0.30319\mscorsvw.exe
			</Data>
			<Data Name="User">
				NT AUTHORITY\SYSTEM
			</Data>
		</EventData>
	</Event>
	<Event xmlns="http://schemas.microsoft.com/win/2004/08/events/event">
		<System>
			<Provider Name="Microsoft-Windows-Sysmon" Guid="{5770385f-c22a-43e0-bf4c-06f5698ffbd9}" />
			<EventID>
				1
			</EventID>
			<Version>
				5
			</Version>
			<Level>
				4
			</Level>
			<Task>
				1
			</Task>
			<Opcode>
				0
			</Opcode>
			<Keywords>
				0x8000000000000000
			</Keywords>
			<TimeCreated SystemTime="2023-05-12T07:35:42.1926068Z" />
			<EventRecordID>
				1151
			</EventRecordID>
			<Correlation />
			<Execution ProcessID="2868" ThreadID="5544" />
			<Channel>
				Microsoft-Windows-Sysmon/Operational
			</Channel>
			<Computer>
				DESKTOP-0QN63TJ
			</Computer>
			<Security UserID="S-1-5-18" />
		</System>
		<EventData>
			<Data Name="RuleName">
				-
			</Data>
			<Data Name="UtcTime">
				2023-05-12 07:35:42.184
			</Data>
			<Data Name="ProcessGuid">
				{4158b3ab-ec4e-645d-5d01-000000000900}
			</Data>
			<Data Name="ProcessId">
				6844
			</Data>
			<Data Name="Image">
				C:\Windows\Microsoft.NET\Framework64\v4.0.30319\mscorsvw.exe
			</Data>
			<Data Name="FileVersion">
				4.8.4320.0 built by: NET48REL1LAST_C
			</Data>
			<Data Name="Description">
				.NET Runtime Optimization Service
			</Data>
			<Data Name="Product">
				Microsoft® .NET Framework
			</Data>
			<Data Name="Company">
				Microsoft Corporation
			</Data>
			<Data Name="OriginalFileName">
				mscorsvw.exe
			</Data>
			<Data Name="CommandLine">
				C:\Windows\Microsoft.NET\Framework64\v4.0.30319\mscorsvw.exe -StartupEvent 44c -InterruptEvent 0 -NGENProcess 458 -Pipe 410 -Comment "NGen Worker Process"
			</Data>
			<Data Name="CurrentDirectory">
				C:\Windows\system32\
			</Data>
			<Data Name="User">
				NT AUTHORITY\SYSTEM
			</Data>
			<Data Name="LogonGuid">
				{4158b3ab-e9ab-645d-e703-000000000000}
			</Data>
			<Data Name="LogonId">
				0x3e7
			</Data>
			<Data Name="TerminalSessionId">
				0
			</Data>
			<Data Name="IntegrityLevel">
				System
			</Data>
			<Data Name="Hashes">
				SHA256=DA1087BA2641EFD77D85E5838AEB6C333E80CAA9F24C889FD2DE2E0B58F8D1A5
			</Data>
			<Data Name="ParentProcessGuid">
				{4158b3ab-ec23-645d-ef00-000000000900}
			</Data>
			<Data Name="ParentProcessId">
				2500
			</Data>
			<Data Name="ParentImage">
				C:\Windows\Microsoft.NET\Framework64\v4.0.30319\ngen.exe
			</Data>
			<Data Name="ParentCommandLine">
				"C:\Windows\Microsoft.NET\Framework64\v4.0.30319\ngen.exe" ExecuteQueuedItems /LegacyServiceBehavior
			</Data>
			<Data Name="ParentUser">
				NT AUTHORITY\SYSTEM
			</Data>
		</EventData>
	</Event>
	<Event xmlns="http://schemas.microsoft.com/win/2004/08/events/event">
		<System>
			<Provider Name="Microsoft-Windows-Sysmon" Guid="{5770385f-c22a-43e0-bf4c-06f5698ffbd9}" />
			<EventID>
				5
			</EventID>
			<Version>
				3
			</Version>
			<Level>
				4
			</Level>
			<Task>
				5
			</Task>
			<Opcode>
				0
			</Opcode>
			<Keywords>
				0x8000000000000000
			</Keywords>
			<TimeCreated SystemTime="2023-05-12T07:35:42.0256086Z" />
			<EventRecordID>
				1150
			</EventRecordID>
			<Correlation />
			<Execution ProcessID="2868" ThreadID="5544" />
			<Channel>
				Microsoft-Windows-Sysmon/Operational
			</Channel>
			<Computer>
				DESKTOP-0QN63TJ
			</Computer>
			<Security UserID="S-1-5-18" />
		</System>
		<EventData>
			<Data Name="RuleName">
				-
			</Data>
			<Data Name="UtcTime">
				2023-05-12 07:35:42.010
			</Data>
			<Data Name="ProcessGuid">
				{4158b3ab-ec4d-645d-5b01-000000000900}
			</Data>
			<Data Name="ProcessId">
				3724
			</Data>
			<Data Name="Image">
				C:\Windows\Microsoft.NET\Framework64\v4.0.30319\mscorsvw.exe
			</Data>
			<Data Name="User">
				NT AUTHORITY\SYSTEM
			</Data>
		</EventData>
	</Event>
	<Event xmlns="http://schemas.microsoft.com/win/2004/08/events/event">
		<System>
			<Provider Name="Microsoft-Windows-Sysmon" Guid="{5770385f-c22a-43e0-bf4c-06f5698ffbd9}" />
			<EventID>
				1
			</EventID>
			<Version>
				5
			</Version>
			<Level>
				4
			</Level>
			<Task>
				1
			</Task>
			<Opcode>
				0
			</Opcode>
			<Keywords>
				0x8000000000000000
			</Keywords>
			<TimeCreated SystemTime="2023-05-12T07:35:42.0227610Z" />
			<EventRecordID>
				1149
			</EventRecordID>
			<Correlation />
			<Execution ProcessID="2868" ThreadID="5544" />
			<Channel>
				Microsoft-Windows-Sysmon/Operational
			</Channel>
			<Computer>
				DESKTOP-0QN63TJ
			</Computer>
			<Security UserID="S-1-5-18" />
		</System>
		<EventData>
			<Data Name="RuleName">
				-
			</Data>
			<Data Name="UtcTime">
				2023-05-12 07:35:42.018
			</Data>
			<Data Name="ProcessGuid">
				{4158b3ab-ec4e-645d-5c01-000000000900}
			</Data>
			<Data Name="ProcessId">
				3980
			</Data>
			<Data Name="Image">
				C:\Windows\Microsoft.NET\Framework64\v4.0.30319\mscorsvw.exe
			</Data>
			<Data Name="FileVersion">
				4.8.4320.0 built by: NET48REL1LAST_C
			</Data>
			<Data Name="Description">
				.NET Runtime Optimization Service
			</Data>
			<Data Name="Product">
				Microsoft® .NET Framework
			</Data>
			<Data Name="Company">
				Microsoft Corporation
			</Data>
			<Data Name="OriginalFileName">
				mscorsvw.exe
			</Data>
			<Data Name="CommandLine">
				C:\Windows\Microsoft.NET\Framework64\v4.0.30319\mscorsvw.exe -StartupEvent 2a8 -InterruptEvent 0 -NGENProcess 45c -Pipe 314 -Comment "NGen Worker Process"
			</Data>
			<Data Name="CurrentDirectory">
				C:\Windows\system32\
			</Data>
			<Data Name="User">
				NT AUTHORITY\SYSTEM
			</Data>
			<Data Name="LogonGuid">
				{4158b3ab-e9ab-645d-e703-000000000000}
			</Data>
			<Data Name="LogonId">
				0x3e7
			</Data>
			<Data Name="TerminalSessionId">
				0
			</Data>
			<Data Name="IntegrityLevel">
				System
			</Data>
			<Data Name="Hashes">
				SHA256=DA1087BA2641EFD77D85E5838AEB6C333E80CAA9F24C889FD2DE2E0B58F8D1A5
			</Data>
			<Data Name="ParentProcessGuid">
				{4158b3ab-ec23-645d-ef00-000000000900}
			</Data>
			<Data Name="ParentProcessId">
				2500
			</Data>
			<Data Name="ParentImage">
				C:\Windows\Microsoft.NET\Framework64\v4.0.30319\ngen.exe
			</Data>
			<Data Name="ParentCommandLine">
				"C:\Windows\Microsoft.NET\Framework64\v4.0.30319\ngen.exe" ExecuteQueuedItems /LegacyServiceBehavior
			</Data>
			<Data Name="ParentUser">
				NT AUTHORITY\SYSTEM
			</Data>
		</EventData>
	</Event>
	<Event xmlns="http://schemas.microsoft.com/win/2004/08/events/event">
		<System>
			<Provider Name="Microsoft-Windows-Sysmon" Guid="{5770385f-c22a-43e0-bf4c-06f5698ffbd9}" />
			<EventID>
				5
			</EventID>
			<Version>
				3
			</Version>
			<Level>
				4
			</Level>
			<Task>
				5
			</Task>
			<Opcode>
				0
			</Opcode>
			<Keywords>
				0x8000000000000000
			</Keywords>
			<TimeCreated SystemTime="2023-05-12T07:35:41.8562291Z" />
			<EventRecordID>
				1148
			</EventRecordID>
			<Correlation />
			<Execution ProcessID="2868" ThreadID="5544" />
			<Channel>
				Microsoft-Windows-Sysmon/Operational
			</Channel>
			<Computer>
				DESKTOP-0QN63TJ
			</Computer>
			<Security UserID="S-1-5-18" />
		</System>
		<EventData>
			<Data Name="RuleName">
				-
			</Data>
			<Data Name="UtcTime">
				2023-05-12 07:35:41.853
			</Data>
			<Data Name="ProcessGuid">
				{4158b3ab-ec4d-645d-5a01-000000000900}
			</Data>
			<Data Name="ProcessId">
				3776
			</Data>
			<Data Name="Image">
				C:\Windows\Microsoft.NET\Framework64\v4.0.30319\mscorsvw.exe
			</Data>
			<Data Name="User">
				NT AUTHORITY\SYSTEM
			</Data>
		</EventData>
	</Event>
	