<Event xmlns="http://schemas.microsoft.com/win/2004/08/events/event">
		<System>
			<Provider Name="Microsoft-Windows-Sysmon" Guid="{5770385f-c22a-43e0-bf4c-06f5698ffbd9}" />
			<EventID>
				1
			</EventID>
			<Version>
				5
			</Version>
			<Level>
				4
			</Level>
			<Task>
				1
			</Task>
			<Opcode>
				0
			</Opcode>
			<Keywords>
				0x8000000000000000
			</Keywords>
			<TimeCreated SystemTime="2023-05-12T07:35:41.8545372Z" />
			<EventRecordID>
				1147
			</EventRecordID>
			<Correlation />
			<Execution ProcessID="2868" ThreadID="5544" />
			<Channel>
				Microsoft-Windows-Sysmon/Operational
			</Channel>
			<Computer>
				DESKTOP-0QN63TJ
			</Computer>
			<Security UserID="S-1-5-18" />
		</System>
		<EventData>
			<Data Name="RuleName">
				-
			</Data>
			<Data Name="UtcTime">
				2023-05-12 07:35:41.849
			</Data>
			<Data Name="ProcessGuid">
				{4158b3ab-ec4d-645d-5b01-000000000900}
			</Data>
			<Data Name="ProcessId">
				3724
			</Data>
			<Data Name="Image">
				C:\Windows\Microsoft.NET\Framework64\v4.0.30319\mscorsvw.exe
			</Data>
			<Data Name="FileVersion">
				4.8.4320.0 built by: NET48REL1LAST_C
			</Data>
			<Data Name="Description">
				.NET Runtime Optimization Service
			</Data>
			<Data Name="Product">
				Microsoft® .NET Framework
			</Data>
			<Data Name="Company">
				Microsoft Corporation
			</Data>
			<Data Name="OriginalFileName">
				mscorsvw.exe
			</Data>
			<Data Name="CommandLine">
				C:\Windows\Microsoft.NET\Framework64\v4.0.30319\mscorsvw.exe -StartupEvent 464 -InterruptEvent 0 -NGENProcess 45c -Pipe 42c -Comment "NGen Worker Process"
			</Data>
			<Data Name="CurrentDirectory">
				C:\Windows\system32\
			</Data>
			<Data Name="User">
				NT AUTHORITY\SYSTEM
			</Data>
			<Data Name="LogonGuid">
				{4158b3ab-e9ab-645d-e703-000000000000}
			</Data>
			<Data Name="LogonId">
				0x3e7
			</Data>
			<Data Name="TerminalSessionId">
				0
			</Data>
			<Data Name="IntegrityLevel">
				System
			</Data>
			<Data Name="Hashes">
				SHA256=DA1087BA2641EFD77D85E5838AEB6C333E80CAA9F24C889FD2DE2E0B58F8D1A5
			</Data>
			<Data Name="ParentProcessGuid">
				{4158b3ab-ec23-645d-ef00-000000000900}
			</Data>
			<Data Name="ParentProcessId">
				2500
			</Data>
			<Data Name="ParentImage">
				C:\Windows\Microsoft.NET\Framework64\v4.0.30319\ngen.exe
			</Data>
			<Data Name="ParentCommandLine">
				"C:\Windows\Microsoft.NET\Framework64\v4.0.30319\ngen.exe" ExecuteQueuedItems /LegacyServiceBehavior
			</Data>
			<Data Name="ParentUser">
				NT AUTHORITY\SYSTEM
			</Data>
		</EventData>
	</Event>
	<Event xmlns="http://schemas.microsoft.com/win/2004/08/events/event">
		<System>
			<Provider Name="Microsoft-Windows-Sysmon" Guid="{5770385f-c22a-43e0-bf4c-06f5698ffbd9}" />
			<EventID>
				1
			</EventID>
			<Version>
				5
			</Version>
			<Level>
				4
			</Level>
			<Task>
				1
			</Task>
			<Opcode>
				0
			</Opcode>
			<Keywords>
				0x8000000000000000
			</Keywords>
			<TimeCreated SystemTime="2023-05-12T07:35:41.7495755Z" />
			<EventRecordID>
				1146
			</EventRecordID>
			<Correlation />
			<Execution ProcessID="2868" ThreadID="5544" />
			<Channel>
				Microsoft-Windows-Sysmon/Operational
			</Channel>
			<Computer>
				DESKTOP-0QN63TJ
			</Computer>
			<Security UserID="S-1-5-18" />
		</System>
		<EventData>
			<Data Name="RuleName">
				-
			</Data>
			<Data Name="UtcTime">
				2023-05-12 07:35:41.740
			</Data>
			<Data Name="ProcessGuid">
				{4158b3ab-ec4d-645d-5a01-000000000900}
			</Data>
			<Data Name="ProcessId">
				3776
			</Data>
			<Data Name="Image">
				C:\Windows\Microsoft.NET\Framework64\v4.0.30319\mscorsvw.exe
			</Data>
			<Data Name="FileVersion">
				4.8.4320.0 built by: NET48REL1LAST_C
			</Data>
			<Data Name="Description">
				.NET Runtime Optimization Service
			</Data>
			<Data Name="Product">
				Microsoft® .NET Framework
			</Data>
			<Data Name="Company">
				Microsoft Corporation
			</Data>
			<Data Name="OriginalFileName">
				mscorsvw.exe
			</Data>
			<Data Name="CommandLine">
				C:\Windows\Microsoft.NET\Framework64\v4.0.30319\mscorsvw.exe -StartupEvent 410 -InterruptEvent 0 -NGENProcess 458 -Pipe 468 -Comment "NGen Worker Process"
			</Data>
			<Data Name="CurrentDirectory">
				C:\Windows\system32\
			</Data>
			<Data Name="User">
				NT AUTHORITY\SYSTEM
			</Data>
			<Data Name="LogonGuid">
				{4158b3ab-e9ab-645d-e703-000000000000}
			</Data>
			<Data Name="LogonId">
				0x3e7
			</Data>
			<Data Name="TerminalSessionId">
				0
			</Data>
			<Data Name="IntegrityLevel">
				System
			</Data>
			<Data Name="Hashes">
				SHA256=DA1087BA2641EFD77D85E5838AEB6C333E80CAA9F24C889FD2DE2E0B58F8D1A5
			</Data>
			<Data Name="ParentProcessGuid">
				{4158b3ab-ec23-645d-ef00-000000000900}
			</Data>
			<Data Name="ParentProcessId">
				2500
			</Data>
			<Data Name="ParentImage">
				C:\Windows\Microsoft.NET\Framework64\v4.0.30319\ngen.exe
			</Data>
			<Data Name="ParentCommandLine">
				"C:\Windows\Microsoft.NET\Framework64\v4.0.30319\ngen.exe" ExecuteQueuedItems /LegacyServiceBehavior
			</Data>
			<Data Name="ParentUser">
				NT AUTHORITY\SYSTEM
			</Data>
		</EventData>
	</Event>
	<Event xmlns="http://schemas.microsoft.com/win/2004/08/events/event">
		<System>
			<Provider Name="Microsoft-Windows-Sysmon" Guid="{5770385f-c22a-43e0-bf4c-06f5698ffbd9}" />
			<EventID>
				5
			</EventID>
			<Version>
				3
			</Version>
			<Level>
				4
			</Level>
			<Task>
				5
			</Task>
			<Opcode>
				0
			</Opcode>
			<Keywords>
				0x8000000000000000
			</Keywords>
			<TimeCreated SystemTime="2023-05-12T07:35:41.7440743Z" />
			<EventRecordID>
				1145
			</EventRecordID>
			<Correlation />
			<Execution ProcessID="2868" ThreadID="5544" />
			<Channel>
				Microsoft-Windows-Sysmon/Operational
			</Channel>
			<Computer>
				DESKTOP-0QN63TJ
			</Computer>
			<Security UserID="S-1-5-18" />
		</System>
		<EventData>
			<Data Name="RuleName">
				-
			</Data>
			<Data Name="UtcTime">
				2023-05-12 07:35:41.729
			</Data>
			<Data Name="ProcessGuid">
				{4158b3ab-ec4d-645d-5901-000000000900}
			</Data>
			<Data Name="ProcessId">
				5840
			</Data>
			<Data Name="Image">
				C:\Windows\Microsoft.NET\Framework64\v4.0.30319\mscorsvw.exe
			</Data>
			<Data Name="User">
				NT AUTHORITY\SYSTEM
			</Data>
		</EventData>
	</Event>
	<Event xmlns="http://schemas.microsoft.com/win/2004/08/events/event">
		<System>
			<Provider Name="Microsoft-Windows-Sysmon" Guid="{5770385f-c22a-43e0-bf4c-06f5698ffbd9}" />
			<EventID>
				5
			</EventID>
			<Version>
				3
			</Version>
			<Level>
				4
			</Level>
			<Task>
				5
			</Task>
			<Opcode>
				0
			</Opcode>
			<Keywords>
				0x8000000000000000
			</Keywords>
			<TimeCreated SystemTime="2023-05-12T07:35:41.5679243Z" />
			<EventRecordID>
				1144
			</EventRecordID>
			<Correlation />
			<Execution ProcessID="2868" ThreadID="5544" />
			<Channel>
				Microsoft-Windows-Sysmon/Operational
			</Channel>
			<Computer>
				DESKTOP-0QN63TJ
			</Computer>
			<Security UserID="S-1-5-18" />
		</System>
		<EventData>
			<Data Name="RuleName">
				-
			</Data>
			<Data Name="UtcTime">
				2023-05-12 07:35:41.556
			</Data>
			<Data Name="ProcessGuid">
				{4158b3ab-ec4d-645d-5801-000000000900}
			</Data>
			<Data Name="ProcessId">
				6484
			</Data>
			<Data Name="Image">
				C:\Windows\Microsoft.NET\Framework64\v4.0.30319\mscorsvw.exe
			</Data>
			<Data Name="User">
				NT AUTHORITY\SYSTEM
			</Data>
		</EventData>
	</Event>
	<Event xmlns="http://schemas.microsoft.com/win/2004/08/events/event">
		<System>
			<Provider Name="Microsoft-Windows-Sysmon" Guid="{5770385f-c22a-43e0-bf4c-06f5698ffbd9}" />
			<EventID>
				1
			</EventID>
			<Version>
				5
			</Version>
			<Level>
				4
			</Level>
			<Task>
				1
			</Task>
			<Opcode>
				0
			</Opcode>
			<Keywords>
				0x8000000000000000
			</Keywords>
			<TimeCreated SystemTime="2023-05-12T07:35:41.5528916Z" />
			<EventRecordID>
				1143
			</EventRecordID>
			<Correlation />
			<Execution ProcessID="2868" ThreadID="5544" />
			<Channel>
				Microsoft-Windows-Sysmon/Operational
			</Channel>
			<Computer>
				DESKTOP-0QN63TJ
			</Computer>
			<Security UserID="S-1-5-18" />
		</System>
		<EventData>
			<Data Name="RuleName">
				-
			</Data>
			<Data Name="UtcTime">
				2023-05-12 07:35:41.549
			</Data>
			<Data Name="ProcessGuid">
				{4158b3ab-ec4d-645d-5901-000000000900}
			</Data>
			<Data Name="ProcessId">
				5840
			</Data>
			<Data Name="Image">
				C:\Windows\Microsoft.NET\Framework64\v4.0.30319\mscorsvw.exe
			</Data>
			<Data Name="FileVersion">
				4.8.4320.0 built by: NET48REL1LAST_C
			</Data>
			<Data Name="Description">
				.NET Runtime Optimization Service
			</Data>
			<Data Name="Product">
				Microsoft® .NET Framework
			</Data>
			<Data Name="Company">
				Microsoft Corporation
			</Data>
			<Data Name="OriginalFileName">
				mscorsvw.exe
			</Data>
			<Data Name="CommandLine">
				C:\Windows\Microsoft.NET\Framework64\v4.0.30319\mscorsvw.exe -StartupEvent 454 -InterruptEvent 0 -NGENProcess 45c -Pipe 444 -Comment "NGen Worker Process"
			</Data>
			<Data Name="CurrentDirectory">
				C:\Windows\system32\
			</Data>
			<Data Name="User">
				NT AUTHORITY\SYSTEM
			</Data>
			<Data Name="LogonGuid">
				{4158b3ab-e9ab-645d-e703-000000000000}
			</Data>
			<Data Name="LogonId">
				0x3e7
			</Data>
			<Data Name="TerminalSessionId">
				0
			</Data>
			<Data Name="IntegrityLevel">
				System
			</Data>
			<Data Name="Hashes">
				SHA256=DA1087BA2641EFD77D85E5838AEB6C333E80CAA9F24C889FD2DE2E0B58F8D1A5
			</Data>
			<Data Name="ParentProcessGuid">
				{4158b3ab-ec23-645d-ef00-000000000900}
			</Data>
			<Data Name="ParentProcessId">
				2500
			</Data>
			<Data Name="ParentImage">
				C:\Windows\Microsoft.NET\Framework64\v4.0.30319\ngen.exe
			</Data>
			<Data Name="ParentCommandLine">
				"C:\Windows\Microsoft.NET\Framework64\v4.0.30319\ngen.exe" ExecuteQueuedItems /LegacyServiceBehavior
			</Data>
			<Data Name="ParentUser">
				NT AUTHORITY\SYSTEM
			</Data>
		</EventData>
	</Event>
	<Event xmlns="http://schemas.microsoft.com/win/2004/08/events/event">
		<System>
			<Provider Name="Microsoft-Windows-Sysmon" Guid="{5770385f-c22a-43e0-bf4c-06f5698ffbd9}" />
			<EventID>
				5
			</EventID>
			<Version>
				3
			</Version>
			<Level>
				4
			</Level>
			<Task>
				5
			</Task>
			<Opcode>
				0
			</Opcode>
			<Keywords>
				0x8000000000000000
			</Keywords>
			<TimeCreated SystemTime="2023-05-12T07:35:41.4297936Z" />
			<EventRecordID>
				1142
			</EventRecordID>
			<Correlation />
			<Execution ProcessID="2868" ThreadID="5544" />
			<Channel>
				Microsoft-Windows-Sysmon/Operational
			</Channel>
			<Computer>
				DESKTOP-0QN63TJ
			</Computer>
			<Security UserID="S-1-5-18" />
		</System>
		<EventData>
			<Data Name="RuleName">
				-
			</Data>
			<Data Name="UtcTime">
				2023-05-12 07:35:41.416
			</Data>
			<Data Name="ProcessGuid">
				{4158b3ab-ec4d-645d-5701-000000000900}
			</Data>
			<Data Name="ProcessId">
				5976
			</Data>
			<Data Name="Image">
				C:\Windows\Microsoft.NET\Framework64\v4.0.30319\mscorsvw.exe
			</Data>
			<Data Name="User">
				NT AUTHORITY\SYSTEM
			</Data>
		</EventData>
	</Event>
	<Event xmlns="http://schemas.microsoft.com/win/2004/08/events/event">
		<System>
			<Provider Name="Microsoft-Windows-Sysmon" Guid="{5770385f-c22a-43e0-bf4c-06f5698ffbd9}" />
			<EventID>
				1
			</EventID>
			<Version>
				5
			</Version>
			<Level>
				4
			</Level>
			<Task>
				1
			</Task>
			<Opcode>
				0
			</Opcode>
			<Keywords>
				0x8000000000000000
			</Keywords>
			<TimeCreated SystemTime="2023-05-12T07:35:41.4295323Z" />
			<EventRecordID>
				1141
			</EventRecordID>
			<Correlation />
			<Execution ProcessID="2868" ThreadID="5544" />
			<Channel>
				Microsoft-Windows-Sysmon/Operational
			</Channel>
			<Computer>
				DESKTOP-0QN63TJ
			</Computer>
			<Security UserID="S-1-5-18" />
		</System>
		<EventData>
			<Data Name="RuleName">
				-
			</Data>
			<Data Name="UtcTime">
				2023-05-12 07:35:41.420
			</Data>
			<Data Name="ProcessGuid">
				{4158b3ab-ec4d-645d-5801-000000000900}
			</Data>
			<Data Name="ProcessId">
				6484
			</Data>
			<Data Name="Image">
				C:\Windows\Microsoft.NET\Framework64\v4.0.30319\mscorsvw.exe
			</Data>
			<Data Name="FileVersion">
				4.8.4320.0 built by: NET48REL1LAST_C
			</Data>
			<Data Name="Description">
				.NET Runtime Optimization Service
			</Data>
			<Data Name="Product">
				Microsoft® .NET Framework
			</Data>
			<Data Name="Company">
				Microsoft Corporation
			</Data>
			<Data Name="OriginalFileName">
				mscorsvw.exe
			</Data>
			<Data Name="CommandLine">
				C:\Windows\Microsoft.NET\Framework64\v4.0.30319\mscorsvw.exe -StartupEvent 448 -InterruptEvent 0 -NGENProcess 408 -Pipe 450 -Comment "NGen Worker Process"
			</Data>
			<Data Name="CurrentDirectory">
				C:\Windows\system32\
			</Data>
			<Data Name="User">
				NT AUTHORITY\SYSTEM
			</Data>
			<Data Name="LogonGuid">
				{4158b3ab-e9ab-645d-e703-000000000000}
			</Data>
			<Data Name="LogonId">
				0x3e7
			</Data>
			<Data Name="TerminalSessionId">
				0
			</Data>
			<Data Name="IntegrityLevel">
				System
			</Data>
			<Data Name="Hashes">
				SHA256=DA1087BA2641EFD77D85E5838AEB6C333E80CAA9F24C889FD2DE2E0B58F8D1A5
			</Data>
			<Data Name="ParentProcessGuid">
				{4158b3ab-ec23-645d-ef00-000000000900}
			</Data>
			<Data Name="ParentProcessId">
				2500
			</Data>
			<Data Name="ParentImage">
				C:\Windows\Microsoft.NET\Framework64\v4.0.30319\ngen.exe
			</Data>
			<Data Name="ParentCommandLine">
				"C:\Windows\Microsoft.NET\Framework64\v4.0.30319\ngen.exe" ExecuteQueuedItems /LegacyServiceBehavior
			</Data>
			<Data Name="ParentUser">
				NT AUTHORITY\SYSTEM
			</Data>
		</EventData>
	</Event>
	<Event xmlns="http://schemas.microsoft.com/win/2004/08/events/event">
		<System>
			<Provider Name="Microsoft-Windows-Sysmon" Guid="{5770385f-c22a-43e0-bf4c-06f5698ffbd9}" />
			<EventID>
				5
			</EventID>
			<Version>
				3
			</Version>
			<Level>
				4
			</Level>
			<Task>
				5
			</Task>
			<Opcode>
				0
			</Opcode>
			<Keywords>
				0x8000000000000000
			</Keywords>
			<TimeCreated SystemTime="2023-05-12T07:35:41.3158715Z" />
			<EventRecordID>
				1140
			</EventRecordID>
			<Correlation />
			<Execution ProcessID="2868" ThreadID="5544" />
			<Channel>
				Microsoft-Windows-Sysmon/Operational
			</Channel>
			<Computer>
				DESKTOP-0QN63TJ
			</Computer>
			<Security UserID="S-1-5-18" />
		</System>
		<EventData>
			<Data Name="RuleName">
				-
			</Data>
			<Data Name="UtcTime">
				2023-05-12 07:35:41.306
			</Data>
			<Data Name="ProcessGuid">
				{4158b3ab-ec4d-645d-5601-000000000900}
			</Data>
			<Data Name="ProcessId">
				2084
			</Data>
			<Data Name="Image">
				C:\Windows\Microsoft.NET\Framework64\v4.0.30319\mscorsvw.exe
			</Data>
			<Data Name="User">
				NT AUTHORITY\SYSTEM
			</Data>
		</EventData>
	</Event>
	<Event xmlns="http://schemas.microsoft.com/win/2004/08/events/event">
		<System>
			<Provider Name="Microsoft-Windows-Sysmon" Guid="{5770385f-c22a-43e0-bf4c-06f5698ffbd9}" />
			<EventID>
				1
			</EventID>
			<Version>
				5
			</Version>
			<Level>
				4
			</Level>
			<Task>
				1
			</Task>
			<Opcode>
				0
			</Opcode>
			<Keywords>
				0x8000000000000000
			</Keywords>
			<TimeCreated SystemTime="2023-05-12T07:35:41.3132684Z" />
			<EventRecordID>
				1139
			</EventRecordID>
			<Correlation />
			<Execution ProcessID="2868" ThreadID="5544" />
			<Channel>
				Microsoft-Windows-Sysmon/Operational
			</Channel>
			<Computer>
				DESKTOP-0QN63TJ
			</Computer>
			<Security UserID="S-1-5-18" />
		</System>
		<EventData>
			<Data Name="RuleName">
				-
			</Data>
			<Data Name="UtcTime">
				2023-05-12 07:35:41.306
			</Data>
			<Data Name="ProcessGuid">
				{4158b3ab-ec4d-645d-5701-000000000900}
			</Data>
			<Data Name="ProcessId">
				5976
			</Data>
			<Data Name="Image">
				C:\Windows\Microsoft.NET\Framework64\v4.0.30319\mscorsvw.exe
			</Data>
			<Data Name="FileVersion">
				4.8.4320.0 built by: NET48REL1LAST_C
			</Data>
			<Data Name="Description">
				.NET Runtime Optimization Service
			</Data>
			<Data Name="Product">
				Microsoft® .NET Framework
			</Data>
			<Data Name="Company">
				Microsoft Corporation
			</Data>
			<Data Name="OriginalFileName">
				mscorsvw.exe
			</Data>
			<Data Name="CommandLine">
				C:\Windows\Microsoft.NET\Framework64\v4.0.30319\mscorsvw.exe -StartupEvent 2a8 -InterruptEvent 0 -NGENProcess 430 -Pipe 428 -Comment "NGen Worker Process"
			</Data>
			<Data Name="CurrentDirectory">
				C:\Windows\system32\
			</Data>
			<Data Name="User">
				NT AUTHORITY\SYSTEM
			</Data>
			<Data Name="LogonGuid">
				{4158b3ab-e9ab-645d-e703-000000000000}
			</Data>
			<Data Name="LogonId">
				0x3e7
			</Data>
			<Data Name="TerminalSessionId">
				0
			</Data>
			<Data Name="IntegrityLevel">
				System
			</Data>
			<Data Name="Hashes">
				SHA256=DA1087BA2641EFD77D85E5838AEB6C333E80CAA9F24C889FD2DE2E0B58F8D1A5
			</Data>
			<Data Name="ParentProcessGuid">
				{4158b3ab-ec23-645d-ef00-000000000900}
			</Data>
			<Data Name="ParentProcessId">
				2500
			</Data>
			<Data Name="ParentImage">
				C:\Windows\Microsoft.NET\Framework64\v4.0.30319\ngen.exe
			</Data>
			<Data Name="ParentCommandLine">
				"C:\Windows\Microsoft.NET\Framework64\v4.0.30319\ngen.exe" ExecuteQueuedItems /LegacyServiceBehavior
			</Data>
			<Data Name="ParentUser">
				NT AUTHORITY\SYSTEM
			</Data>
		</EventData>
	</Event>
	<Event xmlns="http://schemas.microsoft.com/win/2004/08/events/event">
		<System>
			<Provider Name="Microsoft-Windows-Sysmon" Guid="{5770385f-c22a-43e0-bf4c-06f5698ffbd9}" />
			<EventID>
				5
			</EventID>
			<Version>
				3
			</Version>
			<Level>
				4
			</Level>
			<Task>
				5
			</Task>
			<Opcode>
				0
			</Opcode>
			<Keywords>
				0x8000000000000000
			</Keywords>
			<TimeCreated SystemTime="2023-05-12T07:35:41.2297991Z" />
			<EventRecordID>
				1138
			</EventRecordID>
			<Correlation />
			<Execution ProcessID="2868" ThreadID="5544" />
			<Channel>
				Microsoft-Windows-Sysmon/Operational
			</Channel>
			<Computer>
				DESKTOP-0QN63TJ
			</Computer>
			<Security UserID="S-1-5-18" />
		</System>
		<EventData>
			<Data Name="RuleName">
				-
			</Data>
			<Data Name="UtcTime">
				2023-05-12 07:35:41.228
			</Data>
			<Data Name="ProcessGuid">
				{4158b3ab-ec4d-645d-5501-000000000900}
			</Data>
			<Data Name="ProcessId">
				3280
			</Data>
			<Data Name="Image">
				C:\Windows\Microsoft.NET\Framework64\v4.0.30319\mscorsvw.exe
			</Data>
			<Data Name="User">
				NT AUTHORITY\SYSTEM
			</Data>
		</EventData>
	</Event>
	<Event xmlns="http://schemas.microsoft.com/win/2004/08/events/event">
		<System>
			<Provider Name="Microsoft-Windows-Sysmon" Guid="{5770385f-c22a-43e0-bf4c-06f5698ffbd9}" />
			<EventID>
				1
			</EventID>
			<Version>
				5
			</Version>
			<Level>
				4
			</Level>
			<Task>
				1
			</Task>
			<Opcode>
				0
			</Opcode>
			<Keywords>
				0x8000000000000000
			</Keywords>
			<TimeCreated SystemTime="2023-05-12T07:35:41.2194397Z" />
			<EventRecordID>
				1137
			</EventRecordID>
			<Correlation />
			<Execution ProcessID="2868" ThreadID="5544" />
			<Channel>
				Microsoft-Windows-Sysmon/Operational
			</Channel>
			<Computer>
				DESKTOP-0QN63TJ
			</Computer>
			<Security UserID="S-1-5-18" />
		</System>
		<EventData>
			<Data Name="RuleName">
				-
			</Data>
			<Data Name="UtcTime">
				2023-05-12 07:35:41.216
			</Data>
			<Data Name="ProcessGuid">
				{4158b3ab-ec4d-645d-5601-000000000900}
			</Data>
			<Data Name="ProcessId">
				2084
			</Data>
			<Data Name="Image">
				C:\Windows\Microsoft.NET\Framework64\v4.0.30319\mscorsvw.exe
			</Data>
			<Data Name="FileVersion">
				4.8.4320.0 built by: NET48REL1LAST_C
			</Data>
			<Data Name="Description">
				.NET Runtime Optimization Service
			</Data>
			<Data Name="Product">
				Microsoft® .NET Framework
			</Data>
			<Data Name="Company">
				Microsoft Corporation
			</Data>
			<Data Name="OriginalFileName">
				mscorsvw.exe
			</Data>
			<Data Name="CommandLine">
				C:\Windows\Microsoft.NET\Framework64\v4.0.30319\mscorsvw.exe -StartupEvent 42c -InterruptEvent 0 -NGENProcess 43c -Pipe 438 -Comment "NGen Worker Process"
			</Data>
			<Data Name="CurrentDirectory">
				C:\Windows\system32\
			</Data>
			<Data Name="User">
				NT AUTHORITY\SYSTEM
			</Data>
			<Data Name="LogonGuid">
				{4158b3ab-e9ab-645d-e703-000000000000}
			</Data>
			<Data Name="LogonId">
				0x3e7
			</Data>
			<Data Name="TerminalSessionId">
				0
			</Data>
			<Data Name="IntegrityLevel">
				System
			</Data>
			<Data Name="Hashes">
				SHA256=DA1087BA2641EFD77D85E5838AEB6C333E80CAA9F24C889FD2DE2E0B58F8D1A5
			</Data>
			<Data Name="ParentProcessGuid">
				{4158b3ab-ec23-645d-ef00-000000000900}
			</Data>
			<Data Name="ParentProcessId">
				2500
			</Data>
			<Data Name="ParentImage">
				C:\Windows\Microsoft.NET\Framework64\v4.0.30319\ngen.exe
			</Data>
			<Data Name="ParentCommandLine">
				"C:\Windows\Microsoft.NET\Framework64\v4.0.30319\ngen.exe" ExecuteQueuedItems /LegacyServiceBehavior
			</Data>
			<Data Name="ParentUser">
				NT AUTHORITY\SYSTEM
			</Data>
		</EventData>
	</Event>
	<Event xmlns="http://schemas.microsoft.com/win/2004/08/events/event">
		<System>
			<Provider Name="Microsoft-Windows-Sysmon" Guid="{5770385f-c22a-43e0-bf4c-06f5698ffbd9}" />
			<EventID>
				5
			</EventID>
			<Version>
				3
			</Version>
			<Level>
				4
			</Level>
			<Task>
				5
			</Task>
			<Opcode>
				0
			</Opcode>
			<Keywords>
				0x8000000000000000
			</Keywords>
			<TimeCreated SystemTime="2023-05-12T07:35:41.1208459Z" />
			<EventRecordID>
				1136
			</EventRecordID>
			<Correlation />
			<Execution ProcessID="2868" ThreadID="5544" />
			<Channel>
				Microsoft-Windows-Sysmon/Operational
			</Channel>
			<Computer>
				DESKTOP-0QN63TJ
			</Computer>
			<Security UserID="S-1-5-18" />
		</System>
		<EventData>
			<Data Name="RuleName">
				-
			</Data>
			<Data Name="UtcTime">
				2023-05-12 07:35:41.119
			</Data>
			<Data Name="ProcessGuid">
				{4158b3ab-ec4d-645d-5401-000000000900}
			</Data>
			<Data Name="ProcessId">
				3088
			</Data>
			<Data Name="Image">
				C:\Windows\Microsoft.NET\Framework64\v4.0.30319\mscorsvw.exe
			</Data>
			<Data Name="User">
				NT AUTHORITY\SYSTEM
			</Data>
		</EventData>
	</Event>
	<Event xmlns="http://schemas.microsoft.com/win/2004/08/events/event">
		<System>
			<Provider Name="Microsoft-Windows-Sysmon" Guid="{5770385f-c22a-43e0-bf4c-06f5698ffbd9}" />
			<EventID>
				1
			</EventID>
			<Version>
				5
			</Version>
			<Level>
				4
			</Level>
			<Task>
				1
			</Task>
			<Opcode>
				0
			</Opcode>
			<Keywords>
				0x8000000000000000
			</Keywords>
			<TimeCreated SystemTime="2023-05-12T07:35:41.1164566Z" />
			<EventRecordID>
				1135
			</EventRecordID>
			<Correlation />
			<Execution ProcessID="2868" ThreadID="5544" />
			<Channel>
				Microsoft-Windows-Sysmon/Operational
			</Channel>
			<Computer>
				DESKTOP-0QN63TJ
			</Computer>
			<Security UserID="S-1-5-18" />
		</System>
		<EventData>
			<Data Name="RuleName">
				-
			</Data>
			<Data Name="UtcTime">
				2023-05-12 07:35:41.112
			</Data>
			<Data Name="ProcessGuid">
				{4158b3ab-ec4d-645d-5501-000000000900}
			</Data>
			<Data Name="ProcessId">
				3280
			</Data>
			<Data Name="Image">
				C:\Windows\Microsoft.NET\Framework64\v4.0.30319\mscorsvw.exe
			</Data>
			<Data Name="FileVersion">
				4.8.4320.0 built by: NET48REL1LAST_C
			</Data>
			<Data Name="Description">
				.NET Runtime Optimization Service
			</Data>
			<Data Name="Product">
				Microsoft® .NET Framework
			</Data>
			<Data Name="Company">
				Microsoft Corporation
			</Data>
			<Data Name="OriginalFileName">
				mscorsvw.exe
			</Data>
			<Data Name="CommandLine">
				C:\Windows\Microsoft.NET\Framework64\v4.0.30319\mscorsvw.exe -StartupEvent 430 -InterruptEvent 0 -NGENProcess 454 -Pipe 420 -Comment "NGen Worker Process"
			</Data>
			<Data Name="CurrentDirectory">
				C:\Windows\system32\
			</Data>
			<Data Name="User">
				NT AUTHORITY\SYSTEM
			</Data>
			<Data Name="LogonGuid">
				{4158b3ab-e9ab-645d-e703-000000000000}
			</Data>
			<Data Name="LogonId">
				0x3e7
			</Data>
			<Data Name="TerminalSessionId">
				0
			</Data>
			<Data Name="IntegrityLevel">
				System
			</Data>
			<Data Name="Hashes">
				SHA256=DA1087BA2641EFD77D85E5838AEB6C333E80CAA9F24C889FD2DE2E0B58F8D1A5
			</Data>
			<Data Name="ParentProcessGuid">
				{4158b3ab-ec23-645d-ef00-000000000900}
			</Data>
			<Data Name="ParentProcessId">
				2500
			</Data>
			<Data Name="ParentImage">
				C:\Windows\Microsoft.NET\Framework64\v4.0.30319\ngen.exe
			</Data>
			<Data Name="ParentCommandLine">
				"C:\Windows\Microsoft.NET\Framework64\v4.0.30319\ngen.exe" ExecuteQueuedItems /LegacyServiceBehavior
			</Data>
			<Data Name="ParentUser">
				NT AUTHORITY\SYSTEM
			</Data>
		</EventData>
	</Event>
	<Event xmlns="http://schemas.microsoft.com/win/2004/08/events/event">
		<System>
			<Provider Name="Microsoft-Windows-Sysmon" Guid="{5770385f-c22a-43e0-bf4c-06f5698ffbd9}" />
			<EventID>
				5
			</EventID>
			<Version>
				3
			</Version>
			<Level>
				4
			</Level>
			<Task>
				5
			</Task>
			<Opcode>
				0
			</Opcode>
			<Keywords>
				0x8000000000000000
			</Keywords>
			<TimeCreated SystemTime="2023-05-12T07:35:41.0374937Z" />
			<EventRecordID>
				1134
			</EventRecordID>
			<Correlation />
			<Execution ProcessID="2868" ThreadID="5544" />
			<Channel>
				Microsoft-Windows-Sysmon/Operational
			</Channel>
			<Computer>
				DESKTOP-0QN63TJ
			</Computer>
			<Security UserID="S-1-5-18" />
		</System>
		<EventData>
			<Data Name="RuleName">
				-
			</Data>
			<Data Name="UtcTime">
				2023-05-12 07:35:41.025
			</Data>
			<Data Name="ProcessGuid">
				{4158b3ab-ec4c-645d-5301-000000000900}
			</Data>
			<Data Name="ProcessId">
				4904
			</Data>
			<Data Name="Image">
				C:\Windows\Microsoft.NET\Framework64\v4.0.30319\mscorsvw.exe
			</Data>
			<Data Name="User">
				NT AUTHORITY\SYSTEM
			</Data>
		</EventData>
	</Event>
	<Event xmlns="http://schemas.microsoft.com/win/2004/08/events/event">
		<System>
			<Provider Name="Microsoft-Windows-Sysmon" Guid="{5770385f-c22a-43e0-bf4c-06f5698ffbd9}" />
			<EventID>
				1
			</EventID>
			<Version>
				5
			</Version>
			<Level>
				4
			</Level>
			<Task>
				1
			</Task>
			<Opcode>
				0
			</Opcode>
			<Keywords>
				0x8000000000000000
			</Keywords>
			<TimeCreated SystemTime="2023-05-12T07:35:41.0353290Z" />
			<EventRecordID>
				1133
			</EventRecordID>
			<Correlation />
			<Execution ProcessID="2868" ThreadID="5544" />
			<Channel>
				Microsoft-Windows-Sysmon/Operational
			</Channel>
			<Computer>
				DESKTOP-0QN63TJ
			</Computer>
			<Security UserID="S-1-5-18" />
		</System>
		<EventData>
			<Data Name="RuleName">
				-
			</Data>
			<Data Name="UtcTime">
				2023-05-12 07:35:41.032
			</Data>
			<Data Name="ProcessGuid">
				{4158b3ab-ec4d-645d-5401-000000000900}
			</Data>
			<Data Name="ProcessId">
				3088
			</Data>
			<Data Name="Image">
				C:\Windows\Microsoft.NET\Framework64\v4.0.30319\mscorsvw.exe
			</Data>
			<Data Name="FileVersion">
				4.8.4320.0 built by: NET48REL1LAST_C
			</Data>
			<Data Name="Description">
				.NET Runtime Optimization Service
			</Data>
			<Data Name="Product">
				Microsoft® .NET Framework
			</Data>
			<Data Name="Company">
				Microsoft Corporation
			</Data>
			<Data Name="OriginalFileName">
				mscorsvw.exe
			</Data>
			<Data Name="CommandLine">
				C:\Windows\Microsoft.NET\Framework64\v4.0.30319\mscorsvw.exe -StartupEvent 438 -InterruptEvent 0 -NGENProcess 404 -Pipe 440 -Comment "NGen Worker Process"
			</Data>
			<Data Name="CurrentDirectory">
				C:\Windows\system32\
			</Data>
			<Data Name="User">
				NT AUTHORITY\SYSTEM
			</Data>
			<Data Name="LogonGuid">
				{4158b3ab-e9ab-645d-e703-000000000000}
			</Data>
			<Data Name="LogonId">
				0x3e7
			</Data>
			<Data Name="TerminalSessionId">
				0
			</Data>
			<Data Name="IntegrityLevel">
				System
			</Data>
			<Data Name="Hashes">
				SHA256=DA1087BA2641EFD77D85E5838AEB6C333E80CAA9F24C889FD2DE2E0B58F8D1A5
			</Data>
			<Data Name="ParentProcessGuid">
				{4158b3ab-ec23-645d-ef00-000000000900}
			</Data>
			<Data Name="ParentProcessId">
				2500
			</Data>
			<Data Name="ParentImage">
				C:\Windows\Microsoft.NET\Framework64\v4.0.30319\ngen.exe
			</Data>
			<Data Name="ParentCommandLine">
				"C:\Windows\Microsoft.NET\Framework64\v4.0.30319\ngen.exe" ExecuteQueuedItems /LegacyServiceBehavior
			</Data>
			<Data Name="ParentUser">
				NT AUTHORITY\SYSTEM
			</Data>
		</EventData>
	</Event>
	<Event xmlns="http://schemas.microsoft.com/win/2004/08/events/event">
		<System>
			<Provider Name="Microsoft-Windows-Sysmon" Guid="{5770385f-c22a-43e0-bf4c-06f5698ffbd9}" />
			<EventID>
				5
			</EventID>
			<Version>
				3
			</Version>
			<Level>
				4
			</Level>
			<Task>
				5
			</Task>
			<Opcode>
				0
			</Opcode>
			<Keywords>
				0x8000000000000000
			</Keywords>
			<TimeCreated SystemTime="2023-05-12T07:35:40.9249878Z" />
			<EventRecordID>
				1132
			</EventRecordID>
			<Correlation />
			<Execution ProcessID="2868" ThreadID="5544" />
			<Channel>
				Microsoft-Windows-Sysmon/Operational
			</Channel>
			<Computer>
				DESKTOP-0QN63TJ
			</Computer>
			<Security UserID="S-1-5-18" />
		</System>
		<EventData>
			<Data Name="RuleName">
				-
			</Data>
			<Data Name="UtcTime">
				2023-05-12 07:35:40.916
			</Data>
			<Data Name="ProcessGuid">
				{4158b3ab-ec4c-645d-5201-000000000900}
			</Data>
			<Data Name="ProcessId">
				3924
			</Data>
			<Data Name="Image">
				C:\Windows\Microsoft.NET\Framework64\v4.0.30319\mscorsvw.exe
			</Data>
			<Data Name="User">
				NT AUTHORITY\SYSTEM
			</Data>
		</EventData>
	</Event>
	<Event xmlns="http://schemas.microsoft.com/win/2004/08/events/event">
		<System>
			<Provider Name="Microsoft-Windows-Sysmon" Guid="{5770385f-c22a-43e0-bf4c-06f5698ffbd9}" />
			<EventID>
				1
			</EventID>
			<Version>
				5
			</Version>
			<Level>
				4
			</Level>
			<Task>
				1
			</Task>
			<Opcode>
				0
			</Opcode>
			<Keywords>
				0x8000000000000000
			</Keywords>
			<TimeCreated SystemTime="2023-05-12T07:35:40.9146352Z" />
			<EventRecordID>
				1131
			</EventRecordID>
			<Correlation />
			<Execution ProcessID="2868" ThreadID="5544" />
			<Channel>
				Microsoft-Windows-Sysmon/Operational
			</Channel>
			<Computer>
				DESKTOP-0QN63TJ
			</Computer>
			<Security UserID="S-1-5-18" />
		</System>
		<EventData>
			<Data Name="RuleName">
				-
			</Data>
			<Data Name="UtcTime">
				2023-05-12 07:35:40.911
			</Data>
			<Data Name="ProcessGuid">
				{4158b3ab-ec4c-645d-5301-000000000900}
			</Data>
			<Data Name="ProcessId">
				4904
			</Data>
			<Data Name="Image">
				C:\Windows\Microsoft.NET\Framework64\v4.0.30319\mscorsvw.exe
			</Data>
			<Data Name="FileVersion">
				4.8.4320.0 built by: NET48REL1LAST_C
			</Data>
			<Data Name="Description">
				.NET Runtime Optimization Service
			</Data>
			<Data Name="Product">
				Microsoft® .NET Framework
			</Data>
			<Data Name="Company">
				Microsoft Corporation
			</Data>
			<Data Name="OriginalFileName">
				mscorsvw.exe
			</Data>
			<Data Name="CommandLine">
				C:\Windows\Microsoft.NET\Framework64\v4.0.30319\mscorsvw.exe -StartupEvent 438 -InterruptEvent 0 -NGENProcess 410 -Pipe 424 -Comment "NGen Worker Process"
			</Data>
			<Data Name="CurrentDirectory">
				C:\Windows\system32\
			</Data>
			<Data Name="User">
				NT AUTHORITY\SYSTEM
			</Data>
			<Data Name="LogonGuid">
				{4158b3ab-e9ab-645d-e703-000000000000}
			</Data>
			<Data Name="LogonId">
				0x3e7
			</Data>
			<Data Name="TerminalSessionId">
				0
			</Data>
			<Data Name="IntegrityLevel">
				System
			</Data>
			<Data Name="Hashes">
				SHA256=DA1087BA2641EFD77D85E5838AEB6C333E80CAA9F24C889FD2DE2E0B58F8D1A5
			</Data>
			<Data Name="ParentProcessGuid">
				{4158b3ab-ec23-645d-ef00-000000000900}
			</Data>
			<Data Name="ParentProcessId">
				2500
			</Data>
			<Data Name="ParentImage">
				C:\Windows\Microsoft.NET\Framework64\v4.0.30319\ngen.exe
			</Data>
			<Data Name="ParentCommandLine">
				"C:\Windows\Microsoft.NET\Framework64\v4.0.30319\ngen.exe" ExecuteQueuedItems /LegacyServiceBehavior
			</Data>
			<Data Name="ParentUser">
				NT AUTHORITY\SYSTEM
			</Data>
		</EventData>
	</Event>
	<Event xmlns="http://schemas.microsoft.com/win/2004/08/events/event">
		<System>
			<Provider Name="Microsoft-Windows-Sysmon" Guid="{5770385f-c22a-43e0-bf4c-06f5698ffbd9}" />
			<EventID>
				5
			</EventID>
			<Version>
				3
			</Version>
			<Level>
				4
			</Level>
			<Task>
				5
			</Task>
			<Opcode>
				0
			</Opcode>
			<Keywords>
				0x8000000000000000
			</Keywords>
			<TimeCreated SystemTime="2023-05-12T07:35:40.8101481Z" />
			<EventRecordID>
				1130
			</EventRecordID>
			<Correlation />
			<Execution ProcessID="2868" ThreadID="5544" />
			<Channel>
				Microsoft-Windows-Sysmon/Operational
			</Channel>
			<Computer>
				DESKTOP-0QN63TJ
			</Computer>
			<Security UserID="S-1-5-18" />
		</System>
		<EventData>
			<Data Name="RuleName">
				-
			</Data>
			<Data Name="UtcTime">
				2023-05-12 07:35:40.807
			</Data>
			<Data Name="ProcessGuid">
				{4158b3ab-ec4c-645d-5101-000000000900}
			</Data>
			<Data Name="ProcessId">
				4352
			</Data>
			<Data Name="Image">
				C:\Windows\Microsoft.NET\Framework64\v4.0.30319\mscorsvw.exe
			</Data>
			<Data Name="User">
				NT AUTHORITY\SYSTEM
			</Data>
		</EventData>
	</Event>
	<Event xmlns="http://schemas.microsoft.com/win/2004/08/events/event">
		<System>
			<Provider Name="Microsoft-Windows-Sysmon" Guid="{5770385f-c22a-43e0-bf4c-06f5698ffbd9}" />
			<EventID>
				1
			</EventID>
			<Version>
				5
			</Version>
			<Level>
				4
			</Level>
			<Task>
				1
			</Task>
			<Opcode>
				0
			</Opcode>
			<Keywords>
				0x8000000000000000
			</Keywords>
			<TimeCreated SystemTime="2023-05-12T07:35:40.8083316Z" />
			<EventRecordID>
				1129
			</EventRecordID>
			<Correlation />
			<Execution ProcessID="2868" ThreadID="5544" />
			<Channel>
				Microsoft-Windows-Sysmon/Operational
			</Channel>
			<Computer>
				DESKTOP-0QN63TJ
			</Computer>
			<Security UserID="S-1-5-18" />
		</System>
		<EventData>
			<Data Name="RuleName">
				-
			</Data>
			<Data Name="UtcTime">
				2023-05-12 07:35:40.804
			</Data>
			<Data Name="ProcessGuid">
				{4158b3ab-ec4c-645d-5201-000000000900}
			</Data>
			<Data Name="ProcessId">
				3924
			</Data>
			<Data Name="Image">
				C:\Windows\Microsoft.NET\Framework64\v4.0.30319\mscorsvw.exe
			</Data>
			<Data Name="FileVersion">
				4.8.4320.0 built by: NET48REL1LAST_C
			</Data>
			<Data Name="Description">
				.NET Runtime Optimization Service
			</Data>
			<Data Name="Product">
				Microsoft® .NET Framework
			</Data>
			<Data Name="Company">
				Microsoft Corporation
			</Data>
			<Data Name="OriginalFileName">
				mscorsvw.exe
			</Data>
			<Data Name="CommandLine">
				C:\Windows\Microsoft.NET\Framework64\v4.0.30319\mscorsvw.exe -StartupEvent 430 -InterruptEvent 0 -NGENProcess 2e8 -Pipe 434 -Comment "NGen Worker Process"
			</Data>
			<Data Name="CurrentDirectory">
				C:\Windows\system32\
			</Data>
			<Data Name="User">
				NT AUTHORITY\SYSTEM
			</Data>
			<Data Name="LogonGuid">
				{4158b3ab-e9ab-645d-e703-000000000000}
			</Data>
			<Data Name="LogonId">
				0x3e7
			</Data>
			<Data Name="TerminalSessionId">
				0
			</Data>
			<Data Name="IntegrityLevel">
				System
			</Data>
			<Data Name="Hashes">
				SHA256=DA1087BA2641EFD77D85E5838AEB6C333E80CAA9F24C889FD2DE2E0B58F8D1A5
			</Data>
			<Data Name="ParentProcessGuid">
				{4158b3ab-ec23-645d-ef00-000000000900}
			</Data>
			<Data Name="ParentProcessId">
				2500
			</Data>
			<Data Name="ParentImage">
				C:\Windows\Microsoft.NET\Framework64\v4.0.30319\ngen.exe
			</Data>
			<Data Name="ParentCommandLine">
				"C:\Windows\Microsoft.NET\Framework64\v4.0.30319\ngen.exe" ExecuteQueuedItems /LegacyServiceBehavior
			</Data>
			<Data Name="ParentUser">
				NT AUTHORITY\SYSTEM
			</Data>
		</EventData>
	</Event>
	<Event xmlns="http://schemas.microsoft.com/win/2004/08/events/event">
		<System>
			<Provider Name="Microsoft-Windows-Sysmon" Guid="{5770385f-c22a-43e0-bf4c-06f5698ffbd9}" />
			<EventID>
				5
			</EventID>
			<Version>
				3
			</Version>
			<Level>
				4
			</Level>
			<Task>
				5
			</Task>
			<Opcode>
				0
			</Opcode>
			<Keywords>
				0x8000000000000000
			</Keywords>
			<TimeCreated SystemTime="2023-05-12T07:35:40.6297716Z" />
			<EventRecordID>
				1128
			</EventRecordID>
			<Correlation />
			<Execution ProcessID="2868" ThreadID="5544" />
			<Channel>
				Microsoft-Windows-Sysmon/Operational
			</Channel>
			<Computer>
				DESKTOP-0QN63TJ
			</Computer>
			<Security UserID="S-1-5-18" />
		</System>
		<EventData>
			<Data Name="RuleName">
				-
			</Data>
			<Data Name="UtcTime">
				2023-05-12 07:35:40.619
			</Data>
			<Data Name="ProcessGuid">
				{4158b3ab-ec4c-645d-5001-000000000900}
			</Data>
			<Data Name="ProcessId">
				872
			</Data>
			<Data Name="Image">
				C:\Windows\Microsoft.NET\Framework64\v4.0.30319\mscorsvw.exe
			</Data>
			<Data Name="User">
				NT AUTHORITY\SYSTEM
			</Data>
		</EventData>
	</Event>
	<Event xmlns="http://schemas.microsoft.com/win/2004/08/events/event">
		<System>
			<Provider Name="Microsoft-Windows-Sysmon" Guid="{5770385f-c22a-43e0-bf4c-06f5698ffbd9}" />
			<EventID>
				1
			</EventID>
			<Version>
				5
			</Version>
			<Level>
				4
			</Level>
			<Task>
				1
			</Task>
			<Opcode>
				0
			</Opcode>
			<Keywords>
				0x8000000000000000
			</Keywords>
			<TimeCreated SystemTime="2023-05-12T07:35:40.6005963Z" />
			<EventRecordID>
				1127
			</EventRecordID>
			<Correlation />
			<Execution ProcessID="2868" ThreadID="5544" />
			<Channel>
				Microsoft-Windows-Sysmon/Operational
			</Channel>
			<Computer>
				DESKTOP-0QN63TJ
			</Computer>
			<Security UserID="S-1-5-18" />
		</System>
		<EventData>
			<Data Name="RuleName">
				-
			</Data>
			<Data Name="UtcTime">
				2023-05-12 07:35:40.581
			</Data>
			<Data Name="ProcessGuid">
				{4158b3ab-ec4c-645d-5101-000000000900}
			</Data>
			<Data Name="ProcessId">
				4352
			</Data>
			<Data Name="Image">
				C:\Windows\Microsoft.NET\Framework64\v4.0.30319\mscorsvw.exe
			</Data>
			<Data Name="FileVersion">
				4.8.4320.0 built by: NET48REL1LAST_C
			</Data>
			<Data Name="Description">
				.NET Runtime Optimization Service
			</Data>
			<Data Name="Product">
				Microsoft® .NET Framework
			</Data>
			<Data Name="Company">
				Microsoft Corporation
			</Data>
			<Data Name="OriginalFileName">
				mscorsvw.exe
			</Data>
			<Data Name="CommandLine">
				C:\Windows\Microsoft.NET\Framework64\v4.0.30319\mscorsvw.exe -StartupEvent 424 -InterruptEvent 0 -NGENProcess 408 -Pipe 40c -Comment "NGen Worker Process"
			</Data>
			<Data Name="CurrentDirectory">
				C:\Windows\system32\
			</Data>
			<Data Name="User">
				NT AUTHORITY\SYSTEM
			</Data>
			<Data Name="LogonGuid">
				{4158b3ab-e9ab-645d-e703-000000000000}
			</Data>
			<Data Name="LogonId">
				0x3e7
			</Data>
			<Data Name="TerminalSessionId">
				0
			</Data>
			<Data Name="IntegrityLevel">
				System
			</Data>
			<Data Name="Hashes">
				SHA256=DA1087BA2641EFD77D85E5838AEB6C333E80CAA9F24C889FD2DE2E0B58F8D1A5
			</Data>
			<Data Name="ParentProcessGuid">
				{4158b3ab-ec23-645d-ef00-000000000900}
			</Data>
			<Data Name="ParentProcessId">
				2500
			</Data>
			<Data Name="ParentImage">
				C:\Windows\Microsoft.NET\Framework64\v4.0.30319\ngen.exe
			</Data>
			<Data Name="ParentCommandLine">
				"C:\Windows\Microsoft.NET\Framework64\v4.0.30319\ngen.exe" ExecuteQueuedItems /LegacyServiceBehavior
			</Data>
			<Data Name="ParentUser">
				NT AUTHORITY\SYSTEM
			</Data>
		</EventData>
	</Event>
	<Event xmlns="http://schemas.microsoft.com/win/2004/08/events/event">
		<System>
			<Provider Name="Microsoft-Windows-Sysmon" Guid="{5770385f-c22a-43e0-bf4c-06f5698ffbd9}" />
			<EventID>
				5
			</EventID>
			<Version>
				3
			</Version>
			<Level>
				4
			</Level>
			<Task>
				5
			</Task>
			<Opcode>
				0
			</Opcode>
			<Keywords>
				0x8000000000000000
			</Keywords>
			<TimeCreated SystemTime="2023-05-12T07:35:40.4588009Z" />
			<EventRecordID>
				1126
			</EventRecordID>
			<Correlation />
			<Execution ProcessID="2868" ThreadID="5544" />
			<Channel>
				Microsoft-Windows-Sysmon/Operational
			</Channel>
			<Computer>
				DESKTOP-0QN63TJ
			</Computer>
			<Security UserID="S-1-5-18" />
		</System>
		<EventData>
			<Data Name="RuleName">
				-
			</Data>
			<Data Name="UtcTime">
				2023-05-12 07:35:40.447
			</Data>
			<Data Name="ProcessGuid">
				{4158b3ab-ec4c-645d-4f01-000000000900}
			</Data>
			<Data Name="ProcessId">
				6880
			</Data>
			<Data Name="Image">
				C:\Windows\Microsoft.NET\Framework64\v4.0.30319\mscorsvw.exe
			</Data>
			<Data Name="User">
				NT AUTHORITY\SYSTEM
			</Data>
		</EventData>
	</Event>
	<Event xmlns="http://schemas.microsoft.com/win/2004/08/events/event">
		<System>
			<Provider Name="Microsoft-Windows-Sysmon" Guid="{5770385f-c22a-43e0-bf4c-06f5698ffbd9}" />
			<EventID>
				1
			</EventID>
			<Version>
				5
			</Version>
			<Level>
				4
			</Level>
			<Task>
				1
			</Task>
			<Opcode>
				0
			</Opcode>
			<Keywords>
				0x8000000000000000
			</Keywords>
			<TimeCreated SystemTime="2023-05-12T07:35:40.4509279Z" />
			<EventRecordID>
				1125
			</EventRecordID>
			<Correlation />
			<Execution ProcessID="2868" ThreadID="5544" />
			<Channel>
				Microsoft-Windows-Sysmon/Operational
			</Channel>
			<Computer>
				DESKTOP-0QN63TJ
			</Computer>
			<Security UserID="S-1-5-18" />
		</System>
		<EventData>
			<Data Name="RuleName">
				-
			</Data>
			<Data Name="UtcTime">
				2023-05-12 07:35:40.444
			</Data>
			<Data Name="ProcessGuid">
				{4158b3ab-ec4c-645d-5001-000000000900}
			</Data>
			<Data Name="ProcessId">
				872
			</Data>
			<Data Name="Image">
				C:\Windows\Microsoft.NET\Framework64\v4.0.30319\mscorsvw.exe
			</Data>
			<Data Name="FileVersion">
				4.8.4320.0 built by: NET48REL1LAST_C
			</Data>
			<Data Name="Description">
				.NET Runtime Optimization Service
			</Data>
			<Data Name="Product">
				Microsoft® .NET Framework
			</Data>
			<Data Name="Company">
				Microsoft Corporation
			</Data>
			<Data Name="OriginalFileName">
				mscorsvw.exe
			</Data>
			<Data Name="CommandLine">
				C:\Windows\Microsoft.NET\Framework64\v4.0.30319\mscorsvw.exe -StartupEvent 40c -InterruptEvent 0 -NGENProcess 424 -Pipe 414 -Comment "NGen Worker Process"
			</Data>
			<Data Name="CurrentDirectory">
				C:\Windows\system32\
			</Data>
			<Data Name="User">
				NT AUTHORITY\SYSTEM
			</Data>
			<Data Name="LogonGuid">
				{4158b3ab-e9ab-645d-e703-000000000000}
			</Data>
			<Data Name="LogonId">
				0x3e7
			</Data>
			<Data Name="TerminalSessionId">
				0
			</Data>
			<Data Name="IntegrityLevel">
				System
			</Data>
			<Data Name="Hashes">
				SHA256=DA1087BA2641EFD77D85E5838AEB6C333E80CAA9F24C889FD2DE2E0B58F8D1A5
			</Data>
			<Data Name="ParentProcessGuid">
				{4158b3ab-ec23-645d-ef00-000000000900}
			</Data>
			<Data Name="ParentProcessId">
				2500
			</Data>
			<Data Name="ParentImage">
				C:\Windows\Microsoft.NET\Framework64\v4.0.30319\ngen.exe
			</Data>
			<Data Name="ParentCommandLine">
				"C:\Windows\Microsoft.NET\Framework64\v4.0.30319\ngen.exe" ExecuteQueuedItems /LegacyServiceBehavior
			</Data>
			<Data Name="ParentUser">
				NT AUTHORITY\SYSTEM
			</Data>
		</EventData>
	</Event>
	<Event xmlns="http://schemas.microsoft.com/win/2004/08/events/event">
		<System>
			<Provider Name="Microsoft-Windows-Sysmon" Guid="{5770385f-c22a-43e0-bf4c-06f5698ffbd9}" />
			<EventID>
				5
			</EventID>
			<Version>
				3
			</Version>
			<Level>
				4
			</Level>
			<Task>
				5
			</Task>
			<Opcode>
				0
			</Opcode>
			<Keywords>
				0x8000000000000000
			</Keywords>
			<TimeCreated SystemTime="2023-05-12T07:35:40.3194245Z" />
			<EventRecordID>
				1124
			</EventRecordID>
			<Correlation />
			<Execution ProcessID="2868" ThreadID="5544" />
			<Channel>
				Microsoft-Windows-Sysmon/Operational
			</Channel>
			<Computer>
				DESKTOP-0QN63TJ
			</Computer>
			<Security UserID="S-1-5-18" />
		</System>
		<EventData>
			<Data Name="RuleName">
				-
			</Data>
			<Data Name="UtcTime">
				2023-05-12 07:35:40.306
			</Data>
			<Data Name="ProcessGuid">
				{4158b3ab-ec4c-645d-4e01-000000000900}
			</Data>
			<Data Name="ProcessId">
				2644
			</Data>
			<Data Name="Image">
				C:\Windows\Microsoft.NET\Framework64\v4.0.30319\mscorsvw.exe
			</Data>
			<Data Name="User">
				NT AUTHORITY\SYSTEM
			</Data>
		</EventData>
	</Event>
	<Event xmlns="http://schemas.microsoft.com/win/2004/08/events/event">
		<System>
			<Provider Name="Microsoft-Windows-Sysmon" Guid="{5770385f-c22a-43e0-bf4c-06f5698ffbd9}" />
			<EventID>
				1
			</EventID>
			<Version>
				5
			</Version>
			<Level>
				4
			</Level>
			<Task>
				1
			</Task>
			<Opcode>
				0
			</Opcode>
			<Keywords>
				0x8000000000000000
			</Keywords>
			<TimeCreated SystemTime="2023-05-12T07:35:40.3156617Z" />
			<EventRecordID>
				1123
			</EventRecordID>
			<Correlation />
			<Execution ProcessID="2868" ThreadID="5544" />
			<Channel>
				Microsoft-Windows-Sysmon/Operational
			</Channel>
			<Computer>
				DESKTOP-0QN63TJ
			</Computer>
			<Security UserID="S-1-5-18" />
		</System>
		<EventData>
			<Data Name="RuleName">
				-
			</Data>
			<Data Name="UtcTime">
				2023-05-12 07:35:40.309
			</Data>
			<Data Name="ProcessGuid">
				{4158b3ab-ec4c-645d-4f01-000000000900}
			</Data>
			<Data Name="ProcessId">
				6880
			</Data>
			<Data Name="Image">
				C:\Windows\Microsoft.NET\Framework64\v4.0.30319\mscorsvw.exe
			</Data>
			<Data Name="FileVersion">
				4.8.4320.0 built by: NET48REL1LAST_C
			</Data>
			<Data Name="Description">
				.NET Runtime Optimization Service
			</Data>
			<Data Name="Product">
				Microsoft® .NET Framework
			</Data>
			<Data Name="Company">
				Microsoft Corporation
			</Data>
			<Data Name="OriginalFileName">
				mscorsvw.exe
			</Data>
			<Data Name="CommandLine">
				C:\Windows\Microsoft.NET\Framework64\v4.0.30319\mscorsvw.exe -StartupEvent 40c -InterruptEvent 0 -NGENProcess 3f4 -Pipe 3fc -Comment "NGen Worker Process"
			</Data>
			<Data Name="CurrentDirectory">
				C:\Windows\system32\
			</Data>
			<Data Name="User">
				NT AUTHORITY\SYSTEM
			</Data>
			<Data Name="LogonGuid">
				{4158b3ab-e9ab-645d-e703-000000000000}
			</Data>
			<Data Name="LogonId">
				0x3e7
			</Data>
			<Data Name="TerminalSessionId">
				0
			</Data>
			<Data Name="IntegrityLevel">
				System
			</Data>
			<Data Name="Hashes">
				SHA256=DA1087BA2641EFD77D85E5838AEB6C333E80CAA9F24C889FD2DE2E0B58F8D1A5
			</Data>
			<Data Name="ParentProcessGuid">
				{4158b3ab-ec23-645d-ef00-000000000900}
			</Data>
			<Data Name="ParentProcessId">
				2500
			</Data>
			<Data Name="ParentImage">
				C:\Windows\Microsoft.NET\Framework64\v4.0.30319\ngen.exe
			</Data>
			<Data Name="ParentCommandLine">
				"C:\Windows\Microsoft.NET\Framework64\v4.0.30319\ngen.exe" ExecuteQueuedItems /LegacyServiceBehavior
			</Data>
			<Data Name="ParentUser">
				NT AUTHORITY\SYSTEM
			</Data>
		</EventData>
	</Event>
	